

Microchip Technology PIC PRO Macro Assembler V1.43 build -156212558 
                                                                                               Mon Aug 28 17:17:40 2017

Microchip Technology Omniscient Code Generator v1.43 (PRO mode) build 201707250354
     1                           	processor	16F1936
     2                           	opt	pw 120
     3                           	opt	pm
     4                           	psect	cinit,global,class=CODE,merge=1,delta=2
     5                           	psect	cstackCOMMON,global,class=COMMON,space=1,delta=1
     6                           	psect	pa_nodes0,global,class=CODE,delta=2
     7                           	dabs	1,0x7E,2
     8  0000                     
     9                           ; Version 1.43
    10                           ; Generated 25/07/2017 GMT
    11                           ; 
    12                           ; Copyright © 2017, Microchip Technology Inc. and its subsidiaries ("Microchip")
    13                           ; All rights reserved.
    14                           ; 
    15                           ; This software is developed by Microchip Technology Inc. and its subsidiaries ("Microch
      +                          ip").
    16                           ; 
    17                           ; Redistribution and use in source and binary forms, with or without modification, are
    18                           ; permitted provided that the following conditions are met:
    19                           ; 
    20                           ;     1. Redistributions of source code must retain the above copyright notice, this lis
      +                          t of
    21                           ;        conditions and the following disclaimer.
    22                           ; 
    23                           ;     2. Redistributions in binary form must reproduce the above copyright notice, this 
      +                          list
    24                           ;        of conditions and the following disclaimer in the documentation and/or other
    25                           ;        materials provided with the distribution.
    26                           ; 
    27                           ;     3. Microchip's name may not be used to endorse or promote products derived from th
      +                          is
    28                           ;        software without specific prior written permission.
    29                           ; 
    30                           ; THIS SOFTWARE IS PROVIDED BY MICROCHIP "AS IS" AND ANY EXPRESS OR IMPLIED WARRANTIES,
    31                           ; INCLUDING, BUT NOT LIMITED TO, THE IMPLIED WARRANTIES OF MERCHANTABILITY AND FITNESS F
      +                          OR
    32                           ; PURPOSE ARE DISCLAIMED.  IN NO EVENT SHALL MICROCHIP BE LIABLE FOR ANY DIRECT, INDIREC
      +                          T,
    33                           ; INCIDENTAL, SPECIAL, EXEMPLARY, OR CONSEQUENTIAL DAMAGES (INCLUDING BUT NOT LIMITED TO
    34                           ; PROCUREMENT OF SUBSTITUTE GOODS OR SERVICES; LOSS OF USE, DATA OR PROFITS; OR BUSINESS
    35                           ; INTERRUPTION) HOWSOEVER CAUSED AND ON ANY THEORY OF LIABILITY, WHETHER IN CONTRACT, ST
      +                          RICT
    36                           ; LIABILITY, OR TORT (INCLUDING NEGLIGENCE OR OTHERWISE) ARISING IN ANY WAY OUT OF THE U
      +                          SE OF
    37                           ; THIS SOFTWARE, EVEN IF ADVISED OF THE POSSIBILITY OF SUCH DAMAGE.
    38                           ; 
    39                           ; 
    40                           ; Code-generator required, PIC16F1936 Definitions
    41                           ; 
    42                           ; SFR Addresses
    43  0000                     	;# 
    44  0001                     	;# 
    45  0002                     	;# 
    46  0003                     	;# 
    47  0004                     	;# 
    48  0005                     	;# 
    49  0006                     	;# 
    50  0007                     	;# 
    51  0008                     	;# 
    52  0009                     	;# 
    53  000A                     	;# 
    54  000B                     	;# 
    55  000C                     	;# 
    56  000D                     	;# 
    57  000E                     	;# 
    58  0010                     	;# 
    59  0011                     	;# 
    60  0012                     	;# 
    61  0013                     	;# 
    62  0015                     	;# 
    63  0016                     	;# 
    64  0016                     	;# 
    65  0017                     	;# 
    66  0018                     	;# 
    67  0019                     	;# 
    68  001A                     	;# 
    69  001B                     	;# 
    70  001C                     	;# 
    71  001E                     	;# 
    72  001F                     	;# 
    73  008C                     	;# 
    74  008D                     	;# 
    75  008E                     	;# 
    76  0090                     	;# 
    77  0091                     	;# 
    78  0092                     	;# 
    79  0093                     	;# 
    80  0095                     	;# 
    81  0096                     	;# 
    82  0097                     	;# 
    83  0098                     	;# 
    84  0099                     	;# 
    85  009A                     	;# 
    86  009B                     	;# 
    87  009B                     	;# 
    88  009C                     	;# 
    89  009D                     	;# 
    90  009E                     	;# 
    91  010C                     	;# 
    92  010D                     	;# 
    93  010E                     	;# 
    94  0110                     	;# 
    95  0111                     	;# 
    96  0112                     	;# 
    97  0113                     	;# 
    98  0114                     	;# 
    99  0115                     	;# 
   100  0116                     	;# 
   101  0117                     	;# 
   102  0118                     	;# 
   103  0119                     	;# 
   104  011A                     	;# 
   105  011B                     	;# 
   106  011D                     	;# 
   107  018C                     	;# 
   108  018D                     	;# 
   109  0191                     	;# 
   110  0191                     	;# 
   111  0192                     	;# 
   112  0193                     	;# 
   113  0193                     	;# 
   114  0193                     	;# 
   115  0194                     	;# 
   116  0195                     	;# 
   117  0196                     	;# 
   118  0199                     	;# 
   119  019A                     	;# 
   120  019B                     	;# 
   121  019B                     	;# 
   122  019B                     	;# 
   123  019B                     	;# 
   124  019C                     	;# 
   125  019C                     	;# 
   126  019D                     	;# 
   127  019E                     	;# 
   128  019F                     	;# 
   129  020D                     	;# 
   130  0210                     	;# 
   131  0211                     	;# 
   132  0212                     	;# 
   133  0213                     	;# 
   134  0214                     	;# 
   135  0215                     	;# 
   136  0215                     	;# 
   137  0216                     	;# 
   138  0217                     	;# 
   139  0291                     	;# 
   140  0291                     	;# 
   141  0292                     	;# 
   142  0293                     	;# 
   143  0294                     	;# 
   144  0295                     	;# 
   145  0295                     	;# 
   146  0296                     	;# 
   147  0298                     	;# 
   148  0298                     	;# 
   149  0299                     	;# 
   150  029A                     	;# 
   151  029B                     	;# 
   152  029C                     	;# 
   153  029C                     	;# 
   154  029D                     	;# 
   155  029E                     	;# 
   156  029F                     	;# 
   157  0311                     	;# 
   158  0311                     	;# 
   159  0312                     	;# 
   160  0313                     	;# 
   161  0314                     	;# 
   162  0315                     	;# 
   163  0315                     	;# 
   164  0316                     	;# 
   165  0318                     	;# 
   166  0318                     	;# 
   167  0319                     	;# 
   168  031A                     	;# 
   169  031C                     	;# 
   170  031C                     	;# 
   171  031D                     	;# 
   172  031E                     	;# 
   173  0394                     	;# 
   174  0395                     	;# 
   175  0396                     	;# 
   176  0415                     	;# 
   177  0416                     	;# 
   178  0417                     	;# 
   179  041C                     	;# 
   180  041D                     	;# 
   181  041E                     	;# 
   182  0791                     	;# 
   183  0792                     	;# 
   184  0793                     	;# 
   185  0794                     	;# 
   186  0795                     	;# 
   187  0798                     	;# 
   188  0799                     	;# 
   189  07A0                     	;# 
   190  07A1                     	;# 
   191  07A3                     	;# 
   192  07A4                     	;# 
   193  07A6                     	;# 
   194  07A7                     	;# 
   195  07A9                     	;# 
   196  07AA                     	;# 
   197  0FE4                     	;# 
   198  0FE5                     	;# 
   199  0FE6                     	;# 
   200  0FE7                     	;# 
   201  0FE8                     	;# 
   202  0FE9                     	;# 
   203  0FEA                     	;# 
   204  0FEB                     	;# 
   205  0FED                     	;# 
   206  0FEE                     	;# 
   207  0FEF                     	;# 
   208  0000                     	;# 
   209  0001                     	;# 
   210  0002                     	;# 
   211  0003                     	;# 
   212  0004                     	;# 
   213  0005                     	;# 
   214  0006                     	;# 
   215  0007                     	;# 
   216  0008                     	;# 
   217  0009                     	;# 
   218  000A                     	;# 
   219  000B                     	;# 
   220  000C                     	;# 
   221  000D                     	;# 
   222  000E                     	;# 
   223  0010                     	;# 
   224  0011                     	;# 
   225  0012                     	;# 
   226  0013                     	;# 
   227  0015                     	;# 
   228  0016                     	;# 
   229  0016                     	;# 
   230  0017                     	;# 
   231  0018                     	;# 
   232  0019                     	;# 
   233  001A                     	;# 
   234  001B                     	;# 
   235  001C                     	;# 
   236  001E                     	;# 
   237  001F                     	;# 
   238  008C                     	;# 
   239  008D                     	;# 
   240  008E                     	;# 
   241  0090                     	;# 
   242  0091                     	;# 
   243  0092                     	;# 
   244  0093                     	;# 
   245  0095                     	;# 
   246  0096                     	;# 
   247  0097                     	;# 
   248  0098                     	;# 
   249  0099                     	;# 
   250  009A                     	;# 
   251  009B                     	;# 
   252  009B                     	;# 
   253  009C                     	;# 
   254  009D                     	;# 
   255  009E                     	;# 
   256  010C                     	;# 
   257  010D                     	;# 
   258  010E                     	;# 
   259  0110                     	;# 
   260  0111                     	;# 
   261  0112                     	;# 
   262  0113                     	;# 
   263  0114                     	;# 
   264  0115                     	;# 
   265  0116                     	;# 
   266  0117                     	;# 
   267  0118                     	;# 
   268  0119                     	;# 
   269  011A                     	;# 
   270  011B                     	;# 
   271  011D                     	;# 
   272  018C                     	;# 
   273  018D                     	;# 
   274  0191                     	;# 
   275  0191                     	;# 
   276  0192                     	;# 
   277  0193                     	;# 
   278  0193                     	;# 
   279  0193                     	;# 
   280  0194                     	;# 
   281  0195                     	;# 
   282  0196                     	;# 
   283  0199                     	;# 
   284  019A                     	;# 
   285  019B                     	;# 
   286  019B                     	;# 
   287  019B                     	;# 
   288  019B                     	;# 
   289  019C                     	;# 
   290  019C                     	;# 
   291  019D                     	;# 
   292  019E                     	;# 
   293  019F                     	;# 
   294  020D                     	;# 
   295  0210                     	;# 
   296  0211                     	;# 
   297  0212                     	;# 
   298  0213                     	;# 
   299  0214                     	;# 
   300  0215                     	;# 
   301  0215                     	;# 
   302  0216                     	;# 
   303  0217                     	;# 
   304  0291                     	;# 
   305  0291                     	;# 
   306  0292                     	;# 
   307  0293                     	;# 
   308  0294                     	;# 
   309  0295                     	;# 
   310  0295                     	;# 
   311  0296                     	;# 
   312  0298                     	;# 
   313  0298                     	;# 
   314  0299                     	;# 
   315  029A                     	;# 
   316  029B                     	;# 
   317  029C                     	;# 
   318  029C                     	;# 
   319  029D                     	;# 
   320  029E                     	;# 
   321  029F                     	;# 
   322  0311                     	;# 
   323  0311                     	;# 
   324  0312                     	;# 
   325  0313                     	;# 
   326  0314                     	;# 
   327  0315                     	;# 
   328  0315                     	;# 
   329  0316                     	;# 
   330  0318                     	;# 
   331  0318                     	;# 
   332  0319                     	;# 
   333  031A                     	;# 
   334  031C                     	;# 
   335  031C                     	;# 
   336  031D                     	;# 
   337  031E                     	;# 
   338  0394                     	;# 
   339  0395                     	;# 
   340  0396                     	;# 
   341  0415                     	;# 
   342  0416                     	;# 
   343  0417                     	;# 
   344  041C                     	;# 
   345  041D                     	;# 
   346  041E                     	;# 
   347  0791                     	;# 
   348  0792                     	;# 
   349  0793                     	;# 
   350  0794                     	;# 
   351  0795                     	;# 
   352  0798                     	;# 
   353  0799                     	;# 
   354  07A0                     	;# 
   355  07A1                     	;# 
   356  07A3                     	;# 
   357  07A4                     	;# 
   358  07A6                     	;# 
   359  07A7                     	;# 
   360  07A9                     	;# 
   361  07AA                     	;# 
   362  0FE4                     	;# 
   363  0FE5                     	;# 
   364  0FE6                     	;# 
   365  0FE7                     	;# 
   366  0FE8                     	;# 
   367  0FE9                     	;# 
   368  0FEA                     	;# 
   369  0FEB                     	;# 
   370  0FED                     	;# 
   371  0FEE                     	;# 
   372  0FEF                     	;# 
   373  0000                     	;# 
   374  0001                     	;# 
   375  0002                     	;# 
   376  0003                     	;# 
   377  0004                     	;# 
   378  0005                     	;# 
   379  0006                     	;# 
   380  0007                     	;# 
   381  0008                     	;# 
   382  0009                     	;# 
   383  000A                     	;# 
   384  000B                     	;# 
   385  000C                     	;# 
   386  000D                     	;# 
   387  000E                     	;# 
   388  0010                     	;# 
   389  0011                     	;# 
   390  0012                     	;# 
   391  0013                     	;# 
   392  0015                     	;# 
   393  0016                     	;# 
   394  0016                     	;# 
   395  0017                     	;# 
   396  0018                     	;# 
   397  0019                     	;# 
   398  001A                     	;# 
   399  001B                     	;# 
   400  001C                     	;# 
   401  001E                     	;# 
   402  001F                     	;# 
   403  008C                     	;# 
   404  008D                     	;# 
   405  008E                     	;# 
   406  0090                     	;# 
   407  0091                     	;# 
   408  0092                     	;# 
   409  0093                     	;# 
   410  0095                     	;# 
   411  0096                     	;# 
   412  0097                     	;# 
   413  0098                     	;# 
   414  0099                     	;# 
   415  009A                     	;# 
   416  009B                     	;# 
   417  009B                     	;# 
   418  009C                     	;# 
   419  009D                     	;# 
   420  009E                     	;# 
   421  010C                     	;# 
   422  010D                     	;# 
   423  010E                     	;# 
   424  0110                     	;# 
   425  0111                     	;# 
   426  0112                     	;# 
   427  0113                     	;# 
   428  0114                     	;# 
   429  0115                     	;# 
   430  0116                     	;# 
   431  0117                     	;# 
   432  0118                     	;# 
   433  0119                     	;# 
   434  011A                     	;# 
   435  011B                     	;# 
   436  011D                     	;# 
   437  018C                     	;# 
   438  018D                     	;# 
   439  0191                     	;# 
   440  0191                     	;# 
   441  0192                     	;# 
   442  0193                     	;# 
   443  0193                     	;# 
   444  0193                     	;# 
   445  0194                     	;# 
   446  0195                     	;# 
   447  0196                     	;# 
   448  0199                     	;# 
   449  019A                     	;# 
   450  019B                     	;# 
   451  019B                     	;# 
   452  019B                     	;# 
   453  019B                     	;# 
   454  019C                     	;# 
   455  019C                     	;# 
   456  019D                     	;# 
   457  019E                     	;# 
   458  019F                     	;# 
   459  020D                     	;# 
   460  0210                     	;# 
   461  0211                     	;# 
   462  0212                     	;# 
   463  0213                     	;# 
   464  0214                     	;# 
   465  0215                     	;# 
   466  0215                     	;# 
   467  0216                     	;# 
   468  0217                     	;# 
   469  0291                     	;# 
   470  0291                     	;# 
   471  0292                     	;# 
   472  0293                     	;# 
   473  0294                     	;# 
   474  0295                     	;# 
   475  0295                     	;# 
   476  0296                     	;# 
   477  0298                     	;# 
   478  0298                     	;# 
   479  0299                     	;# 
   480  029A                     	;# 
   481  029B                     	;# 
   482  029C                     	;# 
   483  029C                     	;# 
   484  029D                     	;# 
   485  029E                     	;# 
   486  029F                     	;# 
   487  0311                     	;# 
   488  0311                     	;# 
   489  0312                     	;# 
   490  0313                     	;# 
   491  0314                     	;# 
   492  0315                     	;# 
   493  0315                     	;# 
   494  0316                     	;# 
   495  0318                     	;# 
   496  0318                     	;# 
   497  0319                     	;# 
   498  031A                     	;# 
   499  031C                     	;# 
   500  031C                     	;# 
   501  031D                     	;# 
   502  031E                     	;# 
   503  0394                     	;# 
   504  0395                     	;# 
   505  0396                     	;# 
   506  0415                     	;# 
   507  0416                     	;# 
   508  0417                     	;# 
   509  041C                     	;# 
   510  041D                     	;# 
   511  041E                     	;# 
   512  0791                     	;# 
   513  0792                     	;# 
   514  0793                     	;# 
   515  0794                     	;# 
   516  0795                     	;# 
   517  0798                     	;# 
   518  0799                     	;# 
   519  07A0                     	;# 
   520  07A1                     	;# 
   521  07A3                     	;# 
   522  07A4                     	;# 
   523  07A6                     	;# 
   524  07A7                     	;# 
   525  07A9                     	;# 
   526  07AA                     	;# 
   527  0FE4                     	;# 
   528  0FE5                     	;# 
   529  0FE6                     	;# 
   530  0FE7                     	;# 
   531  0FE8                     	;# 
   532  0FE9                     	;# 
   533  0FEA                     	;# 
   534  0FEB                     	;# 
   535  0FED                     	;# 
   536  0FEE                     	;# 
   537  0FEF                     	;# 
   538  0095                     _OPTION_REGbits	set	149
   539  008E                     _TRISC	set	142
   540  008D                     _TRISB	set	141
   541  008C                     _TRISA	set	140
   542  0090                     _TRISE	set	144
   543  0097                     _WDTCON	set	151
   544  0098                     _OSCTUNE	set	152
   545  0099                     _OSCCON	set	153
   546  04D6                     _PLLR	set	1238
   547  011D                     _APFCON	set	285
   548  010E                     _LATC	set	270
   549  010D                     _LATB	set	269
   550  010C                     _LATA	set	268
   551  0110                     _LATE	set	272
   552  010D                     _LATBbits	set	269
   553  018C                     _ANSELA	set	396
   554  018D                     _ANSELB	set	397
   555  020D                     _WPUB	set	525
   556  0210                     _WPUE	set	528
   557                           
   558                           ; #config settings
   559  0000                     
   560                           	psect	cinit
   561  07A6                     start_initialization:	
   562  07A6                     __initialization:	
   563  07A6                     end_of_initialization:	
   564                           ;End of C runtime variable initialization code
   565                           
   566  07A6                     __end_of__initialization:	
   567  07A6  0020               	movlb	0
   568  07A7  2FA8               	ljmp	_main	;jump to C main() function
   569  07A8                     __pmaintext:	
   570 ;;
   571 ;;Main: autosize = 0, tempsize = 2, incstack = 0, save=0
   572 ;;
   573 ;; *************** function _main *****************
   574 ;; Defined at:
   575 ;;		line 12 in file "main.c"
   576 ;; Parameters:    Size  Location     Type
   577 ;;		None
   578 ;; Auto vars:     Size  Location     Type
   579 ;;  i               1    3[COMMON] unsigned char 
   580 ;; Return value:  Size  Location     Type
   581 ;;                  1    wreg      void 
   582 ;; Registers used:
   583 ;;		wreg, status,2, status,0, pclath, cstack
   584 ;; Tracked objects:
   585 ;;		On entry : B1F/0
   586 ;;		On exit  : 0/0
   587 ;;		Unchanged: 0/0
   588 ;; Data sizes:     COMMON   BANK0   BANK1   BANK2   BANK3   BANK4   BANK5   BANK6
   589 ;;      Params:         0       0       0       0       0       0       0       0
   590 ;;      Locals:         1       0       0       0       0       0       0       0
   591 ;;      Temps:          2       0       0       0       0       0       0       0
   592 ;;      Totals:         3       0       0       0       0       0       0       0
   593 ;;Total ram usage:        3 bytes
   594 ;; Hardware stack levels required when called:    2
   595 ;; This function calls:
   596 ;;		_DemuxSetChannel
   597 ;;		_SYSTEM_Initialize
   598 ;; This function is called by:
   599 ;;		Startup code after reset
   600 ;; This function uses a non-reentrant model
   601 ;;
   602                           
   603                           
   604                           ;psect for function _main
   605  07A8                     _main:	
   606                           
   607                           ;main.c: 14: SYSTEM_Initialize();
   608                           
   609                           ;incstack = 0
   610                           ; Regs used in _main: [wreg+status,2+status,0+pclath+cstack]
   611  07A8  27D4  3187         	fcall	_SYSTEM_Initialize
   612  07AA                     l579:	
   613                           
   614                           ;main.c: 17: {
   615                           ;main.c: 18: uint8_t i;
   616                           ;main.c: 19: for(i=0; i<8; i++)
   617  07AA  01F3               	clrf	main@i
   618  07AB                     l585:	
   619                           
   620                           ;main.c: 20: {
   621                           ;main.c: 21: DemuxSetChannel(i);
   622  07AB  0873               	movf	main@i,w
   623  07AC  27C0  3187         	fcall	_DemuxSetChannel
   624                           
   625                           ;main.c: 22: _delay((unsigned long)((500)*(32000000/4000.0)));
   626  07AE  3015               	movlw	21
   627  07AF  00F2               	movwf	??_main+1
   628  07B0  304B               	movlw	75
   629  07B1  00F1               	movwf	??_main
   630  07B2  30BE               	movlw	190
   631  07B3                     u37:	
   632  07B3  0B89               	decfsz	9,f
   633  07B4  2FB3               	goto	u37
   634  07B5  0BF1               	decfsz	??_main,f
   635  07B6  2FB3               	goto	u37
   636  07B7  0BF2               	decfsz	??_main+1,f
   637  07B8  2FB3               	goto	u37
   638  07B9  3200               	nop2
   639  07BA  3008               	movlw	8
   640  07BB  0AF3               	incf	main@i,f
   641  07BC  0273               	subwf	main@i,w
   642  07BD  1803               	btfsc	3,0
   643  07BE  2FAA               	goto	l579
   644  07BF  2FAB               	goto	l585
   645  07C0                     __end_of_main:	
   646  07C0                     __ptext5:	
   647 ;; *************** function _DemuxSetChannel *****************
   648 ;; Defined at:
   649 ;;		line 3 in file "main.c"
   650 ;; Parameters:    Size  Location     Type
   651 ;;  ch              1    wreg     unsigned char 
   652 ;; Auto vars:     Size  Location     Type
   653 ;;  ch              1    0[COMMON] unsigned char 
   654 ;; Return value:  Size  Location     Type
   655 ;;                  1    wreg      void 
   656 ;; Registers used:
   657 ;;		wreg, status,0
   658 ;; Tracked objects:
   659 ;;		On entry : 0/1
   660 ;;		On exit  : 1F/2
   661 ;;		Unchanged: 0/0
   662 ;; Data sizes:     COMMON   BANK0   BANK1   BANK2   BANK3   BANK4   BANK5   BANK6
   663 ;;      Params:         0       0       0       0       0       0       0       0
   664 ;;      Locals:         1       0       0       0       0       0       0       0
   665 ;;      Temps:          0       0       0       0       0       0       0       0
   666 ;;      Totals:         1       0       0       0       0       0       0       0
   667 ;;Total ram usage:        1 bytes
   668 ;; Hardware stack levels used:    1
   669 ;; This function calls:
   670 ;;		Nothing
   671 ;; This function is called by:
   672 ;;		_main
   673 ;; This function uses a non-reentrant model
   674 ;;
   675                           
   676                           
   677                           ;psect for function _DemuxSetChannel
   678  07C0                     _DemuxSetChannel:	
   679                           
   680                           ;incstack = 0
   681                           ; Regs used in _DemuxSetChannel: [wreg+status,0]
   682                           ;DemuxSetChannel@ch stored from wreg
   683  07C0  00F0               	movwf	DemuxSetChannel@ch
   684                           
   685                           ;main.c: 5: LATBbits.LATB0=(bool)ch;
   686  07C1  0C70               	rrf	DemuxSetChannel@ch,w
   687  07C2  0022               	movlb	2	; select bank2
   688  07C3  1C03               	skipc
   689  07C4  100D               	bcf	13,0	;volatile
   690  07C5  1803               	skipnc
   691  07C6  140D               	bsf	13,0	;volatile
   692                           
   693                           ;main.c: 6: ch>>=1;
   694  07C7  36F0               	lsrf	DemuxSetChannel@ch,f
   695                           
   696                           ;main.c: 7: LATBbits.LATB1=(bool)ch;
   697  07C8  0C70               	rrf	DemuxSetChannel@ch,w
   698  07C9  1C03               	skipc
   699  07CA  108D               	bcf	13,1	;volatile
   700  07CB  1803               	skipnc
   701  07CC  148D               	bsf	13,1	;volatile
   702                           
   703                           ;main.c: 8: ch>>=1;
   704  07CD  36F0               	lsrf	DemuxSetChannel@ch,f
   705                           
   706                           ;main.c: 9: LATBbits.LATB2=(bool)ch;
   707  07CE  0C70               	rrf	DemuxSetChannel@ch,w
   708  07CF  1C03               	skipc
   709  07D0  110D               	bcf	13,2	;volatile
   710  07D1  1803               	skipnc
   711  07D2  150D               	bsf	13,2	;volatile
   712  07D3  0008               	return
   713  07D4                     __end_of_DemuxSetChannel:	
   714  007E                     btemp	set	126	;btemp
   715  007E                     wtemp0	set	126
   716  07D4                     __ptext1:	
   717 ;; *************** function _SYSTEM_Initialize *****************
   718 ;; Defined at:
   719 ;;		line 70 in file "mcc_generated_files/mcc.c"
   720 ;; Parameters:    Size  Location     Type
   721 ;;		None
   722 ;; Auto vars:     Size  Location     Type
   723 ;;		None
   724 ;; Return value:  Size  Location     Type
   725 ;;                  1    wreg      void 
   726 ;; Registers used:
   727 ;;		wreg, status,2, status,0, pclath, cstack
   728 ;; Tracked objects:
   729 ;;		On entry : B1F/0
   730 ;;		On exit  : B1F/1
   731 ;;		Unchanged: B00/0
   732 ;; Data sizes:     COMMON   BANK0   BANK1   BANK2   BANK3   BANK4   BANK5   BANK6
   733 ;;      Params:         0       0       0       0       0       0       0       0
   734 ;;      Locals:         0       0       0       0       0       0       0       0
   735 ;;      Temps:          0       0       0       0       0       0       0       0
   736 ;;      Totals:         0       0       0       0       0       0       0       0
   737 ;;Total ram usage:        0 bytes
   738 ;; Hardware stack levels used:    1
   739 ;; Hardware stack levels required when called:    1
   740 ;; This function calls:
   741 ;;		_OSCILLATOR_Initialize
   742 ;;		_PIN_MANAGER_Initialize
   743 ;;		_WDT_Initialize
   744 ;; This function is called by:
   745 ;;		_main
   746 ;; This function uses a non-reentrant model
   747 ;;
   748                           
   749                           
   750                           ;psect for function _SYSTEM_Initialize
   751  07D4                     _SYSTEM_Initialize:	
   752                           
   753                           ;mcc.c: 73: PIN_MANAGER_Initialize();
   754                           
   755                           ;incstack = 0
   756                           ; Regs used in _SYSTEM_Initialize: [wreg+status,2+status,0+pclath+cstack]
   757  07D4  27D9  3187         	fcall	_PIN_MANAGER_Initialize
   758                           
   759                           ;mcc.c: 74: OSCILLATOR_Initialize();
   760  07D6  27F6  3187         	fcall	_OSCILLATOR_Initialize
   761                           
   762                           ;mcc.c: 75: WDT_Initialize();
   763  07D8  2FFD               	ljmp	l567
   764  07D9                     __end_of_SYSTEM_Initialize:	
   765  07D9                     __ptext3:	
   766 ;; *************** function _PIN_MANAGER_Initialize *****************
   767 ;; Defined at:
   768 ;;		line 52 in file "mcc_generated_files/pin_manager.c"
   769 ;; Parameters:    Size  Location     Type
   770 ;;		None
   771 ;; Auto vars:     Size  Location     Type
   772 ;;		None
   773 ;; Return value:  Size  Location     Type
   774 ;;                  1    wreg      void 
   775 ;; Registers used:
   776 ;;		wreg, status,2
   777 ;; Tracked objects:
   778 ;;		On entry : B1F/0
   779 ;;		On exit  : B1F/2
   780 ;;		Unchanged: B00/0
   781 ;; Data sizes:     COMMON   BANK0   BANK1   BANK2   BANK3   BANK4   BANK5   BANK6
   782 ;;      Params:         0       0       0       0       0       0       0       0
   783 ;;      Locals:         0       0       0       0       0       0       0       0
   784 ;;      Temps:          0       0       0       0       0       0       0       0
   785 ;;      Totals:         0       0       0       0       0       0       0       0
   786 ;;Total ram usage:        0 bytes
   787 ;; Hardware stack levels used:    1
   788 ;; This function calls:
   789 ;;		Nothing
   790 ;; This function is called by:
   791 ;;		_SYSTEM_Initialize
   792 ;; This function uses a non-reentrant model
   793 ;;
   794                           
   795                           
   796                           ;psect for function _PIN_MANAGER_Initialize
   797  07D9                     _PIN_MANAGER_Initialize:	
   798                           
   799                           ;pin_manager.c: 57: LATE = 0x00;
   800                           
   801                           ;incstack = 0
   802                           ; Regs used in _PIN_MANAGER_Initialize: [wreg+status,2]
   803  07D9  0022               	movlb	2	; select bank2
   804  07DA  0190               	clrf	16	;volatile
   805                           
   806                           ;pin_manager.c: 58: LATA = 0x00;
   807  07DB  018C               	clrf	12	;volatile
   808                           
   809                           ;pin_manager.c: 59: LATB = 0x00;
   810  07DC  018D               	clrf	13	;volatile
   811                           
   812                           ;pin_manager.c: 60: LATC = 0x00;
   813  07DD  018E               	clrf	14	;volatile
   814                           
   815                           ;pin_manager.c: 65: TRISE = 0x08;
   816  07DE  3008               	movlw	8
   817  07DF  0021               	movlb	1	; select bank1
   818  07E0  0090               	movwf	16	;volatile
   819                           
   820                           ;pin_manager.c: 66: TRISA = 0xFF;
   821  07E1  30FF               	movlw	255
   822  07E2  008C               	movwf	12	;volatile
   823                           
   824                           ;pin_manager.c: 67: TRISB = 0xF8;
   825  07E3  30F8               	movlw	248
   826  07E4  008D               	movwf	13	;volatile
   827                           
   828                           ;pin_manager.c: 68: TRISC = 0xFF;
   829  07E5  30FF               	movlw	255
   830  07E6  008E               	movwf	14	;volatile
   831                           
   832                           ;pin_manager.c: 73: ANSELB = 0x38;
   833  07E7  3038               	movlw	56
   834  07E8  0023               	movlb	3	; select bank3
   835  07E9  008D               	movwf	13	;volatile
   836                           
   837                           ;pin_manager.c: 74: ANSELA = 0x3F;
   838  07EA  303F               	movlw	63
   839  07EB  008C               	movwf	12	;volatile
   840                           
   841                           ;pin_manager.c: 79: WPUE = 0x08;
   842  07EC  3008               	movlw	8
   843  07ED  0024               	movlb	4	; select bank4
   844  07EE  0090               	movwf	16	;volatile
   845                           
   846                           ;pin_manager.c: 80: WPUB = 0xFF;
   847  07EF  30FF               	movlw	255
   848  07F0  008D               	movwf	13	;volatile
   849                           
   850                           ;pin_manager.c: 81: OPTION_REGbits.nWPUEN = 0;
   851  07F1  0021               	movlb	1	; select bank1
   852  07F2  1395               	bcf	21,7	;volatile
   853                           
   854                           ;pin_manager.c: 87: APFCON = 0x00;
   855  07F3  0022               	movlb	2	; select bank2
   856  07F4  019D               	clrf	29	;volatile
   857  07F5  0008               	return
   858  07F6                     __end_of_PIN_MANAGER_Initialize:	
   859  07F6                     __ptext4:	
   860 ;; *************** function _OSCILLATOR_Initialize *****************
   861 ;; Defined at:
   862 ;;		line 78 in file "mcc_generated_files/mcc.c"
   863 ;; Parameters:    Size  Location     Type
   864 ;;		None
   865 ;; Auto vars:     Size  Location     Type
   866 ;;		None
   867 ;; Return value:  Size  Location     Type
   868 ;;                  1    wreg      void 
   869 ;; Registers used:
   870 ;;		wreg, status,2
   871 ;; Tracked objects:
   872 ;;		On entry : B1F/2
   873 ;;		On exit  : B1F/1
   874 ;;		Unchanged: B00/0
   875 ;; Data sizes:     COMMON   BANK0   BANK1   BANK2   BANK3   BANK4   BANK5   BANK6
   876 ;;      Params:         0       0       0       0       0       0       0       0
   877 ;;      Locals:         0       0       0       0       0       0       0       0
   878 ;;      Temps:          0       0       0       0       0       0       0       0
   879 ;;      Totals:         0       0       0       0       0       0       0       0
   880 ;;Total ram usage:        0 bytes
   881 ;; Hardware stack levels used:    1
   882 ;; This function calls:
   883 ;;		Nothing
   884 ;; This function is called by:
   885 ;;		_SYSTEM_Initialize
   886 ;; This function uses a non-reentrant model
   887 ;;
   888                           
   889                           
   890                           ;psect for function _OSCILLATOR_Initialize
   891  07F6                     _OSCILLATOR_Initialize:	
   892                           
   893                           ;mcc.c: 81: OSCCON = 0x70;
   894                           
   895                           ;incstack = 0
   896                           ; Regs used in _OSCILLATOR_Initialize: [wreg+status,2]
   897  07F6  3070               	movlw	112
   898  07F7  0021               	movlb	1	; select bank1
   899  07F8  0099               	movwf	25	;volatile
   900                           
   901                           ;mcc.c: 83: OSCTUNE = 0x00;
   902  07F9  0198               	clrf	24	;volatile
   903  07FA                     l20:	
   904                           ;mcc.c: 86: {
   905                           
   906  07FA  1B1A               	btfsc	26,6	;volatile
   907  07FB  0008               	return
   908  07FC  2FFA               	goto	l20
   909  07FD                     __end_of_OSCILLATOR_Initialize:	
   910  07FD                     __ptext2:	
   911 ;; *************** function _WDT_Initialize *****************
   912 ;; Defined at:
   913 ;;		line 90 in file "mcc_generated_files/mcc.c"
   914 ;; Parameters:    Size  Location     Type
   915 ;;		None
   916 ;; Auto vars:     Size  Location     Type
   917 ;;		None
   918 ;; Return value:  Size  Location     Type
   919 ;;                  1    wreg      void 
   920 ;; Registers used:
   921 ;;		wreg
   922 ;; Tracked objects:
   923 ;;		On entry : B1F/1
   924 ;;		On exit  : B1F/1
   925 ;;		Unchanged: B00/0
   926 ;; Data sizes:     COMMON   BANK0   BANK1   BANK2   BANK3   BANK4   BANK5   BANK6
   927 ;;      Params:         0       0       0       0       0       0       0       0
   928 ;;      Locals:         0       0       0       0       0       0       0       0
   929 ;;      Temps:          0       0       0       0       0       0       0       0
   930 ;;      Totals:         0       0       0       0       0       0       0       0
   931 ;;Total ram usage:        0 bytes
   932 ;; Hardware stack levels used:    1
   933 ;; This function calls:
   934 ;;		Nothing
   935 ;; This function is called by:
   936 ;;		_SYSTEM_Initialize
   937 ;; This function uses a non-reentrant model
   938 ;;
   939                           
   940                           
   941                           ;psect for function _WDT_Initialize
   942  07FD                     _WDT_Initialize:	
   943  07FD                     l567:	
   944                           ;incstack = 0
   945                           ; Regs used in _WDT_Initialize: [wreg]
   946                           
   947                           
   948                           ;mcc.c: 93: WDTCON = 0x16;
   949  07FD  3016               	movlw	22
   950  07FE  0097               	movwf	23	;volatile
   951  07FF  0008               	return
   952  0800                     __end_of_WDT_Initialize:	
   953                           
   954                           	psect	cstackCOMMON
   955  0070                     __pcstackCOMMON:	
   956  0070                     ?_PIN_MANAGER_Initialize:	
   957  0070                     ??_PIN_MANAGER_Initialize:	
   958                           ; 1 bytes @ 0x0
   959                           
   960  0070                     ?_OSCILLATOR_Initialize:	
   961                           ; 1 bytes @ 0x0
   962                           
   963  0070                     ??_OSCILLATOR_Initialize:	
   964                           ; 1 bytes @ 0x0
   965                           
   966  0070                     ?_WDT_Initialize:	
   967                           ; 1 bytes @ 0x0
   968                           
   969  0070                     ??_WDT_Initialize:	
   970                           ; 1 bytes @ 0x0
   971                           
   972  0070                     ?_SYSTEM_Initialize:	
   973                           ; 1 bytes @ 0x0
   974                           
   975  0070                     ??_SYSTEM_Initialize:	
   976                           ; 1 bytes @ 0x0
   977                           
   978  0070                     ?_DemuxSetChannel:	
   979                           ; 1 bytes @ 0x0
   980                           
   981  0070                     ??_DemuxSetChannel:	
   982                           ; 1 bytes @ 0x0
   983                           
   984  0070                     ?_main:	
   985                           ; 1 bytes @ 0x0
   986                           
   987  0070                     DemuxSetChannel@ch:	
   988                           ; 1 bytes @ 0x0
   989                           
   990                           
   991                           ; 1 bytes @ 0x0
   992  0070                     	ds	1
   993  0071                     ??_main:	
   994                           
   995                           ; 1 bytes @ 0x1
   996  0071                     	ds	2
   997  0073                     main@i:	
   998                           
   999                           ; 1 bytes @ 0x3
  1000  0073                     	ds	1


Data Sizes:
    Strings     0
    Constant    0
    Data        0
    BSS         0
    Persistent  0
    Stack       0

Auto Spaces:
    Space          Size  Autos    Used
    COMMON           14      4       4
    BANK0            80      0       0
    BANK1            80      0       0
    BANK2            80      0       0
    BANK3            80      0       0
    BANK4            80      0       0
    BANK5            80      0       0
    BANK6            16      0       0

Pointer List with Targets:

    None.

Critical Paths under _main in COMMON

    _main->_DemuxSetChannel

Critical Paths under _main in BANK0

    None.

Critical Paths under _main in BANK1

    None.

Critical Paths under _main in BANK2

    None.

Critical Paths under _main in BANK3

    None.

Critical Paths under _main in BANK4

    None.

Critical Paths under _main in BANK5

    None.

Critical Paths under _main in BANK6

    None.

Call Graph Tables:

 ---------------------------------------------------------------------------------
 (Depth) Function   	        Calls       Base Space   Used Autos Params    Refs
 ---------------------------------------------------------------------------------
 (0) _main                                                 3     3      0      90
                                              1 COMMON     3     3      0
                    _DemuxSetChannel
                  _SYSTEM_Initialize
 ---------------------------------------------------------------------------------
 (1) _SYSTEM_Initialize                                    0     0      0       0
              _OSCILLATOR_Initialize
             _PIN_MANAGER_Initialize
                     _WDT_Initialize
 ---------------------------------------------------------------------------------
 (2) _WDT_Initialize                                       0     0      0       0
 ---------------------------------------------------------------------------------
 (2) _PIN_MANAGER_Initialize                               0     0      0       0
 ---------------------------------------------------------------------------------
 (2) _OSCILLATOR_Initialize                                0     0      0       0
 ---------------------------------------------------------------------------------
 (1) _DemuxSetChannel                                      1     1      0      45
                                              0 COMMON     1     1      0
 ---------------------------------------------------------------------------------
 Estimated maximum stack depth 2
 ---------------------------------------------------------------------------------

 Call Graph Graphs:

 _main (ROOT)
   _DemuxSetChannel
   _SYSTEM_Initialize
     _OSCILLATOR_Initialize
     _PIN_MANAGER_Initialize
     _WDT_Initialize

 Address spaces:
Name               Size   Autos  Total    Cost      Usage
BIGRAM             1F0      0       0       0        0.0%
EEDATA             100      0       0       0        0.0%
NULL                 0      0       0       0        0.0%
CODE                 0      0       0       0        0.0%
BITCOMMON            E      0       0       1        0.0%
BITSFR0              0      0       0       1        0.0%
SFR0                 0      0       0       1        0.0%
COMMON               E      4       4       2       28.6%
BITSFR1              0      0       0       2        0.0%
SFR1                 0      0       0       2        0.0%
BITSFR2              0      0       0       3        0.0%
SFR2                 0      0       0       3        0.0%
STACK                0      0       0       3        0.0%
BITSFR3              0      0       0       4        0.0%
SFR3                 0      0       0       4        0.0%
ABS                  0      0       0       4        0.0%
BITBANK0            50      0       0       5        0.0%
BITSFR4              0      0       0       5        0.0%
SFR4                 0      0       0       5        0.0%
BANK0               50      0       0       6        0.0%
BITSFR5              0      0       0       6        0.0%
SFR5                 0      0       0       6        0.0%
BITBANK1            50      0       0       7        0.0%
BITSFR6              0      0       0       7        0.0%
SFR6                 0      0       0       7        0.0%
BANK1               50      0       0       8        0.0%
BITSFR7              0      0       0       8        0.0%
SFR7                 0      0       0       8        0.0%
BITBANK2            50      0       0       9        0.0%
BITSFR8              0      0       0       9        0.0%
SFR8                 0      0       0       9        0.0%
BANK2               50      0       0      10        0.0%
BITSFR9              0      0       0      10        0.0%
SFR9                 0      0       0      10        0.0%
BITBANK3            50      0       0      11        0.0%
BITSFR10             0      0       0      11        0.0%
SFR10                0      0       0      11        0.0%
BANK3               50      0       0      12        0.0%
BITSFR11             0      0       0      12        0.0%
SFR11                0      0       0      12        0.0%
BITBANK4            50      0       0      13        0.0%
BITSFR12             0      0       0      13        0.0%
SFR12                0      0       0      13        0.0%
BANK4               50      0       0      14        0.0%
BITSFR13             0      0       0      14        0.0%
SFR13                0      0       0      14        0.0%
BITBANK5            50      0       0      15        0.0%
BITSFR14             0      0       0      15        0.0%
SFR14                0      0       0      15        0.0%
BANK5               50      0       0      16        0.0%
BITSFR15             0      0       0      16        0.0%
SFR15                0      0       0      16        0.0%
BITBANK6            10      0       0      17        0.0%
BITSFR16             0      0       0      17        0.0%
SFR16                0      0       0      17        0.0%
BANK6               10      0       0      18        0.0%
BITSFR17             0      0       0      18        0.0%
SFR17                0      0       0      18        0.0%
BITSFR18             0      0       0      19        0.0%
SFR18                0      0       0      19        0.0%
DATA                 0      0       0      19        0.0%
BITSFR19             0      0       0      20        0.0%
SFR19                0      0       0      20        0.0%
BITSFR20             0      0       0      21        0.0%
SFR20                0      0       0      21        0.0%
BITSFR21             0      0       0      22        0.0%
SFR21                0      0       0      22        0.0%
BITSFR22             0      0       0      23        0.0%
SFR22                0      0       0      23        0.0%
BITSFR23             0      0       0      24        0.0%
SFR23                0      0       0      24        0.0%
BITSFR24             0      0       0      25        0.0%
SFR24                0      0       0      25        0.0%
BITSFR25             0      0       0      26        0.0%
SFR25                0      0       0      26        0.0%
BITSFR26             0      0       0      27        0.0%
SFR26                0      0       0      27        0.0%
BITSFR27             0      0       0      28        0.0%
SFR27                0      0       0      28        0.0%
BITSFR28             0      0       0      29        0.0%
SFR28                0      0       0      29        0.0%
BITSFR29             0      0       0      30        0.0%
SFR29                0      0       0      30        0.0%
BITSFR30             0      0       0      31        0.0%
SFR30                0      0       0      31        0.0%
BITSFR31             0      0       0      32        0.0%
SFR31                0      0       0      32        0.0%


Microchip Technology PIC Macro Assembler V1.43 build -156212558 
Symbol Table                                                                                   Mon Aug 28 17:17:40 2017

                    __CFG_CP$OFF 0000                               l20 07FA                               u37 07B3  
                    __CFG_LVP$ON 0000                              l567 07FD                              l585 07AB  
                            l579 07AA                     __CFG_CPD$OFF 0000                     __CFG_BORV$LO 0000  
                            wreg 0009                     __CFG_IESO$ON 0000                             _LATA 010C  
                           _LATB 010D                             _LATC 010E                             _LATE 0110  
                           _PLLR 04D6                             _WPUB 020D                             _WPUE 0210  
                   __CFG_WRT$OFF 0000                    __CFG_FCMEN$ON 0000                             _main 07A8  
                           btemp 007E                    __CFG_BOREN$ON 0000                             start 0002  
                  __CFG_MCLRE$ON 0000                    __CFG_PLLEN$ON 0000   __size_of_OSCILLATOR_Initialize 0007  
  __end_of_OSCILLATOR_Initialize 07FD                            ?_main 0070                    __CFG_WDTE$OFF 0000  
       __size_of_DemuxSetChannel 0014                            _TRISA 008C                            _TRISB 008D  
                          _TRISC 008E                            _TRISE 0090                   _WDT_Initialize 07FD  
                          main@i 0073                            wtemp0 007E                  __initialization 07A6  
                   __end_of_main 07C0                           ??_main 0071           __end_of_WDT_Initialize 0800  
                         _APFCON 011D                           _ANSELA 018C                           _ANSELB 018D  
              DemuxSetChannel@ch 0070                           _OSCCON 0099                           _WDTCON 0097  
                 __CFG_PWRTE$OFF 0000                   __CFG_STVREN$ON 0000                  ?_WDT_Initialize 0070  
              ??_DemuxSetChannel 0070                _SYSTEM_Initialize 07D4          __end_of__initialization 07A6  
             ?_SYSTEM_Initialize 0070                   __pcstackCOMMON 0070              ??_SYSTEM_Initialize 0070  
                 _OPTION_REGbits 0095        __end_of_SYSTEM_Initialize 07D9                  __CFG_VCAPEN$OFF 0000  
                     __pmaintext 07A8                          _OSCTUNE 0098                          __ptext1 07D4  
                        __ptext2 07FD                          __ptext3 07D9                          __ptext4 07F6  
                        __ptext5 07C0            _OSCILLATOR_Initialize 07F6         ??_PIN_MANAGER_Initialize 0070  
     __size_of_SYSTEM_Initialize 0005             end_of_initialization 07A6                  _DemuxSetChannel 07C0  
               ??_WDT_Initialize 0070                 __CFG_FOSC$INTOSC 0000           ?_OSCILLATOR_Initialize 0070  
            start_initialization 07A6  __size_of_PIN_MANAGER_Initialize 001D          __end_of_DemuxSetChannel 07D4  
                      ___latbits 0002           _PIN_MANAGER_Initialize 07D9                         _LATBbits 010D  
               ?_DemuxSetChannel 0070          ??_OSCILLATOR_Initialize 0070                    __size_of_main 0018  
        __size_of_WDT_Initialize 0003          ?_PIN_MANAGER_Initialize 0070                __CFG_CLKOUTEN$OFF 0000  
 __end_of_PIN_MANAGER_Initialize 07F6  
