

Microchip Technology PIC PRO Macro Assembler V1.43 build -156212558 
                                                                                               Sun Aug 27 22:15:33 2017

Microchip Technology Omniscient Code Generator v1.43 (PRO mode) build 201707250354
     1                           	processor	16F1936
     2                           	opt	pw 120
     3                           	opt	pm
     4                           	psect	cinit,global,class=CODE,merge=1,delta=2
     5                           	psect	cstackCOMMON,global,class=COMMON,space=1,delta=1
     6                           	psect	pa_nodes0,global,class=CODE,delta=2
     7                           	dabs	1,0x7E,2
     8  0000                     
     9                           ; Version 1.43
    10                           ; Generated 25/07/2017 GMT
    11                           ; 
    12                           ; Copyright © 2017, Microchip Technology Inc. and its subsidiaries ("Microchip")
    13                           ; All rights reserved.
    14                           ; 
    15                           ; This software is developed by Microchip Technology Inc. and its subsidiaries ("Microch
      +                          ip").
    16                           ; 
    17                           ; Redistribution and use in source and binary forms, with or without modification, are
    18                           ; permitted provided that the following conditions are met:
    19                           ; 
    20                           ;     1. Redistributions of source code must retain the above copyright notice, this lis
      +                          t of
    21                           ;        conditions and the following disclaimer.
    22                           ; 
    23                           ;     2. Redistributions in binary form must reproduce the above copyright notice, this 
      +                          list
    24                           ;        of conditions and the following disclaimer in the documentation and/or other
    25                           ;        materials provided with the distribution.
    26                           ; 
    27                           ;     3. Microchip's name may not be used to endorse or promote products derived from th
      +                          is
    28                           ;        software without specific prior written permission.
    29                           ; 
    30                           ; THIS SOFTWARE IS PROVIDED BY MICROCHIP "AS IS" AND ANY EXPRESS OR IMPLIED WARRANTIES,
    31                           ; INCLUDING, BUT NOT LIMITED TO, THE IMPLIED WARRANTIES OF MERCHANTABILITY AND FITNESS F
      +                          OR
    32                           ; PURPOSE ARE DISCLAIMED.  IN NO EVENT SHALL MICROCHIP BE LIABLE FOR ANY DIRECT, INDIREC
      +                          T,
    33                           ; INCIDENTAL, SPECIAL, EXEMPLARY, OR CONSEQUENTIAL DAMAGES (INCLUDING BUT NOT LIMITED TO
    34                           ; PROCUREMENT OF SUBSTITUTE GOODS OR SERVICES; LOSS OF USE, DATA OR PROFITS; OR BUSINESS
    35                           ; INTERRUPTION) HOWSOEVER CAUSED AND ON ANY THEORY OF LIABILITY, WHETHER IN CONTRACT, ST
      +                          RICT
    36                           ; LIABILITY, OR TORT (INCLUDING NEGLIGENCE OR OTHERWISE) ARISING IN ANY WAY OUT OF THE U
      +                          SE OF
    37                           ; THIS SOFTWARE, EVEN IF ADVISED OF THE POSSIBILITY OF SUCH DAMAGE.
    38                           ; 
    39                           ; 
    40                           ; Code-generator required, PIC16F1936 Definitions
    41                           ; 
    42                           ; SFR Addresses
    43  0000                     	;# 
    44  0001                     	;# 
    45  0002                     	;# 
    46  0003                     	;# 
    47  0004                     	;# 
    48  0005                     	;# 
    49  0006                     	;# 
    50  0007                     	;# 
    51  0008                     	;# 
    52  0009                     	;# 
    53  000A                     	;# 
    54  000B                     	;# 
    55  000C                     	;# 
    56  000D                     	;# 
    57  000E                     	;# 
    58  0010                     	;# 
    59  0011                     	;# 
    60  0012                     	;# 
    61  0013                     	;# 
    62  0015                     	;# 
    63  0016                     	;# 
    64  0016                     	;# 
    65  0017                     	;# 
    66  0018                     	;# 
    67  0019                     	;# 
    68  001A                     	;# 
    69  001B                     	;# 
    70  001C                     	;# 
    71  001E                     	;# 
    72  001F                     	;# 
    73  008C                     	;# 
    74  008D                     	;# 
    75  008E                     	;# 
    76  0090                     	;# 
    77  0091                     	;# 
    78  0092                     	;# 
    79  0093                     	;# 
    80  0095                     	;# 
    81  0096                     	;# 
    82  0097                     	;# 
    83  0098                     	;# 
    84  0099                     	;# 
    85  009A                     	;# 
    86  009B                     	;# 
    87  009B                     	;# 
    88  009C                     	;# 
    89  009D                     	;# 
    90  009E                     	;# 
    91  010C                     	;# 
    92  010D                     	;# 
    93  010E                     	;# 
    94  0110                     	;# 
    95  0111                     	;# 
    96  0112                     	;# 
    97  0113                     	;# 
    98  0114                     	;# 
    99  0115                     	;# 
   100  0116                     	;# 
   101  0117                     	;# 
   102  0118                     	;# 
   103  0119                     	;# 
   104  011A                     	;# 
   105  011B                     	;# 
   106  011D                     	;# 
   107  018C                     	;# 
   108  018D                     	;# 
   109  0191                     	;# 
   110  0191                     	;# 
   111  0192                     	;# 
   112  0193                     	;# 
   113  0193                     	;# 
   114  0193                     	;# 
   115  0194                     	;# 
   116  0195                     	;# 
   117  0196                     	;# 
   118  0199                     	;# 
   119  019A                     	;# 
   120  019B                     	;# 
   121  019B                     	;# 
   122  019B                     	;# 
   123  019B                     	;# 
   124  019C                     	;# 
   125  019C                     	;# 
   126  019D                     	;# 
   127  019E                     	;# 
   128  019F                     	;# 
   129  020D                     	;# 
   130  0210                     	;# 
   131  0211                     	;# 
   132  0212                     	;# 
   133  0213                     	;# 
   134  0214                     	;# 
   135  0215                     	;# 
   136  0215                     	;# 
   137  0216                     	;# 
   138  0217                     	;# 
   139  0291                     	;# 
   140  0291                     	;# 
   141  0292                     	;# 
   142  0293                     	;# 
   143  0294                     	;# 
   144  0295                     	;# 
   145  0295                     	;# 
   146  0296                     	;# 
   147  0298                     	;# 
   148  0298                     	;# 
   149  0299                     	;# 
   150  029A                     	;# 
   151  029B                     	;# 
   152  029C                     	;# 
   153  029C                     	;# 
   154  029D                     	;# 
   155  029E                     	;# 
   156  029F                     	;# 
   157  0311                     	;# 
   158  0311                     	;# 
   159  0312                     	;# 
   160  0313                     	;# 
   161  0314                     	;# 
   162  0315                     	;# 
   163  0315                     	;# 
   164  0316                     	;# 
   165  0318                     	;# 
   166  0318                     	;# 
   167  0319                     	;# 
   168  031A                     	;# 
   169  031C                     	;# 
   170  031C                     	;# 
   171  031D                     	;# 
   172  031E                     	;# 
   173  0394                     	;# 
   174  0395                     	;# 
   175  0396                     	;# 
   176  0415                     	;# 
   177  0416                     	;# 
   178  0417                     	;# 
   179  041C                     	;# 
   180  041D                     	;# 
   181  041E                     	;# 
   182  0791                     	;# 
   183  0792                     	;# 
   184  0793                     	;# 
   185  0794                     	;# 
   186  0795                     	;# 
   187  0798                     	;# 
   188  0799                     	;# 
   189  07A0                     	;# 
   190  07A1                     	;# 
   191  07A3                     	;# 
   192  07A4                     	;# 
   193  07A6                     	;# 
   194  07A7                     	;# 
   195  07A9                     	;# 
   196  07AA                     	;# 
   197  0FE4                     	;# 
   198  0FE5                     	;# 
   199  0FE6                     	;# 
   200  0FE7                     	;# 
   201  0FE8                     	;# 
   202  0FE9                     	;# 
   203  0FEA                     	;# 
   204  0FEB                     	;# 
   205  0FED                     	;# 
   206  0FEE                     	;# 
   207  0FEF                     	;# 
   208  0000                     	;# 
   209  0001                     	;# 
   210  0002                     	;# 
   211  0003                     	;# 
   212  0004                     	;# 
   213  0005                     	;# 
   214  0006                     	;# 
   215  0007                     	;# 
   216  0008                     	;# 
   217  0009                     	;# 
   218  000A                     	;# 
   219  000B                     	;# 
   220  000C                     	;# 
   221  000D                     	;# 
   222  000E                     	;# 
   223  0010                     	;# 
   224  0011                     	;# 
   225  0012                     	;# 
   226  0013                     	;# 
   227  0015                     	;# 
   228  0016                     	;# 
   229  0016                     	;# 
   230  0017                     	;# 
   231  0018                     	;# 
   232  0019                     	;# 
   233  001A                     	;# 
   234  001B                     	;# 
   235  001C                     	;# 
   236  001E                     	;# 
   237  001F                     	;# 
   238  008C                     	;# 
   239  008D                     	;# 
   240  008E                     	;# 
   241  0090                     	;# 
   242  0091                     	;# 
   243  0092                     	;# 
   244  0093                     	;# 
   245  0095                     	;# 
   246  0096                     	;# 
   247  0097                     	;# 
   248  0098                     	;# 
   249  0099                     	;# 
   250  009A                     	;# 
   251  009B                     	;# 
   252  009B                     	;# 
   253  009C                     	;# 
   254  009D                     	;# 
   255  009E                     	;# 
   256  010C                     	;# 
   257  010D                     	;# 
   258  010E                     	;# 
   259  0110                     	;# 
   260  0111                     	;# 
   261  0112                     	;# 
   262  0113                     	;# 
   263  0114                     	;# 
   264  0115                     	;# 
   265  0116                     	;# 
   266  0117                     	;# 
   267  0118                     	;# 
   268  0119                     	;# 
   269  011A                     	;# 
   270  011B                     	;# 
   271  011D                     	;# 
   272  018C                     	;# 
   273  018D                     	;# 
   274  0191                     	;# 
   275  0191                     	;# 
   276  0192                     	;# 
   277  0193                     	;# 
   278  0193                     	;# 
   279  0193                     	;# 
   280  0194                     	;# 
   281  0195                     	;# 
   282  0196                     	;# 
   283  0199                     	;# 
   284  019A                     	;# 
   285  019B                     	;# 
   286  019B                     	;# 
   287  019B                     	;# 
   288  019B                     	;# 
   289  019C                     	;# 
   290  019C                     	;# 
   291  019D                     	;# 
   292  019E                     	;# 
   293  019F                     	;# 
   294  020D                     	;# 
   295  0210                     	;# 
   296  0211                     	;# 
   297  0212                     	;# 
   298  0213                     	;# 
   299  0214                     	;# 
   300  0215                     	;# 
   301  0215                     	;# 
   302  0216                     	;# 
   303  0217                     	;# 
   304  0291                     	;# 
   305  0291                     	;# 
   306  0292                     	;# 
   307  0293                     	;# 
   308  0294                     	;# 
   309  0295                     	;# 
   310  0295                     	;# 
   311  0296                     	;# 
   312  0298                     	;# 
   313  0298                     	;# 
   314  0299                     	;# 
   315  029A                     	;# 
   316  029B                     	;# 
   317  029C                     	;# 
   318  029C                     	;# 
   319  029D                     	;# 
   320  029E                     	;# 
   321  029F                     	;# 
   322  0311                     	;# 
   323  0311                     	;# 
   324  0312                     	;# 
   325  0313                     	;# 
   326  0314                     	;# 
   327  0315                     	;# 
   328  0315                     	;# 
   329  0316                     	;# 
   330  0318                     	;# 
   331  0318                     	;# 
   332  0319                     	;# 
   333  031A                     	;# 
   334  031C                     	;# 
   335  031C                     	;# 
   336  031D                     	;# 
   337  031E                     	;# 
   338  0394                     	;# 
   339  0395                     	;# 
   340  0396                     	;# 
   341  0415                     	;# 
   342  0416                     	;# 
   343  0417                     	;# 
   344  041C                     	;# 
   345  041D                     	;# 
   346  041E                     	;# 
   347  0791                     	;# 
   348  0792                     	;# 
   349  0793                     	;# 
   350  0794                     	;# 
   351  0795                     	;# 
   352  0798                     	;# 
   353  0799                     	;# 
   354  07A0                     	;# 
   355  07A1                     	;# 
   356  07A3                     	;# 
   357  07A4                     	;# 
   358  07A6                     	;# 
   359  07A7                     	;# 
   360  07A9                     	;# 
   361  07AA                     	;# 
   362  0FE4                     	;# 
   363  0FE5                     	;# 
   364  0FE6                     	;# 
   365  0FE7                     	;# 
   366  0FE8                     	;# 
   367  0FE9                     	;# 
   368  0FEA                     	;# 
   369  0FEB                     	;# 
   370  0FED                     	;# 
   371  0FEE                     	;# 
   372  0FEF                     	;# 
   373  0000                     	;# 
   374  0001                     	;# 
   375  0002                     	;# 
   376  0003                     	;# 
   377  0004                     	;# 
   378  0005                     	;# 
   379  0006                     	;# 
   380  0007                     	;# 
   381  0008                     	;# 
   382  0009                     	;# 
   383  000A                     	;# 
   384  000B                     	;# 
   385  000C                     	;# 
   386  000D                     	;# 
   387  000E                     	;# 
   388  0010                     	;# 
   389  0011                     	;# 
   390  0012                     	;# 
   391  0013                     	;# 
   392  0015                     	;# 
   393  0016                     	;# 
   394  0016                     	;# 
   395  0017                     	;# 
   396  0018                     	;# 
   397  0019                     	;# 
   398  001A                     	;# 
   399  001B                     	;# 
   400  001C                     	;# 
   401  001E                     	;# 
   402  001F                     	;# 
   403  008C                     	;# 
   404  008D                     	;# 
   405  008E                     	;# 
   406  0090                     	;# 
   407  0091                     	;# 
   408  0092                     	;# 
   409  0093                     	;# 
   410  0095                     	;# 
   411  0096                     	;# 
   412  0097                     	;# 
   413  0098                     	;# 
   414  0099                     	;# 
   415  009A                     	;# 
   416  009B                     	;# 
   417  009B                     	;# 
   418  009C                     	;# 
   419  009D                     	;# 
   420  009E                     	;# 
   421  010C                     	;# 
   422  010D                     	;# 
   423  010E                     	;# 
   424  0110                     	;# 
   425  0111                     	;# 
   426  0112                     	;# 
   427  0113                     	;# 
   428  0114                     	;# 
   429  0115                     	;# 
   430  0116                     	;# 
   431  0117                     	;# 
   432  0118                     	;# 
   433  0119                     	;# 
   434  011A                     	;# 
   435  011B                     	;# 
   436  011D                     	;# 
   437  018C                     	;# 
   438  018D                     	;# 
   439  0191                     	;# 
   440  0191                     	;# 
   441  0192                     	;# 
   442  0193                     	;# 
   443  0193                     	;# 
   444  0193                     	;# 
   445  0194                     	;# 
   446  0195                     	;# 
   447  0196                     	;# 
   448  0199                     	;# 
   449  019A                     	;# 
   450  019B                     	;# 
   451  019B                     	;# 
   452  019B                     	;# 
   453  019B                     	;# 
   454  019C                     	;# 
   455  019C                     	;# 
   456  019D                     	;# 
   457  019E                     	;# 
   458  019F                     	;# 
   459  020D                     	;# 
   460  0210                     	;# 
   461  0211                     	;# 
   462  0212                     	;# 
   463  0213                     	;# 
   464  0214                     	;# 
   465  0215                     	;# 
   466  0215                     	;# 
   467  0216                     	;# 
   468  0217                     	;# 
   469  0291                     	;# 
   470  0291                     	;# 
   471  0292                     	;# 
   472  0293                     	;# 
   473  0294                     	;# 
   474  0295                     	;# 
   475  0295                     	;# 
   476  0296                     	;# 
   477  0298                     	;# 
   478  0298                     	;# 
   479  0299                     	;# 
   480  029A                     	;# 
   481  029B                     	;# 
   482  029C                     	;# 
   483  029C                     	;# 
   484  029D                     	;# 
   485  029E                     	;# 
   486  029F                     	;# 
   487  0311                     	;# 
   488  0311                     	;# 
   489  0312                     	;# 
   490  0313                     	;# 
   491  0314                     	;# 
   492  0315                     	;# 
   493  0315                     	;# 
   494  0316                     	;# 
   495  0318                     	;# 
   496  0318                     	;# 
   497  0319                     	;# 
   498  031A                     	;# 
   499  031C                     	;# 
   500  031C                     	;# 
   501  031D                     	;# 
   502  031E                     	;# 
   503  0394                     	;# 
   504  0395                     	;# 
   505  0396                     	;# 
   506  0415                     	;# 
   507  0416                     	;# 
   508  0417                     	;# 
   509  041C                     	;# 
   510  041D                     	;# 
   511  041E                     	;# 
   512  0791                     	;# 
   513  0792                     	;# 
   514  0793                     	;# 
   515  0794                     	;# 
   516  0795                     	;# 
   517  0798                     	;# 
   518  0799                     	;# 
   519  07A0                     	;# 
   520  07A1                     	;# 
   521  07A3                     	;# 
   522  07A4                     	;# 
   523  07A6                     	;# 
   524  07A7                     	;# 
   525  07A9                     	;# 
   526  07AA                     	;# 
   527  0FE4                     	;# 
   528  0FE5                     	;# 
   529  0FE6                     	;# 
   530  0FE7                     	;# 
   531  0FE8                     	;# 
   532  0FE9                     	;# 
   533  0FEA                     	;# 
   534  0FEB                     	;# 
   535  0FED                     	;# 
   536  0FEE                     	;# 
   537  0FEF                     	;# 
   538  000D                     _PORTBbits	set	13
   539  0097                     _WDTCON	set	151
   540  0098                     _OSCTUNE	set	152
   541  0099                     _OSCCON	set	153
   542  0095                     _OPTION_REGbits	set	149
   543  008E                     _TRISC	set	142
   544  008D                     _TRISB	set	141
   545  008C                     _TRISA	set	140
   546  0090                     _TRISE	set	144
   547  04D6                     _PLLR	set	1238
   548  010D                     _LATBbits	set	269
   549  011D                     _APFCON	set	285
   550  010E                     _LATC	set	270
   551  010D                     _LATB	set	269
   552  010C                     _LATA	set	268
   553  0110                     _LATE	set	272
   554  018C                     _ANSELA	set	396
   555  018D                     _ANSELB	set	397
   556  020D                     _WPUB	set	525
   557  0210                     _WPUE	set	528
   558                           
   559                           ; #config settings
   560  0000                     
   561                           	psect	cinit
   562  07A3                     start_initialization:	
   563  07A3                     __initialization:	
   564  07A3                     end_of_initialization:	
   565                           ;End of C runtime variable initialization code
   566                           
   567  07A3                     __end_of__initialization:	
   568  07A3  0020               	movlb	0
   569  07A4  2FA5               	ljmp	_main	;jump to C main() function
   570  07A5                     __pmaintext:	
   571                           ; 1 bytes @ 0x4
   572 ;;
   573 ;;Main: autosize = 0, tempsize = 0, incstack = 0, save=0
   574 ;;
   575 ;; *************** function _main *****************
   576 ;; Defined at:
   577 ;;		line 26 in file "main.c"
   578 ;; Parameters:    Size  Location     Type
   579 ;;		None
   580 ;; Auto vars:     Size  Location     Type
   581 ;;		None
   582 ;; Return value:  Size  Location     Type
   583 ;;                  1    wreg      void 
   584 ;; Registers used:
   585 ;;		wreg, status,2, status,0, pclath, cstack
   586 ;; Tracked objects:
   587 ;;		On entry : B1F/0
   588 ;;		On exit  : 1F/2
   589 ;;		Unchanged: 0/0
   590 ;; Data sizes:     COMMON   BANK0   BANK1   BANK2   BANK3   BANK4   BANK5   BANK6
   591 ;;      Params:         0       0       0       0       0       0       0       0
   592 ;;      Locals:         0       0       0       0       0       0       0       0
   593 ;;      Temps:          0       0       0       0       0       0       0       0
   594 ;;      Totals:         0       0       0       0       0       0       0       0
   595 ;;Total ram usage:        0 bytes
   596 ;; Hardware stack levels required when called:    2
   597 ;; This function calls:
   598 ;;		_Mux81
   599 ;;		_SYSTEM_Initialize
   600 ;; This function is called by:
   601 ;;		Startup code after reset
   602 ;; This function uses a non-reentrant model
   603 ;;
   604                           
   605                           
   606                           ;psect for function _main
   607  07A5                     _main:	
   608                           
   609                           ;main.c: 28: SYSTEM_Initialize();
   610                           
   611                           ;incstack = 0
   612                           ; Regs used in _main: [wreg+status,2+status,0+pclath+cstack]
   613  07A5  27D4  3187         	fcall	_SYSTEM_Initialize
   614                           
   615                           ;main.c: 29: TRISC=0;
   616  07A7  018E               	clrf	14	;volatile
   617  07A8                     l610:	
   618                           
   619                           ;main.c: 31: {
   620                           ;main.c: 32: LATC=Mux81();
   621  07A8  27AD  3187         	fcall	_Mux81
   622  07AA  0022               	movlb	2	; select bank2
   623  07AB  008E               	movwf	14	;volatile
   624  07AC  2FA8               	goto	l610
   625  07AD                     __end_of_main:	
   626  07AD                     __ptext5:	
   627 ;; *************** function _Mux81 *****************
   628 ;; Defined at:
   629 ;;		line 14 in file "main.c"
   630 ;; Parameters:    Size  Location     Type
   631 ;;		None
   632 ;; Auto vars:     Size  Location     Type
   633 ;;  i               1    3[COMMON] char 
   634 ;;  res             1    2[COMMON] unsigned char 
   635 ;; Return value:  Size  Location     Type
   636 ;;                  1    wreg      unsigned char 
   637 ;; Registers used:
   638 ;;		wreg, status,2, status,0, pclath, cstack
   639 ;; Tracked objects:
   640 ;;		On entry : 1C/1
   641 ;;		On exit  : 1F/0
   642 ;;		Unchanged: 0/0
   643 ;; Data sizes:     COMMON   BANK0   BANK1   BANK2   BANK3   BANK4   BANK5   BANK6
   644 ;;      Params:         0       0       0       0       0       0       0       0
   645 ;;      Locals:         2       0       0       0       0       0       0       0
   646 ;;      Temps:          0       0       0       0       0       0       0       0
   647 ;;      Totals:         2       0       0       0       0       0       0       0
   648 ;;Total ram usage:        2 bytes
   649 ;; Hardware stack levels used:    1
   650 ;; Hardware stack levels required when called:    1
   651 ;; This function calls:
   652 ;;		_MuxReadChannel
   653 ;; This function is called by:
   654 ;;		_main
   655 ;; This function uses a non-reentrant model
   656 ;;
   657                           
   658                           
   659                           ;psect for function _Mux81
   660  07AD                     _Mux81:	
   661  07AD  3007               	movlw	7
   662                           
   663                           ;main.c: 16: uint8_t res=0;
   664                           
   665                           ;incstack = 0
   666                           ; Regs used in _Mux81: [wreg+status,2+status,0+pclath+cstack]
   667  07AE  01F2               	clrf	Mux81@res
   668                           
   669                           ;main.c: 17: int8_t i;
   670                           ;main.c: 18: for(i=7; i>-1; i--)
   671  07AF  00F3               	movwf	Mux81@i
   672  07B0                     l76:	
   673                           
   674                           ;main.c: 19: {
   675                           ;main.c: 20: res<<=1;
   676  07B0  35F2               	lslf	Mux81@res,f
   677                           
   678                           ;main.c: 21: res|=MuxReadChannel(i);
   679  07B1  0873               	movf	Mux81@i,w
   680  07B2  27BA  3187         	fcall	_MuxReadChannel
   681  07B4  04F2               	iorwf	Mux81@res,f
   682  07B5  03F3               	decf	Mux81@i,f
   683  07B6  1FF3               	btfss	Mux81@i,7
   684  07B7  2FB0               	goto	l76
   685                           
   686                           ;main.c: 22: }
   687                           ;main.c: 23: return res;
   688  07B8  0872               	movf	Mux81@res,w
   689  07B9  0008               	return
   690  07BA                     __end_of_Mux81:	
   691  07BA                     __ptext6:	
   692 ;; *************** function _MuxReadChannel *****************
   693 ;; Defined at:
   694 ;;		line 3 in file "main.c"
   695 ;; Parameters:    Size  Location     Type
   696 ;;  ch              1    wreg     unsigned char 
   697 ;; Auto vars:     Size  Location     Type
   698 ;;  ch              1    1[COMMON] unsigned char 
   699 ;; Return value:  Size  Location     Type
   700 ;;                  1    wreg      unsigned char 
   701 ;; Registers used:
   702 ;;		wreg, status,2, status,0
   703 ;; Tracked objects:
   704 ;;		On entry : 1C/1
   705 ;;		On exit  : 1F/0
   706 ;;		Unchanged: 0/0
   707 ;; Data sizes:     COMMON   BANK0   BANK1   BANK2   BANK3   BANK4   BANK5   BANK6
   708 ;;      Params:         0       0       0       0       0       0       0       0
   709 ;;      Locals:         1       0       0       0       0       0       0       0
   710 ;;      Temps:          1       0       0       0       0       0       0       0
   711 ;;      Totals:         2       0       0       0       0       0       0       0
   712 ;;Total ram usage:        2 bytes
   713 ;; Hardware stack levels used:    1
   714 ;; This function calls:
   715 ;;		Nothing
   716 ;; This function is called by:
   717 ;;		_Mux81
   718 ;; This function uses a non-reentrant model
   719 ;;
   720                           
   721                           
   722                           ;psect for function _MuxReadChannel
   723  07BA                     _MuxReadChannel:	
   724                           
   725                           ;incstack = 0
   726                           ; Regs used in _MuxReadChannel: [wreg+status,2+status,0]
   727                           ;MuxReadChannel@ch stored from wreg
   728  07BA  00F1               	movwf	MuxReadChannel@ch
   729                           
   730                           ;main.c: 5: LATBbits.LATB0=(bool)ch;
   731  07BB  0C71               	rrf	MuxReadChannel@ch,w
   732  07BC  0022               	movlb	2	; select bank2
   733  07BD  1C03               	skipc
   734  07BE  100D               	bcf	13,0	;volatile
   735  07BF  1803               	skipnc
   736  07C0  140D               	bsf	13,0	;volatile
   737                           
   738                           ;main.c: 6: ch>>=1;
   739  07C1  36F1               	lsrf	MuxReadChannel@ch,f
   740                           
   741                           ;main.c: 7: LATBbits.LATB1=(bool)ch;
   742  07C2  0C71               	rrf	MuxReadChannel@ch,w
   743  07C3  1C03               	skipc
   744  07C4  108D               	bcf	13,1	;volatile
   745  07C5  1803               	skipnc
   746  07C6  148D               	bsf	13,1	;volatile
   747                           
   748                           ;main.c: 8: ch>>=1;
   749  07C7  36F1               	lsrf	MuxReadChannel@ch,f
   750                           
   751                           ;main.c: 9: LATBbits.LATB2=(bool)ch;
   752  07C8  0C71               	rrf	MuxReadChannel@ch,w
   753  07C9  1C03               	skipc
   754  07CA  110D               	bcf	13,2	;volatile
   755  07CB  1803               	skipnc
   756  07CC  150D               	bsf	13,2	;volatile
   757                           
   758                           ;main.c: 11: return PORTBbits.RB3;
   759  07CD  0020               	movlb	0	; select bank0
   760  07CE  0C0D               	rrf	13,w	;volatile
   761  07CF  00F0               	movwf	??_MuxReadChannel
   762  07D0  0CF0               	rrf	??_MuxReadChannel,f
   763  07D1  0C70               	rrf	??_MuxReadChannel,w
   764  07D2  3901               	andlw	1
   765  07D3  0008               	return
   766  07D4                     __end_of_MuxReadChannel:	
   767  007E                     btemp	set	126	;btemp
   768  007E                     wtemp0	set	126
   769  07D4                     __ptext1:	
   770 ;; *************** function _SYSTEM_Initialize *****************
   771 ;; Defined at:
   772 ;;		line 70 in file "mcc_generated_files/mcc.c"
   773 ;; Parameters:    Size  Location     Type
   774 ;;		None
   775 ;; Auto vars:     Size  Location     Type
   776 ;;		None
   777 ;; Return value:  Size  Location     Type
   778 ;;                  1    wreg      void 
   779 ;; Registers used:
   780 ;;		wreg, status,2, status,0, pclath, cstack
   781 ;; Tracked objects:
   782 ;;		On entry : B1F/0
   783 ;;		On exit  : B1F/1
   784 ;;		Unchanged: B00/0
   785 ;; Data sizes:     COMMON   BANK0   BANK1   BANK2   BANK3   BANK4   BANK5   BANK6
   786 ;;      Params:         0       0       0       0       0       0       0       0
   787 ;;      Locals:         0       0       0       0       0       0       0       0
   788 ;;      Temps:          0       0       0       0       0       0       0       0
   789 ;;      Totals:         0       0       0       0       0       0       0       0
   790 ;;Total ram usage:        0 bytes
   791 ;; Hardware stack levels used:    1
   792 ;; Hardware stack levels required when called:    1
   793 ;; This function calls:
   794 ;;		_OSCILLATOR_Initialize
   795 ;;		_PIN_MANAGER_Initialize
   796 ;;		_WDT_Initialize
   797 ;; This function is called by:
   798 ;;		_main
   799 ;; This function uses a non-reentrant model
   800 ;;
   801                           
   802                           
   803                           ;psect for function _SYSTEM_Initialize
   804  07D4                     _SYSTEM_Initialize:	
   805                           
   806                           ;mcc.c: 73: PIN_MANAGER_Initialize();
   807                           
   808                           ;incstack = 0
   809                           ; Regs used in _SYSTEM_Initialize: [wreg+status,2+status,0+pclath+cstack]
   810  07D4  27D9  3187         	fcall	_PIN_MANAGER_Initialize
   811                           
   812                           ;mcc.c: 74: OSCILLATOR_Initialize();
   813  07D6  27F6  3187         	fcall	_OSCILLATOR_Initialize
   814                           
   815                           ;mcc.c: 75: WDT_Initialize();
   816  07D8  2FFD               	ljmp	l574
   817  07D9                     __end_of_SYSTEM_Initialize:	
   818  07D9                     __ptext3:	
   819 ;; *************** function _PIN_MANAGER_Initialize *****************
   820 ;; Defined at:
   821 ;;		line 52 in file "mcc_generated_files/pin_manager.c"
   822 ;; Parameters:    Size  Location     Type
   823 ;;		None
   824 ;; Auto vars:     Size  Location     Type
   825 ;;		None
   826 ;; Return value:  Size  Location     Type
   827 ;;                  1    wreg      void 
   828 ;; Registers used:
   829 ;;		wreg, status,2
   830 ;; Tracked objects:
   831 ;;		On entry : B1F/0
   832 ;;		On exit  : B1F/2
   833 ;;		Unchanged: B00/0
   834 ;; Data sizes:     COMMON   BANK0   BANK1   BANK2   BANK3   BANK4   BANK5   BANK6
   835 ;;      Params:         0       0       0       0       0       0       0       0
   836 ;;      Locals:         0       0       0       0       0       0       0       0
   837 ;;      Temps:          0       0       0       0       0       0       0       0
   838 ;;      Totals:         0       0       0       0       0       0       0       0
   839 ;;Total ram usage:        0 bytes
   840 ;; Hardware stack levels used:    1
   841 ;; This function calls:
   842 ;;		Nothing
   843 ;; This function is called by:
   844 ;;		_SYSTEM_Initialize
   845 ;; This function uses a non-reentrant model
   846 ;;
   847                           
   848                           
   849                           ;psect for function _PIN_MANAGER_Initialize
   850  07D9                     _PIN_MANAGER_Initialize:	
   851                           
   852                           ;pin_manager.c: 57: LATE = 0x00;
   853                           
   854                           ;incstack = 0
   855                           ; Regs used in _PIN_MANAGER_Initialize: [wreg+status,2]
   856  07D9  0022               	movlb	2	; select bank2
   857  07DA  0190               	clrf	16	;volatile
   858                           
   859                           ;pin_manager.c: 58: LATA = 0x00;
   860  07DB  018C               	clrf	12	;volatile
   861                           
   862                           ;pin_manager.c: 59: LATB = 0x00;
   863  07DC  018D               	clrf	13	;volatile
   864                           
   865                           ;pin_manager.c: 60: LATC = 0x00;
   866  07DD  018E               	clrf	14	;volatile
   867                           
   868                           ;pin_manager.c: 65: TRISE = 0x08;
   869  07DE  3008               	movlw	8
   870  07DF  0021               	movlb	1	; select bank1
   871  07E0  0090               	movwf	16	;volatile
   872                           
   873                           ;pin_manager.c: 66: TRISA = 0xFF;
   874  07E1  30FF               	movlw	255
   875  07E2  008C               	movwf	12	;volatile
   876                           
   877                           ;pin_manager.c: 67: TRISB = 0xF8;
   878  07E3  30F8               	movlw	248
   879  07E4  008D               	movwf	13	;volatile
   880                           
   881                           ;pin_manager.c: 68: TRISC = 0xFF;
   882  07E5  30FF               	movlw	255
   883  07E6  008E               	movwf	14	;volatile
   884                           
   885                           ;pin_manager.c: 73: ANSELB = 0x30;
   886  07E7  3030               	movlw	48
   887  07E8  0023               	movlb	3	; select bank3
   888  07E9  008D               	movwf	13	;volatile
   889                           
   890                           ;pin_manager.c: 74: ANSELA = 0x3F;
   891  07EA  303F               	movlw	63
   892  07EB  008C               	movwf	12	;volatile
   893                           
   894                           ;pin_manager.c: 79: WPUE = 0x08;
   895  07EC  3008               	movlw	8
   896  07ED  0024               	movlb	4	; select bank4
   897  07EE  0090               	movwf	16	;volatile
   898                           
   899                           ;pin_manager.c: 80: WPUB = 0xFF;
   900  07EF  30FF               	movlw	255
   901  07F0  008D               	movwf	13	;volatile
   902                           
   903                           ;pin_manager.c: 81: OPTION_REGbits.nWPUEN = 0;
   904  07F1  0021               	movlb	1	; select bank1
   905  07F2  1395               	bcf	21,7	;volatile
   906                           
   907                           ;pin_manager.c: 87: APFCON = 0x00;
   908  07F3  0022               	movlb	2	; select bank2
   909  07F4  019D               	clrf	29	;volatile
   910  07F5  0008               	return
   911  07F6                     __end_of_PIN_MANAGER_Initialize:	
   912  07F6                     __ptext4:	
   913 ;; *************** function _OSCILLATOR_Initialize *****************
   914 ;; Defined at:
   915 ;;		line 78 in file "mcc_generated_files/mcc.c"
   916 ;; Parameters:    Size  Location     Type
   917 ;;		None
   918 ;; Auto vars:     Size  Location     Type
   919 ;;		None
   920 ;; Return value:  Size  Location     Type
   921 ;;                  1    wreg      void 
   922 ;; Registers used:
   923 ;;		wreg, status,2
   924 ;; Tracked objects:
   925 ;;		On entry : B1F/2
   926 ;;		On exit  : B1F/1
   927 ;;		Unchanged: B00/0
   928 ;; Data sizes:     COMMON   BANK0   BANK1   BANK2   BANK3   BANK4   BANK5   BANK6
   929 ;;      Params:         0       0       0       0       0       0       0       0
   930 ;;      Locals:         0       0       0       0       0       0       0       0
   931 ;;      Temps:          0       0       0       0       0       0       0       0
   932 ;;      Totals:         0       0       0       0       0       0       0       0
   933 ;;Total ram usage:        0 bytes
   934 ;; Hardware stack levels used:    1
   935 ;; This function calls:
   936 ;;		Nothing
   937 ;; This function is called by:
   938 ;;		_SYSTEM_Initialize
   939 ;; This function uses a non-reentrant model
   940 ;;
   941                           
   942                           
   943                           ;psect for function _OSCILLATOR_Initialize
   944  07F6                     _OSCILLATOR_Initialize:	
   945                           
   946                           ;mcc.c: 81: OSCCON = 0x70;
   947                           
   948                           ;incstack = 0
   949                           ; Regs used in _OSCILLATOR_Initialize: [wreg+status,2]
   950  07F6  3070               	movlw	112
   951  07F7  0021               	movlb	1	; select bank1
   952  07F8  0099               	movwf	25	;volatile
   953                           
   954                           ;mcc.c: 83: OSCTUNE = 0x00;
   955  07F9  0198               	clrf	24	;volatile
   956  07FA                     l54:	
   957                           ;mcc.c: 86: {
   958                           
   959  07FA  1B1A               	btfsc	26,6	;volatile
   960  07FB  0008               	return
   961  07FC  2FFA               	goto	l54
   962  07FD                     __end_of_OSCILLATOR_Initialize:	
   963  07FD                     __ptext2:	
   964 ;; *************** function _WDT_Initialize *****************
   965 ;; Defined at:
   966 ;;		line 90 in file "mcc_generated_files/mcc.c"
   967 ;; Parameters:    Size  Location     Type
   968 ;;		None
   969 ;; Auto vars:     Size  Location     Type
   970 ;;		None
   971 ;; Return value:  Size  Location     Type
   972 ;;                  1    wreg      void 
   973 ;; Registers used:
   974 ;;		wreg
   975 ;; Tracked objects:
   976 ;;		On entry : B1F/1
   977 ;;		On exit  : B1F/1
   978 ;;		Unchanged: B00/0
   979 ;; Data sizes:     COMMON   BANK0   BANK1   BANK2   BANK3   BANK4   BANK5   BANK6
   980 ;;      Params:         0       0       0       0       0       0       0       0
   981 ;;      Locals:         0       0       0       0       0       0       0       0
   982 ;;      Temps:          0       0       0       0       0       0       0       0
   983 ;;      Totals:         0       0       0       0       0       0       0       0
   984 ;;Total ram usage:        0 bytes
   985 ;; Hardware stack levels used:    1
   986 ;; This function calls:
   987 ;;		Nothing
   988 ;; This function is called by:
   989 ;;		_SYSTEM_Initialize
   990 ;; This function uses a non-reentrant model
   991 ;;
   992                           
   993                           
   994                           ;psect for function _WDT_Initialize
   995  07FD                     _WDT_Initialize:	
   996  07FD                     l574:	
   997                           ;incstack = 0
   998                           ; Regs used in _WDT_Initialize: [wreg]
   999                           
  1000                           
  1001                           ;mcc.c: 93: WDTCON = 0x16;
  1002  07FD  3016               	movlw	22
  1003  07FE  0097               	movwf	23	;volatile
  1004  07FF  0008               	return
  1005  0800                     __end_of_WDT_Initialize:	
  1006                           
  1007                           	psect	cstackCOMMON
  1008  0070                     __pcstackCOMMON:	
  1009  0070                     ?_OSCILLATOR_Initialize:	
  1010  0070                     ??_OSCILLATOR_Initialize:	
  1011                           ; 1 bytes @ 0x0
  1012                           
  1013  0070                     ?_WDT_Initialize:	
  1014                           ; 1 bytes @ 0x0
  1015                           
  1016  0070                     ??_WDT_Initialize:	
  1017                           ; 1 bytes @ 0x0
  1018                           
  1019  0070                     ?_PIN_MANAGER_Initialize:	
  1020                           ; 1 bytes @ 0x0
  1021                           
  1022  0070                     ??_PIN_MANAGER_Initialize:	
  1023                           ; 1 bytes @ 0x0
  1024                           
  1025  0070                     ?_SYSTEM_Initialize:	
  1026                           ; 1 bytes @ 0x0
  1027                           
  1028  0070                     ??_SYSTEM_Initialize:	
  1029                           ; 1 bytes @ 0x0
  1030                           
  1031  0070                     ?_MuxReadChannel:	
  1032                           ; 1 bytes @ 0x0
  1033                           
  1034  0070                     ??_MuxReadChannel:	
  1035                           ; 1 bytes @ 0x0
  1036                           
  1037  0070                     ?_Mux81:	
  1038                           ; 1 bytes @ 0x0
  1039                           
  1040  0070                     ?_main:	
  1041                           ; 1 bytes @ 0x0
  1042                           
  1043                           
  1044                           ; 1 bytes @ 0x0
  1045  0070                     	ds	1
  1046  0071                     MuxReadChannel@ch:	
  1047                           
  1048                           ; 1 bytes @ 0x1
  1049  0071                     	ds	1
  1050  0072                     ??_Mux81:	
  1051  0072                     Mux81@res:	
  1052                           ; 1 bytes @ 0x2
  1053                           
  1054                           
  1055                           ; 1 bytes @ 0x2
  1056  0072                     	ds	1
  1057  0073                     Mux81@i:	
  1058                           
  1059                           ; 1 bytes @ 0x3
  1060  0073                     	ds	1
  1061  0074                     ??_main:	


Data Sizes:
    Strings     0
    Constant    0
    Data        0
    BSS         0
    Persistent  0
    Stack       0

Auto Spaces:
    Space          Size  Autos    Used
    COMMON           14      4       4
    BANK0            80      0       0
    BANK1            80      0       0
    BANK2            80      0       0
    BANK3            80      0       0
    BANK4            80      0       0
    BANK5            80      0       0
    BANK6            16      0       0

Pointer List with Targets:

    None.

Critical Paths under _main in COMMON

    _main->_Mux81
    _Mux81->_MuxReadChannel

Critical Paths under _main in BANK0

    None.

Critical Paths under _main in BANK1

    None.

Critical Paths under _main in BANK2

    None.

Critical Paths under _main in BANK3

    None.

Critical Paths under _main in BANK4

    None.

Critical Paths under _main in BANK5

    None.

Critical Paths under _main in BANK6

    None.

Call Graph Tables:

 ---------------------------------------------------------------------------------
 (Depth) Function   	        Calls       Base Space   Used Autos Params    Refs
 ---------------------------------------------------------------------------------
 (0) _main                                                 0     0      0     105
                              _Mux81
                  _SYSTEM_Initialize
 ---------------------------------------------------------------------------------
 (1) _SYSTEM_Initialize                                    0     0      0       0
              _OSCILLATOR_Initialize
             _PIN_MANAGER_Initialize
                     _WDT_Initialize
 ---------------------------------------------------------------------------------
 (2) _WDT_Initialize                                       0     0      0       0
 ---------------------------------------------------------------------------------
 (2) _PIN_MANAGER_Initialize                               0     0      0       0
 ---------------------------------------------------------------------------------
 (2) _OSCILLATOR_Initialize                                0     0      0       0
 ---------------------------------------------------------------------------------
 (1) _Mux81                                                2     2      0     105
                                              2 COMMON     2     2      0
                     _MuxReadChannel
 ---------------------------------------------------------------------------------
 (2) _MuxReadChannel                                       2     2      0      45
                                              0 COMMON     2     2      0
 ---------------------------------------------------------------------------------
 Estimated maximum stack depth 2
 ---------------------------------------------------------------------------------

 Call Graph Graphs:

 _main (ROOT)
   _Mux81
     _MuxReadChannel
   _SYSTEM_Initialize
     _OSCILLATOR_Initialize
     _PIN_MANAGER_Initialize
     _WDT_Initialize

 Address spaces:
Name               Size   Autos  Total    Cost      Usage
BIGRAM             1F0      0       0       0        0.0%
EEDATA             100      0       0       0        0.0%
NULL                 0      0       0       0        0.0%
CODE                 0      0       0       0        0.0%
BITCOMMON            E      0       0       1        0.0%
BITSFR0              0      0       0       1        0.0%
SFR0                 0      0       0       1        0.0%
COMMON               E      4       4       2       28.6%
BITSFR1              0      0       0       2        0.0%
SFR1                 0      0       0       2        0.0%
BITSFR2              0      0       0       3        0.0%
SFR2                 0      0       0       3        0.0%
STACK                0      0       0       3        0.0%
BITSFR3              0      0       0       4        0.0%
SFR3                 0      0       0       4        0.0%
ABS                  0      0       0       4        0.0%
BITBANK0            50      0       0       5        0.0%
BITSFR4              0      0       0       5        0.0%
SFR4                 0      0       0       5        0.0%
BANK0               50      0       0       6        0.0%
BITSFR5              0      0       0       6        0.0%
SFR5                 0      0       0       6        0.0%
BITBANK1            50      0       0       7        0.0%
BITSFR6              0      0       0       7        0.0%
SFR6                 0      0       0       7        0.0%
BANK1               50      0       0       8        0.0%
BITSFR7              0      0       0       8        0.0%
SFR7                 0      0       0       8        0.0%
BITBANK2            50      0       0       9        0.0%
BITSFR8              0      0       0       9        0.0%
SFR8                 0      0       0       9        0.0%
BANK2               50      0       0      10        0.0%
BITSFR9              0      0       0      10        0.0%
SFR9                 0      0       0      10        0.0%
BITBANK3            50      0       0      11        0.0%
BITSFR10             0      0       0      11        0.0%
SFR10                0      0       0      11        0.0%
BANK3               50      0       0      12        0.0%
BITSFR11             0      0       0      12        0.0%
SFR11                0      0       0      12        0.0%
BITBANK4            50      0       0      13        0.0%
BITSFR12             0      0       0      13        0.0%
SFR12                0      0       0      13        0.0%
BANK4               50      0       0      14        0.0%
BITSFR13             0      0       0      14        0.0%
SFR13                0      0       0      14        0.0%
BITBANK5            50      0       0      15        0.0%
BITSFR14             0      0       0      15        0.0%
SFR14                0      0       0      15        0.0%
BANK5               50      0       0      16        0.0%
BITSFR15             0      0       0      16        0.0%
SFR15                0      0       0      16        0.0%
BITBANK6            10      0       0      17        0.0%
BITSFR16             0      0       0      17        0.0%
SFR16                0      0       0      17        0.0%
BANK6               10      0       0      18        0.0%
BITSFR17             0      0       0      18        0.0%
SFR17                0      0       0      18        0.0%
BITSFR18             0      0       0      19        0.0%
SFR18                0      0       0      19        0.0%
DATA                 0      0       0      19        0.0%
BITSFR19             0      0       0      20        0.0%
SFR19                0      0       0      20        0.0%
BITSFR20             0      0       0      21        0.0%
SFR20                0      0       0      21        0.0%
BITSFR21             0      0       0      22        0.0%
SFR21                0      0       0      22        0.0%
BITSFR22             0      0       0      23        0.0%
SFR22                0      0       0      23        0.0%
BITSFR23             0      0       0      24        0.0%
SFR23                0      0       0      24        0.0%
BITSFR24             0      0       0      25        0.0%
SFR24                0      0       0      25        0.0%
BITSFR25             0      0       0      26        0.0%
SFR25                0      0       0      26        0.0%
BITSFR26             0      0       0      27        0.0%
SFR26                0      0       0      27        0.0%
BITSFR27             0      0       0      28        0.0%
SFR27                0      0       0      28        0.0%
BITSFR28             0      0       0      29        0.0%
SFR28                0      0       0      29        0.0%
BITSFR29             0      0       0      30        0.0%
SFR29                0      0       0      30        0.0%
BITSFR30             0      0       0      31        0.0%
SFR30                0      0       0      31        0.0%
BITSFR31             0      0       0      32        0.0%
SFR31                0      0       0      32        0.0%


Microchip Technology PIC Macro Assembler V1.43 build -156212558 
Symbol Table                                                                                   Sun Aug 27 22:15:33 2017

                    __CFG_CP$OFF 0000                               l54 07FA                               l76 07B0  
                    __CFG_LVP$ON 0000                              l610 07A8                              l574 07FD  
                   __CFG_CPD$OFF 0000                     __CFG_BORV$LO 0000                     __CFG_IESO$ON 0000  
                           _LATA 010C                             _LATB 010D                             _LATC 010E  
                           _LATE 0110                             _PLLR 04D6                             _WPUB 020D  
                           _WPUE 0210                     __CFG_WRT$OFF 0000                    __CFG_FCMEN$ON 0000  
                           _main 07A5                             btemp 007E                    __CFG_BOREN$ON 0000  
                           start 0002                    __CFG_MCLRE$ON 0000                    __CFG_PLLEN$ON 0000  
 __size_of_OSCILLATOR_Initialize 0007    __end_of_OSCILLATOR_Initialize 07FD                            ?_main 0070  
                  __CFG_WDTE$OFF 0000                            _TRISA 008C                            _TRISB 008D  
                          _TRISC 008E                            _TRISE 0090                            _Mux81 07AD  
                 _WDT_Initialize 07FD                            wtemp0 007E                  __initialization 07A3  
                   __end_of_main 07AD                           ??_main 0074           __end_of_WDT_Initialize 0800  
                         ?_Mux81 0070                           _APFCON 011D                           _ANSELA 018C  
                         _ANSELB 018D                           _OSCCON 0099                           _WDTCON 0097  
                 _MuxReadChannel 07BA                           Mux81@i 0073                   __CFG_PWRTE$OFF 0000  
                 __CFG_STVREN$ON 0000                  ?_WDT_Initialize 0070           __end_of_MuxReadChannel 07D4  
              _SYSTEM_Initialize 07D4          __end_of__initialization 07A3               ?_SYSTEM_Initialize 0070  
                  __end_of_Mux81 07BA                   __pcstackCOMMON 0070              ??_SYSTEM_Initialize 0070  
                 _OPTION_REGbits 0095                          ??_Mux81 0072        __end_of_SYSTEM_Initialize 07D9  
                ?_MuxReadChannel 0070                  __CFG_VCAPEN$OFF 0000                       __pmaintext 07A5  
                        _OSCTUNE 0098                          __ptext1 07D4                          __ptext2 07FD  
                        __ptext3 07D9                          __ptext4 07F6                          __ptext5 07AD  
                        __ptext6 07BA            _OSCILLATOR_Initialize 07F6         ??_PIN_MANAGER_Initialize 0070  
     __size_of_SYSTEM_Initialize 0005             end_of_initialization 07A3                 ??_WDT_Initialize 0070  
                      _PORTBbits 000D                 __CFG_FOSC$INTOSC 0000           ?_OSCILLATOR_Initialize 0070  
            start_initialization 07A3                 ??_MuxReadChannel 0070  __size_of_PIN_MANAGER_Initialize 001D  
                      ___latbits 0002                 MuxReadChannel@ch 0071           _PIN_MANAGER_Initialize 07D9  
                 __size_of_Mux81 000D                         _LATBbits 010D                         Mux81@res 0072  
        ??_OSCILLATOR_Initialize 0070                    __size_of_main 0008          __size_of_WDT_Initialize 0003  
        ?_PIN_MANAGER_Initialize 0070                __CFG_CLKOUTEN$OFF 0000   __end_of_PIN_MANAGER_Initialize 07F6  
        __size_of_MuxReadChannel 001A  
