

Microchip Technology PIC PRO Macro Assembler V1.43 build -156212558 
                                                                                               Mon Sep 04 12:17:41 2017

Microchip Technology Omniscient Code Generator v1.43 (PRO mode) build 201707250354
     1                           	processor	16F1936
     2                           	opt	pw 120
     3                           	opt	pm
     4                           	psect	idataCOMMON,global,class=CODE,delta=2
     5                           	psect	cinit,global,class=CODE,merge=1,delta=2
     6                           	psect	bssCOMMON,global,class=COMMON,space=1,delta=1
     7                           	psect	dataCOMMON,global,class=COMMON,space=1,delta=1
     8                           	psect	cstackCOMMON,global,class=COMMON,space=1,delta=1
     9                           	psect	pa_nodes0,global,class=CODE,delta=2
    10                           	dabs	1,0x7E,2
    11  0000                     
    12                           ; Version 1.43
    13                           ; Generated 25/07/2017 GMT
    14                           ; 
    15                           ; Copyright © 2017, Microchip Technology Inc. and its subsidiaries ("Microchip")
    16                           ; All rights reserved.
    17                           ; 
    18                           ; This software is developed by Microchip Technology Inc. and its subsidiaries ("Microch
      +                          ip").
    19                           ; 
    20                           ; Redistribution and use in source and binary forms, with or without modification, are
    21                           ; permitted provided that the following conditions are met:
    22                           ; 
    23                           ;     1. Redistributions of source code must retain the above copyright notice, this lis
      +                          t of
    24                           ;        conditions and the following disclaimer.
    25                           ; 
    26                           ;     2. Redistributions in binary form must reproduce the above copyright notice, this 
      +                          list
    27                           ;        of conditions and the following disclaimer in the documentation and/or other
    28                           ;        materials provided with the distribution.
    29                           ; 
    30                           ;     3. Microchip's name may not be used to endorse or promote products derived from th
      +                          is
    31                           ;        software without specific prior written permission.
    32                           ; 
    33                           ; THIS SOFTWARE IS PROVIDED BY MICROCHIP "AS IS" AND ANY EXPRESS OR IMPLIED WARRANTIES,
    34                           ; INCLUDING, BUT NOT LIMITED TO, THE IMPLIED WARRANTIES OF MERCHANTABILITY AND FITNESS F
      +                          OR
    35                           ; PURPOSE ARE DISCLAIMED.  IN NO EVENT SHALL MICROCHIP BE LIABLE FOR ANY DIRECT, INDIREC
      +                          T,
    36                           ; INCIDENTAL, SPECIAL, EXEMPLARY, OR CONSEQUENTIAL DAMAGES (INCLUDING BUT NOT LIMITED TO
    37                           ; PROCUREMENT OF SUBSTITUTE GOODS OR SERVICES; LOSS OF USE, DATA OR PROFITS; OR BUSINESS
    38                           ; INTERRUPTION) HOWSOEVER CAUSED AND ON ANY THEORY OF LIABILITY, WHETHER IN CONTRACT, ST
      +                          RICT
    39                           ; LIABILITY, OR TORT (INCLUDING NEGLIGENCE OR OTHERWISE) ARISING IN ANY WAY OUT OF THE U
      +                          SE OF
    40                           ; THIS SOFTWARE, EVEN IF ADVISED OF THE POSSIBILITY OF SUCH DAMAGE.
    41                           ; 
    42                           ; 
    43                           ; Code-generator required, PIC16F1936 Definitions
    44                           ; 
    45                           ; SFR Addresses
    46  0000                     	;# 
    47  0001                     	;# 
    48  0002                     	;# 
    49  0003                     	;# 
    50  0004                     	;# 
    51  0005                     	;# 
    52  0006                     	;# 
    53  0007                     	;# 
    54  0008                     	;# 
    55  0009                     	;# 
    56  000A                     	;# 
    57  000B                     	;# 
    58  000C                     	;# 
    59  000D                     	;# 
    60  000E                     	;# 
    61  0010                     	;# 
    62  0011                     	;# 
    63  0012                     	;# 
    64  0013                     	;# 
    65  0015                     	;# 
    66  0016                     	;# 
    67  0016                     	;# 
    68  0017                     	;# 
    69  0018                     	;# 
    70  0019                     	;# 
    71  001A                     	;# 
    72  001B                     	;# 
    73  001C                     	;# 
    74  001E                     	;# 
    75  001F                     	;# 
    76  008C                     	;# 
    77  008D                     	;# 
    78  008E                     	;# 
    79  0090                     	;# 
    80  0091                     	;# 
    81  0092                     	;# 
    82  0093                     	;# 
    83  0095                     	;# 
    84  0096                     	;# 
    85  0097                     	;# 
    86  0098                     	;# 
    87  0099                     	;# 
    88  009A                     	;# 
    89  009B                     	;# 
    90  009B                     	;# 
    91  009C                     	;# 
    92  009D                     	;# 
    93  009E                     	;# 
    94  010C                     	;# 
    95  010D                     	;# 
    96  010E                     	;# 
    97  0110                     	;# 
    98  0111                     	;# 
    99  0112                     	;# 
   100  0113                     	;# 
   101  0114                     	;# 
   102  0115                     	;# 
   103  0116                     	;# 
   104  0117                     	;# 
   105  0118                     	;# 
   106  0119                     	;# 
   107  011A                     	;# 
   108  011B                     	;# 
   109  011D                     	;# 
   110  018C                     	;# 
   111  018D                     	;# 
   112  0191                     	;# 
   113  0191                     	;# 
   114  0192                     	;# 
   115  0193                     	;# 
   116  0193                     	;# 
   117  0193                     	;# 
   118  0194                     	;# 
   119  0195                     	;# 
   120  0196                     	;# 
   121  0199                     	;# 
   122  019A                     	;# 
   123  019B                     	;# 
   124  019B                     	;# 
   125  019B                     	;# 
   126  019B                     	;# 
   127  019C                     	;# 
   128  019C                     	;# 
   129  019D                     	;# 
   130  019E                     	;# 
   131  019F                     	;# 
   132  020D                     	;# 
   133  0210                     	;# 
   134  0211                     	;# 
   135  0212                     	;# 
   136  0213                     	;# 
   137  0214                     	;# 
   138  0215                     	;# 
   139  0215                     	;# 
   140  0216                     	;# 
   141  0217                     	;# 
   142  0291                     	;# 
   143  0291                     	;# 
   144  0292                     	;# 
   145  0293                     	;# 
   146  0294                     	;# 
   147  0295                     	;# 
   148  0295                     	;# 
   149  0296                     	;# 
   150  0298                     	;# 
   151  0298                     	;# 
   152  0299                     	;# 
   153  029A                     	;# 
   154  029B                     	;# 
   155  029C                     	;# 
   156  029C                     	;# 
   157  029D                     	;# 
   158  029E                     	;# 
   159  029F                     	;# 
   160  0311                     	;# 
   161  0311                     	;# 
   162  0312                     	;# 
   163  0313                     	;# 
   164  0314                     	;# 
   165  0315                     	;# 
   166  0315                     	;# 
   167  0316                     	;# 
   168  0318                     	;# 
   169  0318                     	;# 
   170  0319                     	;# 
   171  031A                     	;# 
   172  031C                     	;# 
   173  031C                     	;# 
   174  031D                     	;# 
   175  031E                     	;# 
   176  0394                     	;# 
   177  0395                     	;# 
   178  0396                     	;# 
   179  0415                     	;# 
   180  0416                     	;# 
   181  0417                     	;# 
   182  041C                     	;# 
   183  041D                     	;# 
   184  041E                     	;# 
   185  0791                     	;# 
   186  0792                     	;# 
   187  0793                     	;# 
   188  0794                     	;# 
   189  0795                     	;# 
   190  0798                     	;# 
   191  0799                     	;# 
   192  07A0                     	;# 
   193  07A1                     	;# 
   194  07A3                     	;# 
   195  07A4                     	;# 
   196  07A6                     	;# 
   197  07A7                     	;# 
   198  07A9                     	;# 
   199  07AA                     	;# 
   200  0FE4                     	;# 
   201  0FE5                     	;# 
   202  0FE6                     	;# 
   203  0FE7                     	;# 
   204  0FE8                     	;# 
   205  0FE9                     	;# 
   206  0FEA                     	;# 
   207  0FEB                     	;# 
   208  0FED                     	;# 
   209  0FEE                     	;# 
   210  0FEF                     	;# 
   211  0000                     	;# 
   212  0001                     	;# 
   213  0002                     	;# 
   214  0003                     	;# 
   215  0004                     	;# 
   216  0005                     	;# 
   217  0006                     	;# 
   218  0007                     	;# 
   219  0008                     	;# 
   220  0009                     	;# 
   221  000A                     	;# 
   222  000B                     	;# 
   223  000C                     	;# 
   224  000D                     	;# 
   225  000E                     	;# 
   226  0010                     	;# 
   227  0011                     	;# 
   228  0012                     	;# 
   229  0013                     	;# 
   230  0015                     	;# 
   231  0016                     	;# 
   232  0016                     	;# 
   233  0017                     	;# 
   234  0018                     	;# 
   235  0019                     	;# 
   236  001A                     	;# 
   237  001B                     	;# 
   238  001C                     	;# 
   239  001E                     	;# 
   240  001F                     	;# 
   241  008C                     	;# 
   242  008D                     	;# 
   243  008E                     	;# 
   244  0090                     	;# 
   245  0091                     	;# 
   246  0092                     	;# 
   247  0093                     	;# 
   248  0095                     	;# 
   249  0096                     	;# 
   250  0097                     	;# 
   251  0098                     	;# 
   252  0099                     	;# 
   253  009A                     	;# 
   254  009B                     	;# 
   255  009B                     	;# 
   256  009C                     	;# 
   257  009D                     	;# 
   258  009E                     	;# 
   259  010C                     	;# 
   260  010D                     	;# 
   261  010E                     	;# 
   262  0110                     	;# 
   263  0111                     	;# 
   264  0112                     	;# 
   265  0113                     	;# 
   266  0114                     	;# 
   267  0115                     	;# 
   268  0116                     	;# 
   269  0117                     	;# 
   270  0118                     	;# 
   271  0119                     	;# 
   272  011A                     	;# 
   273  011B                     	;# 
   274  011D                     	;# 
   275  018C                     	;# 
   276  018D                     	;# 
   277  0191                     	;# 
   278  0191                     	;# 
   279  0192                     	;# 
   280  0193                     	;# 
   281  0193                     	;# 
   282  0193                     	;# 
   283  0194                     	;# 
   284  0195                     	;# 
   285  0196                     	;# 
   286  0199                     	;# 
   287  019A                     	;# 
   288  019B                     	;# 
   289  019B                     	;# 
   290  019B                     	;# 
   291  019B                     	;# 
   292  019C                     	;# 
   293  019C                     	;# 
   294  019D                     	;# 
   295  019E                     	;# 
   296  019F                     	;# 
   297  020D                     	;# 
   298  0210                     	;# 
   299  0211                     	;# 
   300  0212                     	;# 
   301  0213                     	;# 
   302  0214                     	;# 
   303  0215                     	;# 
   304  0215                     	;# 
   305  0216                     	;# 
   306  0217                     	;# 
   307  0291                     	;# 
   308  0291                     	;# 
   309  0292                     	;# 
   310  0293                     	;# 
   311  0294                     	;# 
   312  0295                     	;# 
   313  0295                     	;# 
   314  0296                     	;# 
   315  0298                     	;# 
   316  0298                     	;# 
   317  0299                     	;# 
   318  029A                     	;# 
   319  029B                     	;# 
   320  029C                     	;# 
   321  029C                     	;# 
   322  029D                     	;# 
   323  029E                     	;# 
   324  029F                     	;# 
   325  0311                     	;# 
   326  0311                     	;# 
   327  0312                     	;# 
   328  0313                     	;# 
   329  0314                     	;# 
   330  0315                     	;# 
   331  0315                     	;# 
   332  0316                     	;# 
   333  0318                     	;# 
   334  0318                     	;# 
   335  0319                     	;# 
   336  031A                     	;# 
   337  031C                     	;# 
   338  031C                     	;# 
   339  031D                     	;# 
   340  031E                     	;# 
   341  0394                     	;# 
   342  0395                     	;# 
   343  0396                     	;# 
   344  0415                     	;# 
   345  0416                     	;# 
   346  0417                     	;# 
   347  041C                     	;# 
   348  041D                     	;# 
   349  041E                     	;# 
   350  0791                     	;# 
   351  0792                     	;# 
   352  0793                     	;# 
   353  0794                     	;# 
   354  0795                     	;# 
   355  0798                     	;# 
   356  0799                     	;# 
   357  07A0                     	;# 
   358  07A1                     	;# 
   359  07A3                     	;# 
   360  07A4                     	;# 
   361  07A6                     	;# 
   362  07A7                     	;# 
   363  07A9                     	;# 
   364  07AA                     	;# 
   365  0FE4                     	;# 
   366  0FE5                     	;# 
   367  0FE6                     	;# 
   368  0FE7                     	;# 
   369  0FE8                     	;# 
   370  0FE9                     	;# 
   371  0FEA                     	;# 
   372  0FEB                     	;# 
   373  0FED                     	;# 
   374  0FEE                     	;# 
   375  0FEF                     	;# 
   376  0000                     	;# 
   377  0001                     	;# 
   378  0002                     	;# 
   379  0003                     	;# 
   380  0004                     	;# 
   381  0005                     	;# 
   382  0006                     	;# 
   383  0007                     	;# 
   384  0008                     	;# 
   385  0009                     	;# 
   386  000A                     	;# 
   387  000B                     	;# 
   388  000C                     	;# 
   389  000D                     	;# 
   390  000E                     	;# 
   391  0010                     	;# 
   392  0011                     	;# 
   393  0012                     	;# 
   394  0013                     	;# 
   395  0015                     	;# 
   396  0016                     	;# 
   397  0016                     	;# 
   398  0017                     	;# 
   399  0018                     	;# 
   400  0019                     	;# 
   401  001A                     	;# 
   402  001B                     	;# 
   403  001C                     	;# 
   404  001E                     	;# 
   405  001F                     	;# 
   406  008C                     	;# 
   407  008D                     	;# 
   408  008E                     	;# 
   409  0090                     	;# 
   410  0091                     	;# 
   411  0092                     	;# 
   412  0093                     	;# 
   413  0095                     	;# 
   414  0096                     	;# 
   415  0097                     	;# 
   416  0098                     	;# 
   417  0099                     	;# 
   418  009A                     	;# 
   419  009B                     	;# 
   420  009B                     	;# 
   421  009C                     	;# 
   422  009D                     	;# 
   423  009E                     	;# 
   424  010C                     	;# 
   425  010D                     	;# 
   426  010E                     	;# 
   427  0110                     	;# 
   428  0111                     	;# 
   429  0112                     	;# 
   430  0113                     	;# 
   431  0114                     	;# 
   432  0115                     	;# 
   433  0116                     	;# 
   434  0117                     	;# 
   435  0118                     	;# 
   436  0119                     	;# 
   437  011A                     	;# 
   438  011B                     	;# 
   439  011D                     	;# 
   440  018C                     	;# 
   441  018D                     	;# 
   442  0191                     	;# 
   443  0191                     	;# 
   444  0192                     	;# 
   445  0193                     	;# 
   446  0193                     	;# 
   447  0193                     	;# 
   448  0194                     	;# 
   449  0195                     	;# 
   450  0196                     	;# 
   451  0199                     	;# 
   452  019A                     	;# 
   453  019B                     	;# 
   454  019B                     	;# 
   455  019B                     	;# 
   456  019B                     	;# 
   457  019C                     	;# 
   458  019C                     	;# 
   459  019D                     	;# 
   460  019E                     	;# 
   461  019F                     	;# 
   462  020D                     	;# 
   463  0210                     	;# 
   464  0211                     	;# 
   465  0212                     	;# 
   466  0213                     	;# 
   467  0214                     	;# 
   468  0215                     	;# 
   469  0215                     	;# 
   470  0216                     	;# 
   471  0217                     	;# 
   472  0291                     	;# 
   473  0291                     	;# 
   474  0292                     	;# 
   475  0293                     	;# 
   476  0294                     	;# 
   477  0295                     	;# 
   478  0295                     	;# 
   479  0296                     	;# 
   480  0298                     	;# 
   481  0298                     	;# 
   482  0299                     	;# 
   483  029A                     	;# 
   484  029B                     	;# 
   485  029C                     	;# 
   486  029C                     	;# 
   487  029D                     	;# 
   488  029E                     	;# 
   489  029F                     	;# 
   490  0311                     	;# 
   491  0311                     	;# 
   492  0312                     	;# 
   493  0313                     	;# 
   494  0314                     	;# 
   495  0315                     	;# 
   496  0315                     	;# 
   497  0316                     	;# 
   498  0318                     	;# 
   499  0318                     	;# 
   500  0319                     	;# 
   501  031A                     	;# 
   502  031C                     	;# 
   503  031C                     	;# 
   504  031D                     	;# 
   505  031E                     	;# 
   506  0394                     	;# 
   507  0395                     	;# 
   508  0396                     	;# 
   509  0415                     	;# 
   510  0416                     	;# 
   511  0417                     	;# 
   512  041C                     	;# 
   513  041D                     	;# 
   514  041E                     	;# 
   515  0791                     	;# 
   516  0792                     	;# 
   517  0793                     	;# 
   518  0794                     	;# 
   519  0795                     	;# 
   520  0798                     	;# 
   521  0799                     	;# 
   522  07A0                     	;# 
   523  07A1                     	;# 
   524  07A3                     	;# 
   525  07A4                     	;# 
   526  07A6                     	;# 
   527  07A7                     	;# 
   528  07A9                     	;# 
   529  07AA                     	;# 
   530  0FE4                     	;# 
   531  0FE5                     	;# 
   532  0FE6                     	;# 
   533  0FE7                     	;# 
   534  0FE8                     	;# 
   535  0FE9                     	;# 
   536  0FEA                     	;# 
   537  0FEB                     	;# 
   538  0FED                     	;# 
   539  0FEE                     	;# 
   540  0FEF                     	;# 
   541  0000                     	;# 
   542  0001                     	;# 
   543  0002                     	;# 
   544  0003                     	;# 
   545  0004                     	;# 
   546  0005                     	;# 
   547  0006                     	;# 
   548  0007                     	;# 
   549  0008                     	;# 
   550  0009                     	;# 
   551  000A                     	;# 
   552  000B                     	;# 
   553  000C                     	;# 
   554  000D                     	;# 
   555  000E                     	;# 
   556  0010                     	;# 
   557  0011                     	;# 
   558  0012                     	;# 
   559  0013                     	;# 
   560  0015                     	;# 
   561  0016                     	;# 
   562  0016                     	;# 
   563  0017                     	;# 
   564  0018                     	;# 
   565  0019                     	;# 
   566  001A                     	;# 
   567  001B                     	;# 
   568  001C                     	;# 
   569  001E                     	;# 
   570  001F                     	;# 
   571  008C                     	;# 
   572  008D                     	;# 
   573  008E                     	;# 
   574  0090                     	;# 
   575  0091                     	;# 
   576  0092                     	;# 
   577  0093                     	;# 
   578  0095                     	;# 
   579  0096                     	;# 
   580  0097                     	;# 
   581  0098                     	;# 
   582  0099                     	;# 
   583  009A                     	;# 
   584  009B                     	;# 
   585  009B                     	;# 
   586  009C                     	;# 
   587  009D                     	;# 
   588  009E                     	;# 
   589  010C                     	;# 
   590  010D                     	;# 
   591  010E                     	;# 
   592  0110                     	;# 
   593  0111                     	;# 
   594  0112                     	;# 
   595  0113                     	;# 
   596  0114                     	;# 
   597  0115                     	;# 
   598  0116                     	;# 
   599  0117                     	;# 
   600  0118                     	;# 
   601  0119                     	;# 
   602  011A                     	;# 
   603  011B                     	;# 
   604  011D                     	;# 
   605  018C                     	;# 
   606  018D                     	;# 
   607  0191                     	;# 
   608  0191                     	;# 
   609  0192                     	;# 
   610  0193                     	;# 
   611  0193                     	;# 
   612  0193                     	;# 
   613  0194                     	;# 
   614  0195                     	;# 
   615  0196                     	;# 
   616  0199                     	;# 
   617  019A                     	;# 
   618  019B                     	;# 
   619  019B                     	;# 
   620  019B                     	;# 
   621  019B                     	;# 
   622  019C                     	;# 
   623  019C                     	;# 
   624  019D                     	;# 
   625  019E                     	;# 
   626  019F                     	;# 
   627  020D                     	;# 
   628  0210                     	;# 
   629  0211                     	;# 
   630  0212                     	;# 
   631  0213                     	;# 
   632  0214                     	;# 
   633  0215                     	;# 
   634  0215                     	;# 
   635  0216                     	;# 
   636  0217                     	;# 
   637  0291                     	;# 
   638  0291                     	;# 
   639  0292                     	;# 
   640  0293                     	;# 
   641  0294                     	;# 
   642  0295                     	;# 
   643  0295                     	;# 
   644  0296                     	;# 
   645  0298                     	;# 
   646  0298                     	;# 
   647  0299                     	;# 
   648  029A                     	;# 
   649  029B                     	;# 
   650  029C                     	;# 
   651  029C                     	;# 
   652  029D                     	;# 
   653  029E                     	;# 
   654  029F                     	;# 
   655  0311                     	;# 
   656  0311                     	;# 
   657  0312                     	;# 
   658  0313                     	;# 
   659  0314                     	;# 
   660  0315                     	;# 
   661  0315                     	;# 
   662  0316                     	;# 
   663  0318                     	;# 
   664  0318                     	;# 
   665  0319                     	;# 
   666  031A                     	;# 
   667  031C                     	;# 
   668  031C                     	;# 
   669  031D                     	;# 
   670  031E                     	;# 
   671  0394                     	;# 
   672  0395                     	;# 
   673  0396                     	;# 
   674  0415                     	;# 
   675  0416                     	;# 
   676  0417                     	;# 
   677  041C                     	;# 
   678  041D                     	;# 
   679  041E                     	;# 
   680  0791                     	;# 
   681  0792                     	;# 
   682  0793                     	;# 
   683  0794                     	;# 
   684  0795                     	;# 
   685  0798                     	;# 
   686  0799                     	;# 
   687  07A0                     	;# 
   688  07A1                     	;# 
   689  07A3                     	;# 
   690  07A4                     	;# 
   691  07A6                     	;# 
   692  07A7                     	;# 
   693  07A9                     	;# 
   694  07AA                     	;# 
   695  0FE4                     	;# 
   696  0FE5                     	;# 
   697  0FE6                     	;# 
   698  0FE7                     	;# 
   699  0FE8                     	;# 
   700  0FE9                     	;# 
   701  0FEA                     	;# 
   702  0FEB                     	;# 
   703  0FED                     	;# 
   704  0FEE                     	;# 
   705  0FEF                     	;# 
   706  0000                     	;# 
   707  0001                     	;# 
   708  0002                     	;# 
   709  0003                     	;# 
   710  0004                     	;# 
   711  0005                     	;# 
   712  0006                     	;# 
   713  0007                     	;# 
   714  0008                     	;# 
   715  0009                     	;# 
   716  000A                     	;# 
   717  000B                     	;# 
   718  000C                     	;# 
   719  000D                     	;# 
   720  000E                     	;# 
   721  0010                     	;# 
   722  0011                     	;# 
   723  0012                     	;# 
   724  0013                     	;# 
   725  0015                     	;# 
   726  0016                     	;# 
   727  0016                     	;# 
   728  0017                     	;# 
   729  0018                     	;# 
   730  0019                     	;# 
   731  001A                     	;# 
   732  001B                     	;# 
   733  001C                     	;# 
   734  001E                     	;# 
   735  001F                     	;# 
   736  008C                     	;# 
   737  008D                     	;# 
   738  008E                     	;# 
   739  0090                     	;# 
   740  0091                     	;# 
   741  0092                     	;# 
   742  0093                     	;# 
   743  0095                     	;# 
   744  0096                     	;# 
   745  0097                     	;# 
   746  0098                     	;# 
   747  0099                     	;# 
   748  009A                     	;# 
   749  009B                     	;# 
   750  009B                     	;# 
   751  009C                     	;# 
   752  009D                     	;# 
   753  009E                     	;# 
   754  010C                     	;# 
   755  010D                     	;# 
   756  010E                     	;# 
   757  0110                     	;# 
   758  0111                     	;# 
   759  0112                     	;# 
   760  0113                     	;# 
   761  0114                     	;# 
   762  0115                     	;# 
   763  0116                     	;# 
   764  0117                     	;# 
   765  0118                     	;# 
   766  0119                     	;# 
   767  011A                     	;# 
   768  011B                     	;# 
   769  011D                     	;# 
   770  018C                     	;# 
   771  018D                     	;# 
   772  0191                     	;# 
   773  0191                     	;# 
   774  0192                     	;# 
   775  0193                     	;# 
   776  0193                     	;# 
   777  0193                     	;# 
   778  0194                     	;# 
   779  0195                     	;# 
   780  0196                     	;# 
   781  0199                     	;# 
   782  019A                     	;# 
   783  019B                     	;# 
   784  019B                     	;# 
   785  019B                     	;# 
   786  019B                     	;# 
   787  019C                     	;# 
   788  019C                     	;# 
   789  019D                     	;# 
   790  019E                     	;# 
   791  019F                     	;# 
   792  020D                     	;# 
   793  0210                     	;# 
   794  0211                     	;# 
   795  0212                     	;# 
   796  0213                     	;# 
   797  0214                     	;# 
   798  0215                     	;# 
   799  0215                     	;# 
   800  0216                     	;# 
   801  0217                     	;# 
   802  0291                     	;# 
   803  0291                     	;# 
   804  0292                     	;# 
   805  0293                     	;# 
   806  0294                     	;# 
   807  0295                     	;# 
   808  0295                     	;# 
   809  0296                     	;# 
   810  0298                     	;# 
   811  0298                     	;# 
   812  0299                     	;# 
   813  029A                     	;# 
   814  029B                     	;# 
   815  029C                     	;# 
   816  029C                     	;# 
   817  029D                     	;# 
   818  029E                     	;# 
   819  029F                     	;# 
   820  0311                     	;# 
   821  0311                     	;# 
   822  0312                     	;# 
   823  0313                     	;# 
   824  0314                     	;# 
   825  0315                     	;# 
   826  0315                     	;# 
   827  0316                     	;# 
   828  0318                     	;# 
   829  0318                     	;# 
   830  0319                     	;# 
   831  031A                     	;# 
   832  031C                     	;# 
   833  031C                     	;# 
   834  031D                     	;# 
   835  031E                     	;# 
   836  0394                     	;# 
   837  0395                     	;# 
   838  0396                     	;# 
   839  0415                     	;# 
   840  0416                     	;# 
   841  0417                     	;# 
   842  041C                     	;# 
   843  041D                     	;# 
   844  041E                     	;# 
   845  0791                     	;# 
   846  0792                     	;# 
   847  0793                     	;# 
   848  0794                     	;# 
   849  0795                     	;# 
   850  0798                     	;# 
   851  0799                     	;# 
   852  07A0                     	;# 
   853  07A1                     	;# 
   854  07A3                     	;# 
   855  07A4                     	;# 
   856  07A6                     	;# 
   857  07A7                     	;# 
   858  07A9                     	;# 
   859  07AA                     	;# 
   860  0FE4                     	;# 
   861  0FE5                     	;# 
   862  0FE6                     	;# 
   863  0FE7                     	;# 
   864  0FE8                     	;# 
   865  0FE9                     	;# 
   866  0FEA                     	;# 
   867  0FEB                     	;# 
   868  0FED                     	;# 
   869  0FEE                     	;# 
   870  0FEF                     	;# 
   871                           
   872                           	psect	idataCOMMON
   873  0000                     __pidataCOMMON:	
   874  001C                     _T2CONbits	set	28
   875  0011                     _PIR1bits	set	17
   876  001A                     _TMR2	set	26
   877  001B                     _PR2	set	27
   878  001C                     _T2CON	set	28
   879  000D                     _PORTBbits	set	13
   880  0097                     _WDTCON	set	151
   881  0098                     _OSCTUNE	set	152
   882  0099                     _OSCCON	set	153
   883  0095                     _OPTION_REGbits	set	149
   884  008E                     _TRISC	set	142
   885  008D                     _TRISB	set	141
   886  008C                     _TRISA	set	140
   887  0090                     _TRISE	set	144
   888  04D6                     _PLLR	set	1238
   889  011D                     _APFCON	set	285
   890  010E                     _LATC	set	270
   891  010D                     _LATB	set	269
   892  010C                     _LATA	set	268
   893  0110                     _LATE	set	272
   894  018C                     _ANSELA	set	396
   895  018D                     _ANSELB	set	397
   896  020D                     _WPUB	set	525
   897  0210                     _WPUE	set	528
   898  029E                     _CCPTMRS0bits	set	670
   899  0292                     _CCPR1H	set	658
   900  0291                     _CCPR1L	set	657
   901  0296                     _PSTR1CON	set	662
   902  0294                     _PWM1CON	set	660
   903  0295                     _ECCP1AS	set	661
   904  0293                     _CCP1CON	set	659
   905                           
   906                           ; #config settings
   907  0000                     
   908                           	psect	cinit
   909  0775                     start_initialization:	
   910  0775                     __initialization:	
   911                           
   912                           ;initializer for BT_Is_Pressed@prv_state
   913  0775  3001               	movlw	1
   914  0776  00F6               	movwf	__pdataCOMMON& (0+127)
   915                           
   916                           ; Clear objects allocated to COMMON
   917  0777  01F4               	clrf	__pbssCOMMON& (0+127)
   918  0778  01F5               	clrf	(__pbssCOMMON+1)& (0+127)
   919  0779                     end_of_initialization:	
   920                           ;End of C runtime variable initialization code
   921                           
   922  0779                     __end_of__initialization:	
   923  0779  0020               	movlb	0
   924  077A  2F7B               	ljmp	_main	;jump to C main() function
   925  077B                     __pmaintext:	
   926                           ; 1 bytes @ 0x4
   927 ;;
   928 ;;Main: autosize = 0, tempsize = 0, incstack = 0, save=0
   929 ;;
   930 ;; *************** function _main *****************
   931 ;; Defined at:
   932 ;;		line 15 in file "main.c"
   933 ;; Parameters:    Size  Location     Type
   934 ;;		None
   935 ;; Auto vars:     Size  Location     Type
   936 ;;		None
   937 ;; Return value:  Size  Location     Type
   938 ;;                  1    wreg      void 
   939 ;; Registers used:
   940 ;;		wreg, status,2, status,0, pclath, cstack
   941 ;; Tracked objects:
   942 ;;		On entry : B1F/0
   943 ;;		On exit  : 1F/5
   944 ;;		Unchanged: 0/0
   945 ;; Data sizes:     COMMON   BANK0   BANK1   BANK2   BANK3   BANK4   BANK5   BANK6
   946 ;;      Params:         0       0       0       0       0       0       0       0
   947 ;;      Locals:         0       0       0       0       0       0       0       0
   948 ;;      Temps:          0       0       0       0       0       0       0       0
   949 ;;      Totals:         0       0       0       0       0       0       0       0
   950 ;;Total ram usage:        0 bytes
   951 ;; Hardware stack levels required when called:    3
   952 ;; This function calls:
   953 ;;		_BT_Is_Pressed
   954 ;;		_EPWM1_LoadDutyValue
   955 ;;		_SYSTEM_Initialize
   956 ;; This function is called by:
   957 ;;		Startup code after reset
   958 ;; This function uses a non-reentrant model
   959 ;;
   960                           
   961                           
   962                           ;psect for function _main
   963  077B                     _main:	
   964                           
   965                           ;main.c: 17: SYSTEM_Initialize();
   966                           
   967                           ;incstack = 0
   968                           ; Regs used in _main: [wreg+status,2+status,0+pclath+cstack]
   969  077B  27BA  3187         	fcall	_SYSTEM_Initialize
   970  077D                     l82:	
   971                           ;main.c: 19: while(1)
   972                           
   973                           
   974                           ;main.c: 20: {
   975                           ;main.c: 21: static uint16_t duty=0;
   976                           ;main.c: 22: if(BT_Is_Pressed())
   977  077D  2796  3187         	fcall	_BT_Is_Pressed
   978  077F  3A00               	xorlw	0
   979  0780  1903               	skipnz
   980  0781  2F7D               	goto	l82
   981                           
   982                           ;main.c: 23: {
   983                           ;main.c: 24: duty+=64;
   984  0782  3040               	movlw	64
   985  0783  07F4               	addwf	main@duty,f
   986  0784  1803               	skipnc
   987  0785  0AF5               	incf	main@duty+1,f
   988                           
   989                           ;main.c: 25: if(duty>1023) duty=0;
   990  0786  3004               	movlw	4
   991  0787  0275               	subwf	main@duty+1,w
   992  0788  3000               	movlw	0
   993  0789  1903               	skipnz
   994  078A  0274               	subwf	main@duty,w
   995  078B  1C03               	skipc
   996  078C  2F8F               	goto	l689
   997  078D  01F4               	clrf	main@duty
   998  078E  01F5               	clrf	main@duty+1
   999  078F                     l689:	
  1000                           
  1001                           ;main.c: 26: EPWM1_LoadDutyValue(duty);
  1002  078F  0875               	movf	main@duty+1,w
  1003  0790  00F1               	movwf	EPWM1_LoadDutyValue@dutyValue+1
  1004  0791  0874               	movf	main@duty,w
  1005  0792  00F0               	movwf	EPWM1_LoadDutyValue@dutyValue
  1006  0793  27A4  3187         	fcall	_EPWM1_LoadDutyValue
  1007  0795  2F7D               	goto	l82
  1008  0796                     __end_of_main:	
  1009  0796                     __ptext9:	
  1010 ;; *************** function _BT_Is_Pressed *****************
  1011 ;; Defined at:
  1012 ;;		line 3 in file "main.c"
  1013 ;; Parameters:    Size  Location     Type
  1014 ;;		None
  1015 ;; Auto vars:     Size  Location     Type
  1016 ;;  pre_state       1    0[COMMON] unsigned char 
  1017 ;; Return value:  Size  Location     Type
  1018 ;;                  1    wreg      unsigned char 
  1019 ;; Registers used:
  1020 ;;		wreg, status,2, status,0
  1021 ;; Tracked objects:
  1022 ;;		On entry : 1A/0
  1023 ;;		On exit  : 1F/0
  1024 ;;		Unchanged: 0/0
  1025 ;; Data sizes:     COMMON   BANK0   BANK1   BANK2   BANK3   BANK4   BANK5   BANK6
  1026 ;;      Params:         0       0       0       0       0       0       0       0
  1027 ;;      Locals:         1       0       0       0       0       0       0       0
  1028 ;;      Temps:          0       0       0       0       0       0       0       0
  1029 ;;      Totals:         1       0       0       0       0       0       0       0
  1030 ;;Total ram usage:        1 bytes
  1031 ;; Hardware stack levels used:    1
  1032 ;; This function calls:
  1033 ;;		Nothing
  1034 ;; This function is called by:
  1035 ;;		_main
  1036 ;; This function uses a non-reentrant model
  1037 ;;
  1038                           
  1039                           
  1040                           ;psect for function _BT_Is_Pressed
  1041  0796                     _BT_Is_Pressed:	
  1042                           
  1043                           ;main.c: 5: static bool prv_state=1;
  1044                           ;main.c: 6: bool pre_state=PORTBbits.RB0;
  1045                           
  1046                           ;incstack = 0
  1047                           ; Regs used in _BT_Is_Pressed: [wreg+status,2+status,0]
  1048  0796  3000               	movlw	0
  1049  0797  0020               	movlb	0	; select bank0
  1050  0798  180D               	btfsc	13,0	;volatile
  1051  0799  3001               	movlw	1
  1052  079A  00F0               	movwf	BT_Is_Pressed@pre_state
  1053                           
  1054                           ;main.c: 7: if(prv_state!=pre_state)
  1055  079B  0676               	xorwf	BT_Is_Pressed@prv_state,w
  1056  079C  1903               	skipnz
  1057  079D  3400               	retlw	0
  1058                           
  1059                           ;main.c: 8: {
  1060                           ;main.c: 9: prv_state=pre_state;
  1061  079E  0870               	movf	BT_Is_Pressed@pre_state,w
  1062  079F  00F6               	movwf	BT_Is_Pressed@prv_state
  1063                           
  1064                           ;main.c: 10: if(prv_state) return 1;
  1065  07A0  0876               	movf	BT_Is_Pressed@prv_state,w
  1066  07A1  1D03               	btfss	3,2
  1067  07A2  3401               	retlw	1
  1068                           
  1069                           ;main.c: 11: }
  1070                           ;main.c: 12: return 0;
  1071  07A3  3400               	retlw	0
  1072  07A4                     __end_of_BT_Is_Pressed:	
  1073  007E                     btemp	set	126	;btemp
  1074  007E                     wtemp0	set	126
  1075  07A4                     __ptext8:	
  1076 ;; *************** function _EPWM1_LoadDutyValue *****************
  1077 ;; Defined at:
  1078 ;;		line 90 in file "mcc_generated_files/epwm1.c"
  1079 ;; Parameters:    Size  Location     Type
  1080 ;;  dutyValue       2    0[COMMON] unsigned int 
  1081 ;; Auto vars:     Size  Location     Type
  1082 ;;		None
  1083 ;; Return value:  Size  Location     Type
  1084 ;;                  1    wreg      void 
  1085 ;; Registers used:
  1086 ;;		wreg, status,2, status,0
  1087 ;; Tracked objects:
  1088 ;;		On entry : 1F/0
  1089 ;;		On exit  : 1F/5
  1090 ;;		Unchanged: 0/0
  1091 ;; Data sizes:     COMMON   BANK0   BANK1   BANK2   BANK3   BANK4   BANK5   BANK6
  1092 ;;      Params:         2       0       0       0       0       0       0       0
  1093 ;;      Locals:         0       0       0       0       0       0       0       0
  1094 ;;      Temps:          2       0       0       0       0       0       0       0
  1095 ;;      Totals:         4       0       0       0       0       0       0       0
  1096 ;;Total ram usage:        4 bytes
  1097 ;; Hardware stack levels used:    1
  1098 ;; This function calls:
  1099 ;;		Nothing
  1100 ;; This function is called by:
  1101 ;;		_main
  1102 ;; This function uses a non-reentrant model
  1103 ;;
  1104                           
  1105                           
  1106                           ;psect for function _EPWM1_LoadDutyValue
  1107  07A4                     _EPWM1_LoadDutyValue:	
  1108                           
  1109                           ;epwm1.c: 93: CCPR1L = ((dutyValue & 0x03FC)>>2);
  1110                           
  1111                           ;incstack = 0
  1112                           ; Regs used in _EPWM1_LoadDutyValue: [wreg+status,2+status,0]
  1113  07A4  0871               	movf	EPWM1_LoadDutyValue@dutyValue+1,w
  1114  07A5  00F3               	movwf	??_EPWM1_LoadDutyValue+1
  1115  07A6  0870               	movf	EPWM1_LoadDutyValue@dutyValue,w
  1116  07A7  00F2               	movwf	??_EPWM1_LoadDutyValue
  1117  07A8  36F3               	lsrf	??_EPWM1_LoadDutyValue+1,f
  1118  07A9  0CF2               	rrf	??_EPWM1_LoadDutyValue,f
  1119  07AA  36F3               	lsrf	??_EPWM1_LoadDutyValue+1,f
  1120  07AB  0CF2               	rrf	??_EPWM1_LoadDutyValue,f
  1121  07AC  0872               	movf	??_EPWM1_LoadDutyValue,w
  1122  07AD  0025               	movlb	5	; select bank5
  1123  07AE  0091               	movwf	17	;volatile
  1124                           
  1125                           ;epwm1.c: 96: CCP1CON = ((uint8_t)(CCP1CON & 0xCF) | ((dutyValue & 0x0003)<<4));
  1126  07AF  0870               	movf	EPWM1_LoadDutyValue@dutyValue,w
  1127  07B0  3903               	andlw	3
  1128  07B1  00F2               	movwf	??_EPWM1_LoadDutyValue
  1129  07B2  0E72               	swapf	??_EPWM1_LoadDutyValue,w
  1130  07B3  39F0               	andlw	240
  1131  07B4  00F2               	movwf	??_EPWM1_LoadDutyValue
  1132  07B5  0813               	movf	19,w	;volatile
  1133  07B6  39CF               	andlw	207
  1134  07B7  0472               	iorwf	??_EPWM1_LoadDutyValue,w
  1135  07B8  0093               	movwf	19	;volatile
  1136  07B9  0008               	return
  1137  07BA                     __end_of_EPWM1_LoadDutyValue:	
  1138  07BA                     __ptext1:	
  1139 ;; *************** function _SYSTEM_Initialize *****************
  1140 ;; Defined at:
  1141 ;;		line 70 in file "mcc_generated_files/mcc.c"
  1142 ;; Parameters:    Size  Location     Type
  1143 ;;		None
  1144 ;; Auto vars:     Size  Location     Type
  1145 ;;		None
  1146 ;; Return value:  Size  Location     Type
  1147 ;;                  1    wreg      void 
  1148 ;; Registers used:
  1149 ;;		wreg, status,2, status,0, pclath, cstack
  1150 ;; Tracked objects:
  1151 ;;		On entry : B1F/0
  1152 ;;		On exit  : B1F/0
  1153 ;;		Unchanged: B00/0
  1154 ;; Data sizes:     COMMON   BANK0   BANK1   BANK2   BANK3   BANK4   BANK5   BANK6
  1155 ;;      Params:         0       0       0       0       0       0       0       0
  1156 ;;      Locals:         0       0       0       0       0       0       0       0
  1157 ;;      Temps:          0       0       0       0       0       0       0       0
  1158 ;;      Totals:         0       0       0       0       0       0       0       0
  1159 ;;Total ram usage:        0 bytes
  1160 ;; Hardware stack levels used:    1
  1161 ;; Hardware stack levels required when called:    2
  1162 ;; This function calls:
  1163 ;;		_EPWM1_Initialize
  1164 ;;		_OSCILLATOR_Initialize
  1165 ;;		_PIN_MANAGER_Initialize
  1166 ;;		_TMR2_Initialize
  1167 ;;		_WDT_Initialize
  1168 ;; This function is called by:
  1169 ;;		_main
  1170 ;; This function uses a non-reentrant model
  1171 ;;
  1172                           
  1173                           
  1174                           ;psect for function _SYSTEM_Initialize
  1175  07BA                     _SYSTEM_Initialize:	
  1176                           
  1177                           ;mcc.c: 73: PIN_MANAGER_Initialize();
  1178                           
  1179                           ;incstack = 0
  1180                           ; Regs used in _SYSTEM_Initialize: [wreg+status,2+status,0+pclath+cstack]
  1181  07BA  27CA  3187         	fcall	_PIN_MANAGER_Initialize
  1182                           
  1183                           ;mcc.c: 74: OSCILLATOR_Initialize();
  1184  07BC  27C3  3187         	fcall	_OSCILLATOR_Initialize
  1185                           
  1186                           ;mcc.c: 75: WDT_Initialize();
  1187  07BE  27E6  3187         	fcall	_WDT_Initialize
  1188                           
  1189                           ;mcc.c: 76: EPWM1_Initialize();
  1190  07C0  27E9  3187         	fcall	_EPWM1_Initialize
  1191                           
  1192                           ;mcc.c: 77: TMR2_Initialize();
  1193  07C2  2FF6               	ljmp	l645
  1194  07C3                     __end_of_SYSTEM_Initialize:	
  1195  07C3                     __ptext6:	
  1196 ;; *************** function _OSCILLATOR_Initialize *****************
  1197 ;; Defined at:
  1198 ;;		line 80 in file "mcc_generated_files/mcc.c"
  1199 ;; Parameters:    Size  Location     Type
  1200 ;;		None
  1201 ;; Auto vars:     Size  Location     Type
  1202 ;;		None
  1203 ;; Return value:  Size  Location     Type
  1204 ;;                  1    wreg      void 
  1205 ;; Registers used:
  1206 ;;		wreg, status,2
  1207 ;; Tracked objects:
  1208 ;;		On entry : B1F/2
  1209 ;;		On exit  : B1F/1
  1210 ;;		Unchanged: B00/0
  1211 ;; Data sizes:     COMMON   BANK0   BANK1   BANK2   BANK3   BANK4   BANK5   BANK6
  1212 ;;      Params:         0       0       0       0       0       0       0       0
  1213 ;;      Locals:         0       0       0       0       0       0       0       0
  1214 ;;      Temps:          0       0       0       0       0       0       0       0
  1215 ;;      Totals:         0       0       0       0       0       0       0       0
  1216 ;;Total ram usage:        0 bytes
  1217 ;; Hardware stack levels used:    1
  1218 ;; This function calls:
  1219 ;;		Nothing
  1220 ;; This function is called by:
  1221 ;;		_SYSTEM_Initialize
  1222 ;; This function uses a non-reentrant model
  1223 ;;
  1224                           
  1225                           
  1226                           ;psect for function _OSCILLATOR_Initialize
  1227  07C3                     _OSCILLATOR_Initialize:	
  1228                           
  1229                           ;mcc.c: 83: OSCCON = 0x70;
  1230                           
  1231                           ;incstack = 0
  1232                           ; Regs used in _OSCILLATOR_Initialize: [wreg+status,2]
  1233  07C3  3070               	movlw	112
  1234  07C4  0021               	movlb	1	; select bank1
  1235  07C5  0099               	movwf	25	;volatile
  1236                           
  1237                           ;mcc.c: 85: OSCTUNE = 0x00;
  1238  07C6  0198               	clrf	24	;volatile
  1239  07C7                     l58:	
  1240                           ;mcc.c: 88: {
  1241                           
  1242  07C7  1B1A               	btfsc	26,6	;volatile
  1243  07C8  0008               	return
  1244  07C9  2FC7               	goto	l58
  1245  07CA                     __end_of_OSCILLATOR_Initialize:	
  1246  07CA                     __ptext5:	
  1247 ;; *************** function _PIN_MANAGER_Initialize *****************
  1248 ;; Defined at:
  1249 ;;		line 52 in file "mcc_generated_files/pin_manager.c"
  1250 ;; Parameters:    Size  Location     Type
  1251 ;;		None
  1252 ;; Auto vars:     Size  Location     Type
  1253 ;;		None
  1254 ;; Return value:  Size  Location     Type
  1255 ;;                  1    wreg      void 
  1256 ;; Registers used:
  1257 ;;		wreg, status,2
  1258 ;; Tracked objects:
  1259 ;;		On entry : B1F/0
  1260 ;;		On exit  : B1F/2
  1261 ;;		Unchanged: B00/0
  1262 ;; Data sizes:     COMMON   BANK0   BANK1   BANK2   BANK3   BANK4   BANK5   BANK6
  1263 ;;      Params:         0       0       0       0       0       0       0       0
  1264 ;;      Locals:         0       0       0       0       0       0       0       0
  1265 ;;      Temps:          0       0       0       0       0       0       0       0
  1266 ;;      Totals:         0       0       0       0       0       0       0       0
  1267 ;;Total ram usage:        0 bytes
  1268 ;; Hardware stack levels used:    1
  1269 ;; This function calls:
  1270 ;;		Nothing
  1271 ;; This function is called by:
  1272 ;;		_SYSTEM_Initialize
  1273 ;; This function uses a non-reentrant model
  1274 ;;
  1275                           
  1276                           
  1277                           ;psect for function _PIN_MANAGER_Initialize
  1278  07CA                     _PIN_MANAGER_Initialize:	
  1279                           
  1280                           ;pin_manager.c: 57: LATE = 0x00;
  1281                           
  1282                           ;incstack = 0
  1283                           ; Regs used in _PIN_MANAGER_Initialize: [wreg+status,2]
  1284  07CA  0022               	movlb	2	; select bank2
  1285  07CB  0190               	clrf	16	;volatile
  1286                           
  1287                           ;pin_manager.c: 58: LATA = 0x00;
  1288  07CC  018C               	clrf	12	;volatile
  1289                           
  1290                           ;pin_manager.c: 59: LATB = 0x00;
  1291  07CD  018D               	clrf	13	;volatile
  1292                           
  1293                           ;pin_manager.c: 60: LATC = 0x00;
  1294  07CE  018E               	clrf	14	;volatile
  1295                           
  1296                           ;pin_manager.c: 65: TRISE = 0x08;
  1297  07CF  3008               	movlw	8
  1298  07D0  0021               	movlb	1	; select bank1
  1299  07D1  0090               	movwf	16	;volatile
  1300                           
  1301                           ;pin_manager.c: 66: TRISA = 0xFF;
  1302  07D2  30FF               	movlw	255
  1303  07D3  008C               	movwf	12	;volatile
  1304                           
  1305                           ;pin_manager.c: 67: TRISB = 0xFF;
  1306  07D4  008D               	movwf	13	;volatile
  1307                           
  1308                           ;pin_manager.c: 68: TRISC = 0xFB;
  1309  07D5  30FB               	movlw	251
  1310  07D6  008E               	movwf	14	;volatile
  1311                           
  1312                           ;pin_manager.c: 73: ANSELB = 0x3E;
  1313  07D7  303E               	movlw	62
  1314  07D8  0023               	movlb	3	; select bank3
  1315  07D9  008D               	movwf	13	;volatile
  1316                           
  1317                           ;pin_manager.c: 74: ANSELA = 0x3F;
  1318  07DA  303F               	movlw	63
  1319  07DB  008C               	movwf	12	;volatile
  1320                           
  1321                           ;pin_manager.c: 79: WPUE = 0x08;
  1322  07DC  3008               	movlw	8
  1323  07DD  0024               	movlb	4	; select bank4
  1324  07DE  0090               	movwf	16	;volatile
  1325                           
  1326                           ;pin_manager.c: 80: WPUB = 0xFF;
  1327  07DF  30FF               	movlw	255
  1328  07E0  008D               	movwf	13	;volatile
  1329                           
  1330                           ;pin_manager.c: 81: OPTION_REGbits.nWPUEN = 0;
  1331  07E1  0021               	movlb	1	; select bank1
  1332  07E2  1395               	bcf	21,7	;volatile
  1333                           
  1334                           ;pin_manager.c: 87: APFCON = 0x00;
  1335  07E3  0022               	movlb	2	; select bank2
  1336  07E4  019D               	clrf	29	;volatile
  1337  07E5  0008               	return
  1338  07E6                     __end_of_PIN_MANAGER_Initialize:	
  1339  07E6                     __ptext2:	
  1340 ;; *************** function _WDT_Initialize *****************
  1341 ;; Defined at:
  1342 ;;		line 92 in file "mcc_generated_files/mcc.c"
  1343 ;; Parameters:    Size  Location     Type
  1344 ;;		None
  1345 ;; Auto vars:     Size  Location     Type
  1346 ;;		None
  1347 ;; Return value:  Size  Location     Type
  1348 ;;                  1    wreg      void 
  1349 ;; Registers used:
  1350 ;;		wreg
  1351 ;; Tracked objects:
  1352 ;;		On entry : B1F/1
  1353 ;;		On exit  : B1F/1
  1354 ;;		Unchanged: B00/0
  1355 ;; Data sizes:     COMMON   BANK0   BANK1   BANK2   BANK3   BANK4   BANK5   BANK6
  1356 ;;      Params:         0       0       0       0       0       0       0       0
  1357 ;;      Locals:         0       0       0       0       0       0       0       0
  1358 ;;      Temps:          0       0       0       0       0       0       0       0
  1359 ;;      Totals:         0       0       0       0       0       0       0       0
  1360 ;;Total ram usage:        0 bytes
  1361 ;; Hardware stack levels used:    1
  1362 ;; This function calls:
  1363 ;;		Nothing
  1364 ;; This function is called by:
  1365 ;;		_SYSTEM_Initialize
  1366 ;; This function uses a non-reentrant model
  1367 ;;
  1368                           
  1369                           
  1370                           ;psect for function _WDT_Initialize
  1371  07E6                     _WDT_Initialize:	
  1372                           
  1373                           ;mcc.c: 95: WDTCON = 0x16;
  1374                           
  1375                           ;incstack = 0
  1376                           ; Regs used in _WDT_Initialize: [wreg]
  1377  07E6  3016               	movlw	22
  1378  07E7  0097               	movwf	23	;volatile
  1379  07E8  0008               	return
  1380  07E9                     __end_of_WDT_Initialize:	
  1381  07E9                     __ptext7:	
  1382 ;; *************** function _EPWM1_Initialize *****************
  1383 ;; Defined at:
  1384 ;;		line 63 in file "mcc_generated_files/epwm1.c"
  1385 ;; Parameters:    Size  Location     Type
  1386 ;;		None
  1387 ;; Auto vars:     Size  Location     Type
  1388 ;;		None
  1389 ;; Return value:  Size  Location     Type
  1390 ;;                  1    wreg      void 
  1391 ;; Registers used:
  1392 ;;		wreg, status,2, status,0
  1393 ;; Tracked objects:
  1394 ;;		On entry : B1F/1
  1395 ;;		On exit  : B1F/5
  1396 ;;		Unchanged: B00/0
  1397 ;; Data sizes:     COMMON   BANK0   BANK1   BANK2   BANK3   BANK4   BANK5   BANK6
  1398 ;;      Params:         0       0       0       0       0       0       0       0
  1399 ;;      Locals:         0       0       0       0       0       0       0       0
  1400 ;;      Temps:          0       0       0       0       0       0       0       0
  1401 ;;      Totals:         0       0       0       0       0       0       0       0
  1402 ;;Total ram usage:        0 bytes
  1403 ;; Hardware stack levels used:    1
  1404 ;; This function calls:
  1405 ;;		Nothing
  1406 ;; This function is called by:
  1407 ;;		_SYSTEM_Initialize
  1408 ;; This function uses a non-reentrant model
  1409 ;;
  1410                           
  1411                           
  1412                           ;psect for function _EPWM1_Initialize
  1413  07E9                     _EPWM1_Initialize:	
  1414                           
  1415                           ;epwm1.c: 68: CCP1CON = 0x0C;
  1416                           
  1417                           ;incstack = 0
  1418                           ; Regs used in _EPWM1_Initialize: [wreg+status,2+status,0]
  1419  07E9  300C               	movlw	12
  1420  07EA  0025               	movlb	5	; select bank5
  1421  07EB  0093               	movwf	19	;volatile
  1422                           
  1423                           ;epwm1.c: 71: ECCP1AS = 0x00;
  1424  07EC  0195               	clrf	21	;volatile
  1425                           
  1426                           ;epwm1.c: 74: PWM1CON = 0x80;
  1427  07ED  3080               	movlw	128
  1428  07EE  0094               	movwf	20	;volatile
  1429                           
  1430                           ;epwm1.c: 77: PSTR1CON = 0x01;
  1431  07EF  3001               	movlw	1
  1432  07F0  0096               	movwf	22	;volatile
  1433                           
  1434                           ;epwm1.c: 80: CCPR1L = 0x00;
  1435  07F1  0191               	clrf	17	;volatile
  1436                           
  1437                           ;epwm1.c: 83: CCPR1H = 0x00;
  1438  07F2  0192               	clrf	18	;volatile
  1439                           
  1440                           ;epwm1.c: 87: CCPTMRS0bits.C1TSEL = 0x0;
  1441  07F3  30FC               	movlw	-4
  1442  07F4  059E               	andwf	30,f	;volatile
  1443  07F5  0008               	return
  1444  07F6                     __end_of_EPWM1_Initialize:	
  1445  07F6                     __ptext3:	
  1446 ;; *************** function _TMR2_Initialize *****************
  1447 ;; Defined at:
  1448 ;;		line 61 in file "mcc_generated_files/tmr2.c"
  1449 ;; Parameters:    Size  Location     Type
  1450 ;;		None
  1451 ;; Auto vars:     Size  Location     Type
  1452 ;;		None
  1453 ;; Return value:  Size  Location     Type
  1454 ;;                  1    wreg      void 
  1455 ;; Registers used:
  1456 ;;		wreg, status,2, status,0, pclath, cstack
  1457 ;; Tracked objects:
  1458 ;;		On entry : B1F/5
  1459 ;;		On exit  : B1F/0
  1460 ;;		Unchanged: B00/0
  1461 ;; Data sizes:     COMMON   BANK0   BANK1   BANK2   BANK3   BANK4   BANK5   BANK6
  1462 ;;      Params:         0       0       0       0       0       0       0       0
  1463 ;;      Locals:         0       0       0       0       0       0       0       0
  1464 ;;      Temps:          0       0       0       0       0       0       0       0
  1465 ;;      Totals:         0       0       0       0       0       0       0       0
  1466 ;;Total ram usage:        0 bytes
  1467 ;; Hardware stack levels used:    1
  1468 ;; Hardware stack levels required when called:    1
  1469 ;; This function calls:
  1470 ;;		_TMR2_StartTimer
  1471 ;; This function is called by:
  1472 ;;		_SYSTEM_Initialize
  1473 ;; This function uses a non-reentrant model
  1474 ;;
  1475                           
  1476                           
  1477                           ;psect for function _TMR2_Initialize
  1478  07F6                     _TMR2_Initialize:	
  1479  07F6                     l645:	
  1480                           ;incstack = 0
  1481                           ; Regs used in _TMR2_Initialize: [wreg+status,2+status,0+pclath+cstack]
  1482                           
  1483                           
  1484                           ;tmr2.c: 66: T2CON = 0x02;
  1485  07F6  3002               	movlw	2
  1486  07F7  0020               	movlb	0	; select bank0
  1487  07F8  009C               	movwf	28	;volatile
  1488                           
  1489                           ;tmr2.c: 69: PR2 = 0xFF;
  1490  07F9  30FF               	movlw	255
  1491  07FA  009B               	movwf	27	;volatile
  1492                           
  1493                           ;tmr2.c: 72: TMR2 = 0x00;
  1494  07FB  019A               	clrf	26	;volatile
  1495                           
  1496                           ;tmr2.c: 75: PIR1bits.TMR2IF = 0;
  1497  07FC  1091               	bcf	17,1	;volatile
  1498                           
  1499                           ;tmr2.c: 78: TMR2_StartTimer();
  1500  07FD  2FFE               	ljmp	l603
  1501  07FE                     __end_of_TMR2_Initialize:	
  1502  07FE                     __ptext4:	
  1503 ;; *************** function _TMR2_StartTimer *****************
  1504 ;; Defined at:
  1505 ;;		line 81 in file "mcc_generated_files/tmr2.c"
  1506 ;; Parameters:    Size  Location     Type
  1507 ;;		None
  1508 ;; Auto vars:     Size  Location     Type
  1509 ;;		None
  1510 ;; Return value:  Size  Location     Type
  1511 ;;                  1    wreg      void 
  1512 ;; Registers used:
  1513 ;;		None
  1514 ;; Tracked objects:
  1515 ;;		On entry : B1F/0
  1516 ;;		On exit  : B1F/0
  1517 ;;		Unchanged: B00/0
  1518 ;; Data sizes:     COMMON   BANK0   BANK1   BANK2   BANK3   BANK4   BANK5   BANK6
  1519 ;;      Params:         0       0       0       0       0       0       0       0
  1520 ;;      Locals:         0       0       0       0       0       0       0       0
  1521 ;;      Temps:          0       0       0       0       0       0       0       0
  1522 ;;      Totals:         0       0       0       0       0       0       0       0
  1523 ;;Total ram usage:        0 bytes
  1524 ;; Hardware stack levels used:    1
  1525 ;; This function calls:
  1526 ;;		Nothing
  1527 ;; This function is called by:
  1528 ;;		_TMR2_Initialize
  1529 ;; This function uses a non-reentrant model
  1530 ;;
  1531                           
  1532                           
  1533                           ;psect for function _TMR2_StartTimer
  1534  07FE                     _TMR2_StartTimer:	
  1535  07FE                     l603:	
  1536                           ;incstack = 0
  1537                           ; Regs used in _TMR2_StartTimer: []
  1538                           
  1539                           
  1540                           ;tmr2.c: 84: T2CONbits.TMR2ON = 1;
  1541  07FE  151C               	bsf	28,2	;volatile
  1542  07FF  0008               	return
  1543  0800                     __end_of_TMR2_StartTimer:	
  1544                           
  1545                           	psect	bssCOMMON
  1546  0074                     __pbssCOMMON:	
  1547  0074                     main@duty:	
  1548  0074                     	ds	2
  1549                           
  1550                           	psect	dataCOMMON
  1551  0076                     __pdataCOMMON:	
  1552  0076                     BT_Is_Pressed@prv_state:	
  1553  0076                     	ds	1
  1554                           
  1555                           	psect	cstackCOMMON
  1556  0070                     __pcstackCOMMON:	
  1557  0070                     ?_OSCILLATOR_Initialize:	
  1558  0070                     ??_OSCILLATOR_Initialize:	
  1559                           ; 1 bytes @ 0x0
  1560                           
  1561  0070                     ?_WDT_Initialize:	
  1562                           ; 1 bytes @ 0x0
  1563                           
  1564  0070                     ??_WDT_Initialize:	
  1565                           ; 1 bytes @ 0x0
  1566                           
  1567  0070                     ?_EPWM1_Initialize:	
  1568                           ; 1 bytes @ 0x0
  1569                           
  1570  0070                     ??_EPWM1_Initialize:	
  1571                           ; 1 bytes @ 0x0
  1572                           
  1573  0070                     ?_TMR2_Initialize:	
  1574                           ; 1 bytes @ 0x0
  1575                           
  1576  0070                     ??_TMR2_Initialize:	
  1577                           ; 1 bytes @ 0x0
  1578                           
  1579  0070                     ?_EPWM1_LoadDutyValue:	
  1580                           ; 1 bytes @ 0x0
  1581                           
  1582  0070                     ?_TMR2_StartTimer:	
  1583                           ; 1 bytes @ 0x0
  1584                           
  1585  0070                     ??_TMR2_StartTimer:	
  1586                           ; 1 bytes @ 0x0
  1587                           
  1588  0070                     ?_PIN_MANAGER_Initialize:	
  1589                           ; 1 bytes @ 0x0
  1590                           
  1591  0070                     ??_PIN_MANAGER_Initialize:	
  1592                           ; 1 bytes @ 0x0
  1593                           
  1594  0070                     ?_SYSTEM_Initialize:	
  1595                           ; 1 bytes @ 0x0
  1596                           
  1597  0070                     ??_SYSTEM_Initialize:	
  1598                           ; 1 bytes @ 0x0
  1599                           
  1600  0070                     ?_BT_Is_Pressed:	
  1601                           ; 1 bytes @ 0x0
  1602                           
  1603  0070                     ??_BT_Is_Pressed:	
  1604                           ; 1 bytes @ 0x0
  1605                           
  1606  0070                     ?_main:	
  1607                           ; 1 bytes @ 0x0
  1608                           
  1609  0070                     BT_Is_Pressed@pre_state:	
  1610                           ; 1 bytes @ 0x0
  1611                           
  1612  0070                     EPWM1_LoadDutyValue@dutyValue:	
  1613                           ; 1 bytes @ 0x0
  1614                           
  1615                           
  1616                           ; 2 bytes @ 0x0
  1617  0070                     	ds	2
  1618  0072                     ??_EPWM1_LoadDutyValue:	
  1619                           
  1620                           ; 1 bytes @ 0x2
  1621  0072                     	ds	2
  1622  0074                     ??_main:	


Data Sizes:
    Strings     0
    Constant    0
    Data        1
    BSS         2
    Persistent  0
    Stack       0

Auto Spaces:
    Space          Size  Autos    Used
    COMMON           14      4       7
    BANK0            80      0       0
    BANK1            80      0       0
    BANK2            80      0       0
    BANK3            80      0       0
    BANK4            80      0       0
    BANK5            80      0       0
    BANK6            16      0       0

Pointer List with Targets:

    None.

Critical Paths under _main in COMMON

    _main->_EPWM1_LoadDutyValue

Critical Paths under _main in BANK0

    None.

Critical Paths under _main in BANK1

    None.

Critical Paths under _main in BANK2

    None.

Critical Paths under _main in BANK3

    None.

Critical Paths under _main in BANK4

    None.

Critical Paths under _main in BANK5

    None.

Critical Paths under _main in BANK6

    None.

Call Graph Tables:

 ---------------------------------------------------------------------------------
 (Depth) Function   	        Calls       Base Space   Used Autos Params    Refs
 ---------------------------------------------------------------------------------
 (0) _main                                                 0     0      0     127
                      _BT_Is_Pressed
                _EPWM1_LoadDutyValue
                  _SYSTEM_Initialize
 ---------------------------------------------------------------------------------
 (1) _SYSTEM_Initialize                                    0     0      0       0
                   _EPWM1_Initialize
              _OSCILLATOR_Initialize
             _PIN_MANAGER_Initialize
                    _TMR2_Initialize
                     _WDT_Initialize
 ---------------------------------------------------------------------------------
 (2) _WDT_Initialize                                       0     0      0       0
 ---------------------------------------------------------------------------------
 (2) _TMR2_Initialize                                      0     0      0       0
                    _TMR2_StartTimer
 ---------------------------------------------------------------------------------
 (3) _TMR2_StartTimer                                      0     0      0       0
 ---------------------------------------------------------------------------------
 (2) _PIN_MANAGER_Initialize                               0     0      0       0
 ---------------------------------------------------------------------------------
 (2) _OSCILLATOR_Initialize                                0     0      0       0
 ---------------------------------------------------------------------------------
 (2) _EPWM1_Initialize                                     0     0      0       0
 ---------------------------------------------------------------------------------
 (1) _EPWM1_LoadDutyValue                                  4     2      2      97
                                              0 COMMON     4     2      2
 ---------------------------------------------------------------------------------
 (1) _BT_Is_Pressed                                        1     1      0      30
                                              0 COMMON     1     1      0
 ---------------------------------------------------------------------------------
 Estimated maximum stack depth 3
 ---------------------------------------------------------------------------------

 Call Graph Graphs:

 _main (ROOT)
   _BT_Is_Pressed
   _EPWM1_LoadDutyValue
   _SYSTEM_Initialize
     _EPWM1_Initialize
     _OSCILLATOR_Initialize
     _PIN_MANAGER_Initialize
     _TMR2_Initialize
       _TMR2_StartTimer
     _WDT_Initialize

 Address spaces:
Name               Size   Autos  Total    Cost      Usage
BIGRAM             1F0      0       0       0        0.0%
EEDATA             100      0       0       0        0.0%
NULL                 0      0       0       0        0.0%
CODE                 0      0       0       0        0.0%
BITCOMMON            E      0       0       1        0.0%
BITSFR0              0      0       0       1        0.0%
SFR0                 0      0       0       1        0.0%
COMMON               E      4       7       2       50.0%
BITSFR1              0      0       0       2        0.0%
SFR1                 0      0       0       2        0.0%
BITSFR2              0      0       0       3        0.0%
SFR2                 0      0       0       3        0.0%
STACK                0      0       0       3        0.0%
BITSFR3              0      0       0       4        0.0%
SFR3                 0      0       0       4        0.0%
ABS                  0      0       7       4        0.0%
BITBANK0            50      0       0       5        0.0%
BITSFR4              0      0       0       5        0.0%
SFR4                 0      0       0       5        0.0%
BANK0               50      0       0       6        0.0%
BITSFR5              0      0       0       6        0.0%
SFR5                 0      0       0       6        0.0%
BITBANK1            50      0       0       7        0.0%
BITSFR6              0      0       0       7        0.0%
SFR6                 0      0       0       7        0.0%
BANK1               50      0       0       8        0.0%
BITSFR7              0      0       0       8        0.0%
SFR7                 0      0       0       8        0.0%
BITBANK2            50      0       0       9        0.0%
BITSFR8              0      0       0       9        0.0%
SFR8                 0      0       0       9        0.0%
BANK2               50      0       0      10        0.0%
BITSFR9              0      0       0      10        0.0%
SFR9                 0      0       0      10        0.0%
BITBANK3            50      0       0      11        0.0%
BITSFR10             0      0       0      11        0.0%
SFR10                0      0       0      11        0.0%
BANK3               50      0       0      12        0.0%
BITSFR11             0      0       0      12        0.0%
SFR11                0      0       0      12        0.0%
BITBANK4            50      0       0      13        0.0%
BITSFR12             0      0       0      13        0.0%
SFR12                0      0       0      13        0.0%
BANK4               50      0       0      14        0.0%
BITSFR13             0      0       0      14        0.0%
SFR13                0      0       0      14        0.0%
BITBANK5            50      0       0      15        0.0%
BITSFR14             0      0       0      15        0.0%
SFR14                0      0       0      15        0.0%
BANK5               50      0       0      16        0.0%
BITSFR15             0      0       0      16        0.0%
SFR15                0      0       0      16        0.0%
BITBANK6            10      0       0      17        0.0%
BITSFR16             0      0       0      17        0.0%
SFR16                0      0       0      17        0.0%
BANK6               10      0       0      18        0.0%
BITSFR17             0      0       0      18        0.0%
SFR17                0      0       0      18        0.0%
BITSFR18             0      0       0      19        0.0%
SFR18                0      0       0      19        0.0%
DATA                 0      0       7      19        0.0%
BITSFR19             0      0       0      20        0.0%
SFR19                0      0       0      20        0.0%
BITSFR20             0      0       0      21        0.0%
SFR20                0      0       0      21        0.0%
BITSFR21             0      0       0      22        0.0%
SFR21                0      0       0      22        0.0%
BITSFR22             0      0       0      23        0.0%
SFR22                0      0       0      23        0.0%
BITSFR23             0      0       0      24        0.0%
SFR23                0      0       0      24        0.0%
BITSFR24             0      0       0      25        0.0%
SFR24                0      0       0      25        0.0%
BITSFR25             0      0       0      26        0.0%
SFR25                0      0       0      26        0.0%
BITSFR26             0      0       0      27        0.0%
SFR26                0      0       0      27        0.0%
BITSFR27             0      0       0      28        0.0%
SFR27                0      0       0      28        0.0%
BITSFR28             0      0       0      29        0.0%
SFR28                0      0       0      29        0.0%
BITSFR29             0      0       0      30        0.0%
SFR29                0      0       0      30        0.0%
BITSFR30             0      0       0      31        0.0%
SFR30                0      0       0      31        0.0%
BITSFR31             0      0       0      32        0.0%
SFR31                0      0       0      32        0.0%


Microchip Technology PIC Macro Assembler V1.43 build -156212558 
Symbol Table                                                                                   Mon Sep 04 12:17:41 2017

                    __CFG_CP$OFF 0000                               l58 07C7                               l82 077D  
                    __CFG_LVP$ON 0000                              l603 07FE                              l645 07F6  
                            l689 078F                              _PR2 001B                     __CFG_CPD$OFF 0000  
                _TMR2_Initialize 07F6                     __CFG_BORV$LO 0000                     __CFG_IESO$ON 0000  
                           _LATA 010C                             _LATB 010D                             _LATC 010E  
                           _LATE 0110                             _PLLR 04D6                             _TMR2 001A  
                           _WPUB 020D                             _WPUE 0210                     __CFG_WRT$OFF 0000  
                  __CFG_FCMEN$ON 0000                             _main 077B                             btemp 007E  
                  __CFG_BOREN$ON 0000                             start 0002            ??_EPWM1_LoadDutyValue 0072  
                  __CFG_MCLRE$ON 0000                    __CFG_PLLEN$ON 0000   __size_of_OSCILLATOR_Initialize 0007  
  __end_of_OSCILLATOR_Initialize 07CA                            ?_main 0070                    __CFG_WDTE$OFF 0000  
                          _T2CON 001C                            _TRISA 008C                            _TRISB 008D  
                          _TRISC 008E                            _TRISE 0090                   _WDT_Initialize 07E6  
                          status 0003                            wtemp0 007E                  _TMR2_StartTimer 07FE  
                __initialization 0775                     __end_of_main 0796          __end_of_TMR2_Initialize 07FE  
                         ??_main 0074           __end_of_WDT_Initialize 07E9                           _CCPR1H 0292  
                         _CCPR1L 0291                           _APFCON 011D                           _ANSELA 018C  
                         _ANSELB 018D                           _OSCCON 0099                           _WDTCON 0097  
         __size_of_BT_Is_Pressed 000E                   __CFG_PWRTE$OFF 0000                     _CCPTMRS0bits 029E  
                 __CFG_STVREN$ON 0000                     __pdataCOMMON 0076                  ?_WDT_Initialize 0070  
        __end_of_TMR2_StartTimer 0800                _SYSTEM_Initialize 07BA          __end_of__initialization 0779  
             ?_SYSTEM_Initialize 0070                ?_EPWM1_Initialize 0070                   __pcstackCOMMON 0070  
            ??_SYSTEM_Initialize 0070               ??_EPWM1_Initialize 0070                 ?_TMR2_Initialize 0070  
                  _BT_Is_Pressed 0796                   _OPTION_REGbits 0095        __end_of_SYSTEM_Initialize 07C3  
                __CFG_VCAPEN$OFF 0000                       __pmaintext 077B                          _CCP1CON 0293  
                        _ECCP1AS 0295                   ?_BT_Is_Pressed 0070                          _OSCTUNE 0098  
                        _PWM1CON 0294                 ?_TMR2_StartTimer 0070      __end_of_EPWM1_LoadDutyValue 07BA  
                        __ptext1 07BA                          __ptext2 07E6                          __ptext3 07F6  
                        __ptext4 07FE                          __ptext5 07CA                          __ptext6 07C3  
                        __ptext7 07E9                          __ptext8 07A4                          __ptext9 0796  
          _OSCILLATOR_Initialize 07C3                        _T2CONbits 001C         ??_PIN_MANAGER_Initialize 0070  
     __size_of_SYSTEM_Initialize 0009             end_of_initialization 0779                  ??_BT_Is_Pressed 0070  
               ??_WDT_Initialize 0070                        _PORTBbits 000D                 __CFG_FOSC$INTOSC 0000  
         BT_Is_Pressed@pre_state 0070           BT_Is_Pressed@prv_state 0076                    __pidataCOMMON 0000  
         ?_OSCILLATOR_Initialize 0070              start_initialization 0775        __size_of_EPWM1_Initialize 000D  
__size_of_PIN_MANAGER_Initialize 001C     EPWM1_LoadDutyValue@dutyValue 0070                      __pbssCOMMON 0074  
                      ___latbits 0002         __size_of_TMR2_Initialize 0008           _PIN_MANAGER_Initialize 07CA  
       __size_of_TMR2_StartTimer 0002                         _PIR1bits 0011     __size_of_EPWM1_LoadDutyValue 0016  
                       _PSTR1CON 0296                 _EPWM1_Initialize 07E9                ??_TMR2_Initialize 0070  
        ??_OSCILLATOR_Initialize 0070            __end_of_BT_Is_Pressed 07A4                    __size_of_main 001B  
              ??_TMR2_StartTimer 0070                         main@duty 0074          __size_of_WDT_Initialize 0003  
        ?_PIN_MANAGER_Initialize 0070                __CFG_CLKOUTEN$OFF 0000              _EPWM1_LoadDutyValue 07A4  
 __end_of_PIN_MANAGER_Initialize 07E6         __end_of_EPWM1_Initialize 07F6             ?_EPWM1_LoadDutyValue 0070  
