

Microchip Technology PIC18 LITE Macro Assembler V1.44 build -154322312 
                                                                                               Sun Dec 17 21:50:15 2017

Microchip Technology Omniscient Code Generator v1.44 (Free mode) build 201709140600
     1                           	processor	18F14K50
     2                           	fnconf	rparam,??,?,0
     3                           	opt	pw 120
     4                           	opt	lm
     5                           	psect	cinit,global,reloc=2,class=CODE,delta=1
     6                           	psect	bssCOMRAM,global,class=COMRAM,space=1,delta=1,noexec
     7                           	psect	cstackCOMRAM,global,class=COMRAM,space=1,delta=1,noexec
     8                           	psect	text0,global,reloc=2,class=CODE,delta=1
     9                           	psect	text1,global,reloc=2,class=CODE,delta=1
    10                           	psect	text2,global,reloc=2,class=CODE,delta=1
    11                           	psect	text3,global,reloc=2,class=CODE,delta=1
    12                           	psect	text4,global,reloc=2,class=CODE,delta=1
    13                           	psect	text5,global,reloc=2,class=CODE,delta=1
    14                           	psect	intcodelo,global,reloc=2,class=CODE,delta=1
    15                           	psect	intcode,global,reloc=2,class=CODE,delta=1
    16                           	psect	intcode_body,global,reloc=2,class=CODE,delta=1
    17                           	psect	text8,global,reloc=2,class=CODE,delta=1
    18                           	psect	intsave_regs,global,class=BIGRAM,space=1,delta=1,noexec
    19                           	psect	rparam,global,class=COMRAM,space=1,delta=1,noexec
    20                           	psect	temp,global,ovrld,common,class=COMRAM,space=1,delta=1
    21  0000                     
    22                           ; Version 1.44
    23                           ; Generated 14/09/2017 GMT
    24                           ; 
    25                           ; Copyright © 2017, Microchip Technology Inc. and its subsidiaries ("Microchip")
    26                           ; All rights reserved.
    27                           ; 
    28                           ; This software is developed by Microchip Technology Inc. and its subsidiaries ("Microch
      +                          ip").
    29                           ; 
    30                           ; Redistribution and use in source and binary forms, with or without modification, are
    31                           ; permitted provided that the following conditions are met:
    32                           ; 
    33                           ;     1. Redistributions of source code must retain the above copyright notice, this lis
      +                          t of
    34                           ;        conditions and the following disclaimer.
    35                           ; 
    36                           ;     2. Redistributions in binary form must reproduce the above copyright notice, this 
      +                          list
    37                           ;        of conditions and the following disclaimer in the documentation and/or other
    38                           ;        materials provided with the distribution.
    39                           ; 
    40                           ;     3. Microchip's name may not be used to endorse or promote products derived from th
      +                          is
    41                           ;        software without specific prior written permission.
    42                           ; 
    43                           ; THIS SOFTWARE IS PROVIDED BY MICROCHIP "AS IS" AND ANY EXPRESS OR IMPLIED WARRANTIES,
    44                           ; INCLUDING, BUT NOT LIMITED TO, THE IMPLIED WARRANTIES OF MERCHANTABILITY AND FITNESS F
      +                          OR
    45                           ; PURPOSE ARE DISCLAIMED.  IN NO EVENT SHALL MICROCHIP BE LIABLE FOR ANY DIRECT, INDIREC
      +                          T,
    46                           ; INCIDENTAL, SPECIAL, EXEMPLARY, OR CONSEQUENTIAL DAMAGES (INCLUDING BUT NOT LIMITED TO
    47                           ; PROCUREMENT OF SUBSTITUTE GOODS OR SERVICES; LOSS OF USE, DATA OR PROFITS; OR BUSINESS
    48                           ; INTERRUPTION) HOWSOEVER CAUSED AND ON ANY THEORY OF LIABILITY, WHETHER IN CONTRACT, ST
      +                          RICT
    49                           ; LIABILITY, OR TORT (INCLUDING NEGLIGENCE OR OTHERWISE) ARISING IN ANY WAY OUT OF THE U
      +                          SE OF
    50                           ; THIS SOFTWARE, EVEN IF ADVISED OF THE POSSIBILITY OF SUCH DAMAGE.
    51                           ; 
    52                           ; 
    53                           ; Code-generator required, PIC18F14K50 Definitions
    54                           ; 
    55                           ; SFR Addresses
    56  0000                     _LATBbits	set	3978
    57  0000                     _TRISBbits	set	3987
    58  0000                     _INTCONbits	set	4082
    59  0000                     _T1CONbits	set	4045
    60  0000                     _PIE1bits	set	3997
    61  0000                     _PIR1bits	set	3998
    62  0000                     _IPR1bits	set	3999
    63  0000                     _RCONbits	set	4048
    64  0000                     _T1CON	set	4045
    65  0000                     _TMR1L	set	4046
    66  0000                     _TMR1H	set	4047
    67  0000                     _OSCCONbits	set	4051
    68                           
    69                           ; #config settings
    70  0000                     
    71                           	psect	cinit
    72  0001FA                     __pcinit:
    73                           	opt stack 0
    74  0001FA                     start_initialization:
    75                           	opt stack 0
    76  0001FA                     __initialization:
    77                           	opt stack 0
    78                           
    79                           ; Clear objects allocated to COMRAM (9 bytes)
    80  0001FA  EE00  F02D         	lfsr	0,__pbssCOMRAM
    81  0001FE  0E09               	movlw	9
    82  000200                     clear_0:
    83  000200  6AEE               	clrf	postinc0,c
    84  000202  06E8               	decf	wreg,f,c
    85  000204  E1FD               	bnz	clear_0
    86  000206                     end_of_initialization:
    87                           	opt stack 0
    88  000206                     __end_of__initialization:
    89                           	opt stack 0
    90  000206  9036               	bcf	int$flags,0,c	;clear compiler interrupt flag (level 1)
    91  000208  9236               	bcf	int$flags,1,c	;clear compiler interrupt flag (level 2)
    92  00020A  0100               	movlb	0
    93  00020C  EF13  F001         	goto	_main	;jump to C main() function
    94                           postinc0	equ	0xFEE
    95                           wreg	equ	0xFE8
    96                           
    97                           	psect	bssCOMRAM
    98  00002D                     __pbssCOMRAM:
    99                           	opt stack 0
   100  00002D                     _tickcount:
   101                           	opt stack 0
   102  00002D                     	ds	2
   103  00002F                     _t:
   104                           	opt stack 0
   105  00002F                     	ds	7
   106                           postinc0	equ	0xFEE
   107                           wreg	equ	0xFE8
   108                           
   109                           	psect	cstackCOMRAM
   110  000001                     __pcstackCOMRAM:
   111                           	opt stack 0
   112  000001                     ??_Interrupt_ManagerH:
   113  000001                     
   114                           ; 1 bytes @ 0x0
   115  000001                     	ds	21
   116  000016                     ??_Interrupt_ManagerL:
   117                           
   118                           ; 1 bytes @ 0x15
   119  000016                     	ds	21
   120  00002B                     ??_App_Task:
   121  00002B                     
   122                           ; 1 bytes @ 0x2A
   123  00002B                     	ds	2
   124  00002D                     postinc0	equ	0xFEE
   125                           wreg	equ	0xFE8
   126                           
   127                           ; 1 bytes @ 0x2C
   128 ;;
   129 ;;Main: autosize = 0, tempsize = 0, incstack = 0, save=0
   130 ;;
   131 ;; *************** function _main *****************
   132 ;; Defined at:
   133 ;;		line 71 in file "Main.c"
   134 ;; Parameters:    Size  Location     Type
   135 ;;		None
   136 ;; Auto vars:     Size  Location     Type
   137 ;;		None
   138 ;; Return value:  Size  Location     Type
   139 ;;                  1    wreg      void 
   140 ;; Registers used:
   141 ;;		wreg, status,2, status,0, cstack
   142 ;; Tracked objects:
   143 ;;		On entry : 0/0
   144 ;;		On exit  : 0/0
   145 ;;		Unchanged: 0/0
   146 ;; Data sizes:     COMRAM   BANK0   BANK1   BANK2
   147 ;;      Params:         0       0       0       0
   148 ;;      Locals:         0       0       0       0
   149 ;;      Temps:          0       0       0       0
   150 ;;      Totals:         0       0       0       0
   151 ;;Total ram usage:        0 bytes
   152 ;; Hardware stack levels required when called:    5
   153 ;; This function calls:
   154 ;;		_App_Init
   155 ;;		_App_Task
   156 ;;		_Oscillator_Config
   157 ;;		_Timer1_Init
   158 ;; This function is called by:
   159 ;;		Startup code after reset
   160 ;; This function uses a non-reentrant model
   161 ;;
   162                           
   163                           	psect	text0
   164  000226                     __ptext0:
   165                           	opt stack 0
   166  000226                     _main:
   167                           	opt stack 26
   168                           
   169                           ;Main.c: 73: Oscillator_Config();
   170                           
   171                           ;incstack = 0
   172  000226  EC26  F001         	call	_Oscillator_Config	;wreg free
   173                           
   174                           ;Main.c: 74: Timer1_Init();
   175  00022A  ECED  F000         	call	_Timer1_Init	;wreg free
   176                           
   177                           ;Main.c: 75: App_Init();
   178  00022E  EC1D  F001         	call	_App_Init	;wreg free
   179  000232                     l16:
   180  000232  0004               	clrwdt		;# 
   181                           
   182                           ;Main.c: 79: App_Task();
   183  000234  ECD1  F000         	call	_App_Task	;wreg free
   184  000238  D7FC               	goto	l16
   185  00023A                     __end_of_main:
   186                           	opt stack 0
   187                           postinc0	equ	0xFEE
   188                           wreg	equ	0xFE8
   189                           
   190 ;; *************** function _Timer1_Init *****************
   191 ;; Defined at:
   192 ;;		line 5 in file "Timer1.c"
   193 ;; Parameters:    Size  Location     Type
   194 ;;		None
   195 ;; Auto vars:     Size  Location     Type
   196 ;;		None
   197 ;; Return value:  Size  Location     Type
   198 ;;                  1    wreg      void 
   199 ;; Registers used:
   200 ;;		wreg, status,2
   201 ;; Tracked objects:
   202 ;;		On entry : 0/0
   203 ;;		On exit  : 0/0
   204 ;;		Unchanged: 0/0
   205 ;; Data sizes:     COMRAM   BANK0   BANK1   BANK2
   206 ;;      Params:         0       0       0       0
   207 ;;      Locals:         0       0       0       0
   208 ;;      Temps:          0       0       0       0
   209 ;;      Totals:         0       0       0       0
   210 ;;Total ram usage:        0 bytes
   211 ;; Hardware stack levels used:    1
   212 ;; Hardware stack levels required when called:    3
   213 ;; This function calls:
   214 ;;		Nothing
   215 ;; This function is called by:
   216 ;;		_main
   217 ;; This function uses a non-reentrant model
   218 ;;
   219                           
   220                           	psect	text1
   221  0001DA                     __ptext1:
   222                           	opt stack 0
   223  0001DA                     _Timer1_Init:
   224                           	opt stack 27
   225                           
   226                           ;Timer1.c: 7: tickcount=0;
   227                           
   228                           ;incstack = 0
   229  0001DA  0E00               	movlw	0
   230  0001DC  6E2E               	movwf	_tickcount+1,c	;volatile
   231  0001DE  0E00               	movlw	0
   232  0001E0  6E2D               	movwf	_tickcount,c	;volatile
   233                           
   234                           ;Timer1.c: 8: TMR1H=0x00;
   235  0001E2  0E00               	movlw	0
   236  0001E4  6ECF               	movwf	4047,c	;volatile
   237                           
   238                           ;Timer1.c: 9: TMR1L=0x00;
   239  0001E6  0E00               	movlw	0
   240  0001E8  6ECE               	movwf	4046,c	;volatile
   241                           
   242                           ;Timer1.c: 10: T1CON=0b00110000;
   243  0001EA  0E30               	movlw	48
   244  0001EC  6ECD               	movwf	4045,c	;volatile
   245                           
   246                           ;Timer1.c: 11: RCONbits.IPEN=0;
   247  0001EE  9ED0               	bcf	4048,7,c	;volatile
   248                           
   249                           ;Timer1.c: 12: IPR1bits.TMR1IP=1;
   250  0001F0  809F               	bsf	3999,0,c	;volatile
   251                           
   252                           ;Timer1.c: 13: PIR1bits.TMR1IF=0;
   253  0001F2  909E               	bcf	3998,0,c	;volatile
   254                           
   255                           ;Timer1.c: 14: PIE1bits.TMR1IE=1;
   256  0001F4  809D               	bsf	3997,0,c	;volatile
   257                           
   258                           ;Timer1.c: 15: T1CONbits.TMR1ON=1;
   259  0001F6  80CD               	bsf	4045,0,c	;volatile
   260  0001F8  0012               	return		;funcret
   261  0001FA                     __end_of_Timer1_Init:
   262                           	opt stack 0
   263                           postinc0	equ	0xFEE
   264                           wreg	equ	0xFE8
   265                           
   266 ;; *************** function _Oscillator_Config *****************
   267 ;; Defined at:
   268 ;;		line 66 in file "Main.c"
   269 ;; Parameters:    Size  Location     Type
   270 ;;		None
   271 ;; Auto vars:     Size  Location     Type
   272 ;;		None
   273 ;; Return value:  Size  Location     Type
   274 ;;                  1    wreg      void 
   275 ;; Registers used:
   276 ;;		wreg, status,2
   277 ;; Tracked objects:
   278 ;;		On entry : 0/0
   279 ;;		On exit  : 0/0
   280 ;;		Unchanged: 0/0
   281 ;; Data sizes:     COMRAM   BANK0   BANK1   BANK2
   282 ;;      Params:         0       0       0       0
   283 ;;      Locals:         0       0       0       0
   284 ;;      Temps:          0       0       0       0
   285 ;;      Totals:         0       0       0       0
   286 ;;Total ram usage:        0 bytes
   287 ;; Hardware stack levels used:    1
   288 ;; Hardware stack levels required when called:    3
   289 ;; This function calls:
   290 ;;		Nothing
   291 ;; This function is called by:
   292 ;;		_main
   293 ;; This function uses a non-reentrant model
   294 ;;
   295                           
   296                           	psect	text2
   297  00024C                     __ptext2:
   298                           	opt stack 0
   299  00024C                     _Oscillator_Config:
   300                           	opt stack 27
   301                           
   302                           ;Main.c: 68: OSCCONbits.IRCF=0b110;
   303                           
   304                           ;incstack = 0
   305  00024C  50D3               	movf	4051,w,c	;volatile
   306  00024E  0B8F               	andlw	-113
   307  000250  0960               	iorlw	96
   308  000252  6ED3               	movwf	4051,c	;volatile
   309  000254  0012               	return		;funcret
   310  000256                     __end_of_Oscillator_Config:
   311                           	opt stack 0
   312                           postinc0	equ	0xFEE
   313                           wreg	equ	0xFE8
   314                           
   315 ;; *************** function _App_Task *****************
   316 ;; Defined at:
   317 ;;		line 17 in file "App.c"
   318 ;; Parameters:    Size  Location     Type
   319 ;;		None
   320 ;; Auto vars:     Size  Location     Type
   321 ;;		None
   322 ;; Return value:  Size  Location     Type
   323 ;;                  1    wreg      void 
   324 ;; Registers used:
   325 ;;		wreg, status,2, status,0
   326 ;; Tracked objects:
   327 ;;		On entry : 0/0
   328 ;;		On exit  : 0/0
   329 ;;		Unchanged: 0/0
   330 ;; Data sizes:     COMRAM   BANK0   BANK1   BANK2
   331 ;;      Params:         0       0       0       0
   332 ;;      Locals:         0       0       0       0
   333 ;;      Temps:          2       0       0       0
   334 ;;      Totals:         2       0       0       0
   335 ;;Total ram usage:        2 bytes
   336 ;; Hardware stack levels used:    1
   337 ;; Hardware stack levels required when called:    3
   338 ;; This function calls:
   339 ;;		Nothing
   340 ;; This function is called by:
   341 ;;		_main
   342 ;; This function uses a non-reentrant model
   343 ;;
   344                           
   345                           	psect	text3
   346  0001A2                     __ptext3:
   347                           	opt stack 0
   348  0001A2                     _App_Task:
   349                           	opt stack 27
   350                           
   351                           ;App.c: 19: _delay((unsigned long)((100)*(8000000/4000.0)));
   352                           
   353                           ;incstack = 0
   354  0001A2  0E02               	movlw	2
   355  0001A4  6E2C               	movwf	(??_App_Task+1)& (0+255),c
   356  0001A6  0E04               	movlw	4
   357  0001A8  6E2B               	movwf	??_App_Task& (0+255),c
   358  0001AA  0EBA               	movlw	186
   359  0001AC                     u167:
   360  0001AC  2EE8               	decfsz	wreg,f,c
   361  0001AE  D7FE               	bra	u167
   362  0001B0  2E2B               	decfsz	??_App_Task& (0+255),f,c
   363  0001B2  D7FC               	bra	u167
   364  0001B4  2E2C               	decfsz	(??_App_Task+1)& (0+255),f,c
   365  0001B6  D7FA               	bra	u167
   366  0001B8  D000               	nop2	
   367                           
   368                           ;App.c: 20: LATBbits.LATB6=~LATBbits.LATB6;
   369  0001BA  AC8A               	btfss	3978,6,c	;volatile
   370  0001BC  D002               	goto	u10
   371  0001BE  0E01               	movlw	1
   372  0001C0  D001               	goto	u16
   373  0001C2                     u10:
   374  0001C2  0E00               	movlw	0
   375  0001C4                     u16:
   376  0001C4  0AFF               	xorlw	255
   377  0001C6  6E2B               	movwf	??_App_Task& (0+255),c
   378  0001C8  3A2B               	swapf	??_App_Task,f,c
   379  0001CA  462B               	rlncf	??_App_Task,f,c
   380  0001CC  462B               	rlncf	??_App_Task,f,c
   381  0001CE  508A               	movf	3978,w,c	;volatile
   382  0001D0  182B               	xorwf	??_App_Task,w,c
   383  0001D2  0BBF               	andlw	-65
   384  0001D4  182B               	xorwf	??_App_Task,w,c
   385  0001D6  6E8A               	movwf	3978,c	;volatile
   386  0001D8  0012               	return		;funcret
   387  0001DA                     __end_of_App_Task:
   388                           	opt stack 0
   389                           postinc0	equ	0xFEE
   390                           wreg	equ	0xFE8
   391                           
   392 ;; *************** function _App_Init *****************
   393 ;; Defined at:
   394 ;;		line 7 in file "App.c"
   395 ;; Parameters:    Size  Location     Type
   396 ;;		None
   397 ;; Auto vars:     Size  Location     Type
   398 ;;		None
   399 ;; Return value:  Size  Location     Type
   400 ;;                  1    wreg      void 
   401 ;; Registers used:
   402 ;;		wreg, status,2, cstack
   403 ;; Tracked objects:
   404 ;;		On entry : 0/0
   405 ;;		On exit  : 0/0
   406 ;;		Unchanged: 0/0
   407 ;; Data sizes:     COMRAM   BANK0   BANK1   BANK2
   408 ;;      Params:         0       0       0       0
   409 ;;      Locals:         0       0       0       0
   410 ;;      Temps:          0       0       0       0
   411 ;;      Totals:         0       0       0       0
   412 ;;Total ram usage:        0 bytes
   413 ;; Hardware stack levels used:    1
   414 ;; Hardware stack levels required when called:    4
   415 ;; This function calls:
   416 ;;		_Delay_Init
   417 ;; This function is called by:
   418 ;;		_main
   419 ;; This function uses a non-reentrant model
   420 ;;
   421                           
   422                           	psect	text4
   423  00023A                     __ptext4:
   424                           	opt stack 0
   425  00023A                     _App_Init:
   426                           	opt stack 26
   427                           
   428                           ;App.c: 9: TRISBbits.TRISB6=0;
   429                           
   430                           ;incstack = 0
   431  00023A  9C93               	bcf	3987,6,c	;volatile
   432                           
   433                           ;App.c: 10: LATBbits.LATB6=0;
   434  00023C  9C8A               	bcf	3978,6,c	;volatile
   435                           
   436                           ;App.c: 11: Delay_Init();
   437  00023E  EC2B  F001         	call	_Delay_Init	;wreg free
   438                           
   439                           ;App.c: 12: t.timeout=1;
   440  000242  0E01               	movlw	1
   441  000244  6E2F               	movwf	_t,c
   442                           
   443                           ;App.c: 13: INTCONbits.PEIE=1;
   444  000246  8CF2               	bsf	intcon,6,c	;volatile
   445                           
   446                           ;App.c: 14: INTCONbits.GIE=1;
   447  000248  8EF2               	bsf	intcon,7,c	;volatile
   448  00024A  0012               	return		;funcret
   449  00024C                     __end_of_App_Init:
   450                           	opt stack 0
   451                           intcon	equ	0xFF2
   452                           postinc0	equ	0xFEE
   453                           wreg	equ	0xFE8
   454                           
   455 ;; *************** function _Delay_Init *****************
   456 ;; Defined at:
   457 ;;		line 26 in file "Tick_Timer.c"
   458 ;; Parameters:    Size  Location     Type
   459 ;;		None
   460 ;; Auto vars:     Size  Location     Type
   461 ;;		None
   462 ;; Return value:  Size  Location     Type
   463 ;;                  1    wreg      void 
   464 ;; Registers used:
   465 ;;		wreg, status,2
   466 ;; Tracked objects:
   467 ;;		On entry : 0/0
   468 ;;		On exit  : 0/0
   469 ;;		Unchanged: 0/0
   470 ;; Data sizes:     COMRAM   BANK0   BANK1   BANK2
   471 ;;      Params:         0       0       0       0
   472 ;;      Locals:         0       0       0       0
   473 ;;      Temps:          0       0       0       0
   474 ;;      Totals:         0       0       0       0
   475 ;;Total ram usage:        0 bytes
   476 ;; Hardware stack levels used:    1
   477 ;; Hardware stack levels required when called:    3
   478 ;; This function calls:
   479 ;;		Nothing
   480 ;; This function is called by:
   481 ;;		_App_Init
   482 ;; This function uses a non-reentrant model
   483 ;;
   484                           
   485                           	psect	text5
   486  000256                     __ptext5:
   487                           	opt stack 0
   488  000256                     _Delay_Init:
   489                           	opt stack 26
   490                           
   491                           ;Tick_Timer.c: 28: t.timeout=1;
   492                           
   493                           ;incstack = 0
   494  000256  0E01               	movlw	1
   495  000258  6E2F               	movwf	_t,c
   496  00025A  0012               	return		;funcret
   497  00025C                     __end_of_Delay_Init:
   498                           	opt stack 0
   499                           intcon	equ	0xFF2
   500                           postinc0	equ	0xFEE
   501                           wreg	equ	0xFE8
   502                           
   503 ;; *************** function _Interrupt_ManagerL *****************
   504 ;; Defined at:
   505 ;;		line 15 in file "Interrupts.c"
   506 ;; Parameters:    Size  Location     Type
   507 ;;		None
   508 ;; Auto vars:     Size  Location     Type
   509 ;;		None
   510 ;; Return value:  Size  Location     Type
   511 ;;                  1    wreg      void 
   512 ;; Registers used:
   513 ;;		None
   514 ;; Tracked objects:
   515 ;;		On entry : 0/0
   516 ;;		On exit  : 0/0
   517 ;;		Unchanged: 0/0
   518 ;; Data sizes:     COMRAM   BANK0   BANK1   BANK2
   519 ;;      Params:         0       0       0       0
   520 ;;      Locals:         0       0       0       0
   521 ;;      Temps:         21       0       0       0
   522 ;;      Totals:        21       0       0       0
   523 ;;Total ram usage:       21 bytes
   524 ;; Hardware stack levels used:    1
   525 ;; Hardware stack levels required when called:    2
   526 ;; This function calls:
   527 ;;		Nothing
   528 ;; This function is called by:
   529 ;;		Interrupt level 1
   530 ;; This function uses a non-reentrant model
   531 ;;
   532                           
   533                           	psect	intcodelo
   534  000018                     __pintcodelo:
   535                           	opt stack 0
   536  000018                     _Interrupt_ManagerL:
   537                           	opt stack 26
   538                           
   539                           ;incstack = 0
   540  000018  8036               	bsf	btemp,0,c	;set compiler interrupt flag (level 1)
   541  00001A  CFD8 F016          	movff	status,??_Interrupt_ManagerL
   542  00001E  CFE8 F017          	movff	wreg,??_Interrupt_ManagerL+1
   543  000022  CFE0 F018          	movff	bsr,??_Interrupt_ManagerL+2
   544  000026  CFFA F019          	movff	pclath,??_Interrupt_ManagerL+3
   545  00002A  CFFB F01A          	movff	pclatu,??_Interrupt_ManagerL+4
   546  00002E  CFE9 F01B          	movff	fsr0l,??_Interrupt_ManagerL+5
   547  000032  CFEA F01C          	movff	fsr0h,??_Interrupt_ManagerL+6
   548  000036  CFE1 F01D          	movff	fsr1l,??_Interrupt_ManagerL+7
   549  00003A  CFE2 F01E          	movff	fsr1h,??_Interrupt_ManagerL+8
   550  00003E  CFD9 F01F          	movff	fsr2l,??_Interrupt_ManagerL+9
   551  000042  CFDA F020          	movff	fsr2h,??_Interrupt_ManagerL+10
   552  000046  CFF3 F021          	movff	prodl,??_Interrupt_ManagerL+11
   553  00004A  CFF4 F022          	movff	prodh,??_Interrupt_ManagerL+12
   554  00004E  CFF6 F023          	movff	tblptrl,??_Interrupt_ManagerL+13
   555  000052  CFF7 F024          	movff	tblptrh,??_Interrupt_ManagerL+14
   556  000056  CFF8 F025          	movff	tblptru,??_Interrupt_ManagerL+15
   557  00005A  CFF5 F026          	movff	tablat,??_Interrupt_ManagerL+16
   558  00005E  C036  F027         	movff	btemp,??_Interrupt_ManagerL+17
   559  000062  C037  F028         	movff	btemp+1,??_Interrupt_ManagerL+18
   560  000066  C038  F029         	movff	btemp+2,??_Interrupt_ManagerL+19
   561  00006A  C039  F02A         	movff	btemp+3,??_Interrupt_ManagerL+20
   562  00006E  C02A  F039         	movff	??_Interrupt_ManagerL+20,btemp+3
   563  000072  C029  F038         	movff	??_Interrupt_ManagerL+19,btemp+2
   564  000076  C028  F037         	movff	??_Interrupt_ManagerL+18,btemp+1
   565  00007A  C027  F036         	movff	??_Interrupt_ManagerL+17,btemp
   566  00007E  C026  FFF5         	movff	??_Interrupt_ManagerL+16,tablat
   567  000082  C025  FFF8         	movff	??_Interrupt_ManagerL+15,tblptru
   568  000086  C024  FFF7         	movff	??_Interrupt_ManagerL+14,tblptrh
   569  00008A  C023  FFF6         	movff	??_Interrupt_ManagerL+13,tblptrl
   570  00008E  C022  FFF4         	movff	??_Interrupt_ManagerL+12,prodh
   571  000092  C021  FFF3         	movff	??_Interrupt_ManagerL+11,prodl
   572  000096  C020  FFDA         	movff	??_Interrupt_ManagerL+10,fsr2h
   573  00009A  C01F  FFD9         	movff	??_Interrupt_ManagerL+9,fsr2l
   574  00009E  C01E  FFE2         	movff	??_Interrupt_ManagerL+8,fsr1h
   575  0000A2  C01D  FFE1         	movff	??_Interrupt_ManagerL+7,fsr1l
   576  0000A6  C01C  FFEA         	movff	??_Interrupt_ManagerL+6,fsr0h
   577  0000AA  C01B  FFE9         	movff	??_Interrupt_ManagerL+5,fsr0l
   578  0000AE  C01A  FFFB         	movff	??_Interrupt_ManagerL+4,pclatu
   579  0000B2  C019  FFFA         	movff	??_Interrupt_ManagerL+3,pclath
   580  0000B6  C018  FFE0         	movff	??_Interrupt_ManagerL+2,bsr
   581  0000BA  C017  FFE8         	movff	??_Interrupt_ManagerL+1,wreg
   582  0000BE  C016  FFD8         	movff	??_Interrupt_ManagerL,status
   583  0000C2  9036               	bcf	btemp,0,c	;clear compiler interrupt flag (level 1)
   584  0000C4  0010               	retfie	
   585  0000C6                     __end_of_Interrupt_ManagerL:
   586                           	opt stack 0
   587                           pclatu	equ	0xFFB
   588                           pclath	equ	0xFFA
   589                           tblptru	equ	0xFF8
   590                           tblptrh	equ	0xFF7
   591                           tblptrl	equ	0xFF6
   592                           tablat	equ	0xFF5
   593                           prodh	equ	0xFF4
   594                           prodl	equ	0xFF3
   595                           intcon	equ	0xFF2
   596                           postinc0	equ	0xFEE
   597                           fsr0h	equ	0xFEA
   598                           fsr0l	equ	0xFE9
   599                           wreg	equ	0xFE8
   600                           fsr1h	equ	0xFE2
   601                           fsr1l	equ	0xFE1
   602                           bsr	equ	0xFE0
   603                           fsr2h	equ	0xFDA
   604                           fsr2l	equ	0xFD9
   605                           status	equ	0xFD8
   606                           
   607 ;; *************** function _Interrupt_ManagerH *****************
   608 ;; Defined at:
   609 ;;		line 4 in file "Interrupts.c"
   610 ;; Parameters:    Size  Location     Type
   611 ;;		None
   612 ;; Auto vars:     Size  Location     Type
   613 ;;		None
   614 ;; Return value:  Size  Location     Type
   615 ;;                  1    wreg      void 
   616 ;; Registers used:
   617 ;;		wreg, status,2, status,0, cstack
   618 ;; Tracked objects:
   619 ;;		On entry : 0/0
   620 ;;		On exit  : 0/0
   621 ;;		Unchanged: 0/0
   622 ;; Data sizes:     COMRAM   BANK0   BANK1   BANK2
   623 ;;      Params:         0       0       0       0
   624 ;;      Locals:         0       0       0       0
   625 ;;      Temps:         21       0       0       0
   626 ;;      Totals:        21       0       0       0
   627 ;;Total ram usage:       21 bytes
   628 ;; Hardware stack levels used:    1
   629 ;; Hardware stack levels required when called:    1
   630 ;; This function calls:
   631 ;;		_Timer1_ISR
   632 ;; This function is called by:
   633 ;;		Interrupt level 2
   634 ;; This function uses a non-reentrant model
   635 ;;
   636                           
   637                           	psect	intcode
   638  000008                     __pintcode:
   639                           	opt stack 0
   640  000008                     _Interrupt_ManagerH:
   641                           	opt stack 26
   642                           
   643                           ;incstack = 0
   644  000008  8236               	bsf	btemp,1,c	;set compiler interrupt flag (level 2)
   645  00000A  EF65  F000         	goto	int_func
   646                           pclatu	equ	0xFFB
   647                           pclath	equ	0xFFA
   648                           tblptru	equ	0xFF8
   649                           tblptrh	equ	0xFF7
   650                           tblptrl	equ	0xFF6
   651                           tablat	equ	0xFF5
   652                           prodh	equ	0xFF4
   653                           prodl	equ	0xFF3
   654                           intcon	equ	0xFF2
   655                           postinc0	equ	0xFEE
   656                           fsr0h	equ	0xFEA
   657                           fsr0l	equ	0xFE9
   658                           wreg	equ	0xFE8
   659                           fsr1h	equ	0xFE2
   660                           fsr1l	equ	0xFE1
   661                           bsr	equ	0xFE0
   662                           fsr2h	equ	0xFDA
   663                           fsr2l	equ	0xFD9
   664                           status	equ	0xFD8
   665                           
   666                           	psect	intcode_body
   667  0000CA                     __pintcode_body:
   668                           	opt stack 26
   669  0000CA                     int_func:
   670                           	opt stack 26
   671  0000CA  CFFA F004          	movff	pclath,??_Interrupt_ManagerH+3
   672  0000CE  CFFB F005          	movff	pclatu,??_Interrupt_ManagerH+4
   673  0000D2  CFE9 F006          	movff	fsr0l,??_Interrupt_ManagerH+5
   674  0000D6  CFEA F007          	movff	fsr0h,??_Interrupt_ManagerH+6
   675  0000DA  CFE1 F008          	movff	fsr1l,??_Interrupt_ManagerH+7
   676  0000DE  CFE2 F009          	movff	fsr1h,??_Interrupt_ManagerH+8
   677  0000E2  CFD9 F00A          	movff	fsr2l,??_Interrupt_ManagerH+9
   678  0000E6  CFDA F00B          	movff	fsr2h,??_Interrupt_ManagerH+10
   679  0000EA  CFF3 F00C          	movff	prodl,??_Interrupt_ManagerH+11
   680  0000EE  CFF4 F00D          	movff	prodh,??_Interrupt_ManagerH+12
   681  0000F2  CFF6 F00E          	movff	tblptrl,??_Interrupt_ManagerH+13
   682  0000F6  CFF7 F00F          	movff	tblptrh,??_Interrupt_ManagerH+14
   683  0000FA  CFF8 F010          	movff	tblptru,??_Interrupt_ManagerH+15
   684  0000FE  CFF5 F011          	movff	tablat,??_Interrupt_ManagerH+16
   685  000102  C036  F012         	movff	btemp,??_Interrupt_ManagerH+17
   686  000106  C037  F013         	movff	btemp+1,??_Interrupt_ManagerH+18
   687  00010A  C038  F014         	movff	btemp+2,??_Interrupt_ManagerH+19
   688  00010E  C039  F015         	movff	btemp+3,??_Interrupt_ManagerH+20
   689                           
   690                           ;Interrupts.c: 6: if(INTCONbits.GIE&INTCONbits.PEIE&PIE1bits.TMR1IE&PIR1bits.TMR1IF)
   691  000112  A09E               	btfss	3998,0,c	;volatile
   692  000114  D003               	goto	i2u11_40
   693  000116  6A01               	clrf	??_Interrupt_ManagerH& (0+255),c
   694  000118  2A01               	incf	??_Interrupt_ManagerH& (0+255),f,c
   695  00011A  D001               	goto	i2u11_48
   696  00011C                     i2u11_40:
   697  00011C  6A01               	clrf	??_Interrupt_ManagerH& (0+255),c
   698  00011E                     i2u11_48:
   699  00011E  A09D               	btfss	3997,0,c	;volatile
   700  000120  D003               	goto	i2u12_40
   701  000122  6A02               	clrf	(??_Interrupt_ManagerH+1)& (0+255),c
   702  000124  2A02               	incf	(??_Interrupt_ManagerH+1)& (0+255),f,c
   703  000126  D001               	goto	i2u12_48
   704  000128                     i2u12_40:
   705  000128  6A02               	clrf	(??_Interrupt_ManagerH+1)& (0+255),c
   706  00012A                     i2u12_48:
   707  00012A  ACF2               	btfss	intcon,6,c	;volatile
   708  00012C  D003               	goto	i2u13_40
   709  00012E  6A03               	clrf	(??_Interrupt_ManagerH+2)& (0+255),c
   710  000130  2A03               	incf	(??_Interrupt_ManagerH+2)& (0+255),f,c
   711  000132  D001               	goto	i2u13_48
   712  000134                     i2u13_40:
   713  000134  6A03               	clrf	(??_Interrupt_ManagerH+2)& (0+255),c
   714  000136                     i2u13_48:
   715  000136  AEF2               	btfss	intcon,7,c	;volatile
   716  000138  D002               	goto	i2u14_40
   717  00013A  0E01               	movlw	1
   718  00013C  D001               	goto	i2u14_46
   719  00013E                     i2u14_40:
   720  00013E  0E00               	movlw	0
   721  000140                     i2u14_46:
   722  000140  1403               	andwf	??_Interrupt_ManagerH+2,w,c
   723  000142  1402               	andwf	??_Interrupt_ManagerH+1,w,c
   724  000144  1401               	andwf	??_Interrupt_ManagerH,w,c
   725  000146  0900               	iorlw	0
   726  000148  B4D8               	btfsc	status,2,c
   727  00014A  D005               	goto	i2l82
   728                           
   729                           ;Interrupts.c: 7: {
   730                           ;Interrupts.c: 8: INTCONbits.GIE=0;
   731  00014C  9EF2               	bcf	intcon,7,c	;volatile
   732                           
   733                           ;Interrupts.c: 9: PIR1bits.TMR1IF=0;
   734  00014E  909E               	bcf	3998,0,c	;volatile
   735                           
   736                           ;Interrupts.c: 10: Timer1_ISR();
   737  000150  EC08  F001         	call	_Timer1_ISR	;wreg free
   738                           
   739                           ;Interrupts.c: 11: INTCONbits.GIE=1;
   740  000154  8EF2               	bsf	intcon,7,c	;volatile
   741  000156                     i2l82:
   742  000156  C015  F039         	movff	??_Interrupt_ManagerH+20,btemp+3
   743  00015A  C014  F038         	movff	??_Interrupt_ManagerH+19,btemp+2
   744  00015E  C013  F037         	movff	??_Interrupt_ManagerH+18,btemp+1
   745  000162  C012  F036         	movff	??_Interrupt_ManagerH+17,btemp
   746  000166  C011  FFF5         	movff	??_Interrupt_ManagerH+16,tablat
   747  00016A  C010  FFF8         	movff	??_Interrupt_ManagerH+15,tblptru
   748  00016E  C00F  FFF7         	movff	??_Interrupt_ManagerH+14,tblptrh
   749  000172  C00E  FFF6         	movff	??_Interrupt_ManagerH+13,tblptrl
   750  000176  C00D  FFF4         	movff	??_Interrupt_ManagerH+12,prodh
   751  00017A  C00C  FFF3         	movff	??_Interrupt_ManagerH+11,prodl
   752  00017E  C00B  FFDA         	movff	??_Interrupt_ManagerH+10,fsr2h
   753  000182  C00A  FFD9         	movff	??_Interrupt_ManagerH+9,fsr2l
   754  000186  C009  FFE2         	movff	??_Interrupt_ManagerH+8,fsr1h
   755  00018A  C008  FFE1         	movff	??_Interrupt_ManagerH+7,fsr1l
   756  00018E  C007  FFEA         	movff	??_Interrupt_ManagerH+6,fsr0h
   757  000192  C006  FFE9         	movff	??_Interrupt_ManagerH+5,fsr0l
   758  000196  C005  FFFB         	movff	??_Interrupt_ManagerH+4,pclatu
   759  00019A  C004  FFFA         	movff	??_Interrupt_ManagerH+3,pclath
   760  00019E  9236               	bcf	btemp,1,c	;clear compiler interrupt flag (level 2)
   761  0001A0  0011               	retfie		f
   762  0001A2                     __end_of_Interrupt_ManagerH:
   763                           	opt stack 0
   764                           pclatu	equ	0xFFB
   765                           pclath	equ	0xFFA
   766                           tblptru	equ	0xFF8
   767                           tblptrh	equ	0xFF7
   768                           tblptrl	equ	0xFF6
   769                           tablat	equ	0xFF5
   770                           prodh	equ	0xFF4
   771                           prodl	equ	0xFF3
   772                           intcon	equ	0xFF2
   773                           postinc0	equ	0xFEE
   774                           fsr0h	equ	0xFEA
   775                           fsr0l	equ	0xFE9
   776                           wreg	equ	0xFE8
   777                           fsr1h	equ	0xFE2
   778                           fsr1l	equ	0xFE1
   779                           bsr	equ	0xFE0
   780                           fsr2h	equ	0xFDA
   781                           fsr2l	equ	0xFD9
   782                           status	equ	0xFD8
   783                           
   784 ;; *************** function _Timer1_ISR *****************
   785 ;; Defined at:
   786 ;;		line 28 in file "Timer1.c"
   787 ;; Parameters:    Size  Location     Type
   788 ;;		None
   789 ;; Auto vars:     Size  Location     Type
   790 ;;		None
   791 ;; Return value:  Size  Location     Type
   792 ;;                  1    wreg      void 
   793 ;; Registers used:
   794 ;;		wreg, status,2, status,0
   795 ;; Tracked objects:
   796 ;;		On entry : 0/0
   797 ;;		On exit  : 0/0
   798 ;;		Unchanged: 0/0
   799 ;; Data sizes:     COMRAM   BANK0   BANK1   BANK2
   800 ;;      Params:         0       0       0       0
   801 ;;      Locals:         0       0       0       0
   802 ;;      Temps:          0       0       0       0
   803 ;;      Totals:         0       0       0       0
   804 ;;Total ram usage:        0 bytes
   805 ;; Hardware stack levels used:    1
   806 ;; This function calls:
   807 ;;		Nothing
   808 ;; This function is called by:
   809 ;;		_Interrupt_ManagerH
   810 ;; This function uses a non-reentrant model
   811 ;;
   812                           
   813                           	psect	text8
   814  000210                     __ptext8:
   815                           	opt stack 0
   816  000210                     _Timer1_ISR:
   817                           	opt stack 26
   818                           
   819                           ;Timer1.c: 30: tickcount++;
   820                           
   821                           ;incstack = 0
   822  000210  4A2D               	infsnz	_tickcount,f,c	;volatile
   823  000212  2A2E               	incf	_tickcount+1,f,c	;volatile
   824                           
   825                           ;Timer1.c: 31: if(tickcount>=8192) tickcount=0;
   826  000214  0E20               	movlw	32
   827  000216  5C2E               	subwf	_tickcount+1,w,c	;volatile
   828  000218  A0D8               	btfss	status,0,c
   829  00021A  0012               	return	
   830  00021C  0E00               	movlw	0
   831  00021E  6E2E               	movwf	_tickcount+1,c	;volatile
   832  000220  0E00               	movlw	0
   833  000222  6E2D               	movwf	_tickcount,c	;volatile
   834  000224  0012               	return	
   835  000226                     __end_of_Timer1_ISR:
   836                           	opt stack 0
   837  0000                     pclatu	equ	0xFFB
   838                           pclath	equ	0xFFA
   839                           tblptru	equ	0xFF8
   840                           tblptrh	equ	0xFF7
   841                           tblptrl	equ	0xFF6
   842                           tablat	equ	0xFF5
   843                           prodh	equ	0xFF4
   844                           prodl	equ	0xFF3
   845                           intcon	equ	0xFF2
   846                           postinc0	equ	0xFEE
   847                           fsr0h	equ	0xFEA
   848                           fsr0l	equ	0xFE9
   849                           wreg	equ	0xFE8
   850                           fsr1h	equ	0xFE2
   851                           fsr1l	equ	0xFE1
   852                           bsr	equ	0xFE0
   853                           fsr2h	equ	0xFDA
   854                           fsr2l	equ	0xFD9
   855                           status	equ	0xFD8
   856                           pclatu	equ	0xFFB
   857                           pclath	equ	0xFFA
   858                           tblptru	equ	0xFF8
   859                           tblptrh	equ	0xFF7
   860                           tblptrl	equ	0xFF6
   861                           tablat	equ	0xFF5
   862                           prodh	equ	0xFF4
   863                           prodl	equ	0xFF3
   864                           intcon	equ	0xFF2
   865                           postinc0	equ	0xFEE
   866                           fsr0h	equ	0xFEA
   867                           fsr0l	equ	0xFE9
   868                           wreg	equ	0xFE8
   869                           fsr1h	equ	0xFE2
   870                           fsr1l	equ	0xFE1
   871                           bsr	equ	0xFE0
   872                           fsr2h	equ	0xFDA
   873                           fsr2l	equ	0xFD9
   874                           status	equ	0xFD8
   875                           
   876                           	psect	rparam
   877  0000                     pclatu	equ	0xFFB
   878                           pclath	equ	0xFFA
   879                           tblptru	equ	0xFF8
   880                           tblptrh	equ	0xFF7
   881                           tblptrl	equ	0xFF6
   882                           tablat	equ	0xFF5
   883                           prodh	equ	0xFF4
   884                           prodl	equ	0xFF3
   885                           intcon	equ	0xFF2
   886                           postinc0	equ	0xFEE
   887                           fsr0h	equ	0xFEA
   888                           fsr0l	equ	0xFE9
   889                           wreg	equ	0xFE8
   890                           fsr1h	equ	0xFE2
   891                           fsr1l	equ	0xFE1
   892                           bsr	equ	0xFE0
   893                           fsr2h	equ	0xFDA
   894                           fsr2l	equ	0xFD9
   895                           status	equ	0xFD8
   896                           
   897                           	psect	temp
   898  000036                     btemp:
   899                           	opt stack 0
   900  000036                     	ds	1
   901  0000                     int$flags	set	btemp
   902  0000                     wtemp6	set	btemp+1
   903                           pclatu	equ	0xFFB
   904                           pclath	equ	0xFFA
   905                           tblptru	equ	0xFF8
   906                           tblptrh	equ	0xFF7
   907                           tblptrl	equ	0xFF6
   908                           tablat	equ	0xFF5
   909                           prodh	equ	0xFF4
   910                           prodl	equ	0xFF3
   911                           intcon	equ	0xFF2
   912                           postinc0	equ	0xFEE
   913                           fsr0h	equ	0xFEA
   914                           fsr0l	equ	0xFE9
   915                           wreg	equ	0xFE8
   916                           fsr1h	equ	0xFE2
   917                           fsr1l	equ	0xFE1
   918                           bsr	equ	0xFE0
   919                           fsr2h	equ	0xFDA
   920                           fsr2l	equ	0xFD9
   921                           status	equ	0xFD8


Data Sizes:
    Strings     0
    Constant    0
    Data        0
    BSS         9
    Persistent  0
    Stack       0

Auto Spaces:
    Space          Size  Autos    Used
    COMRAM           94     44      53
    BANK0           160      0       0
    BANK1           256      0       0
    BANK2           256      0       0

Pointer List with Targets:

    None.

Critical Paths under _main in COMRAM

    _main->_App_Task

Critical Paths under _Interrupt_ManagerL in COMRAM

    None.

Critical Paths under _Interrupt_ManagerH in COMRAM

    None.

Critical Paths under _main in BANK0

    None.

Critical Paths under _Interrupt_ManagerL in BANK0

    None.

Critical Paths under _Interrupt_ManagerH in BANK0

    None.

Critical Paths under _main in BANK1

    None.

Critical Paths under _Interrupt_ManagerL in BANK1

    None.

Critical Paths under _Interrupt_ManagerH in BANK1

    None.

Critical Paths under _main in BANK2

    None.

Critical Paths under _Interrupt_ManagerL in BANK2

    None.

Critical Paths under _Interrupt_ManagerH in BANK2

    None.

Call Graph Tables:

 ---------------------------------------------------------------------------------
 (Depth) Function   	        Calls       Base Space   Used Autos Params    Refs
 ---------------------------------------------------------------------------------
 (0) _main                                                 0     0      0       0
                           _App_Init
                           _App_Task
                  _Oscillator_Config
                        _Timer1_Init
 ---------------------------------------------------------------------------------
 (1) _Timer1_Init                                          0     0      0       0
 ---------------------------------------------------------------------------------
 (1) _Oscillator_Config                                    0     0      0       0
 ---------------------------------------------------------------------------------
 (1) _App_Task                                             2     2      0       0
                                             42 COMRAM     2     2      0
 ---------------------------------------------------------------------------------
 (1) _App_Init                                             0     0      0       0
                         _Delay_Init
 ---------------------------------------------------------------------------------
 (2) _Delay_Init                                           0     0      0       0
 ---------------------------------------------------------------------------------
 Estimated maximum stack depth 2
 ---------------------------------------------------------------------------------
 (Depth) Function   	        Calls       Base Space   Used Autos Params    Refs
 ---------------------------------------------------------------------------------
 (3) _Interrupt_ManagerL                                  21    21      0       0
                                             21 COMRAM    21    21      0
 ---------------------------------------------------------------------------------
 Estimated maximum stack depth 3
 ---------------------------------------------------------------------------------
 (Depth) Function   	        Calls       Base Space   Used Autos Params    Refs
 ---------------------------------------------------------------------------------
 (4) _Interrupt_ManagerH                                  21    21      0       0
                                              0 COMRAM    21    21      0
                         _Timer1_ISR
 ---------------------------------------------------------------------------------
 (5) _Timer1_ISR                                           0     0      0       0
 ---------------------------------------------------------------------------------
 Estimated maximum stack depth 5
 ---------------------------------------------------------------------------------

 Call Graph Graphs:

 _main (ROOT)
   _App_Init
     _Delay_Init
   _App_Task
   _Oscillator_Config
   _Timer1_Init

 _Interrupt_ManagerL (ROOT)

 _Interrupt_ManagerH (ROOT)
   _Timer1_ISR

 Address spaces:
Name               Size   Autos  Total    Cost      Usage
BIGRAM             2FF      0       0      10        0.0%
EEDATA             100      0       0       0        0.0%
BITBANK2           100      0       0       6        0.0%
BANK2              100      0       0       7        0.0%
BITBANK1           100      0       0       9        0.0%
BANK1              100      0       0       5        0.0%
BITBANK0            A0      0       0       3        0.0%
BANK0               A0      0       0       4        0.0%
BITCOMRAM           5E      0       0       0        0.0%
COMRAM              5E     2C      35       1       56.4%
BITSFR_1             0      0       0     200        0.0%
SFR_1                0      0       0     200        0.0%
BITSFR               0      0       0     200        0.0%
SFR                  0      0       0     200        0.0%
STACK                0      0       0       2        0.0%
NULL                 0      0       0       0        0.0%
ABS                  0      0      35       8        0.0%
DATA                 0      0      35      11        0.0%
CODE                 0      0       0       0        0.0%


Microchip Technology PIC18 Macro Assembler V1.44 build -154322312 
Symbol Table                                                                                   Sun Dec 17 21:50:15 2017

                          _t 002F                           l16 0232                           u10 01C2  
                         u16 01C4                           bsr 000FE0                 __CFG_CP0$OFF 000000  
               __CFG_CP1$OFF 000000                  __CFG_LVP$ON 000000                 __CFG_CPB$OFF 000000  
                        u167 01AC                 __CFG_CPD$OFF 000000                 __CFG_BORV$19 000000  
                        wreg 000FE8         ??_Interrupt_ManagerH 0001         ??_Interrupt_ManagerL 0016  
                       i2l82 0156                         _main 0226                         fsr0h 000FEA  
                       fsr1h 000FE2                         fsr2h 000FDA                         fsr0l 000FE9  
                       fsr1l 000FE1                         fsr2l 000FD9                         btemp 0036  
                 _Delay_Init 0256                         prodh 000FF4                         prodl 000FF3  
                       start 00C6                __CFG_IESO$OFF 000000                __CFG_FOSC$IRC 000000  
              __CFG_MCLRE$ON 000000                 ___param_bank 000000                        ?_main 0001  
                      _T1CON 000FCD                __CFG_WDTEN$ON 000000               __CFG_BBSIZ$OFF 000000  
                      _TMR1H 000FCF                        _TMR1L 000FCE                __CFG_WRT0$OFF 000000  
              __CFG_WRT1$OFF 000000               __CFG_EBTR0$OFF 000000               __CFG_FCMEN$OFF 000000  
             __CFG_EBTR1$OFF 000000                __CFG_WRTB$OFF 000000                __CFG_WRTC$OFF 000000  
              __CFG_WRTD$OFF 000000               __CFG_EBTRB$OFF 000000                        pclath 000FFA  
                      tablat 000FF5                        status 000FD8                        wtemp6 0037  
           __end_of_App_Init 024C             __end_of_App_Task 01DA              __initialization 01FA  
               __end_of_main 023A                       ??_main 002D                __activetblptr 000000  
             __CFG_PLLEN$OFF 000000                  ?_Delay_Init 0001                ??_Timer1_Init 002B  
                 _Timer1_ISR 0210               __CFG_XINST$OFF 000000               __CFG_STVREN$ON 000000  
                     clear_0 0200                       tblptrh 000FF7                       tblptrl 000FF6  
                     tblptru 000FF8              __CFG_HFOFST$OFF 000000            _Oscillator_Config 024C  
                 __accesstop 0060      __end_of__initialization 0206           ?_Oscillator_Config 0001  
              ___rparam_used 000001               __pcstackCOMRAM 0001          ??_Oscillator_Config 002B  
        __end_of_Timer1_Init 01FA              __CFG_PCLKEN$OFF 000000          __size_of_Delay_Init 0006  
                  ?_App_Init 0001                    ?_App_Task 0001    __end_of_Oscillator_Config 0256  
                ?_Timer1_ISR 0001                   ??_App_Init 002B                   ??_App_Task 002B  
                    i2u11_40 011C                      i2u12_40 0128                      i2u11_48 011E  
                    i2u13_40 0134                      i2u12_48 012A                      i2u14_40 013E  
                    i2u13_48 0136                      i2u14_46 0140  __size_of_Interrupt_ManagerH 019A  
__size_of_Interrupt_ManagerL 00AE              __CFG_USBDIV$OFF 000000              __CFG_PWRTEN$OFF 000000  
                    __Hparam 0000                  _Timer1_Init 01DA                      __Lparam 0000  
                    __pcinit 01FA                      __ramtop 0300                      __ptext0 0226  
                    __ptext1 01DA                      __ptext2 024C                      __ptext3 01A2  
                    __ptext4 023A                      __ptext5 0256                      __ptext8 0210  
                  _T1CONbits 000FCD          __size_of_Timer1_ISR 0016   __size_of_Oscillator_Config 000A  
             __pintcode_body 00CA         end_of_initialization 0206                      int_func 00CA  
               ??_Delay_Init 002B                      postinc0 000FEE           __end_of_Delay_Init 025C  
                  _TRISBbits 000F93          start_initialization 01FA            __size_of_App_Init 0012  
          __size_of_App_Task 0038                 ??_Timer1_ISR 0001                  __pbssCOMRAM 002D  
         __end_of_Timer1_ISR 0226                 ?_Timer1_Init 0001                    __pintcode 0008  
                __pintcodelo 0018   __end_of_Interrupt_ManagerH 01A2   __end_of_Interrupt_ManagerL 00C6  
                   _LATBbits 000F8A                     _IPR1bits 000F9F                     _PIE1bits 000F9D  
                   _PIR1bits 000F9E                    _tickcount 002D                     _RCONbits 000FD0  
           __CFG_WDTPS$32768 000000                     _App_Init 023A                     _App_Task 01A2  
                   __Hrparam 0000                     __Lrparam 0000           __CFG_BOREN$SBORDIS 000000  
              __size_of_main 0014         __size_of_Timer1_Init 0020                     int$flags 0036  
                 _INTCONbits 000FF2                     intlevel1 0000                     intlevel2 0000  
                 _OSCCONbits 000FD3         __CFG_CPUDIV$NOCLKDIV 000000           _Interrupt_ManagerH 0008  
         _Interrupt_ManagerL 0018          ?_Interrupt_ManagerH 0001          ?_Interrupt_ManagerL 0001  
