

Microchip Technology PIC PRO Macro Assembler V1.43 build -156212558 
                                                                                               Sun Sep 03 21:55:17 2017

Microchip Technology Omniscient Code Generator v1.43 (PRO mode) build 201707250354
     1                           	processor	16F1936
     2                           	opt	pw 120
     3                           	opt	pm
     4                           	psect	cinit,global,class=CODE,merge=1,delta=2
     5                           	psect	bssCOMMON,global,class=COMMON,space=1,delta=1
     6                           	psect	cstackCOMMON,global,class=COMMON,space=1,delta=1
     7                           	psect	intentry,global,class=CODE,delta=2
     8                           	psect	text9,local,class=CODE,merge=1,delta=2
     9                           	psect	text11,local,class=CODE,merge=1,delta=2
    10                           	psect	pa_nodes0,global,class=CODE,delta=2
    11                           	dabs	1,0x7E,2
    12  0000                     
    13                           ; Version 1.43
    14                           ; Generated 25/07/2017 GMT
    15                           ; 
    16                           ; Copyright © 2017, Microchip Technology Inc. and its subsidiaries ("Microchip")
    17                           ; All rights reserved.
    18                           ; 
    19                           ; This software is developed by Microchip Technology Inc. and its subsidiaries ("Microch
      +                          ip").
    20                           ; 
    21                           ; Redistribution and use in source and binary forms, with or without modification, are
    22                           ; permitted provided that the following conditions are met:
    23                           ; 
    24                           ;     1. Redistributions of source code must retain the above copyright notice, this lis
      +                          t of
    25                           ;        conditions and the following disclaimer.
    26                           ; 
    27                           ;     2. Redistributions in binary form must reproduce the above copyright notice, this 
      +                          list
    28                           ;        of conditions and the following disclaimer in the documentation and/or other
    29                           ;        materials provided with the distribution.
    30                           ; 
    31                           ;     3. Microchip's name may not be used to endorse or promote products derived from th
      +                          is
    32                           ;        software without specific prior written permission.
    33                           ; 
    34                           ; THIS SOFTWARE IS PROVIDED BY MICROCHIP "AS IS" AND ANY EXPRESS OR IMPLIED WARRANTIES,
    35                           ; INCLUDING, BUT NOT LIMITED TO, THE IMPLIED WARRANTIES OF MERCHANTABILITY AND FITNESS F
      +                          OR
    36                           ; PURPOSE ARE DISCLAIMED.  IN NO EVENT SHALL MICROCHIP BE LIABLE FOR ANY DIRECT, INDIREC
      +                          T,
    37                           ; INCIDENTAL, SPECIAL, EXEMPLARY, OR CONSEQUENTIAL DAMAGES (INCLUDING BUT NOT LIMITED TO
    38                           ; PROCUREMENT OF SUBSTITUTE GOODS OR SERVICES; LOSS OF USE, DATA OR PROFITS; OR BUSINESS
    39                           ; INTERRUPTION) HOWSOEVER CAUSED AND ON ANY THEORY OF LIABILITY, WHETHER IN CONTRACT, ST
      +                          RICT
    40                           ; LIABILITY, OR TORT (INCLUDING NEGLIGENCE OR OTHERWISE) ARISING IN ANY WAY OUT OF THE U
      +                          SE OF
    41                           ; THIS SOFTWARE, EVEN IF ADVISED OF THE POSSIBILITY OF SUCH DAMAGE.
    42                           ; 
    43                           ; 
    44                           ; Code-generator required, PIC16F1936 Definitions
    45                           ; 
    46                           ; SFR Addresses
    47  0000                     	;# 
    48  0001                     	;# 
    49  0002                     	;# 
    50  0003                     	;# 
    51  0004                     	;# 
    52  0005                     	;# 
    53  0006                     	;# 
    54  0007                     	;# 
    55  0008                     	;# 
    56  0009                     	;# 
    57  000A                     	;# 
    58  000B                     	;# 
    59  000C                     	;# 
    60  000D                     	;# 
    61  000E                     	;# 
    62  0010                     	;# 
    63  0011                     	;# 
    64  0012                     	;# 
    65  0013                     	;# 
    66  0015                     	;# 
    67  0016                     	;# 
    68  0016                     	;# 
    69  0017                     	;# 
    70  0018                     	;# 
    71  0019                     	;# 
    72  001A                     	;# 
    73  001B                     	;# 
    74  001C                     	;# 
    75  001E                     	;# 
    76  001F                     	;# 
    77  008C                     	;# 
    78  008D                     	;# 
    79  008E                     	;# 
    80  0090                     	;# 
    81  0091                     	;# 
    82  0092                     	;# 
    83  0093                     	;# 
    84  0095                     	;# 
    85  0096                     	;# 
    86  0097                     	;# 
    87  0098                     	;# 
    88  0099                     	;# 
    89  009A                     	;# 
    90  009B                     	;# 
    91  009B                     	;# 
    92  009C                     	;# 
    93  009D                     	;# 
    94  009E                     	;# 
    95  010C                     	;# 
    96  010D                     	;# 
    97  010E                     	;# 
    98  0110                     	;# 
    99  0111                     	;# 
   100  0112                     	;# 
   101  0113                     	;# 
   102  0114                     	;# 
   103  0115                     	;# 
   104  0116                     	;# 
   105  0117                     	;# 
   106  0118                     	;# 
   107  0119                     	;# 
   108  011A                     	;# 
   109  011B                     	;# 
   110  011D                     	;# 
   111  018C                     	;# 
   112  018D                     	;# 
   113  0191                     	;# 
   114  0191                     	;# 
   115  0192                     	;# 
   116  0193                     	;# 
   117  0193                     	;# 
   118  0193                     	;# 
   119  0194                     	;# 
   120  0195                     	;# 
   121  0196                     	;# 
   122  0199                     	;# 
   123  019A                     	;# 
   124  019B                     	;# 
   125  019B                     	;# 
   126  019B                     	;# 
   127  019B                     	;# 
   128  019C                     	;# 
   129  019C                     	;# 
   130  019D                     	;# 
   131  019E                     	;# 
   132  019F                     	;# 
   133  020D                     	;# 
   134  0210                     	;# 
   135  0211                     	;# 
   136  0212                     	;# 
   137  0213                     	;# 
   138  0214                     	;# 
   139  0215                     	;# 
   140  0215                     	;# 
   141  0216                     	;# 
   142  0217                     	;# 
   143  0291                     	;# 
   144  0291                     	;# 
   145  0292                     	;# 
   146  0293                     	;# 
   147  0294                     	;# 
   148  0295                     	;# 
   149  0295                     	;# 
   150  0296                     	;# 
   151  0298                     	;# 
   152  0298                     	;# 
   153  0299                     	;# 
   154  029A                     	;# 
   155  029B                     	;# 
   156  029C                     	;# 
   157  029C                     	;# 
   158  029D                     	;# 
   159  029E                     	;# 
   160  029F                     	;# 
   161  0311                     	;# 
   162  0311                     	;# 
   163  0312                     	;# 
   164  0313                     	;# 
   165  0314                     	;# 
   166  0315                     	;# 
   167  0315                     	;# 
   168  0316                     	;# 
   169  0318                     	;# 
   170  0318                     	;# 
   171  0319                     	;# 
   172  031A                     	;# 
   173  031C                     	;# 
   174  031C                     	;# 
   175  031D                     	;# 
   176  031E                     	;# 
   177  0394                     	;# 
   178  0395                     	;# 
   179  0396                     	;# 
   180  0415                     	;# 
   181  0416                     	;# 
   182  0417                     	;# 
   183  041C                     	;# 
   184  041D                     	;# 
   185  041E                     	;# 
   186  0791                     	;# 
   187  0792                     	;# 
   188  0793                     	;# 
   189  0794                     	;# 
   190  0795                     	;# 
   191  0798                     	;# 
   192  0799                     	;# 
   193  07A0                     	;# 
   194  07A1                     	;# 
   195  07A3                     	;# 
   196  07A4                     	;# 
   197  07A6                     	;# 
   198  07A7                     	;# 
   199  07A9                     	;# 
   200  07AA                     	;# 
   201  0FE4                     	;# 
   202  0FE5                     	;# 
   203  0FE6                     	;# 
   204  0FE7                     	;# 
   205  0FE8                     	;# 
   206  0FE9                     	;# 
   207  0FEA                     	;# 
   208  0FEB                     	;# 
   209  0FED                     	;# 
   210  0FEE                     	;# 
   211  0FEF                     	;# 
   212  0000                     	;# 
   213  0001                     	;# 
   214  0002                     	;# 
   215  0003                     	;# 
   216  0004                     	;# 
   217  0005                     	;# 
   218  0006                     	;# 
   219  0007                     	;# 
   220  0008                     	;# 
   221  0009                     	;# 
   222  000A                     	;# 
   223  000B                     	;# 
   224  000C                     	;# 
   225  000D                     	;# 
   226  000E                     	;# 
   227  0010                     	;# 
   228  0011                     	;# 
   229  0012                     	;# 
   230  0013                     	;# 
   231  0015                     	;# 
   232  0016                     	;# 
   233  0016                     	;# 
   234  0017                     	;# 
   235  0018                     	;# 
   236  0019                     	;# 
   237  001A                     	;# 
   238  001B                     	;# 
   239  001C                     	;# 
   240  001E                     	;# 
   241  001F                     	;# 
   242  008C                     	;# 
   243  008D                     	;# 
   244  008E                     	;# 
   245  0090                     	;# 
   246  0091                     	;# 
   247  0092                     	;# 
   248  0093                     	;# 
   249  0095                     	;# 
   250  0096                     	;# 
   251  0097                     	;# 
   252  0098                     	;# 
   253  0099                     	;# 
   254  009A                     	;# 
   255  009B                     	;# 
   256  009B                     	;# 
   257  009C                     	;# 
   258  009D                     	;# 
   259  009E                     	;# 
   260  010C                     	;# 
   261  010D                     	;# 
   262  010E                     	;# 
   263  0110                     	;# 
   264  0111                     	;# 
   265  0112                     	;# 
   266  0113                     	;# 
   267  0114                     	;# 
   268  0115                     	;# 
   269  0116                     	;# 
   270  0117                     	;# 
   271  0118                     	;# 
   272  0119                     	;# 
   273  011A                     	;# 
   274  011B                     	;# 
   275  011D                     	;# 
   276  018C                     	;# 
   277  018D                     	;# 
   278  0191                     	;# 
   279  0191                     	;# 
   280  0192                     	;# 
   281  0193                     	;# 
   282  0193                     	;# 
   283  0193                     	;# 
   284  0194                     	;# 
   285  0195                     	;# 
   286  0196                     	;# 
   287  0199                     	;# 
   288  019A                     	;# 
   289  019B                     	;# 
   290  019B                     	;# 
   291  019B                     	;# 
   292  019B                     	;# 
   293  019C                     	;# 
   294  019C                     	;# 
   295  019D                     	;# 
   296  019E                     	;# 
   297  019F                     	;# 
   298  020D                     	;# 
   299  0210                     	;# 
   300  0211                     	;# 
   301  0212                     	;# 
   302  0213                     	;# 
   303  0214                     	;# 
   304  0215                     	;# 
   305  0215                     	;# 
   306  0216                     	;# 
   307  0217                     	;# 
   308  0291                     	;# 
   309  0291                     	;# 
   310  0292                     	;# 
   311  0293                     	;# 
   312  0294                     	;# 
   313  0295                     	;# 
   314  0295                     	;# 
   315  0296                     	;# 
   316  0298                     	;# 
   317  0298                     	;# 
   318  0299                     	;# 
   319  029A                     	;# 
   320  029B                     	;# 
   321  029C                     	;# 
   322  029C                     	;# 
   323  029D                     	;# 
   324  029E                     	;# 
   325  029F                     	;# 
   326  0311                     	;# 
   327  0311                     	;# 
   328  0312                     	;# 
   329  0313                     	;# 
   330  0314                     	;# 
   331  0315                     	;# 
   332  0315                     	;# 
   333  0316                     	;# 
   334  0318                     	;# 
   335  0318                     	;# 
   336  0319                     	;# 
   337  031A                     	;# 
   338  031C                     	;# 
   339  031C                     	;# 
   340  031D                     	;# 
   341  031E                     	;# 
   342  0394                     	;# 
   343  0395                     	;# 
   344  0396                     	;# 
   345  0415                     	;# 
   346  0416                     	;# 
   347  0417                     	;# 
   348  041C                     	;# 
   349  041D                     	;# 
   350  041E                     	;# 
   351  0791                     	;# 
   352  0792                     	;# 
   353  0793                     	;# 
   354  0794                     	;# 
   355  0795                     	;# 
   356  0798                     	;# 
   357  0799                     	;# 
   358  07A0                     	;# 
   359  07A1                     	;# 
   360  07A3                     	;# 
   361  07A4                     	;# 
   362  07A6                     	;# 
   363  07A7                     	;# 
   364  07A9                     	;# 
   365  07AA                     	;# 
   366  0FE4                     	;# 
   367  0FE5                     	;# 
   368  0FE6                     	;# 
   369  0FE7                     	;# 
   370  0FE8                     	;# 
   371  0FE9                     	;# 
   372  0FEA                     	;# 
   373  0FEB                     	;# 
   374  0FED                     	;# 
   375  0FEE                     	;# 
   376  0FEF                     	;# 
   377  0000                     	;# 
   378  0001                     	;# 
   379  0002                     	;# 
   380  0003                     	;# 
   381  0004                     	;# 
   382  0005                     	;# 
   383  0006                     	;# 
   384  0007                     	;# 
   385  0008                     	;# 
   386  0009                     	;# 
   387  000A                     	;# 
   388  000B                     	;# 
   389  000C                     	;# 
   390  000D                     	;# 
   391  000E                     	;# 
   392  0010                     	;# 
   393  0011                     	;# 
   394  0012                     	;# 
   395  0013                     	;# 
   396  0015                     	;# 
   397  0016                     	;# 
   398  0016                     	;# 
   399  0017                     	;# 
   400  0018                     	;# 
   401  0019                     	;# 
   402  001A                     	;# 
   403  001B                     	;# 
   404  001C                     	;# 
   405  001E                     	;# 
   406  001F                     	;# 
   407  008C                     	;# 
   408  008D                     	;# 
   409  008E                     	;# 
   410  0090                     	;# 
   411  0091                     	;# 
   412  0092                     	;# 
   413  0093                     	;# 
   414  0095                     	;# 
   415  0096                     	;# 
   416  0097                     	;# 
   417  0098                     	;# 
   418  0099                     	;# 
   419  009A                     	;# 
   420  009B                     	;# 
   421  009B                     	;# 
   422  009C                     	;# 
   423  009D                     	;# 
   424  009E                     	;# 
   425  010C                     	;# 
   426  010D                     	;# 
   427  010E                     	;# 
   428  0110                     	;# 
   429  0111                     	;# 
   430  0112                     	;# 
   431  0113                     	;# 
   432  0114                     	;# 
   433  0115                     	;# 
   434  0116                     	;# 
   435  0117                     	;# 
   436  0118                     	;# 
   437  0119                     	;# 
   438  011A                     	;# 
   439  011B                     	;# 
   440  011D                     	;# 
   441  018C                     	;# 
   442  018D                     	;# 
   443  0191                     	;# 
   444  0191                     	;# 
   445  0192                     	;# 
   446  0193                     	;# 
   447  0193                     	;# 
   448  0193                     	;# 
   449  0194                     	;# 
   450  0195                     	;# 
   451  0196                     	;# 
   452  0199                     	;# 
   453  019A                     	;# 
   454  019B                     	;# 
   455  019B                     	;# 
   456  019B                     	;# 
   457  019B                     	;# 
   458  019C                     	;# 
   459  019C                     	;# 
   460  019D                     	;# 
   461  019E                     	;# 
   462  019F                     	;# 
   463  020D                     	;# 
   464  0210                     	;# 
   465  0211                     	;# 
   466  0212                     	;# 
   467  0213                     	;# 
   468  0214                     	;# 
   469  0215                     	;# 
   470  0215                     	;# 
   471  0216                     	;# 
   472  0217                     	;# 
   473  0291                     	;# 
   474  0291                     	;# 
   475  0292                     	;# 
   476  0293                     	;# 
   477  0294                     	;# 
   478  0295                     	;# 
   479  0295                     	;# 
   480  0296                     	;# 
   481  0298                     	;# 
   482  0298                     	;# 
   483  0299                     	;# 
   484  029A                     	;# 
   485  029B                     	;# 
   486  029C                     	;# 
   487  029C                     	;# 
   488  029D                     	;# 
   489  029E                     	;# 
   490  029F                     	;# 
   491  0311                     	;# 
   492  0311                     	;# 
   493  0312                     	;# 
   494  0313                     	;# 
   495  0314                     	;# 
   496  0315                     	;# 
   497  0315                     	;# 
   498  0316                     	;# 
   499  0318                     	;# 
   500  0318                     	;# 
   501  0319                     	;# 
   502  031A                     	;# 
   503  031C                     	;# 
   504  031C                     	;# 
   505  031D                     	;# 
   506  031E                     	;# 
   507  0394                     	;# 
   508  0395                     	;# 
   509  0396                     	;# 
   510  0415                     	;# 
   511  0416                     	;# 
   512  0417                     	;# 
   513  041C                     	;# 
   514  041D                     	;# 
   515  041E                     	;# 
   516  0791                     	;# 
   517  0792                     	;# 
   518  0793                     	;# 
   519  0794                     	;# 
   520  0795                     	;# 
   521  0798                     	;# 
   522  0799                     	;# 
   523  07A0                     	;# 
   524  07A1                     	;# 
   525  07A3                     	;# 
   526  07A4                     	;# 
   527  07A6                     	;# 
   528  07A7                     	;# 
   529  07A9                     	;# 
   530  07AA                     	;# 
   531  0FE4                     	;# 
   532  0FE5                     	;# 
   533  0FE6                     	;# 
   534  0FE7                     	;# 
   535  0FE8                     	;# 
   536  0FE9                     	;# 
   537  0FEA                     	;# 
   538  0FEB                     	;# 
   539  0FED                     	;# 
   540  0FEE                     	;# 
   541  0FEF                     	;# 
   542  0000                     	;# 
   543  0001                     	;# 
   544  0002                     	;# 
   545  0003                     	;# 
   546  0004                     	;# 
   547  0005                     	;# 
   548  0006                     	;# 
   549  0007                     	;# 
   550  0008                     	;# 
   551  0009                     	;# 
   552  000A                     	;# 
   553  000B                     	;# 
   554  000C                     	;# 
   555  000D                     	;# 
   556  000E                     	;# 
   557  0010                     	;# 
   558  0011                     	;# 
   559  0012                     	;# 
   560  0013                     	;# 
   561  0015                     	;# 
   562  0016                     	;# 
   563  0016                     	;# 
   564  0017                     	;# 
   565  0018                     	;# 
   566  0019                     	;# 
   567  001A                     	;# 
   568  001B                     	;# 
   569  001C                     	;# 
   570  001E                     	;# 
   571  001F                     	;# 
   572  008C                     	;# 
   573  008D                     	;# 
   574  008E                     	;# 
   575  0090                     	;# 
   576  0091                     	;# 
   577  0092                     	;# 
   578  0093                     	;# 
   579  0095                     	;# 
   580  0096                     	;# 
   581  0097                     	;# 
   582  0098                     	;# 
   583  0099                     	;# 
   584  009A                     	;# 
   585  009B                     	;# 
   586  009B                     	;# 
   587  009C                     	;# 
   588  009D                     	;# 
   589  009E                     	;# 
   590  010C                     	;# 
   591  010D                     	;# 
   592  010E                     	;# 
   593  0110                     	;# 
   594  0111                     	;# 
   595  0112                     	;# 
   596  0113                     	;# 
   597  0114                     	;# 
   598  0115                     	;# 
   599  0116                     	;# 
   600  0117                     	;# 
   601  0118                     	;# 
   602  0119                     	;# 
   603  011A                     	;# 
   604  011B                     	;# 
   605  011D                     	;# 
   606  018C                     	;# 
   607  018D                     	;# 
   608  0191                     	;# 
   609  0191                     	;# 
   610  0192                     	;# 
   611  0193                     	;# 
   612  0193                     	;# 
   613  0193                     	;# 
   614  0194                     	;# 
   615  0195                     	;# 
   616  0196                     	;# 
   617  0199                     	;# 
   618  019A                     	;# 
   619  019B                     	;# 
   620  019B                     	;# 
   621  019B                     	;# 
   622  019B                     	;# 
   623  019C                     	;# 
   624  019C                     	;# 
   625  019D                     	;# 
   626  019E                     	;# 
   627  019F                     	;# 
   628  020D                     	;# 
   629  0210                     	;# 
   630  0211                     	;# 
   631  0212                     	;# 
   632  0213                     	;# 
   633  0214                     	;# 
   634  0215                     	;# 
   635  0215                     	;# 
   636  0216                     	;# 
   637  0217                     	;# 
   638  0291                     	;# 
   639  0291                     	;# 
   640  0292                     	;# 
   641  0293                     	;# 
   642  0294                     	;# 
   643  0295                     	;# 
   644  0295                     	;# 
   645  0296                     	;# 
   646  0298                     	;# 
   647  0298                     	;# 
   648  0299                     	;# 
   649  029A                     	;# 
   650  029B                     	;# 
   651  029C                     	;# 
   652  029C                     	;# 
   653  029D                     	;# 
   654  029E                     	;# 
   655  029F                     	;# 
   656  0311                     	;# 
   657  0311                     	;# 
   658  0312                     	;# 
   659  0313                     	;# 
   660  0314                     	;# 
   661  0315                     	;# 
   662  0315                     	;# 
   663  0316                     	;# 
   664  0318                     	;# 
   665  0318                     	;# 
   666  0319                     	;# 
   667  031A                     	;# 
   668  031C                     	;# 
   669  031C                     	;# 
   670  031D                     	;# 
   671  031E                     	;# 
   672  0394                     	;# 
   673  0395                     	;# 
   674  0396                     	;# 
   675  0415                     	;# 
   676  0416                     	;# 
   677  0417                     	;# 
   678  041C                     	;# 
   679  041D                     	;# 
   680  041E                     	;# 
   681  0791                     	;# 
   682  0792                     	;# 
   683  0793                     	;# 
   684  0794                     	;# 
   685  0795                     	;# 
   686  0798                     	;# 
   687  0799                     	;# 
   688  07A0                     	;# 
   689  07A1                     	;# 
   690  07A3                     	;# 
   691  07A4                     	;# 
   692  07A6                     	;# 
   693  07A7                     	;# 
   694  07A9                     	;# 
   695  07AA                     	;# 
   696  0FE4                     	;# 
   697  0FE5                     	;# 
   698  0FE6                     	;# 
   699  0FE7                     	;# 
   700  0FE8                     	;# 
   701  0FE9                     	;# 
   702  0FEA                     	;# 
   703  0FEB                     	;# 
   704  0FED                     	;# 
   705  0FEE                     	;# 
   706  0FEF                     	;# 
   707  0000                     	;# 
   708  0001                     	;# 
   709  0002                     	;# 
   710  0003                     	;# 
   711  0004                     	;# 
   712  0005                     	;# 
   713  0006                     	;# 
   714  0007                     	;# 
   715  0008                     	;# 
   716  0009                     	;# 
   717  000A                     	;# 
   718  000B                     	;# 
   719  000C                     	;# 
   720  000D                     	;# 
   721  000E                     	;# 
   722  0010                     	;# 
   723  0011                     	;# 
   724  0012                     	;# 
   725  0013                     	;# 
   726  0015                     	;# 
   727  0016                     	;# 
   728  0016                     	;# 
   729  0017                     	;# 
   730  0018                     	;# 
   731  0019                     	;# 
   732  001A                     	;# 
   733  001B                     	;# 
   734  001C                     	;# 
   735  001E                     	;# 
   736  001F                     	;# 
   737  008C                     	;# 
   738  008D                     	;# 
   739  008E                     	;# 
   740  0090                     	;# 
   741  0091                     	;# 
   742  0092                     	;# 
   743  0093                     	;# 
   744  0095                     	;# 
   745  0096                     	;# 
   746  0097                     	;# 
   747  0098                     	;# 
   748  0099                     	;# 
   749  009A                     	;# 
   750  009B                     	;# 
   751  009B                     	;# 
   752  009C                     	;# 
   753  009D                     	;# 
   754  009E                     	;# 
   755  010C                     	;# 
   756  010D                     	;# 
   757  010E                     	;# 
   758  0110                     	;# 
   759  0111                     	;# 
   760  0112                     	;# 
   761  0113                     	;# 
   762  0114                     	;# 
   763  0115                     	;# 
   764  0116                     	;# 
   765  0117                     	;# 
   766  0118                     	;# 
   767  0119                     	;# 
   768  011A                     	;# 
   769  011B                     	;# 
   770  011D                     	;# 
   771  018C                     	;# 
   772  018D                     	;# 
   773  0191                     	;# 
   774  0191                     	;# 
   775  0192                     	;# 
   776  0193                     	;# 
   777  0193                     	;# 
   778  0193                     	;# 
   779  0194                     	;# 
   780  0195                     	;# 
   781  0196                     	;# 
   782  0199                     	;# 
   783  019A                     	;# 
   784  019B                     	;# 
   785  019B                     	;# 
   786  019B                     	;# 
   787  019B                     	;# 
   788  019C                     	;# 
   789  019C                     	;# 
   790  019D                     	;# 
   791  019E                     	;# 
   792  019F                     	;# 
   793  020D                     	;# 
   794  0210                     	;# 
   795  0211                     	;# 
   796  0212                     	;# 
   797  0213                     	;# 
   798  0214                     	;# 
   799  0215                     	;# 
   800  0215                     	;# 
   801  0216                     	;# 
   802  0217                     	;# 
   803  0291                     	;# 
   804  0291                     	;# 
   805  0292                     	;# 
   806  0293                     	;# 
   807  0294                     	;# 
   808  0295                     	;# 
   809  0295                     	;# 
   810  0296                     	;# 
   811  0298                     	;# 
   812  0298                     	;# 
   813  0299                     	;# 
   814  029A                     	;# 
   815  029B                     	;# 
   816  029C                     	;# 
   817  029C                     	;# 
   818  029D                     	;# 
   819  029E                     	;# 
   820  029F                     	;# 
   821  0311                     	;# 
   822  0311                     	;# 
   823  0312                     	;# 
   824  0313                     	;# 
   825  0314                     	;# 
   826  0315                     	;# 
   827  0315                     	;# 
   828  0316                     	;# 
   829  0318                     	;# 
   830  0318                     	;# 
   831  0319                     	;# 
   832  031A                     	;# 
   833  031C                     	;# 
   834  031C                     	;# 
   835  031D                     	;# 
   836  031E                     	;# 
   837  0394                     	;# 
   838  0395                     	;# 
   839  0396                     	;# 
   840  0415                     	;# 
   841  0416                     	;# 
   842  0417                     	;# 
   843  041C                     	;# 
   844  041D                     	;# 
   845  041E                     	;# 
   846  0791                     	;# 
   847  0792                     	;# 
   848  0793                     	;# 
   849  0794                     	;# 
   850  0795                     	;# 
   851  0798                     	;# 
   852  0799                     	;# 
   853  07A0                     	;# 
   854  07A1                     	;# 
   855  07A3                     	;# 
   856  07A4                     	;# 
   857  07A6                     	;# 
   858  07A7                     	;# 
   859  07A9                     	;# 
   860  07AA                     	;# 
   861  0FE4                     	;# 
   862  0FE5                     	;# 
   863  0FE6                     	;# 
   864  0FE7                     	;# 
   865  0FE8                     	;# 
   866  0FE9                     	;# 
   867  0FEA                     	;# 
   868  0FEB                     	;# 
   869  0FED                     	;# 
   870  0FEE                     	;# 
   871  0FEF                     	;# 
   872  000B                     _INTCONbits	set	11
   873  0018                     _T1CONbits	set	24
   874  0011                     _PIR1bits	set	17
   875  0016                     _TMR1L	set	22
   876  0017                     _TMR1H	set	23
   877  0019                     _T1GCON	set	25
   878  0018                     _T1CON	set	24
   879  0095                     _OPTION_REGbits	set	149
   880  008E                     _TRISC	set	142
   881  008D                     _TRISB	set	141
   882  008C                     _TRISA	set	140
   883  0090                     _TRISE	set	144
   884  0097                     _WDTCON	set	151
   885  0098                     _OSCTUNE	set	152
   886  0099                     _OSCCON	set	153
   887  0091                     _PIE1bits	set	145
   888  04D6                     _PLLR	set	1238
   889  011D                     _APFCON	set	285
   890  010E                     _LATC	set	270
   891  010D                     _LATB	set	269
   892  010C                     _LATA	set	268
   893  0110                     _LATE	set	272
   894  010E                     _LATCbits	set	270
   895  018C                     _ANSELA	set	396
   896  018D                     _ANSELB	set	397
   897  020D                     _WPUB	set	525
   898  0210                     _WPUE	set	528
   899                           
   900                           ; #config settings
   901  0000                     
   902                           	psect	cinit
   903  0014                     start_initialization:	
   904  0014                     __initialization:	
   905                           
   906                           ; Clear objects allocated to COMMON
   907  0014  01F0               	clrf	__pbssCOMMON& (0+127)
   908  0015  01F1               	clrf	(__pbssCOMMON+1)& (0+127)
   909  0016  01F2               	clrf	(__pbssCOMMON+2)& (0+127)
   910  0017  01F3               	clrf	(__pbssCOMMON+3)& (0+127)
   911  0018  01F4               	clrf	(__pbssCOMMON+4)& (0+127)
   912  0019  01F5               	clrf	(__pbssCOMMON+5)& (0+127)
   913  001A                     end_of_initialization:	
   914                           ;End of C runtime variable initialization code
   915                           
   916  001A                     __end_of__initialization:	
   917  001A  107E               	bcf	126,0	;clear compiler interrupt flag (level 1)
   918  001B  0020               	movlb	0
   919  001C  281D               	ljmp	_main	;jump to C main() function
   920  001D                     __pmaintext:	
   921                           ; 1 bytes @ 0x2
   922 ;;
   923 ;;Main: autosize = 0, tempsize = 0, incstack = 0, save=0
   924 ;;
   925 ;; *************** function _main *****************
   926 ;; Defined at:
   927 ;;		line 3 in file "main.c"
   928 ;; Parameters:    Size  Location     Type
   929 ;;		None
   930 ;; Auto vars:     Size  Location     Type
   931 ;;		None
   932 ;; Return value:  Size  Location     Type
   933 ;;                  1    wreg      void 
   934 ;; Registers used:
   935 ;;		wreg, status,2, status,0, pclath, cstack
   936 ;; Tracked objects:
   937 ;;		On entry : B1F/0
   938 ;;		On exit  : B1F/0
   939 ;;		Unchanged: B00/0
   940 ;; Data sizes:     COMMON   BANK0   BANK1   BANK2   BANK3   BANK4   BANK5   BANK6
   941 ;;      Params:         0       0       0       0       0       0       0       0
   942 ;;      Locals:         0       0       0       0       0       0       0       0
   943 ;;      Temps:          0       0       0       0       0       0       0       0
   944 ;;      Totals:         0       0       0       0       0       0       0       0
   945 ;;Total ram usage:        0 bytes
   946 ;; Hardware stack levels required when called:    7
   947 ;; This function calls:
   948 ;;		_SYSTEM_Initialize
   949 ;; This function is called by:
   950 ;;		Startup code after reset
   951 ;; This function uses a non-reentrant model
   952 ;;
   953                           
   954                           
   955                           ;psect for function _main
   956  001D                     _main:	
   957                           
   958                           ;main.c: 5: SYSTEM_Initialize();
   959                           
   960                           ;incstack = 0
   961                           ; Regs used in _main: [wreg+status,2+status,0+pclath+cstack]
   962  001D  2022  3180         	fcall	_SYSTEM_Initialize
   963                           
   964                           ;main.c: 7: (INTCONbits.GIE = 1);
   965  001F  178B               	bsf	11,7	;volatile
   966                           
   967                           ;main.c: 10: (INTCONbits.PEIE = 1);
   968  0020  170B               	bsf	11,6	;volatile
   969  0021                     l126:	
   970                           ;main.c: 18: while(1)
   971                           
   972                           
   973                           ;main.c: 19: {
   974  0021  2821               	goto	l126
   975  0022                     __end_of_main:	
   976  0022                     __ptext1:	
   977 ;; *************** function _SYSTEM_Initialize *****************
   978 ;; Defined at:
   979 ;;		line 70 in file "mcc_generated_files/mcc.c"
   980 ;; Parameters:    Size  Location     Type
   981 ;;		None
   982 ;; Auto vars:     Size  Location     Type
   983 ;;		None
   984 ;; Return value:  Size  Location     Type
   985 ;;                  1    wreg      void 
   986 ;; Registers used:
   987 ;;		wreg, status,2, status,0, pclath, cstack
   988 ;; Tracked objects:
   989 ;;		On entry : B1F/0
   990 ;;		On exit  : B1F/0
   991 ;;		Unchanged: B00/0
   992 ;; Data sizes:     COMMON   BANK0   BANK1   BANK2   BANK3   BANK4   BANK5   BANK6
   993 ;;      Params:         0       0       0       0       0       0       0       0
   994 ;;      Locals:         0       0       0       0       0       0       0       0
   995 ;;      Temps:          0       0       0       0       0       0       0       0
   996 ;;      Totals:         0       0       0       0       0       0       0       0
   997 ;;Total ram usage:        0 bytes
   998 ;; Hardware stack levels used:    1
   999 ;; Hardware stack levels required when called:    6
  1000 ;; This function calls:
  1001 ;;		_OSCILLATOR_Initialize
  1002 ;;		_PIN_MANAGER_Initialize
  1003 ;;		_TMR1_Initialize
  1004 ;;		_WDT_Initialize
  1005 ;; This function is called by:
  1006 ;;		_main
  1007 ;; This function uses a non-reentrant model
  1008 ;;
  1009                           
  1010                           
  1011                           ;psect for function _SYSTEM_Initialize
  1012  0022                     _SYSTEM_Initialize:	
  1013                           
  1014                           ;mcc.c: 73: PIN_MANAGER_Initialize();
  1015                           
  1016                           ;incstack = 0
  1017                           ; Regs used in _SYSTEM_Initialize: [wreg+status,2+status,0+pclath+cstack]
  1018  0022  2030  3180         	fcall	_PIN_MANAGER_Initialize
  1019                           
  1020                           ;mcc.c: 74: OSCILLATOR_Initialize();
  1021  0024  2029  3180         	fcall	_OSCILLATOR_Initialize
  1022                           
  1023                           ;mcc.c: 75: WDT_Initialize();
  1024  0026  2062  3180         	fcall	_WDT_Initialize
  1025                           
  1026                           ;mcc.c: 76: TMR1_Initialize();
  1027  0028  284B               	ljmp	l711
  1028  0029                     __end_of_SYSTEM_Initialize:	
  1029  0029                     __ptext7:	
  1030 ;; *************** function _OSCILLATOR_Initialize *****************
  1031 ;; Defined at:
  1032 ;;		line 79 in file "mcc_generated_files/mcc.c"
  1033 ;; Parameters:    Size  Location     Type
  1034 ;;		None
  1035 ;; Auto vars:     Size  Location     Type
  1036 ;;		None
  1037 ;; Return value:  Size  Location     Type
  1038 ;;                  1    wreg      void 
  1039 ;; Registers used:
  1040 ;;		wreg, status,2
  1041 ;; Tracked objects:
  1042 ;;		On entry : B1F/2
  1043 ;;		On exit  : B1F/1
  1044 ;;		Unchanged: B00/0
  1045 ;; Data sizes:     COMMON   BANK0   BANK1   BANK2   BANK3   BANK4   BANK5   BANK6
  1046 ;;      Params:         0       0       0       0       0       0       0       0
  1047 ;;      Locals:         0       0       0       0       0       0       0       0
  1048 ;;      Temps:          0       0       0       0       0       0       0       0
  1049 ;;      Totals:         0       0       0       0       0       0       0       0
  1050 ;;Total ram usage:        0 bytes
  1051 ;; Hardware stack levels used:    1
  1052 ;; Hardware stack levels required when called:    4
  1053 ;; This function calls:
  1054 ;;		Nothing
  1055 ;; This function is called by:
  1056 ;;		_SYSTEM_Initialize
  1057 ;; This function uses a non-reentrant model
  1058 ;;
  1059                           
  1060                           
  1061                           ;psect for function _OSCILLATOR_Initialize
  1062  0029                     _OSCILLATOR_Initialize:	
  1063                           
  1064                           ;mcc.c: 82: OSCCON = 0x70;
  1065                           
  1066                           ;incstack = 0
  1067                           ; Regs used in _OSCILLATOR_Initialize: [wreg+status,2]
  1068  0029  3070               	movlw	112
  1069  002A  0021               	movlb	1	; select bank1
  1070  002B  0099               	movwf	25	;volatile
  1071                           
  1072                           ;mcc.c: 84: OSCTUNE = 0x00;
  1073  002C  0198               	clrf	24	;volatile
  1074  002D                     l111:	
  1075                           ;mcc.c: 87: {
  1076                           
  1077  002D  1B1A               	btfsc	26,6	;volatile
  1078  002E  0008               	return
  1079  002F  282D               	goto	l111
  1080  0030                     __end_of_OSCILLATOR_Initialize:	
  1081  0030                     __ptext6:	
  1082 ;; *************** function _PIN_MANAGER_Initialize *****************
  1083 ;; Defined at:
  1084 ;;		line 52 in file "mcc_generated_files/pin_manager.c"
  1085 ;; Parameters:    Size  Location     Type
  1086 ;;		None
  1087 ;; Auto vars:     Size  Location     Type
  1088 ;;		None
  1089 ;; Return value:  Size  Location     Type
  1090 ;;                  1    wreg      void 
  1091 ;; Registers used:
  1092 ;;		wreg, status,2
  1093 ;; Tracked objects:
  1094 ;;		On entry : B1F/0
  1095 ;;		On exit  : B1F/2
  1096 ;;		Unchanged: B00/0
  1097 ;; Data sizes:     COMMON   BANK0   BANK1   BANK2   BANK3   BANK4   BANK5   BANK6
  1098 ;;      Params:         0       0       0       0       0       0       0       0
  1099 ;;      Locals:         0       0       0       0       0       0       0       0
  1100 ;;      Temps:          0       0       0       0       0       0       0       0
  1101 ;;      Totals:         0       0       0       0       0       0       0       0
  1102 ;;Total ram usage:        0 bytes
  1103 ;; Hardware stack levels used:    1
  1104 ;; Hardware stack levels required when called:    4
  1105 ;; This function calls:
  1106 ;;		Nothing
  1107 ;; This function is called by:
  1108 ;;		_SYSTEM_Initialize
  1109 ;; This function uses a non-reentrant model
  1110 ;;
  1111                           
  1112                           
  1113                           ;psect for function _PIN_MANAGER_Initialize
  1114  0030                     _PIN_MANAGER_Initialize:	
  1115                           
  1116                           ;pin_manager.c: 57: LATE = 0x00;
  1117                           
  1118                           ;incstack = 0
  1119                           ; Regs used in _PIN_MANAGER_Initialize: [wreg+status,2]
  1120  0030  0022               	movlb	2	; select bank2
  1121  0031  0190               	clrf	16	;volatile
  1122                           
  1123                           ;pin_manager.c: 58: LATA = 0x00;
  1124  0032  018C               	clrf	12	;volatile
  1125                           
  1126                           ;pin_manager.c: 59: LATB = 0x00;
  1127  0033  018D               	clrf	13	;volatile
  1128                           
  1129                           ;pin_manager.c: 60: LATC = 0x00;
  1130  0034  018E               	clrf	14	;volatile
  1131                           
  1132                           ;pin_manager.c: 65: TRISE = 0x08;
  1133  0035  3008               	movlw	8
  1134  0036  0021               	movlb	1	; select bank1
  1135  0037  0090               	movwf	16	;volatile
  1136                           
  1137                           ;pin_manager.c: 66: TRISA = 0xFF;
  1138  0038  30FF               	movlw	255
  1139  0039  008C               	movwf	12	;volatile
  1140                           
  1141                           ;pin_manager.c: 67: TRISB = 0xFF;
  1142  003A  008D               	movwf	13	;volatile
  1143                           
  1144                           ;pin_manager.c: 68: TRISC = 0xFB;
  1145  003B  30FB               	movlw	251
  1146  003C  008E               	movwf	14	;volatile
  1147                           
  1148                           ;pin_manager.c: 73: ANSELB = 0x3F;
  1149  003D  303F               	movlw	63
  1150  003E  0023               	movlb	3	; select bank3
  1151  003F  008D               	movwf	13	;volatile
  1152                           
  1153                           ;pin_manager.c: 74: ANSELA = 0x3F;
  1154  0040  008C               	movwf	12	;volatile
  1155                           
  1156                           ;pin_manager.c: 79: WPUE = 0x08;
  1157  0041  3008               	movlw	8
  1158  0042  0024               	movlb	4	; select bank4
  1159  0043  0090               	movwf	16	;volatile
  1160                           
  1161                           ;pin_manager.c: 80: WPUB = 0xFF;
  1162  0044  30FF               	movlw	255
  1163  0045  008D               	movwf	13	;volatile
  1164                           
  1165                           ;pin_manager.c: 81: OPTION_REGbits.nWPUEN = 0;
  1166  0046  0021               	movlb	1	; select bank1
  1167  0047  1395               	bcf	21,7	;volatile
  1168                           
  1169                           ;pin_manager.c: 87: APFCON = 0x00;
  1170  0048  0022               	movlb	2	; select bank2
  1171  0049  019D               	clrf	29	;volatile
  1172  004A  0008               	return
  1173  004B                     __end_of_PIN_MANAGER_Initialize:	
  1174  004B                     __ptext3:	
  1175 ;; *************** function _TMR1_Initialize *****************
  1176 ;; Defined at:
  1177 ;;		line 64 in file "mcc_generated_files/tmr1.c"
  1178 ;; Parameters:    Size  Location     Type
  1179 ;;		None
  1180 ;; Auto vars:     Size  Location     Type
  1181 ;;		None
  1182 ;; Return value:  Size  Location     Type
  1183 ;;                  1    wreg      void 
  1184 ;; Registers used:
  1185 ;;		wreg, status,2, status,0, pclath, cstack
  1186 ;; Tracked objects:
  1187 ;;		On entry : B1F/1
  1188 ;;		On exit  : B1F/0
  1189 ;;		Unchanged: B00/0
  1190 ;; Data sizes:     COMMON   BANK0   BANK1   BANK2   BANK3   BANK4   BANK5   BANK6
  1191 ;;      Params:         0       0       0       0       0       0       0       0
  1192 ;;      Locals:         0       0       0       0       0       0       0       0
  1193 ;;      Temps:          0       0       0       0       0       0       0       0
  1194 ;;      Totals:         0       0       0       0       0       0       0       0
  1195 ;;Total ram usage:        0 bytes
  1196 ;; Hardware stack levels used:    1
  1197 ;; Hardware stack levels required when called:    5
  1198 ;; This function calls:
  1199 ;;		_TMR1_SetInterruptHandler
  1200 ;;		_TMR1_StartTimer
  1201 ;; This function is called by:
  1202 ;;		_SYSTEM_Initialize
  1203 ;; This function uses a non-reentrant model
  1204 ;;
  1205                           
  1206                           
  1207                           ;psect for function _TMR1_Initialize
  1208  004B                     _TMR1_Initialize:	
  1209  004B                     l711:	
  1210                           ;incstack = 0
  1211                           ; Regs used in _TMR1_Initialize: [wreg+status,2+status,0+pclath+cstack]
  1212                           
  1213                           
  1214                           ;tmr1.c: 69: T1CON = 0x30;
  1215  004B  3030               	movlw	48
  1216  004C  0020               	movlb	0	; select bank0
  1217  004D  0098               	movwf	24	;volatile
  1218                           
  1219                           ;tmr1.c: 72: T1GCON = 0x00;
  1220  004E  0199               	clrf	25	;volatile
  1221                           
  1222                           ;tmr1.c: 75: TMR1H = 0x3C;
  1223  004F  303C               	movlw	60
  1224  0050  0097               	movwf	23	;volatile
  1225                           
  1226                           ;tmr1.c: 78: TMR1L = 0xB0;
  1227  0051  30B0               	movlw	176
  1228  0052  0096               	movwf	22	;volatile
  1229                           
  1230                           ;tmr1.c: 81: timer1ReloadVal=(uint16_t)((TMR1H << 8) | TMR1L);
  1231  0053  0817               	movf	23,w	;volatile
  1232  0054  00F5               	movwf	_timer1ReloadVal+1	;volatile
  1233  0055  01F4               	clrf	_timer1ReloadVal	;volatile
  1234  0056  0816               	movf	22,w	;volatile
  1235  0057  04F4               	iorwf	_timer1ReloadVal,f	;volatile
  1236                           
  1237                           ;tmr1.c: 84: PIR1bits.TMR1IF = 0;
  1238  0058  1011               	bcf	17,0	;volatile
  1239                           
  1240                           ;tmr1.c: 87: PIE1bits.TMR1IE = 1;
  1241  0059  0021               	movlb	1	; select bank1
  1242  005A  1411               	bsf	17,0	;volatile
  1243                           
  1244                           ;tmr1.c: 90: TMR1_SetInterruptHandler(TMR1_DefaultInterruptHandler);
  1245  005B  308A               	movlw	low _TMR1_DefaultInterruptHandler
  1246  005C  00F6               	movwf	TMR1_SetInterruptHandler@InterruptHandler
  1247  005D  3000               	movlw	high _TMR1_DefaultInterruptHandler
  1248  005E  00F7               	movwf	TMR1_SetInterruptHandler@InterruptHandler+1
  1249  005F  2065  3180         	fcall	_TMR1_SetInterruptHandler
  1250                           
  1251                           ;tmr1.c: 93: TMR1_StartTimer();
  1252  0061  286A               	ljmp	l629
  1253  0062                     __end_of_TMR1_Initialize:	
  1254  0062                     __ptext2:	
  1255 ;; *************** function _WDT_Initialize *****************
  1256 ;; Defined at:
  1257 ;;		line 91 in file "mcc_generated_files/mcc.c"
  1258 ;; Parameters:    Size  Location     Type
  1259 ;;		None
  1260 ;; Auto vars:     Size  Location     Type
  1261 ;;		None
  1262 ;; Return value:  Size  Location     Type
  1263 ;;                  1    wreg      void 
  1264 ;; Registers used:
  1265 ;;		wreg
  1266 ;; Tracked objects:
  1267 ;;		On entry : B1F/1
  1268 ;;		On exit  : B1F/1
  1269 ;;		Unchanged: B00/0
  1270 ;; Data sizes:     COMMON   BANK0   BANK1   BANK2   BANK3   BANK4   BANK5   BANK6
  1271 ;;      Params:         0       0       0       0       0       0       0       0
  1272 ;;      Locals:         0       0       0       0       0       0       0       0
  1273 ;;      Temps:          0       0       0       0       0       0       0       0
  1274 ;;      Totals:         0       0       0       0       0       0       0       0
  1275 ;;Total ram usage:        0 bytes
  1276 ;; Hardware stack levels used:    1
  1277 ;; Hardware stack levels required when called:    4
  1278 ;; This function calls:
  1279 ;;		Nothing
  1280 ;; This function is called by:
  1281 ;;		_SYSTEM_Initialize
  1282 ;; This function uses a non-reentrant model
  1283 ;;
  1284                           
  1285                           
  1286                           ;psect for function _WDT_Initialize
  1287  0062                     _WDT_Initialize:	
  1288                           
  1289                           ;mcc.c: 94: WDTCON = 0x16;
  1290                           
  1291                           ;incstack = 0
  1292                           ; Regs used in _WDT_Initialize: [wreg]
  1293  0062  3016               	movlw	22
  1294  0063  0097               	movwf	23	;volatile
  1295  0064  0008               	return
  1296  0065                     __end_of_WDT_Initialize:	
  1297  0065                     __ptext5:	
  1298 ;; *************** function _TMR1_SetInterruptHandler *****************
  1299 ;; Defined at:
  1300 ;;		line 191 in file "mcc_generated_files/tmr1.c"
  1301 ;; Parameters:    Size  Location     Type
  1302 ;;  InterruptHan    2    0[COMMON] PTR FTN()void 
  1303 ;;		 -> TMR1_DefaultInterruptHandler(1), 
  1304 ;; Auto vars:     Size  Location     Type
  1305 ;;		None
  1306 ;; Return value:  Size  Location     Type
  1307 ;;                  1    wreg      void 
  1308 ;; Registers used:
  1309 ;;		wreg
  1310 ;; Tracked objects:
  1311 ;;		On entry : B1F/1
  1312 ;;		On exit  : B1F/1
  1313 ;;		Unchanged: B1F/0
  1314 ;; Data sizes:     COMMON   BANK0   BANK1   BANK2   BANK3   BANK4   BANK5   BANK6
  1315 ;;      Params:         2       0       0       0       0       0       0       0
  1316 ;;      Locals:         0       0       0       0       0       0       0       0
  1317 ;;      Temps:          0       0       0       0       0       0       0       0
  1318 ;;      Totals:         2       0       0       0       0       0       0       0
  1319 ;;Total ram usage:        2 bytes
  1320 ;; Hardware stack levels used:    1
  1321 ;; Hardware stack levels required when called:    4
  1322 ;; This function calls:
  1323 ;;		Nothing
  1324 ;; This function is called by:
  1325 ;;		_TMR1_Initialize
  1326 ;; This function uses a non-reentrant model
  1327 ;;
  1328                           
  1329                           
  1330                           ;psect for function _TMR1_SetInterruptHandler
  1331  0065                     _TMR1_SetInterruptHandler:	
  1332                           
  1333                           ;tmr1.c: 192: TMR1_InterruptHandler = InterruptHandler;
  1334                           
  1335                           ;incstack = 0
  1336                           ; Regs used in _TMR1_SetInterruptHandler: [wreg]
  1337  0065  0877               	movf	TMR1_SetInterruptHandler@InterruptHandler+1,w
  1338  0066  00F3               	movwf	_TMR1_InterruptHandler+1
  1339  0067  0876               	movf	TMR1_SetInterruptHandler@InterruptHandler,w
  1340  0068  00F2               	movwf	_TMR1_InterruptHandler
  1341  0069  0008               	return
  1342  006A                     __end_of_TMR1_SetInterruptHandler:	
  1343  006A                     __ptext4:	
  1344 ;; *************** function _TMR1_StartTimer *****************
  1345 ;; Defined at:
  1346 ;;		line 96 in file "mcc_generated_files/tmr1.c"
  1347 ;; Parameters:    Size  Location     Type
  1348 ;;		None
  1349 ;; Auto vars:     Size  Location     Type
  1350 ;;		None
  1351 ;; Return value:  Size  Location     Type
  1352 ;;                  1    wreg      void 
  1353 ;; Registers used:
  1354 ;;		None
  1355 ;; Tracked objects:
  1356 ;;		On entry : B1F/1
  1357 ;;		On exit  : B1F/0
  1358 ;;		Unchanged: B00/0
  1359 ;; Data sizes:     COMMON   BANK0   BANK1   BANK2   BANK3   BANK4   BANK5   BANK6
  1360 ;;      Params:         0       0       0       0       0       0       0       0
  1361 ;;      Locals:         0       0       0       0       0       0       0       0
  1362 ;;      Temps:          0       0       0       0       0       0       0       0
  1363 ;;      Totals:         0       0       0       0       0       0       0       0
  1364 ;;Total ram usage:        0 bytes
  1365 ;; Hardware stack levels used:    1
  1366 ;; Hardware stack levels required when called:    4
  1367 ;; This function calls:
  1368 ;;		Nothing
  1369 ;; This function is called by:
  1370 ;;		_TMR1_Initialize
  1371 ;; This function uses a non-reentrant model
  1372 ;;
  1373                           
  1374                           
  1375                           ;psect for function _TMR1_StartTimer
  1376  006A                     _TMR1_StartTimer:	
  1377  006A                     l629:	
  1378                           ;incstack = 0
  1379                           ; Regs used in _TMR1_StartTimer: []
  1380                           
  1381                           
  1382                           ;tmr1.c: 99: T1CONbits.TMR1ON = 1;
  1383  006A  0020               	movlb	0	; select bank0
  1384  006B  1418               	bsf	24,0	;volatile
  1385  006C  0008               	return
  1386  006D                     __end_of_TMR1_StartTimer:	
  1387                           
  1388                           	psect	bssCOMMON
  1389  0070                     __pbssCOMMON:	
  1390  0070                     TMR1_ISR@CountCallBack:	
  1391  0070                     	ds	2
  1392  0072                     _TMR1_InterruptHandler:	
  1393  0072                     	ds	2
  1394  0074                     _timer1ReloadVal:	
  1395  0074                     	ds	2
  1396                           
  1397                           	psect	cstackCOMMON
  1398  0076                     __pcstackCOMMON:	
  1399  0076                     ?_TMR1_SetInterruptHandler:	
  1400  0076                     ?_TMR1_DefaultInterruptHandler:	
  1401                           ; 1 bytes @ 0x0
  1402                           
  1403  0076                     ??_TMR1_DefaultInterruptHandler:	
  1404                           ; 1 bytes @ 0x0
  1405                           
  1406  0076                     ?_TMR1_StartTimer:	
  1407                           ; 1 bytes @ 0x0
  1408                           
  1409  0076                     ??_TMR1_StartTimer:	
  1410                           ; 1 bytes @ 0x0
  1411                           
  1412  0076                     ?_TMR1_CallBack:	
  1413                           ; 1 bytes @ 0x0
  1414                           
  1415  0076                     ??_TMR1_CallBack:	
  1416                           ; 1 bytes @ 0x0
  1417                           
  1418  0076                     ?_PIN_MANAGER_Initialize:	
  1419                           ; 1 bytes @ 0x0
  1420                           
  1421  0076                     ??_PIN_MANAGER_Initialize:	
  1422                           ; 1 bytes @ 0x0
  1423                           
  1424  0076                     ?_OSCILLATOR_Initialize:	
  1425                           ; 1 bytes @ 0x0
  1426                           
  1427  0076                     ??_OSCILLATOR_Initialize:	
  1428                           ; 1 bytes @ 0x0
  1429                           
  1430  0076                     ?_WDT_Initialize:	
  1431                           ; 1 bytes @ 0x0
  1432                           
  1433  0076                     ??_WDT_Initialize:	
  1434                           ; 1 bytes @ 0x0
  1435                           
  1436  0076                     ?_TMR1_Initialize:	
  1437                           ; 1 bytes @ 0x0
  1438                           
  1439  0076                     ?_TMR1_ISR:	
  1440                           ; 1 bytes @ 0x0
  1441                           
  1442  0076                     ??_TMR1_ISR:	
  1443                           ; 1 bytes @ 0x0
  1444                           
  1445  0076                     ?_INTERRUPT_InterruptManager:	
  1446                           ; 1 bytes @ 0x0
  1447                           
  1448  0076                     ??_INTERRUPT_InterruptManager:	
  1449                           ; 1 bytes @ 0x0
  1450                           
  1451  0076                     ?_SYSTEM_Initialize:	
  1452                           ; 1 bytes @ 0x0
  1453                           
  1454  0076                     ?_main:	
  1455                           ; 1 bytes @ 0x0
  1456                           
  1457  0076                     TMR1_SetInterruptHandler@InterruptHandler:	
  1458                           ; 1 bytes @ 0x0
  1459                           
  1460                           
  1461                           ; 2 bytes @ 0x0
  1462  0076                     	ds	2
  1463  0078                     ??_TMR1_SetInterruptHandler:	
  1464  0078                     ??_TMR1_Initialize:	
  1465                           ; 1 bytes @ 0x2
  1466                           
  1467  0078                     ??_SYSTEM_Initialize:	
  1468                           ; 1 bytes @ 0x2
  1469                           
  1470  0078                     ??_main:	
  1471                           ; 1 bytes @ 0x2
  1472                           
  1473                           
  1474                           	psect	intentry
  1475  0004                     __pintentry:	
  1476 ;; *************** function _INTERRUPT_InterruptManager *****************
  1477 ;; Defined at:
  1478 ;;		line 51 in file "mcc_generated_files/interrupt_manager.c"
  1479 ;; Parameters:    Size  Location     Type
  1480 ;;		None
  1481 ;; Auto vars:     Size  Location     Type
  1482 ;;		None
  1483 ;; Return value:  Size  Location     Type
  1484 ;;                  1    wreg      void 
  1485 ;; Registers used:
  1486 ;;		wreg, status,2, status,0, pclath, cstack
  1487 ;; Tracked objects:
  1488 ;;		On entry : 0/0
  1489 ;;		On exit  : 0/0
  1490 ;;		Unchanged: 0/0
  1491 ;; Data sizes:     COMMON   BANK0   BANK1   BANK2   BANK3   BANK4   BANK5   BANK6
  1492 ;;      Params:         0       0       0       0       0       0       0       0
  1493 ;;      Locals:         0       0       0       0       0       0       0       0
  1494 ;;      Temps:          0       0       0       0       0       0       0       0
  1495 ;;      Totals:         0       0       0       0       0       0       0       0
  1496 ;;Total ram usage:        0 bytes
  1497 ;; Hardware stack levels used:    1
  1498 ;; Hardware stack levels required when called:    3
  1499 ;; This function calls:
  1500 ;;		_TMR1_ISR
  1501 ;; This function is called by:
  1502 ;;		Interrupt level 1
  1503 ;; This function uses a non-reentrant model
  1504 ;;
  1505                           
  1506  0004                     _INTERRUPT_InterruptManager:	
  1507                           
  1508                           ;incstack = 0
  1509  0004  147E               	bsf	126,0	;set compiler interrupt flag (level 1)
  1510                           
  1511                           ; Regs used in _INTERRUPT_InterruptManager: [wreg+status,2+status,0+pclath+cstack]
  1512  0005  3180               	pagesel	$
  1513                           
  1514                           ;interrupt_manager.c: 54: if(INTCONbits.PEIE == 1 && PIE1bits.TMR1IE == 1 && PIR1bits.TM
      +                          R1IF == 1)
  1515  0006  1F0B               	btfss	11,6	;volatile
  1516  0007  2810               	goto	i1l89
  1517  0008  0021               	movlb	1	; select bank1
  1518  0009  1C11               	btfss	17,0	;volatile
  1519  000A  2810               	goto	i1l89
  1520  000B  0020               	movlb	0	; select bank0
  1521  000C  1C11               	btfss	17,0	;volatile
  1522  000D  2810               	goto	i1l89
  1523                           
  1524                           ;interrupt_manager.c: 55: {
  1525                           ;interrupt_manager.c: 56: TMR1_ISR();
  1526  000E  3180  206D         	fcall	_TMR1_ISR
  1527  0010                     i1l89:	
  1528                           ;interrupt_manager.c: 57: }
  1529                           
  1530  0010  107E               	bcf	126,0	;clear compiler interrupt flag (level 1)
  1531  0011  0009               	retfie
  1532  0012                     __end_of_INTERRUPT_InterruptManager:	
  1533                           
  1534                           	psect	text9
  1535  006D                     __ptext9:	
  1536 ;; *************** function _TMR1_ISR *****************
  1537 ;; Defined at:
  1538 ;;		line 161 in file "mcc_generated_files/tmr1.c"
  1539 ;; Parameters:    Size  Location     Type
  1540 ;;		None
  1541 ;; Auto vars:     Size  Location     Type
  1542 ;;		None
  1543 ;; Return value:  Size  Location     Type
  1544 ;;                  1    wreg      void 
  1545 ;; Registers used:
  1546 ;;		wreg, status,2, status,0, pclath, cstack
  1547 ;; Tracked objects:
  1548 ;;		On entry : 1F/0
  1549 ;;		On exit  : 0/0
  1550 ;;		Unchanged: 0/0
  1551 ;; Data sizes:     COMMON   BANK0   BANK1   BANK2   BANK3   BANK4   BANK5   BANK6
  1552 ;;      Params:         0       0       0       0       0       0       0       0
  1553 ;;      Locals:         0       0       0       0       0       0       0       0
  1554 ;;      Temps:          0       0       0       0       0       0       0       0
  1555 ;;      Totals:         0       0       0       0       0       0       0       0
  1556 ;;Total ram usage:        0 bytes
  1557 ;; Hardware stack levels used:    1
  1558 ;; Hardware stack levels required when called:    2
  1559 ;; This function calls:
  1560 ;;		_TMR1_CallBack
  1561 ;; This function is called by:
  1562 ;;		_INTERRUPT_InterruptManager
  1563 ;; This function uses a non-reentrant model
  1564 ;;
  1565                           
  1566                           
  1567                           ;psect for function _TMR1_ISR
  1568  006D                     _TMR1_ISR:	
  1569                           
  1570                           ;tmr1.c: 163: static volatile unsigned int CountCallBack = 0;
  1571                           ;tmr1.c: 166: PIR1bits.TMR1IF = 0;
  1572                           
  1573                           ;incstack = 0
  1574                           ; Regs used in _TMR1_ISR: [wreg+status,2+status,0+pclath+cstack]
  1575  006D  1011               	bcf	17,0	;volatile
  1576                           
  1577                           ;tmr1.c: 168: TMR1H = (timer1ReloadVal >> 8);
  1578  006E  0875               	movf	_timer1ReloadVal+1,w	;volatile
  1579  006F  0097               	movwf	23	;volatile
  1580                           
  1581                           ;tmr1.c: 169: TMR1L = timer1ReloadVal;
  1582  0070  0874               	movf	_timer1ReloadVal,w	;volatile
  1583  0071  0096               	movwf	22	;volatile
  1584                           
  1585                           ;tmr1.c: 172: if (++CountCallBack >= 10)
  1586  0072  0AF0               	incf	TMR1_ISR@CountCallBack,f	;volatile
  1587  0073  1903               	skipnz
  1588  0074  0AF1               	incf	TMR1_ISR@CountCallBack+1,f	;volatile
  1589  0075  3000               	movlw	0
  1590  0076  0271               	subwf	TMR1_ISR@CountCallBack+1,w	;volatile
  1591  0077  300A               	movlw	10
  1592  0078  1903               	skipnz
  1593  0079  0270               	subwf	TMR1_ISR@CountCallBack,w	;volatile
  1594  007A  1C03               	skipc
  1595  007B  0008               	return
  1596                           
  1597                           ;tmr1.c: 173: {
  1598                           ;tmr1.c: 175: TMR1_CallBack();
  1599  007C  2080               	fcall	_TMR1_CallBack
  1600                           
  1601                           ;tmr1.c: 178: CountCallBack = 0;
  1602  007D  01F0               	clrf	TMR1_ISR@CountCallBack	;volatile
  1603  007E  01F1               	clrf	TMR1_ISR@CountCallBack+1	;volatile
  1604  007F  0008               	return
  1605  0080                     __end_of_TMR1_ISR:	
  1606  0080                     __ptext10:	
  1607 ;; *************** function _TMR1_CallBack *****************
  1608 ;; Defined at:
  1609 ;;		line 182 in file "mcc_generated_files/tmr1.c"
  1610 ;; Parameters:    Size  Location     Type
  1611 ;;		None
  1612 ;; Auto vars:     Size  Location     Type
  1613 ;;		None
  1614 ;; Return value:  Size  Location     Type
  1615 ;;                  1    wreg      void 
  1616 ;; Registers used:
  1617 ;;		wreg, status,2, status,0, pclath, cstack
  1618 ;; Tracked objects:
  1619 ;;		On entry : 1F/0
  1620 ;;		On exit  : 0/0
  1621 ;;		Unchanged: 0/0
  1622 ;; Data sizes:     COMMON   BANK0   BANK1   BANK2   BANK3   BANK4   BANK5   BANK6
  1623 ;;      Params:         0       0       0       0       0       0       0       0
  1624 ;;      Locals:         0       0       0       0       0       0       0       0
  1625 ;;      Temps:          0       0       0       0       0       0       0       0
  1626 ;;      Totals:         0       0       0       0       0       0       0       0
  1627 ;;Total ram usage:        0 bytes
  1628 ;; Hardware stack levels used:    1
  1629 ;; Hardware stack levels required when called:    1
  1630 ;; This function calls:
  1631 ;;		Absolute function
  1632 ;;		_TMR1_DefaultInterruptHandler
  1633 ;; This function is called by:
  1634 ;;		_TMR1_ISR
  1635 ;; This function uses a non-reentrant model
  1636 ;;
  1637                           
  1638                           
  1639                           ;psect for function _TMR1_CallBack
  1640  0080                     _TMR1_CallBack:	
  1641                           
  1642                           ;tmr1.c: 185: if(TMR1_InterruptHandler)
  1643                           
  1644                           ;incstack = 0
  1645                           ; Regs used in _TMR1_CallBack: [wreg+status,2+status,0+pclath+cstack]
  1646  0080  0872               	movf	_TMR1_InterruptHandler,w
  1647  0081  0473               	iorwf	_TMR1_InterruptHandler+1,w
  1648  0082  1903               	btfsc	3,2
  1649  0083  0008               	return
  1650                           
  1651                           ;tmr1.c: 186: {
  1652                           ;tmr1.c: 187: TMR1_InterruptHandler();
  1653  0084  0873               	movf	_TMR1_InterruptHandler+1,w
  1654  0085  008A               	movwf	10
  1655  0086  0872               	movf	_TMR1_InterruptHandler,w
  1656  0087  000A               	callw
  1657  0088  3180               	pagesel	$
  1658  0089  0008               	return
  1659  008A                     __end_of_TMR1_CallBack:	
  1660                           
  1661                           	psect	text11
  1662  008A                     __ptext11:	
  1663 ;; *************** function _TMR1_DefaultInterruptHandler *****************
  1664 ;; Defined at:
  1665 ;;		line 195 in file "mcc_generated_files/tmr1.c"
  1666 ;; Parameters:    Size  Location     Type
  1667 ;;		None
  1668 ;; Auto vars:     Size  Location     Type
  1669 ;;		None
  1670 ;; Return value:  Size  Location     Type
  1671 ;;                  1    wreg      void 
  1672 ;; Registers used:
  1673 ;;		wreg
  1674 ;; Tracked objects:
  1675 ;;		On entry : 1F/0
  1676 ;;		On exit  : 1F/2
  1677 ;;		Unchanged: 0/0
  1678 ;; Data sizes:     COMMON   BANK0   BANK1   BANK2   BANK3   BANK4   BANK5   BANK6
  1679 ;;      Params:         0       0       0       0       0       0       0       0
  1680 ;;      Locals:         0       0       0       0       0       0       0       0
  1681 ;;      Temps:          0       0       0       0       0       0       0       0
  1682 ;;      Totals:         0       0       0       0       0       0       0       0
  1683 ;;Total ram usage:        0 bytes
  1684 ;; Hardware stack levels used:    1
  1685 ;; This function calls:
  1686 ;;		Nothing
  1687 ;; This function is called by:
  1688 ;;		_TMR1_Initialize
  1689 ;;		_TMR1_CallBack
  1690 ;; This function uses a non-reentrant model
  1691 ;;
  1692                           
  1693                           
  1694                           ;psect for function _TMR1_DefaultInterruptHandler
  1695  008A                     _TMR1_DefaultInterruptHandler:	
  1696                           
  1697                           ;incstack = 0
  1698                           ; Regs used in _TMR1_DefaultInterruptHandler: [wreg]
  1699                           ;tmr1.c: 198: do { LATCbits.LATC2 = ~LATCbits.LATC2; } while(0);
  1700  008A  3004               	movlw	4
  1701  008B  0022               	movlb	2	; select bank2
  1702  008C  068E               	xorwf	14,f	;volatile
  1703  008D  0008               	return
  1704  008E                     __end_of_TMR1_DefaultInterruptHandler:	
  1705  007E                     btemp	set	126	;btemp
  1706  007E                     int$flags	set	126
  1707  007E                     wtemp0	set	126


Data Sizes:
    Strings     0
    Constant    0
    Data        0
    BSS         6
    Persistent  0
    Stack       0

Auto Spaces:
    Space          Size  Autos    Used
    COMMON           14      2       8
    BANK0            80      0       0
    BANK1            80      0       0
    BANK2            80      0       0
    BANK3            80      0       0
    BANK4            80      0       0
    BANK5            80      0       0
    BANK6            16      0       0

Pointer List with Targets:

    TMR1_SetInterruptHandler@InterruptHandler	PTR FTN()void  size(2) Largest target is 1
		 -> TMR1_DefaultInterruptHandler(), 

    TMR1_InterruptHandler	PTR FTN()void  size(2) Largest target is 1
		 -> Absolute function(), TMR1_DefaultInterruptHandler(), 


Critical Paths under _main in COMMON

    _TMR1_Initialize->_TMR1_SetInterruptHandler

Critical Paths under _INTERRUPT_InterruptManager in COMMON

    None.

Critical Paths under _main in BANK0

    None.

Critical Paths under _INTERRUPT_InterruptManager in BANK0

    None.

Critical Paths under _main in BANK1

    None.

Critical Paths under _INTERRUPT_InterruptManager in BANK1

    None.

Critical Paths under _main in BANK2

    None.

Critical Paths under _INTERRUPT_InterruptManager in BANK2

    None.

Critical Paths under _main in BANK3

    None.

Critical Paths under _INTERRUPT_InterruptManager in BANK3

    None.

Critical Paths under _main in BANK4

    None.

Critical Paths under _INTERRUPT_InterruptManager in BANK4

    None.

Critical Paths under _main in BANK5

    None.

Critical Paths under _INTERRUPT_InterruptManager in BANK5

    None.

Critical Paths under _main in BANK6

    None.

Critical Paths under _INTERRUPT_InterruptManager in BANK6

    None.

Call Graph Tables:

 ---------------------------------------------------------------------------------
 (Depth) Function   	        Calls       Base Space   Used Autos Params    Refs
 ---------------------------------------------------------------------------------
 (0) _main                                                 0     0      0      86
                  _SYSTEM_Initialize
 ---------------------------------------------------------------------------------
 (1) _SYSTEM_Initialize                                    0     0      0      86
              _OSCILLATOR_Initialize
             _PIN_MANAGER_Initialize
                    _TMR1_Initialize
                     _WDT_Initialize
 ---------------------------------------------------------------------------------
 (2) _WDT_Initialize                                       0     0      0       0
 ---------------------------------------------------------------------------------
 (2) _TMR1_Initialize                                      0     0      0      86
           _TMR1_SetInterruptHandler
                    _TMR1_StartTimer
 ---------------------------------------------------------------------------------
 (3) _TMR1_StartTimer                                      0     0      0       0
 ---------------------------------------------------------------------------------
 (3) _TMR1_SetInterruptHandler                             2     0      2      86
                                              0 COMMON     2     0      2
 ---------------------------------------------------------------------------------
 (2) _PIN_MANAGER_Initialize                               0     0      0       0
 ---------------------------------------------------------------------------------
 (2) _OSCILLATOR_Initialize                                0     0      0       0
 ---------------------------------------------------------------------------------
 Estimated maximum stack depth 3
 ---------------------------------------------------------------------------------
 (Depth) Function   	        Calls       Base Space   Used Autos Params    Refs
 ---------------------------------------------------------------------------------
 (4) _INTERRUPT_InterruptManager                           0     0      0       0
                           _TMR1_ISR
 ---------------------------------------------------------------------------------
 (5) _TMR1_ISR                                             0     0      0       0
                      _TMR1_CallBack
 ---------------------------------------------------------------------------------
 (6) _TMR1_CallBack                                        0     0      0       0
                   Absolute function *
       _TMR1_DefaultInterruptHandler *
 ---------------------------------------------------------------------------------
 (7) _TMR1_DefaultInterruptHandler                         0     0      0       0
 ---------------------------------------------------------------------------------
 (7) Absolute function(Fake)                               0     0      0       0
 ---------------------------------------------------------------------------------
 Estimated maximum stack depth 7
 ---------------------------------------------------------------------------------

 Call Graph Graphs:

 _main (ROOT)
   _SYSTEM_Initialize
     _OSCILLATOR_Initialize
     _PIN_MANAGER_Initialize
     _TMR1_Initialize
       _TMR1_SetInterruptHandler
       _TMR1_StartTimer
     _WDT_Initialize

 _INTERRUPT_InterruptManager (ROOT)
   _TMR1_ISR
     _TMR1_CallBack
       Absolute function(Fake) *
       _TMR1_DefaultInterruptHandler *

 Address spaces:
Name               Size   Autos  Total    Cost      Usage
BIGRAM             1F0      0       0       0        0.0%
EEDATA             100      0       0       0        0.0%
NULL                 0      0       0       0        0.0%
CODE                 0      0       0       0        0.0%
BITCOMMON            E      0       0       1        0.0%
BITSFR0              0      0       0       1        0.0%
SFR0                 0      0       0       1        0.0%
COMMON               E      2       8       2       57.1%
BITSFR1              0      0       0       2        0.0%
SFR1                 0      0       0       2        0.0%
BITSFR2              0      0       0       3        0.0%
SFR2                 0      0       0       3        0.0%
STACK                0      0       0       3        0.0%
BITSFR3              0      0       0       4        0.0%
SFR3                 0      0       0       4        0.0%
ABS                  0      0       8       4        0.0%
BITBANK0            50      0       0       5        0.0%
BITSFR4              0      0       0       5        0.0%
SFR4                 0      0       0       5        0.0%
BANK0               50      0       0       6        0.0%
BITSFR5              0      0       0       6        0.0%
SFR5                 0      0       0       6        0.0%
BITBANK1            50      0       0       7        0.0%
BITSFR6              0      0       0       7        0.0%
SFR6                 0      0       0       7        0.0%
BANK1               50      0       0       8        0.0%
BITSFR7              0      0       0       8        0.0%
SFR7                 0      0       0       8        0.0%
BITBANK2            50      0       0       9        0.0%
BITSFR8              0      0       0       9        0.0%
SFR8                 0      0       0       9        0.0%
BANK2               50      0       0      10        0.0%
BITSFR9              0      0       0      10        0.0%
SFR9                 0      0       0      10        0.0%
BITBANK3            50      0       0      11        0.0%
BITSFR10             0      0       0      11        0.0%
SFR10                0      0       0      11        0.0%
BANK3               50      0       0      12        0.0%
BITSFR11             0      0       0      12        0.0%
SFR11                0      0       0      12        0.0%
BITBANK4            50      0       0      13        0.0%
BITSFR12             0      0       0      13        0.0%
SFR12                0      0       0      13        0.0%
BANK4               50      0       0      14        0.0%
BITSFR13             0      0       0      14        0.0%
SFR13                0      0       0      14        0.0%
BITBANK5            50      0       0      15        0.0%
BITSFR14             0      0       0      15        0.0%
SFR14                0      0       0      15        0.0%
BANK5               50      0       0      16        0.0%
BITSFR15             0      0       0      16        0.0%
SFR15                0      0       0      16        0.0%
BITBANK6            10      0       0      17        0.0%
BITSFR16             0      0       0      17        0.0%
SFR16                0      0       0      17        0.0%
BANK6               10      0       0      18        0.0%
BITSFR17             0      0       0      18        0.0%
SFR17                0      0       0      18        0.0%
BITSFR18             0      0       0      19        0.0%
SFR18                0      0       0      19        0.0%
DATA                 0      0       8      19        0.0%
BITSFR19             0      0       0      20        0.0%
SFR19                0      0       0      20        0.0%
BITSFR20             0      0       0      21        0.0%
SFR20                0      0       0      21        0.0%
BITSFR21             0      0       0      22        0.0%
SFR21                0      0       0      22        0.0%
BITSFR22             0      0       0      23        0.0%
SFR22                0      0       0      23        0.0%
BITSFR23             0      0       0      24        0.0%
SFR23                0      0       0      24        0.0%
BITSFR24             0      0       0      25        0.0%
SFR24                0      0       0      25        0.0%
BITSFR25             0      0       0      26        0.0%
SFR25                0      0       0      26        0.0%
BITSFR26             0      0       0      27        0.0%
SFR26                0      0       0      27        0.0%
BITSFR27             0      0       0      28        0.0%
SFR27                0      0       0      28        0.0%
BITSFR28             0      0       0      29        0.0%
SFR28                0      0       0      29        0.0%
BITSFR29             0      0       0      30        0.0%
SFR29                0      0       0      30        0.0%
BITSFR30             0      0       0      31        0.0%
SFR30                0      0       0      31        0.0%
BITSFR31             0      0       0      32        0.0%
SFR31                0      0       0      32        0.0%


Microchip Technology PIC Macro Assembler V1.43 build -156212558 
Symbol Table                                                                                   Sun Sep 03 21:55:17 2017

                             __CFG_CP$OFF 0000                               __CFG_LVP$ON 0000  
                                     l111 002D                                       l126 0021  
                                     l711 004B                                       l629 006A  
                            __CFG_CPD$OFF 0000                           _timer1ReloadVal 0074  
                            __CFG_BORV$LO 0000                              __CFG_IESO$ON 0000  
                                    _LATA 010C                                      _LATB 010D  
                                    _LATC 010E                                      _LATE 0110  
                                    i1l89 0010                                      _PLLR 04D6  
                                    _WPUB 020D                                      _WPUE 0210  
                            __CFG_WRT$OFF 0000                             __CFG_FCMEN$ON 0000  
                                    _main 001D                                      btemp 007E  
                           __CFG_BOREN$ON 0000                                      start 0012  
              ??_TMR1_SetInterruptHandler 0078                             __CFG_MCLRE$ON 0000  
                           __CFG_PLLEN$ON 0000            __size_of_OSCILLATOR_Initialize 0007  
           __end_of_OSCILLATOR_Initialize 0030                                     ?_main 0076  
                           __CFG_WDTE$OFF 0000                           _TMR1_StartTimer 006A  
                                   _T1CON 0018                                     _TMR1H 0017  
                                   _TMR1L 0016                                     _TRISA 008C  
                                   _TRISB 008D                                     _TRISC 008E  
                                   _TRISE 0090                          __end_of_TMR1_ISR 0080  
                          _WDT_Initialize 0062                   __end_of_TMR1_Initialize 0062  
                                   pclath 000A                                     status 0003  
                                   wtemp0 007E                           __initialization 0014  
                            __end_of_main 0022               ?_INTERRUPT_InterruptManager 0076  
                                  ??_main 0078                    __end_of_WDT_Initialize 0065  
                                  _APFCON 011D                                    _ANSELA 018C  
                                  _ANSELB 018D                                    _T1GCON 0019  
                                  _OSCCON 0099                                    _WDTCON 0097  
                          __CFG_PWRTE$OFF 0000      __end_of_TMR1_DefaultInterruptHandler 008E  
   __size_of_TMR1_DefaultInterruptHandler 0004              _TMR1_DefaultInterruptHandler 008A  
                 __end_of_TMR1_StartTimer 006D                            __CFG_STVREN$ON 0000  
                         ?_WDT_Initialize 0076  TMR1_SetInterruptHandler@InterruptHandler 0076  
                   __end_of_TMR1_CallBack 008A                          ?_TMR1_Initialize 0076  
                       _SYSTEM_Initialize 0022                   __end_of__initialization 001A  
                      ?_SYSTEM_Initialize 0076                            __pcstackCOMMON 0076  
                     ??_SYSTEM_Initialize 0078                                 ?_TMR1_ISR 0076  
           ?_TMR1_DefaultInterruptHandler 0076                            _OPTION_REGbits 0095  
               __end_of_SYSTEM_Initialize 0029                           __CFG_VCAPEN$OFF 0000  
                              __pmaintext 001D                          ?_TMR1_StartTimer 0076  
                              ??_TMR1_ISR 0076                                __pintentry 0004  
                                 _OSCTUNE 0098                                   __ptext1 0022  
                                 __ptext2 0062                                   __ptext3 004B  
                                 __ptext4 006A                                   __ptext5 0065  
                                 __ptext6 0030                                   __ptext7 0029  
                                 __ptext9 006D            ??_TMR1_DefaultInterruptHandler 0076  
                               _T1CONbits 0018                     _OSCILLATOR_Initialize 0029  
       __size_of_TMR1_SetInterruptHandler 0005                  ??_PIN_MANAGER_Initialize 0076  
               ?_TMR1_SetInterruptHandler 0076                __size_of_SYSTEM_Initialize 0007  
                    end_of_initialization 001A                          ??_WDT_Initialize 0076  
                        __CFG_FOSC$INTOSC 0000                         __size_of_TMR1_ISR 0013  
                  ?_OSCILLATOR_Initialize 0076                       start_initialization 0014  
         __size_of_PIN_MANAGER_Initialize 001B                  __size_of_TMR1_Initialize 0017  
                  __size_of_TMR1_CallBack 000A                     TMR1_ISR@CountCallBack 0070  
                             __pbssCOMMON 0070                                 ___latbits 0002  
                  _PIN_MANAGER_Initialize 0030          __end_of_TMR1_SetInterruptHandler 006A  
            ??_INTERRUPT_InterruptManager 0076                  __size_of_TMR1_StartTimer 0003  
                           _TMR1_CallBack 0080                                  _LATCbits 010E  
                                _PIE1bits 0091       __size_of_INTERRUPT_InterruptManager 000E  
                                _PIR1bits 0011                                  _TMR1_ISR 006D  
                       ??_TMR1_Initialize 0078                            ?_TMR1_CallBack 0076  
                 ??_OSCILLATOR_Initialize 0076                  _TMR1_SetInterruptHandler 0065  
                   _TMR1_InterruptHandler 0072                                  __ptext10 0080  
                                __ptext11 008A                         ??_TMR1_StartTimer 0076  
                           __size_of_main 0005                                  int$flags 007E  
      __end_of_INTERRUPT_InterruptManager 0012                _INTERRUPT_InterruptManager 0004  
                              _INTCONbits 000B                           ??_TMR1_CallBack 0076  
                 __size_of_WDT_Initialize 0003                                  intlevel1 0000  
                 ?_PIN_MANAGER_Initialize 0076                         __CFG_CLKOUTEN$OFF 0000  
          __end_of_PIN_MANAGER_Initialize 004B                           _TMR1_Initialize 004B  
