

Microchip Technology PIC LITE Macro Assembler V1.43 build -156212558 
                                                                                               Thu Aug 31 00:00:17 2017

Microchip Technology Omniscient Code Generator v1.43 (Free mode) build 201707250354
     1                           	processor	16F1936
     2                           	opt	pw 120
     3                           	opt	lm
     4                           	psect	cinit,global,class=CODE,merge=1,delta=2
     5                           	psect	cstackCOMMON,global,class=COMMON,space=1,delta=1
     6                           	psect	maintext,global,class=CODE,merge=1,split=1,delta=2
     7                           	psect	text1,local,class=CODE,merge=1,delta=2
     8                           	psect	text2,local,class=CODE,merge=1,delta=2
     9                           	psect	text3,local,class=CODE,merge=1,delta=2
    10                           	psect	text4,local,class=CODE,merge=1,delta=2
    11                           	psect	text5,local,class=CODE,merge=1,delta=2
    12                           	dabs	1,0x7E,2
    13  0000                     
    14                           ; Version 1.43
    15                           ; Generated 25/07/2017 GMT
    16                           ; 
    17                           ; Copyright © 2017, Microchip Technology Inc. and its subsidiaries ("Microchip")
    18                           ; All rights reserved.
    19                           ; 
    20                           ; This software is developed by Microchip Technology Inc. and its subsidiaries ("Microch
      +                          ip").
    21                           ; 
    22                           ; Redistribution and use in source and binary forms, with or without modification, are
    23                           ; permitted provided that the following conditions are met:
    24                           ; 
    25                           ;     1. Redistributions of source code must retain the above copyright notice, this lis
      +                          t of
    26                           ;        conditions and the following disclaimer.
    27                           ; 
    28                           ;     2. Redistributions in binary form must reproduce the above copyright notice, this 
      +                          list
    29                           ;        of conditions and the following disclaimer in the documentation and/or other
    30                           ;        materials provided with the distribution.
    31                           ; 
    32                           ;     3. Microchip's name may not be used to endorse or promote products derived from th
      +                          is
    33                           ;        software without specific prior written permission.
    34                           ; 
    35                           ; THIS SOFTWARE IS PROVIDED BY MICROCHIP "AS IS" AND ANY EXPRESS OR IMPLIED WARRANTIES,
    36                           ; INCLUDING, BUT NOT LIMITED TO, THE IMPLIED WARRANTIES OF MERCHANTABILITY AND FITNESS F
      +                          OR
    37                           ; PURPOSE ARE DISCLAIMED.  IN NO EVENT SHALL MICROCHIP BE LIABLE FOR ANY DIRECT, INDIREC
      +                          T,
    38                           ; INCIDENTAL, SPECIAL, EXEMPLARY, OR CONSEQUENTIAL DAMAGES (INCLUDING BUT NOT LIMITED TO
    39                           ; PROCUREMENT OF SUBSTITUTE GOODS OR SERVICES; LOSS OF USE, DATA OR PROFITS; OR BUSINESS
    40                           ; INTERRUPTION) HOWSOEVER CAUSED AND ON ANY THEORY OF LIABILITY, WHETHER IN CONTRACT, ST
      +                          RICT
    41                           ; LIABILITY, OR TORT (INCLUDING NEGLIGENCE OR OTHERWISE) ARISING IN ANY WAY OUT OF THE U
      +                          SE OF
    42                           ; THIS SOFTWARE, EVEN IF ADVISED OF THE POSSIBILITY OF SUCH DAMAGE.
    43                           ; 
    44                           ; 
    45                           ; Code-generator required, PIC16F1936 Definitions
    46                           ; 
    47                           ; SFR Addresses
    48  0000                     	;# 
    49  0001                     	;# 
    50  0002                     	;# 
    51  0003                     	;# 
    52  0004                     	;# 
    53  0005                     	;# 
    54  0006                     	;# 
    55  0007                     	;# 
    56  0008                     	;# 
    57  0009                     	;# 
    58  000A                     	;# 
    59  000B                     	;# 
    60  000C                     	;# 
    61  000D                     	;# 
    62  000E                     	;# 
    63  0010                     	;# 
    64  0011                     	;# 
    65  0012                     	;# 
    66  0013                     	;# 
    67  0015                     	;# 
    68  0016                     	;# 
    69  0016                     	;# 
    70  0017                     	;# 
    71  0018                     	;# 
    72  0019                     	;# 
    73  001A                     	;# 
    74  001B                     	;# 
    75  001C                     	;# 
    76  001E                     	;# 
    77  001F                     	;# 
    78  008C                     	;# 
    79  008D                     	;# 
    80  008E                     	;# 
    81  0090                     	;# 
    82  0091                     	;# 
    83  0092                     	;# 
    84  0093                     	;# 
    85  0095                     	;# 
    86  0096                     	;# 
    87  0097                     	;# 
    88  0098                     	;# 
    89  0099                     	;# 
    90  009A                     	;# 
    91  009B                     	;# 
    92  009B                     	;# 
    93  009C                     	;# 
    94  009D                     	;# 
    95  009E                     	;# 
    96  010C                     	;# 
    97  010D                     	;# 
    98  010E                     	;# 
    99  0110                     	;# 
   100  0111                     	;# 
   101  0112                     	;# 
   102  0113                     	;# 
   103  0114                     	;# 
   104  0115                     	;# 
   105  0116                     	;# 
   106  0117                     	;# 
   107  0118                     	;# 
   108  0119                     	;# 
   109  011A                     	;# 
   110  011B                     	;# 
   111  011D                     	;# 
   112  018C                     	;# 
   113  018D                     	;# 
   114  0191                     	;# 
   115  0191                     	;# 
   116  0192                     	;# 
   117  0193                     	;# 
   118  0193                     	;# 
   119  0193                     	;# 
   120  0194                     	;# 
   121  0195                     	;# 
   122  0196                     	;# 
   123  0199                     	;# 
   124  019A                     	;# 
   125  019B                     	;# 
   126  019B                     	;# 
   127  019B                     	;# 
   128  019B                     	;# 
   129  019C                     	;# 
   130  019C                     	;# 
   131  019D                     	;# 
   132  019E                     	;# 
   133  019F                     	;# 
   134  020D                     	;# 
   135  0210                     	;# 
   136  0211                     	;# 
   137  0212                     	;# 
   138  0213                     	;# 
   139  0214                     	;# 
   140  0215                     	;# 
   141  0215                     	;# 
   142  0216                     	;# 
   143  0217                     	;# 
   144  0291                     	;# 
   145  0291                     	;# 
   146  0292                     	;# 
   147  0293                     	;# 
   148  0294                     	;# 
   149  0295                     	;# 
   150  0295                     	;# 
   151  0296                     	;# 
   152  0298                     	;# 
   153  0298                     	;# 
   154  0299                     	;# 
   155  029A                     	;# 
   156  029B                     	;# 
   157  029C                     	;# 
   158  029C                     	;# 
   159  029D                     	;# 
   160  029E                     	;# 
   161  029F                     	;# 
   162  0311                     	;# 
   163  0311                     	;# 
   164  0312                     	;# 
   165  0313                     	;# 
   166  0314                     	;# 
   167  0315                     	;# 
   168  0315                     	;# 
   169  0316                     	;# 
   170  0318                     	;# 
   171  0318                     	;# 
   172  0319                     	;# 
   173  031A                     	;# 
   174  031C                     	;# 
   175  031C                     	;# 
   176  031D                     	;# 
   177  031E                     	;# 
   178  0394                     	;# 
   179  0395                     	;# 
   180  0396                     	;# 
   181  0415                     	;# 
   182  0416                     	;# 
   183  0417                     	;# 
   184  041C                     	;# 
   185  041D                     	;# 
   186  041E                     	;# 
   187  0791                     	;# 
   188  0792                     	;# 
   189  0793                     	;# 
   190  0794                     	;# 
   191  0795                     	;# 
   192  0798                     	;# 
   193  0799                     	;# 
   194  07A0                     	;# 
   195  07A1                     	;# 
   196  07A3                     	;# 
   197  07A4                     	;# 
   198  07A6                     	;# 
   199  07A7                     	;# 
   200  07A9                     	;# 
   201  07AA                     	;# 
   202  0FE4                     	;# 
   203  0FE5                     	;# 
   204  0FE6                     	;# 
   205  0FE7                     	;# 
   206  0FE8                     	;# 
   207  0FE9                     	;# 
   208  0FEA                     	;# 
   209  0FEB                     	;# 
   210  0FED                     	;# 
   211  0FEE                     	;# 
   212  0FEF                     	;# 
   213  0000                     	;# 
   214  0001                     	;# 
   215  0002                     	;# 
   216  0003                     	;# 
   217  0004                     	;# 
   218  0005                     	;# 
   219  0006                     	;# 
   220  0007                     	;# 
   221  0008                     	;# 
   222  0009                     	;# 
   223  000A                     	;# 
   224  000B                     	;# 
   225  000C                     	;# 
   226  000D                     	;# 
   227  000E                     	;# 
   228  0010                     	;# 
   229  0011                     	;# 
   230  0012                     	;# 
   231  0013                     	;# 
   232  0015                     	;# 
   233  0016                     	;# 
   234  0016                     	;# 
   235  0017                     	;# 
   236  0018                     	;# 
   237  0019                     	;# 
   238  001A                     	;# 
   239  001B                     	;# 
   240  001C                     	;# 
   241  001E                     	;# 
   242  001F                     	;# 
   243  008C                     	;# 
   244  008D                     	;# 
   245  008E                     	;# 
   246  0090                     	;# 
   247  0091                     	;# 
   248  0092                     	;# 
   249  0093                     	;# 
   250  0095                     	;# 
   251  0096                     	;# 
   252  0097                     	;# 
   253  0098                     	;# 
   254  0099                     	;# 
   255  009A                     	;# 
   256  009B                     	;# 
   257  009B                     	;# 
   258  009C                     	;# 
   259  009D                     	;# 
   260  009E                     	;# 
   261  010C                     	;# 
   262  010D                     	;# 
   263  010E                     	;# 
   264  0110                     	;# 
   265  0111                     	;# 
   266  0112                     	;# 
   267  0113                     	;# 
   268  0114                     	;# 
   269  0115                     	;# 
   270  0116                     	;# 
   271  0117                     	;# 
   272  0118                     	;# 
   273  0119                     	;# 
   274  011A                     	;# 
   275  011B                     	;# 
   276  011D                     	;# 
   277  018C                     	;# 
   278  018D                     	;# 
   279  0191                     	;# 
   280  0191                     	;# 
   281  0192                     	;# 
   282  0193                     	;# 
   283  0193                     	;# 
   284  0193                     	;# 
   285  0194                     	;# 
   286  0195                     	;# 
   287  0196                     	;# 
   288  0199                     	;# 
   289  019A                     	;# 
   290  019B                     	;# 
   291  019B                     	;# 
   292  019B                     	;# 
   293  019B                     	;# 
   294  019C                     	;# 
   295  019C                     	;# 
   296  019D                     	;# 
   297  019E                     	;# 
   298  019F                     	;# 
   299  020D                     	;# 
   300  0210                     	;# 
   301  0211                     	;# 
   302  0212                     	;# 
   303  0213                     	;# 
   304  0214                     	;# 
   305  0215                     	;# 
   306  0215                     	;# 
   307  0216                     	;# 
   308  0217                     	;# 
   309  0291                     	;# 
   310  0291                     	;# 
   311  0292                     	;# 
   312  0293                     	;# 
   313  0294                     	;# 
   314  0295                     	;# 
   315  0295                     	;# 
   316  0296                     	;# 
   317  0298                     	;# 
   318  0298                     	;# 
   319  0299                     	;# 
   320  029A                     	;# 
   321  029B                     	;# 
   322  029C                     	;# 
   323  029C                     	;# 
   324  029D                     	;# 
   325  029E                     	;# 
   326  029F                     	;# 
   327  0311                     	;# 
   328  0311                     	;# 
   329  0312                     	;# 
   330  0313                     	;# 
   331  0314                     	;# 
   332  0315                     	;# 
   333  0315                     	;# 
   334  0316                     	;# 
   335  0318                     	;# 
   336  0318                     	;# 
   337  0319                     	;# 
   338  031A                     	;# 
   339  031C                     	;# 
   340  031C                     	;# 
   341  031D                     	;# 
   342  031E                     	;# 
   343  0394                     	;# 
   344  0395                     	;# 
   345  0396                     	;# 
   346  0415                     	;# 
   347  0416                     	;# 
   348  0417                     	;# 
   349  041C                     	;# 
   350  041D                     	;# 
   351  041E                     	;# 
   352  0791                     	;# 
   353  0792                     	;# 
   354  0793                     	;# 
   355  0794                     	;# 
   356  0795                     	;# 
   357  0798                     	;# 
   358  0799                     	;# 
   359  07A0                     	;# 
   360  07A1                     	;# 
   361  07A3                     	;# 
   362  07A4                     	;# 
   363  07A6                     	;# 
   364  07A7                     	;# 
   365  07A9                     	;# 
   366  07AA                     	;# 
   367  0FE4                     	;# 
   368  0FE5                     	;# 
   369  0FE6                     	;# 
   370  0FE7                     	;# 
   371  0FE8                     	;# 
   372  0FE9                     	;# 
   373  0FEA                     	;# 
   374  0FEB                     	;# 
   375  0FED                     	;# 
   376  0FEE                     	;# 
   377  0FEF                     	;# 
   378  0000                     	;# 
   379  0001                     	;# 
   380  0002                     	;# 
   381  0003                     	;# 
   382  0004                     	;# 
   383  0005                     	;# 
   384  0006                     	;# 
   385  0007                     	;# 
   386  0008                     	;# 
   387  0009                     	;# 
   388  000A                     	;# 
   389  000B                     	;# 
   390  000C                     	;# 
   391  000D                     	;# 
   392  000E                     	;# 
   393  0010                     	;# 
   394  0011                     	;# 
   395  0012                     	;# 
   396  0013                     	;# 
   397  0015                     	;# 
   398  0016                     	;# 
   399  0016                     	;# 
   400  0017                     	;# 
   401  0018                     	;# 
   402  0019                     	;# 
   403  001A                     	;# 
   404  001B                     	;# 
   405  001C                     	;# 
   406  001E                     	;# 
   407  001F                     	;# 
   408  008C                     	;# 
   409  008D                     	;# 
   410  008E                     	;# 
   411  0090                     	;# 
   412  0091                     	;# 
   413  0092                     	;# 
   414  0093                     	;# 
   415  0095                     	;# 
   416  0096                     	;# 
   417  0097                     	;# 
   418  0098                     	;# 
   419  0099                     	;# 
   420  009A                     	;# 
   421  009B                     	;# 
   422  009B                     	;# 
   423  009C                     	;# 
   424  009D                     	;# 
   425  009E                     	;# 
   426  010C                     	;# 
   427  010D                     	;# 
   428  010E                     	;# 
   429  0110                     	;# 
   430  0111                     	;# 
   431  0112                     	;# 
   432  0113                     	;# 
   433  0114                     	;# 
   434  0115                     	;# 
   435  0116                     	;# 
   436  0117                     	;# 
   437  0118                     	;# 
   438  0119                     	;# 
   439  011A                     	;# 
   440  011B                     	;# 
   441  011D                     	;# 
   442  018C                     	;# 
   443  018D                     	;# 
   444  0191                     	;# 
   445  0191                     	;# 
   446  0192                     	;# 
   447  0193                     	;# 
   448  0193                     	;# 
   449  0193                     	;# 
   450  0194                     	;# 
   451  0195                     	;# 
   452  0196                     	;# 
   453  0199                     	;# 
   454  019A                     	;# 
   455  019B                     	;# 
   456  019B                     	;# 
   457  019B                     	;# 
   458  019B                     	;# 
   459  019C                     	;# 
   460  019C                     	;# 
   461  019D                     	;# 
   462  019E                     	;# 
   463  019F                     	;# 
   464  020D                     	;# 
   465  0210                     	;# 
   466  0211                     	;# 
   467  0212                     	;# 
   468  0213                     	;# 
   469  0214                     	;# 
   470  0215                     	;# 
   471  0215                     	;# 
   472  0216                     	;# 
   473  0217                     	;# 
   474  0291                     	;# 
   475  0291                     	;# 
   476  0292                     	;# 
   477  0293                     	;# 
   478  0294                     	;# 
   479  0295                     	;# 
   480  0295                     	;# 
   481  0296                     	;# 
   482  0298                     	;# 
   483  0298                     	;# 
   484  0299                     	;# 
   485  029A                     	;# 
   486  029B                     	;# 
   487  029C                     	;# 
   488  029C                     	;# 
   489  029D                     	;# 
   490  029E                     	;# 
   491  029F                     	;# 
   492  0311                     	;# 
   493  0311                     	;# 
   494  0312                     	;# 
   495  0313                     	;# 
   496  0314                     	;# 
   497  0315                     	;# 
   498  0315                     	;# 
   499  0316                     	;# 
   500  0318                     	;# 
   501  0318                     	;# 
   502  0319                     	;# 
   503  031A                     	;# 
   504  031C                     	;# 
   505  031C                     	;# 
   506  031D                     	;# 
   507  031E                     	;# 
   508  0394                     	;# 
   509  0395                     	;# 
   510  0396                     	;# 
   511  0415                     	;# 
   512  0416                     	;# 
   513  0417                     	;# 
   514  041C                     	;# 
   515  041D                     	;# 
   516  041E                     	;# 
   517  0791                     	;# 
   518  0792                     	;# 
   519  0793                     	;# 
   520  0794                     	;# 
   521  0795                     	;# 
   522  0798                     	;# 
   523  0799                     	;# 
   524  07A0                     	;# 
   525  07A1                     	;# 
   526  07A3                     	;# 
   527  07A4                     	;# 
   528  07A6                     	;# 
   529  07A7                     	;# 
   530  07A9                     	;# 
   531  07AA                     	;# 
   532  0FE4                     	;# 
   533  0FE5                     	;# 
   534  0FE6                     	;# 
   535  0FE7                     	;# 
   536  0FE8                     	;# 
   537  0FE9                     	;# 
   538  0FEA                     	;# 
   539  0FEB                     	;# 
   540  0FED                     	;# 
   541  0FEE                     	;# 
   542  0FEF                     	;# 
   543  0097                     _WDTCON	set	151
   544  0098                     _OSCTUNE	set	152
   545  0099                     _OSCCON	set	153
   546  0095                     _OPTION_REGbits	set	149
   547  008E                     _TRISC	set	142
   548  008D                     _TRISB	set	141
   549  008C                     _TRISA	set	140
   550  0090                     _TRISE	set	144
   551  04D6                     _PLLR	set	1238
   552  010E                     _LATCbits	set	270
   553  010C                     _LATAbits	set	268
   554  011D                     _APFCON	set	285
   555  010E                     _LATC	set	270
   556  010D                     _LATB	set	269
   557  010C                     _LATA	set	268
   558  0110                     _LATE	set	272
   559  018C                     _ANSELA	set	396
   560  018D                     _ANSELB	set	397
   561  020D                     _WPUB	set	525
   562  0210                     _WPUE	set	528
   563                           
   564                           ; #config settings
   565  0000                     
   566                           	psect	cinit
   567  07FD                     start_initialization:	
   568  07FD                     __initialization:	
   569  07FD                     end_of_initialization:	
   570                           ;End of C runtime variable initialization code
   571                           
   572  07FD                     __end_of__initialization:	
   573  07FD  0020               	movlb	0
   574  07FE  3187  2FAD         	ljmp	_main	;jump to C main() function
   575                           
   576                           	psect	cstackCOMMON
   577  0070                     __pcstackCOMMON:	
   578  0070                     ?_OSCILLATOR_Initialize:	
   579  0070                     ??_OSCILLATOR_Initialize:	
   580                           ; 1 bytes @ 0x0
   581                           
   582  0070                     ?_WDT_Initialize:	
   583                           ; 1 bytes @ 0x0
   584                           
   585  0070                     ??_WDT_Initialize:	
   586                           ; 1 bytes @ 0x0
   587                           
   588  0070                     ?_PIN_MANAGER_Initialize:	
   589                           ; 1 bytes @ 0x0
   590                           
   591  0070                     ??_PIN_MANAGER_Initialize:	
   592                           ; 1 bytes @ 0x0
   593                           
   594  0070                     ?_SYSTEM_Initialize:	
   595                           ; 1 bytes @ 0x0
   596                           
   597  0070                     ??_SYSTEM_Initialize:	
   598                           ; 1 bytes @ 0x0
   599                           
   600  0070                     ?_HC595_Write_Idx:	
   601                           ; 1 bytes @ 0x0
   602                           
   603  0070                     ?_main:	
   604                           ; 1 bytes @ 0x0
   605                           
   606  0070                     HC595_Write_Idx@data:	
   607                           ; 1 bytes @ 0x0
   608                           
   609                           
   610                           ; 1 bytes @ 0x0
   611  0070                     	ds	1
   612  0071                     ??_HC595_Write_Idx:	
   613                           
   614                           ; 1 bytes @ 0x1
   615  0071                     	ds	1
   616  0072                     HC595_Write_Idx@idx:	
   617                           
   618                           ; 1 bytes @ 0x2
   619  0072                     	ds	1
   620  0073                     HC595_Write_Idx@i:	
   621                           
   622                           ; 1 bytes @ 0x3
   623  0073                     	ds	1
   624  0074                     ??_main:	
   625                           
   626                           ; 1 bytes @ 0x4
   627  0074                     	ds	2
   628                           
   629                           	psect	maintext
   630  07AD                     __pmaintext:	
   631 ;;
   632 ;;Main: autosize = 0, tempsize = 2, incstack = 0, save=0
   633 ;;
   634 ;; *************** function _main *****************
   635 ;; Defined at:
   636 ;;		line 39 in file "main.c"
   637 ;; Parameters:    Size  Location     Type
   638 ;;		None
   639 ;; Auto vars:     Size  Location     Type
   640 ;;		None
   641 ;; Return value:  Size  Location     Type
   642 ;;                  1    wreg      void 
   643 ;; Registers used:
   644 ;;		wreg, fsr0l, fsr0h, status,2, status,0, pclath, cstack
   645 ;; Tracked objects:
   646 ;;		On entry : B1F/0
   647 ;;		On exit  : 0/0
   648 ;;		Unchanged: 0/0
   649 ;; Data sizes:     COMMON   BANK0   BANK1   BANK2   BANK3   BANK4   BANK5   BANK6
   650 ;;      Params:         0       0       0       0       0       0       0       0
   651 ;;      Locals:         0       0       0       0       0       0       0       0
   652 ;;      Temps:          2       0       0       0       0       0       0       0
   653 ;;      Totals:         2       0       0       0       0       0       0       0
   654 ;;Total ram usage:        2 bytes
   655 ;; Hardware stack levels required when called:    2
   656 ;; This function calls:
   657 ;;		_HC595_Write_Idx
   658 ;;		_SYSTEM_Initialize
   659 ;; This function is called by:
   660 ;;		Startup code after reset
   661 ;; This function uses a non-reentrant model
   662 ;;
   663                           
   664                           
   665                           ;psect for function _main
   666  07AD                     _main:	
   667                           
   668                           ;main.c: 41: SYSTEM_Initialize();
   669                           
   670                           ;incstack = 0
   671                           ; Regs used in _main: [wreg-fsr0h+status,2+status,0+pclath+cstack]
   672  07AD  3187  2751  3187   	fcall	_SYSTEM_Initialize
   673  07B0                     l656:	
   674                           ;main.c: 42: while (1)
   675                           
   676                           
   677                           ;main.c: 43: {
   678                           ;main.c: 44: HC595_Write_Idx(0, 0xFF);
   679  07B0  30FF               	movlw	255
   680  07B1  00F4               	movwf	??_main
   681  07B2  0874               	movf	??_main,w
   682  07B3  00F0               	movwf	HC595_Write_Idx@data
   683  07B4  3000               	movlw	0
   684  07B5  3187  2777  3187   	fcall	_HC595_Write_Idx
   685                           
   686                           ;main.c: 45: HC595_Write_Idx(1, 0xF0);
   687  07B8  30F0               	movlw	240
   688  07B9  00F4               	movwf	??_main
   689  07BA  0874               	movf	??_main,w
   690  07BB  00F0               	movwf	HC595_Write_Idx@data
   691  07BC  3001               	movlw	1
   692  07BD  3187  2777  3187   	fcall	_HC595_Write_Idx
   693                           
   694                           ;main.c: 46: HC595_Write_Idx(2, 0x0F);
   695  07C0  300F               	movlw	15
   696  07C1  00F4               	movwf	??_main
   697  07C2  0874               	movf	??_main,w
   698  07C3  00F0               	movwf	HC595_Write_Idx@data
   699  07C4  3002               	movlw	2
   700  07C5  3187  2777  3187   	fcall	_HC595_Write_Idx
   701                           
   702                           ;main.c: 47: HC595_Write_Idx(3, 0xAA);
   703  07C8  30AA               	movlw	170
   704  07C9  00F4               	movwf	??_main
   705  07CA  0874               	movf	??_main,w
   706  07CB  00F0               	movwf	HC595_Write_Idx@data
   707  07CC  3003               	movlw	3
   708  07CD  3187  2777  3187   	fcall	_HC595_Write_Idx
   709                           
   710                           ;main.c: 48: _delay((unsigned long)((1000)*(32000000/4000.0)));
   711  07D0  3029               	movlw	41
   712  07D1  00F5               	movwf	??_main+1
   713  07D2  3096               	movlw	150
   714  07D3  00F4               	movwf	??_main
   715  07D4  307F               	movlw	127
   716  07D5                     u107:	
   717  07D5  0B89               	decfsz	9,f
   718  07D6  2FD5               	goto	u107
   719  07D7  0BF4               	decfsz	??_main,f
   720  07D8  2FD5               	goto	u107
   721  07D9  0BF5               	decfsz	??_main+1,f
   722  07DA  2FD5               	goto	u107
   723  07DB  0000               	nop
   724                           
   725                           ;main.c: 49: HC595_Write_Idx(0, 0);
   726  07DC  01F0               	clrf	HC595_Write_Idx@data
   727  07DD  3000               	movlw	0
   728  07DE  3187  2777  3187   	fcall	_HC595_Write_Idx
   729                           
   730                           ;main.c: 50: HC595_Write_Idx(1, 0);
   731  07E1  01F0               	clrf	HC595_Write_Idx@data
   732  07E2  3001               	movlw	1
   733  07E3  3187  2777  3187   	fcall	_HC595_Write_Idx
   734                           
   735                           ;main.c: 51: HC595_Write_Idx(2, 0);
   736  07E6  01F0               	clrf	HC595_Write_Idx@data
   737  07E7  3002               	movlw	2
   738  07E8  3187  2777  3187   	fcall	_HC595_Write_Idx
   739                           
   740                           ;main.c: 52: HC595_Write_Idx(3, 0);
   741  07EB  01F0               	clrf	HC595_Write_Idx@data
   742  07EC  3003               	movlw	3
   743  07ED  3187  2777  3187   	fcall	_HC595_Write_Idx
   744                           
   745                           ;main.c: 53: _delay((unsigned long)((1000)*(32000000/4000.0)));
   746  07F0  3029               	movlw	41
   747  07F1  00F5               	movwf	??_main+1
   748  07F2  3096               	movlw	150
   749  07F3  00F4               	movwf	??_main
   750  07F4  307F               	movlw	127
   751  07F5                     u117:	
   752  07F5  0B89               	decfsz	9,f
   753  07F6  2FF5               	goto	u117
   754  07F7  0BF4               	decfsz	??_main,f
   755  07F8  2FF5               	goto	u117
   756  07F9  0BF5               	decfsz	??_main+1,f
   757  07FA  2FF5               	goto	u117
   758  07FB  0000               	nop
   759  07FC  2FB0               	goto	l656
   760  07FD                     __end_of_main:	
   761                           
   762                           	psect	text1
   763  0751                     __ptext1:	
   764 ;; *************** function _SYSTEM_Initialize *****************
   765 ;; Defined at:
   766 ;;		line 70 in file "mcc_generated_files/mcc.c"
   767 ;; Parameters:    Size  Location     Type
   768 ;;		None
   769 ;; Auto vars:     Size  Location     Type
   770 ;;		None
   771 ;; Return value:  Size  Location     Type
   772 ;;                  1    wreg      void 
   773 ;; Registers used:
   774 ;;		wreg, status,2, status,0, pclath, cstack
   775 ;; Tracked objects:
   776 ;;		On entry : 0/0
   777 ;;		On exit  : 0/0
   778 ;;		Unchanged: 0/0
   779 ;; Data sizes:     COMMON   BANK0   BANK1   BANK2   BANK3   BANK4   BANK5   BANK6
   780 ;;      Params:         0       0       0       0       0       0       0       0
   781 ;;      Locals:         0       0       0       0       0       0       0       0
   782 ;;      Temps:          0       0       0       0       0       0       0       0
   783 ;;      Totals:         0       0       0       0       0       0       0       0
   784 ;;Total ram usage:        0 bytes
   785 ;; Hardware stack levels used:    1
   786 ;; Hardware stack levels required when called:    1
   787 ;; This function calls:
   788 ;;		_OSCILLATOR_Initialize
   789 ;;		_PIN_MANAGER_Initialize
   790 ;;		_WDT_Initialize
   791 ;; This function is called by:
   792 ;;		_main
   793 ;; This function uses a non-reentrant model
   794 ;;
   795                           
   796                           
   797                           ;psect for function _SYSTEM_Initialize
   798  0751                     _SYSTEM_Initialize:	
   799                           
   800                           ;mcc.c: 73: PIN_MANAGER_Initialize();
   801                           
   802                           ;incstack = 0
   803                           ; Regs used in _SYSTEM_Initialize: [wreg+status,2+status,0+pclath+cstack]
   804  0751  3187  275A  3187   	fcall	_PIN_MANAGER_Initialize
   805                           
   806                           ;mcc.c: 74: OSCILLATOR_Initialize();
   807  0754  3187  274A  3187   	fcall	_OSCILLATOR_Initialize
   808                           
   809                           ;mcc.c: 75: WDT_Initialize();
   810  0757  3187  2746         	fcall	_WDT_Initialize
   811  0759  0008               	return
   812  075A                     __end_of_SYSTEM_Initialize:	
   813                           
   814                           	psect	text2
   815  0746                     __ptext2:	
   816 ;; *************** function _WDT_Initialize *****************
   817 ;; Defined at:
   818 ;;		line 90 in file "mcc_generated_files/mcc.c"
   819 ;; Parameters:    Size  Location     Type
   820 ;;		None
   821 ;; Auto vars:     Size  Location     Type
   822 ;;		None
   823 ;; Return value:  Size  Location     Type
   824 ;;                  1    wreg      void 
   825 ;; Registers used:
   826 ;;		wreg
   827 ;; Tracked objects:
   828 ;;		On entry : 0/0
   829 ;;		On exit  : 0/0
   830 ;;		Unchanged: 0/0
   831 ;; Data sizes:     COMMON   BANK0   BANK1   BANK2   BANK3   BANK4   BANK5   BANK6
   832 ;;      Params:         0       0       0       0       0       0       0       0
   833 ;;      Locals:         0       0       0       0       0       0       0       0
   834 ;;      Temps:          0       0       0       0       0       0       0       0
   835 ;;      Totals:         0       0       0       0       0       0       0       0
   836 ;;Total ram usage:        0 bytes
   837 ;; Hardware stack levels used:    1
   838 ;; This function calls:
   839 ;;		Nothing
   840 ;; This function is called by:
   841 ;;		_SYSTEM_Initialize
   842 ;; This function uses a non-reentrant model
   843 ;;
   844                           
   845                           
   846                           ;psect for function _WDT_Initialize
   847  0746                     _WDT_Initialize:	
   848                           
   849                           ;mcc.c: 93: WDTCON = 0x16;
   850                           
   851                           ;incstack = 0
   852                           ; Regs used in _WDT_Initialize: [wreg]
   853  0746  3016               	movlw	22
   854  0747  0021               	movlb	1	; select bank1
   855  0748  0097               	movwf	23	;volatile
   856  0749  0008               	return
   857  074A                     __end_of_WDT_Initialize:	
   858                           
   859                           	psect	text3
   860  075A                     __ptext3:	
   861 ;; *************** function _PIN_MANAGER_Initialize *****************
   862 ;; Defined at:
   863 ;;		line 52 in file "mcc_generated_files/pin_manager.c"
   864 ;; Parameters:    Size  Location     Type
   865 ;;		None
   866 ;; Auto vars:     Size  Location     Type
   867 ;;		None
   868 ;; Return value:  Size  Location     Type
   869 ;;                  1    wreg      void 
   870 ;; Registers used:
   871 ;;		wreg, status,2
   872 ;; Tracked objects:
   873 ;;		On entry : 0/0
   874 ;;		On exit  : 0/0
   875 ;;		Unchanged: 0/0
   876 ;; Data sizes:     COMMON   BANK0   BANK1   BANK2   BANK3   BANK4   BANK5   BANK6
   877 ;;      Params:         0       0       0       0       0       0       0       0
   878 ;;      Locals:         0       0       0       0       0       0       0       0
   879 ;;      Temps:          0       0       0       0       0       0       0       0
   880 ;;      Totals:         0       0       0       0       0       0       0       0
   881 ;;Total ram usage:        0 bytes
   882 ;; Hardware stack levels used:    1
   883 ;; This function calls:
   884 ;;		Nothing
   885 ;; This function is called by:
   886 ;;		_SYSTEM_Initialize
   887 ;; This function uses a non-reentrant model
   888 ;;
   889                           
   890                           
   891                           ;psect for function _PIN_MANAGER_Initialize
   892  075A                     _PIN_MANAGER_Initialize:	
   893                           
   894                           ;pin_manager.c: 57: LATE = 0x00;
   895                           
   896                           ;incstack = 0
   897                           ; Regs used in _PIN_MANAGER_Initialize: [wreg+status,2]
   898  075A  0022               	movlb	2	; select bank2
   899  075B  0190               	clrf	16	;volatile
   900                           
   901                           ;pin_manager.c: 58: LATA = 0x00;
   902  075C  018C               	clrf	12	;volatile
   903                           
   904                           ;pin_manager.c: 59: LATB = 0x00;
   905  075D  018D               	clrf	13	;volatile
   906                           
   907                           ;pin_manager.c: 60: LATC = 0x00;
   908  075E  018E               	clrf	14	;volatile
   909                           
   910                           ;pin_manager.c: 65: TRISE = 0x08;
   911  075F  3008               	movlw	8
   912  0760  0021               	movlb	1	; select bank1
   913  0761  0090               	movwf	16	;volatile
   914                           
   915                           ;pin_manager.c: 66: TRISA = 0xF8;
   916  0762  30F8               	movlw	248
   917  0763  008C               	movwf	12	;volatile
   918                           
   919                           ;pin_manager.c: 67: TRISB = 0xFF;
   920  0764  30FF               	movlw	255
   921  0765  008D               	movwf	13	;volatile
   922                           
   923                           ;pin_manager.c: 68: TRISC = 0xF8;
   924  0766  30F8               	movlw	248
   925  0767  008E               	movwf	14	;volatile
   926                           
   927                           ;pin_manager.c: 73: ANSELB = 0x3F;
   928  0768  303F               	movlw	63
   929  0769  0023               	movlb	3	; select bank3
   930  076A  008D               	movwf	13	;volatile
   931                           
   932                           ;pin_manager.c: 74: ANSELA = 0x38;
   933  076B  3038               	movlw	56
   934  076C  008C               	movwf	12	;volatile
   935                           
   936                           ;pin_manager.c: 79: WPUE = 0x08;
   937  076D  3008               	movlw	8
   938  076E  0024               	movlb	4	; select bank4
   939  076F  0090               	movwf	16	;volatile
   940                           
   941                           ;pin_manager.c: 80: WPUB = 0xFF;
   942  0770  30FF               	movlw	255
   943  0771  008D               	movwf	13	;volatile
   944                           
   945                           ;pin_manager.c: 81: OPTION_REGbits.nWPUEN = 0;
   946  0772  0021               	movlb	1	; select bank1
   947  0773  1395               	bcf	21,7	;volatile
   948                           
   949                           ;pin_manager.c: 87: APFCON = 0x00;
   950  0774  0022               	movlb	2	; select bank2
   951  0775  019D               	clrf	29	;volatile
   952  0776  0008               	return
   953  0777                     __end_of_PIN_MANAGER_Initialize:	
   954                           
   955                           	psect	text4
   956  074A                     __ptext4:	
   957 ;; *************** function _OSCILLATOR_Initialize *****************
   958 ;; Defined at:
   959 ;;		line 78 in file "mcc_generated_files/mcc.c"
   960 ;; Parameters:    Size  Location     Type
   961 ;;		None
   962 ;; Auto vars:     Size  Location     Type
   963 ;;		None
   964 ;; Return value:  Size  Location     Type
   965 ;;                  1    wreg      void 
   966 ;; Registers used:
   967 ;;		wreg, status,2
   968 ;; Tracked objects:
   969 ;;		On entry : 0/0
   970 ;;		On exit  : 0/0
   971 ;;		Unchanged: 0/0
   972 ;; Data sizes:     COMMON   BANK0   BANK1   BANK2   BANK3   BANK4   BANK5   BANK6
   973 ;;      Params:         0       0       0       0       0       0       0       0
   974 ;;      Locals:         0       0       0       0       0       0       0       0
   975 ;;      Temps:          0       0       0       0       0       0       0       0
   976 ;;      Totals:         0       0       0       0       0       0       0       0
   977 ;;Total ram usage:        0 bytes
   978 ;; Hardware stack levels used:    1
   979 ;; This function calls:
   980 ;;		Nothing
   981 ;; This function is called by:
   982 ;;		_SYSTEM_Initialize
   983 ;; This function uses a non-reentrant model
   984 ;;
   985                           
   986                           
   987                           ;psect for function _OSCILLATOR_Initialize
   988  074A                     _OSCILLATOR_Initialize:	
   989                           
   990                           ;mcc.c: 81: OSCCON = 0x70;
   991                           
   992                           ;incstack = 0
   993                           ; Regs used in _OSCILLATOR_Initialize: [wreg+status,2]
   994  074A  3070               	movlw	112
   995  074B  0021               	movlb	1	; select bank1
   996  074C  0099               	movwf	25	;volatile
   997                           
   998                           ;mcc.c: 83: OSCTUNE = 0x00;
   999  074D  0198               	clrf	24	;volatile
  1000  074E                     l54:	
  1001                           ;mcc.c: 86: {
  1002                           
  1003                           ;mcc.c: 85: while(PLLR == 0)
  1004                           
  1005  074E  1B1A               	btfsc	26,6	;volatile
  1006  074F  0008               	return
  1007  0750  2F4E               	goto	l54
  1008  0751                     __end_of_OSCILLATOR_Initialize:	
  1009                           
  1010                           	psect	text5
  1011  0777                     __ptext5:	
  1012 ;; *************** function _HC595_Write_Idx *****************
  1013 ;; Defined at:
  1014 ;;		line 3 in file "main.c"
  1015 ;; Parameters:    Size  Location     Type
  1016 ;;  idx             1    wreg     unsigned char 
  1017 ;;  data            1    0[COMMON] unsigned char 
  1018 ;; Auto vars:     Size  Location     Type
  1019 ;;  idx             1    2[COMMON] unsigned char 
  1020 ;;  i               1    3[COMMON] unsigned char 
  1021 ;; Return value:  Size  Location     Type
  1022 ;;                  1    wreg      void 
  1023 ;; Registers used:
  1024 ;;		wreg, fsr0l, fsr0h, status,2, status,0
  1025 ;; Tracked objects:
  1026 ;;		On entry : 0/0
  1027 ;;		On exit  : 0/0
  1028 ;;		Unchanged: 0/0
  1029 ;; Data sizes:     COMMON   BANK0   BANK1   BANK2   BANK3   BANK4   BANK5   BANK6
  1030 ;;      Params:         1       0       0       0       0       0       0       0
  1031 ;;      Locals:         2       0       0       0       0       0       0       0
  1032 ;;      Temps:          1       0       0       0       0       0       0       0
  1033 ;;      Totals:         4       0       0       0       0       0       0       0
  1034 ;;Total ram usage:        4 bytes
  1035 ;; Hardware stack levels used:    1
  1036 ;; This function calls:
  1037 ;;		Nothing
  1038 ;; This function is called by:
  1039 ;;		_main
  1040 ;; This function uses a non-reentrant model
  1041 ;;
  1042                           
  1043                           
  1044                           ;psect for function _HC595_Write_Idx
  1045  0777                     _HC595_Write_Idx:	
  1046                           
  1047                           ;incstack = 0
  1048                           ; Regs used in _HC595_Write_Idx: [wreg-fsr0h+status,2+status,0]
  1049                           ;HC595_Write_Idx@idx stored from wreg
  1050  0777  00F2               	movwf	HC595_Write_Idx@idx
  1051                           
  1052                           ;main.c: 5: uint8_t i;
  1053                           ;main.c: 6: for(i=0; i<8; i++)
  1054  0778  01F3               	clrf	HC595_Write_Idx@i
  1055  0779                     L1:	
  1056  0779  3008               	movlw	8
  1057  077A  0273               	subwf	HC595_Write_Idx@i,w
  1058  077B  1803               	btfsc	3,0
  1059  077C  2F9E               	goto	l652
  1060                           
  1061                           ;main.c: 7: {
  1062                           ;main.c: 8: do { LATAbits.LATA2 = 0; } while(0);
  1063  077D  0022               	movlb	2	; select bank2
  1064  077E  110C               	bcf	12,2	;volatile
  1065                           
  1066                           ;main.c: 9: LATAbits.LATA1=((data&0x80)==0x80);
  1067  077F  1FF0               	btfss	HC595_Write_Idx@data,7
  1068  0780  2F84               	goto	u70
  1069  0781  0022               	movlb	2	; select bank2
  1070  0782  148C               	bsf	12,1	;volatile
  1071  0783  2F86               	goto	l75
  1072  0784                     u70:	
  1073  0784  0022               	movlb	2	; select bank2
  1074  0785  108C               	bcf	12,1	;volatile
  1075  0786                     l75:	
  1076                           ;main.c: 10: do { LATAbits.LATA2 = 1; } while(0);
  1077                           
  1078  0786  150C               	bsf	12,2	;volatile
  1079                           
  1080                           ;main.c: 11: data<<=1;
  1081  0787  1003               	clrc
  1082  0788  0DF0               	rlf	HC595_Write_Idx@data,f
  1083  0789  3001               	movlw	1
  1084  078A  00F1               	movwf	??_HC595_Write_Idx
  1085  078B  0871               	movf	??_HC595_Write_Idx,w
  1086  078C  07F3               	addwf	HC595_Write_Idx@i,f
  1087  078D  2F79               	goto	L1
  1088  078E                     l79:	
  1089                           ;main.c: 16: do { LATAbits.LATA0 = 0; } while(0);
  1090                           
  1091                           ;main.c: 14: {
  1092                           ;main.c: 15: case 0:
  1093                           
  1094                           ;main.c: 12: }
  1095                           ;main.c: 13: switch(idx)
  1096                           
  1097  078E  0022               	movlb	2	; select bank2
  1098  078F  100C               	bcf	12,0	;volatile
  1099                           
  1100                           ;main.c: 17: do { LATAbits.LATA0 = 1; } while(0);
  1101  0790  140C               	bsf	12,0	;volatile
  1102                           
  1103                           ;main.c: 18: break;
  1104  0791  0008               	return
  1105  0792                     l85:	
  1106                           ;main.c: 21: do { LATCbits.LATC0 = 0; } while(0);
  1107                           
  1108                           ;main.c: 20: case 1:
  1109                           
  1110  0792  0022               	movlb	2	; select bank2
  1111  0793  100E               	bcf	14,0	;volatile
  1112                           
  1113                           ;main.c: 22: do { LATCbits.LATC0 = 1; } while(0);
  1114  0794  140E               	bsf	14,0	;volatile
  1115                           
  1116                           ;main.c: 23: break;
  1117  0795  0008               	return
  1118  0796                     l90:	
  1119                           ;main.c: 26: do { LATCbits.LATC1 = 0; } while(0);
  1120                           
  1121                           ;main.c: 25: case 2:
  1122                           
  1123  0796  0022               	movlb	2	; select bank2
  1124  0797  108E               	bcf	14,1	;volatile
  1125                           
  1126                           ;main.c: 27: do { LATCbits.LATC1 = 1; } while(0);
  1127  0798  148E               	bsf	14,1	;volatile
  1128                           
  1129                           ;main.c: 28: break;
  1130  0799  0008               	return
  1131  079A                     l95:	
  1132                           ;main.c: 31: do { LATCbits.LATC2 = 0; } while(0);
  1133                           
  1134                           ;main.c: 30: case 3:
  1135                           
  1136  079A  0022               	movlb	2	; select bank2
  1137  079B  110E               	bcf	14,2	;volatile
  1138                           
  1139                           ;main.c: 32: do { LATCbits.LATC2 = 1; } while(0);
  1140  079C  150E               	bsf	14,2	;volatile
  1141                           
  1142                           ;main.c: 36: }
  1143                           
  1144                           ;main.c: 35: default: return;
  1145                           
  1146                           ;main.c: 33: break;
  1147  079D  0008               	return
  1148  079E                     l652:	
  1149  079E  0872               	movf	HC595_Write_Idx@idx,w
  1150                           
  1151                           ; Switch size 1, requested type "space"
  1152                           ; Number of cases is 4, Range of values is 0 to 3
  1153                           ; switch strategies available:
  1154                           ; Name         Instructions Cycles
  1155                           ; simple_byte           13     7 (average)
  1156                           ; direct_byte           14     6 (fixed)
  1157                           ; jumptable            260     6 (fixed)
  1158                           ;	Chosen strategy is simple_byte
  1159  079F  3A00               	xorlw	0	; case 0
  1160  07A0  1903               	skipnz
  1161  07A1  2F8E               	goto	l79
  1162  07A2  3A01               	xorlw	1	; case 1
  1163  07A3  1903               	skipnz
  1164  07A4  2F92               	goto	l85
  1165  07A5  3A03               	xorlw	3	; case 2
  1166  07A6  1903               	skipnz
  1167  07A7  2F96               	goto	l90
  1168  07A8  3A01               	xorlw	1	; case 3
  1169  07A9  1903               	skipnz
  1170  07AA  2F9A               	goto	l95
  1171  07AB  2FAC               	goto	l100
  1172  07AC                     l100:	
  1173  07AC  0008               	return
  1174  07AD                     __end_of_HC595_Write_Idx:	
  1175  007E                     btemp	set	126	;btemp
  1176  007E                     wtemp0	set	126


Data Sizes:
    Strings     0
    Constant    0
    Data        0
    BSS         0
    Persistent  0
    Stack       0

Auto Spaces:
    Space          Size  Autos    Used
    COMMON           14      6       6
    BANK0            80      0       0
    BANK1            80      0       0
    BANK2            80      0       0
    BANK3            80      0       0
    BANK4            80      0       0
    BANK5            80      0       0
    BANK6            16      0       0

Pointer List with Targets:

    None.

Critical Paths under _main in COMMON

    _main->_HC595_Write_Idx

Critical Paths under _main in BANK0

    None.

Critical Paths under _main in BANK1

    None.

Critical Paths under _main in BANK2

    None.

Critical Paths under _main in BANK3

    None.

Critical Paths under _main in BANK4

    None.

Critical Paths under _main in BANK5

    None.

Critical Paths under _main in BANK6

    None.

Call Graph Tables:

 ---------------------------------------------------------------------------------
 (Depth) Function   	        Calls       Base Space   Used Autos Params    Refs
 ---------------------------------------------------------------------------------
 (0) _main                                                 2     2      0     603
                                              4 COMMON     2     2      0
                    _HC595_Write_Idx
                  _SYSTEM_Initialize
 ---------------------------------------------------------------------------------
 (1) _SYSTEM_Initialize                                    0     0      0       0
              _OSCILLATOR_Initialize
             _PIN_MANAGER_Initialize
                     _WDT_Initialize
 ---------------------------------------------------------------------------------
 (2) _WDT_Initialize                                       0     0      0       0
 ---------------------------------------------------------------------------------
 (2) _PIN_MANAGER_Initialize                               0     0      0       0
 ---------------------------------------------------------------------------------
 (2) _OSCILLATOR_Initialize                                0     0      0       0
 ---------------------------------------------------------------------------------
 (1) _HC595_Write_Idx                                      4     3      1     603
                                              0 COMMON     4     3      1
 ---------------------------------------------------------------------------------
 Estimated maximum stack depth 2
 ---------------------------------------------------------------------------------

 Call Graph Graphs:

 _main (ROOT)
   _HC595_Write_Idx
   _SYSTEM_Initialize
     _OSCILLATOR_Initialize
     _PIN_MANAGER_Initialize
     _WDT_Initialize

 Address spaces:
Name               Size   Autos  Total    Cost      Usage
BIGRAM             1F0      0       0       0        0.0%
EEDATA             100      0       0       0        0.0%
NULL                 0      0       0       0        0.0%
CODE                 0      0       0       0        0.0%
BITCOMMON            E      0       0       1        0.0%
BITSFR0              0      0       0       1        0.0%
SFR0                 0      0       0       1        0.0%
COMMON               E      6       6       2       42.9%
BITSFR1              0      0       0       2        0.0%
SFR1                 0      0       0       2        0.0%
BITSFR2              0      0       0       3        0.0%
SFR2                 0      0       0       3        0.0%
STACK                0      0       0       3        0.0%
BITSFR3              0      0       0       4        0.0%
SFR3                 0      0       0       4        0.0%
ABS                  0      0       0       4        0.0%
BITBANK0            50      0       0       5        0.0%
BITSFR4              0      0       0       5        0.0%
SFR4                 0      0       0       5        0.0%
BANK0               50      0       0       6        0.0%
BITSFR5              0      0       0       6        0.0%
SFR5                 0      0       0       6        0.0%
BITBANK1            50      0       0       7        0.0%
BITSFR6              0      0       0       7        0.0%
SFR6                 0      0       0       7        0.0%
BANK1               50      0       0       8        0.0%
BITSFR7              0      0       0       8        0.0%
SFR7                 0      0       0       8        0.0%
BITBANK2            50      0       0       9        0.0%
BITSFR8              0      0       0       9        0.0%
SFR8                 0      0       0       9        0.0%
BANK2               50      0       0      10        0.0%
BITSFR9              0      0       0      10        0.0%
SFR9                 0      0       0      10        0.0%
BITBANK3            50      0       0      11        0.0%
BITSFR10             0      0       0      11        0.0%
SFR10                0      0       0      11        0.0%
BANK3               50      0       0      12        0.0%
BITSFR11             0      0       0      12        0.0%
SFR11                0      0       0      12        0.0%
BITBANK4            50      0       0      13        0.0%
BITSFR12             0      0       0      13        0.0%
SFR12                0      0       0      13        0.0%
BANK4               50      0       0      14        0.0%
BITSFR13             0      0       0      14        0.0%
SFR13                0      0       0      14        0.0%
BITBANK5            50      0       0      15        0.0%
BITSFR14             0      0       0      15        0.0%
SFR14                0      0       0      15        0.0%
BANK5               50      0       0      16        0.0%
BITSFR15             0      0       0      16        0.0%
SFR15                0      0       0      16        0.0%
BITBANK6            10      0       0      17        0.0%
BITSFR16             0      0       0      17        0.0%
SFR16                0      0       0      17        0.0%
BANK6               10      0       0      18        0.0%
BITSFR17             0      0       0      18        0.0%
SFR17                0      0       0      18        0.0%
BITSFR18             0      0       0      19        0.0%
SFR18                0      0       0      19        0.0%
DATA                 0      0       0      19        0.0%
BITSFR19             0      0       0      20        0.0%
SFR19                0      0       0      20        0.0%
BITSFR20             0      0       0      21        0.0%
SFR20                0      0       0      21        0.0%
BITSFR21             0      0       0      22        0.0%
SFR21                0      0       0      22        0.0%
BITSFR22             0      0       0      23        0.0%
SFR22                0      0       0      23        0.0%
BITSFR23             0      0       0      24        0.0%
SFR23                0      0       0      24        0.0%
BITSFR24             0      0       0      25        0.0%
SFR24                0      0       0      25        0.0%
BITSFR25             0      0       0      26        0.0%
SFR25                0      0       0      26        0.0%
BITSFR26             0      0       0      27        0.0%
SFR26                0      0       0      27        0.0%
BITSFR27             0      0       0      28        0.0%
SFR27                0      0       0      28        0.0%
BITSFR28             0      0       0      29        0.0%
SFR28                0      0       0      29        0.0%
BITSFR29             0      0       0      30        0.0%
SFR29                0      0       0      30        0.0%
BITSFR30             0      0       0      31        0.0%
SFR30                0      0       0      31        0.0%
BITSFR31             0      0       0      32        0.0%
SFR31                0      0       0      32        0.0%


Microchip Technology PIC Macro Assembler V1.43 build -156212558 
Symbol Table                                                                                   Thu Aug 31 00:00:17 2017

                    __CFG_CP$OFF 0000                               l54 074E                               l90 0796  
                             l75 0786                               l85 0792                               l95 079A  
                             l79 078E                               u70 0784               HC595_Write_Idx@idx 0072  
                    __CFG_LVP$ON 0000                              l100 07AC                              l652 079E  
                            l656 07B0                              u107 07D5                              u117 07F5  
                   __CFG_CPD$OFF 0000                     __CFG_BORV$LO 0000                              wreg 0009  
                   __CFG_IESO$ON 0000              HC595_Write_Idx@data 0070                             _LATA 010C  
                           _LATB 010D                             _LATC 010E                             _LATE 0110  
                           _PLLR 04D6                             _WPUB 020D                             _WPUE 0210  
                   __CFG_WRT$OFF 0000                    __CFG_FCMEN$ON 0000                             _main 07AD  
                           btemp 007E                    __CFG_BOREN$ON 0000                             start 0002  
                  __CFG_MCLRE$ON 0000                    __CFG_PLLEN$ON 0000   __size_of_OSCILLATOR_Initialize 0007  
  __end_of_OSCILLATOR_Initialize 0751                  _HC595_Write_Idx 0777                            ?_main 0070  
                  __CFG_WDTE$OFF 0000                            _TRISA 008C                            _TRISB 008D  
                          _TRISC 008E                            _TRISE 0090                   _WDT_Initialize 0746  
                          wtemp0 007E                  __initialization 07FD                     __end_of_main 07FD  
                         ??_main 0074           __end_of_WDT_Initialize 074A                           _APFCON 011D  
                         _ANSELA 018C                           _ANSELB 018D                           _OSCCON 0099  
                         _WDTCON 0097                   __CFG_PWRTE$OFF 0000          __end_of_HC595_Write_Idx 07AD  
                 __CFG_STVREN$ON 0000                  ?_WDT_Initialize 0070                _SYSTEM_Initialize 0751  
        __end_of__initialization 07FD               ?_SYSTEM_Initialize 0070                   __pcstackCOMMON 0070  
            ??_SYSTEM_Initialize 0070                   _OPTION_REGbits 0095        __end_of_SYSTEM_Initialize 075A  
                __CFG_VCAPEN$OFF 0000                       __pmaintext 07AD                 ?_HC595_Write_Idx 0070  
                        _OSCTUNE 0098                          __ptext1 0751                          __ptext2 0746  
                        __ptext3 075A                          __ptext4 074A                          __ptext5 0777  
          _OSCILLATOR_Initialize 074A         ??_PIN_MANAGER_Initialize 0070       __size_of_SYSTEM_Initialize 0009  
           end_of_initialization 07FD                 ??_WDT_Initialize 0070                 __CFG_FOSC$INTOSC 0000  
               HC595_Write_Idx@i 0073           ?_OSCILLATOR_Initialize 0070              start_initialization 07FD  
__size_of_PIN_MANAGER_Initialize 001D                        ___latbits 0002           _PIN_MANAGER_Initialize 075A  
       __size_of_HC595_Write_Idx 0036                         _LATAbits 010C                         _LATCbits 010E  
        ??_OSCILLATOR_Initialize 0070                ??_HC595_Write_Idx 0071                    __size_of_main 0050  
        __size_of_WDT_Initialize 0004          ?_PIN_MANAGER_Initialize 0070                __CFG_CLKOUTEN$OFF 0000  
 __end_of_PIN_MANAGER_Initialize 0777  
