

Microchip Technology PIC PRO Macro Assembler V1.43 build -156212558 
                                                                                               Mon Aug 28 22:04:46 2017

Microchip Technology Omniscient Code Generator v1.43 (PRO mode) build 201707250354
     1                           	processor	16F1936
     2                           	opt	pw 120
     3                           	opt	pm
     4                           	psect	cinit,global,class=CODE,merge=1,delta=2
     5                           	psect	cstackCOMMON,global,class=COMMON,space=1,delta=1
     6                           	psect	pa_nodes0,global,class=CODE,delta=2
     7                           	dabs	1,0x7E,2
     8  0000                     
     9                           ; Version 1.43
    10                           ; Generated 25/07/2017 GMT
    11                           ; 
    12                           ; Copyright © 2017, Microchip Technology Inc. and its subsidiaries ("Microchip")
    13                           ; All rights reserved.
    14                           ; 
    15                           ; This software is developed by Microchip Technology Inc. and its subsidiaries ("Microch
      +                          ip").
    16                           ; 
    17                           ; Redistribution and use in source and binary forms, with or without modification, are
    18                           ; permitted provided that the following conditions are met:
    19                           ; 
    20                           ;     1. Redistributions of source code must retain the above copyright notice, this lis
      +                          t of
    21                           ;        conditions and the following disclaimer.
    22                           ; 
    23                           ;     2. Redistributions in binary form must reproduce the above copyright notice, this 
      +                          list
    24                           ;        of conditions and the following disclaimer in the documentation and/or other
    25                           ;        materials provided with the distribution.
    26                           ; 
    27                           ;     3. Microchip's name may not be used to endorse or promote products derived from th
      +                          is
    28                           ;        software without specific prior written permission.
    29                           ; 
    30                           ; THIS SOFTWARE IS PROVIDED BY MICROCHIP "AS IS" AND ANY EXPRESS OR IMPLIED WARRANTIES,
    31                           ; INCLUDING, BUT NOT LIMITED TO, THE IMPLIED WARRANTIES OF MERCHANTABILITY AND FITNESS F
      +                          OR
    32                           ; PURPOSE ARE DISCLAIMED.  IN NO EVENT SHALL MICROCHIP BE LIABLE FOR ANY DIRECT, INDIREC
      +                          T,
    33                           ; INCIDENTAL, SPECIAL, EXEMPLARY, OR CONSEQUENTIAL DAMAGES (INCLUDING BUT NOT LIMITED TO
    34                           ; PROCUREMENT OF SUBSTITUTE GOODS OR SERVICES; LOSS OF USE, DATA OR PROFITS; OR BUSINESS
    35                           ; INTERRUPTION) HOWSOEVER CAUSED AND ON ANY THEORY OF LIABILITY, WHETHER IN CONTRACT, ST
      +                          RICT
    36                           ; LIABILITY, OR TORT (INCLUDING NEGLIGENCE OR OTHERWISE) ARISING IN ANY WAY OUT OF THE U
      +                          SE OF
    37                           ; THIS SOFTWARE, EVEN IF ADVISED OF THE POSSIBILITY OF SUCH DAMAGE.
    38                           ; 
    39                           ; 
    40                           ; Code-generator required, PIC16F1936 Definitions
    41                           ; 
    42                           ; SFR Addresses
    43  0000                     	;# 
    44  0001                     	;# 
    45  0002                     	;# 
    46  0003                     	;# 
    47  0004                     	;# 
    48  0005                     	;# 
    49  0006                     	;# 
    50  0007                     	;# 
    51  0008                     	;# 
    52  0009                     	;# 
    53  000A                     	;# 
    54  000B                     	;# 
    55  000C                     	;# 
    56  000D                     	;# 
    57  000E                     	;# 
    58  0010                     	;# 
    59  0011                     	;# 
    60  0012                     	;# 
    61  0013                     	;# 
    62  0015                     	;# 
    63  0016                     	;# 
    64  0016                     	;# 
    65  0017                     	;# 
    66  0018                     	;# 
    67  0019                     	;# 
    68  001A                     	;# 
    69  001B                     	;# 
    70  001C                     	;# 
    71  001E                     	;# 
    72  001F                     	;# 
    73  008C                     	;# 
    74  008D                     	;# 
    75  008E                     	;# 
    76  0090                     	;# 
    77  0091                     	;# 
    78  0092                     	;# 
    79  0093                     	;# 
    80  0095                     	;# 
    81  0096                     	;# 
    82  0097                     	;# 
    83  0098                     	;# 
    84  0099                     	;# 
    85  009A                     	;# 
    86  009B                     	;# 
    87  009B                     	;# 
    88  009C                     	;# 
    89  009D                     	;# 
    90  009E                     	;# 
    91  010C                     	;# 
    92  010D                     	;# 
    93  010E                     	;# 
    94  0110                     	;# 
    95  0111                     	;# 
    96  0112                     	;# 
    97  0113                     	;# 
    98  0114                     	;# 
    99  0115                     	;# 
   100  0116                     	;# 
   101  0117                     	;# 
   102  0118                     	;# 
   103  0119                     	;# 
   104  011A                     	;# 
   105  011B                     	;# 
   106  011D                     	;# 
   107  018C                     	;# 
   108  018D                     	;# 
   109  0191                     	;# 
   110  0191                     	;# 
   111  0192                     	;# 
   112  0193                     	;# 
   113  0193                     	;# 
   114  0193                     	;# 
   115  0194                     	;# 
   116  0195                     	;# 
   117  0196                     	;# 
   118  0199                     	;# 
   119  019A                     	;# 
   120  019B                     	;# 
   121  019B                     	;# 
   122  019B                     	;# 
   123  019B                     	;# 
   124  019C                     	;# 
   125  019C                     	;# 
   126  019D                     	;# 
   127  019E                     	;# 
   128  019F                     	;# 
   129  020D                     	;# 
   130  0210                     	;# 
   131  0211                     	;# 
   132  0212                     	;# 
   133  0213                     	;# 
   134  0214                     	;# 
   135  0215                     	;# 
   136  0215                     	;# 
   137  0216                     	;# 
   138  0217                     	;# 
   139  0291                     	;# 
   140  0291                     	;# 
   141  0292                     	;# 
   142  0293                     	;# 
   143  0294                     	;# 
   144  0295                     	;# 
   145  0295                     	;# 
   146  0296                     	;# 
   147  0298                     	;# 
   148  0298                     	;# 
   149  0299                     	;# 
   150  029A                     	;# 
   151  029B                     	;# 
   152  029C                     	;# 
   153  029C                     	;# 
   154  029D                     	;# 
   155  029E                     	;# 
   156  029F                     	;# 
   157  0311                     	;# 
   158  0311                     	;# 
   159  0312                     	;# 
   160  0313                     	;# 
   161  0314                     	;# 
   162  0315                     	;# 
   163  0315                     	;# 
   164  0316                     	;# 
   165  0318                     	;# 
   166  0318                     	;# 
   167  0319                     	;# 
   168  031A                     	;# 
   169  031C                     	;# 
   170  031C                     	;# 
   171  031D                     	;# 
   172  031E                     	;# 
   173  0394                     	;# 
   174  0395                     	;# 
   175  0396                     	;# 
   176  0415                     	;# 
   177  0416                     	;# 
   178  0417                     	;# 
   179  041C                     	;# 
   180  041D                     	;# 
   181  041E                     	;# 
   182  0791                     	;# 
   183  0792                     	;# 
   184  0793                     	;# 
   185  0794                     	;# 
   186  0795                     	;# 
   187  0798                     	;# 
   188  0799                     	;# 
   189  07A0                     	;# 
   190  07A1                     	;# 
   191  07A3                     	;# 
   192  07A4                     	;# 
   193  07A6                     	;# 
   194  07A7                     	;# 
   195  07A9                     	;# 
   196  07AA                     	;# 
   197  0FE4                     	;# 
   198  0FE5                     	;# 
   199  0FE6                     	;# 
   200  0FE7                     	;# 
   201  0FE8                     	;# 
   202  0FE9                     	;# 
   203  0FEA                     	;# 
   204  0FEB                     	;# 
   205  0FED                     	;# 
   206  0FEE                     	;# 
   207  0FEF                     	;# 
   208  0000                     	;# 
   209  0001                     	;# 
   210  0002                     	;# 
   211  0003                     	;# 
   212  0004                     	;# 
   213  0005                     	;# 
   214  0006                     	;# 
   215  0007                     	;# 
   216  0008                     	;# 
   217  0009                     	;# 
   218  000A                     	;# 
   219  000B                     	;# 
   220  000C                     	;# 
   221  000D                     	;# 
   222  000E                     	;# 
   223  0010                     	;# 
   224  0011                     	;# 
   225  0012                     	;# 
   226  0013                     	;# 
   227  0015                     	;# 
   228  0016                     	;# 
   229  0016                     	;# 
   230  0017                     	;# 
   231  0018                     	;# 
   232  0019                     	;# 
   233  001A                     	;# 
   234  001B                     	;# 
   235  001C                     	;# 
   236  001E                     	;# 
   237  001F                     	;# 
   238  008C                     	;# 
   239  008D                     	;# 
   240  008E                     	;# 
   241  0090                     	;# 
   242  0091                     	;# 
   243  0092                     	;# 
   244  0093                     	;# 
   245  0095                     	;# 
   246  0096                     	;# 
   247  0097                     	;# 
   248  0098                     	;# 
   249  0099                     	;# 
   250  009A                     	;# 
   251  009B                     	;# 
   252  009B                     	;# 
   253  009C                     	;# 
   254  009D                     	;# 
   255  009E                     	;# 
   256  010C                     	;# 
   257  010D                     	;# 
   258  010E                     	;# 
   259  0110                     	;# 
   260  0111                     	;# 
   261  0112                     	;# 
   262  0113                     	;# 
   263  0114                     	;# 
   264  0115                     	;# 
   265  0116                     	;# 
   266  0117                     	;# 
   267  0118                     	;# 
   268  0119                     	;# 
   269  011A                     	;# 
   270  011B                     	;# 
   271  011D                     	;# 
   272  018C                     	;# 
   273  018D                     	;# 
   274  0191                     	;# 
   275  0191                     	;# 
   276  0192                     	;# 
   277  0193                     	;# 
   278  0193                     	;# 
   279  0193                     	;# 
   280  0194                     	;# 
   281  0195                     	;# 
   282  0196                     	;# 
   283  0199                     	;# 
   284  019A                     	;# 
   285  019B                     	;# 
   286  019B                     	;# 
   287  019B                     	;# 
   288  019B                     	;# 
   289  019C                     	;# 
   290  019C                     	;# 
   291  019D                     	;# 
   292  019E                     	;# 
   293  019F                     	;# 
   294  020D                     	;# 
   295  0210                     	;# 
   296  0211                     	;# 
   297  0212                     	;# 
   298  0213                     	;# 
   299  0214                     	;# 
   300  0215                     	;# 
   301  0215                     	;# 
   302  0216                     	;# 
   303  0217                     	;# 
   304  0291                     	;# 
   305  0291                     	;# 
   306  0292                     	;# 
   307  0293                     	;# 
   308  0294                     	;# 
   309  0295                     	;# 
   310  0295                     	;# 
   311  0296                     	;# 
   312  0298                     	;# 
   313  0298                     	;# 
   314  0299                     	;# 
   315  029A                     	;# 
   316  029B                     	;# 
   317  029C                     	;# 
   318  029C                     	;# 
   319  029D                     	;# 
   320  029E                     	;# 
   321  029F                     	;# 
   322  0311                     	;# 
   323  0311                     	;# 
   324  0312                     	;# 
   325  0313                     	;# 
   326  0314                     	;# 
   327  0315                     	;# 
   328  0315                     	;# 
   329  0316                     	;# 
   330  0318                     	;# 
   331  0318                     	;# 
   332  0319                     	;# 
   333  031A                     	;# 
   334  031C                     	;# 
   335  031C                     	;# 
   336  031D                     	;# 
   337  031E                     	;# 
   338  0394                     	;# 
   339  0395                     	;# 
   340  0396                     	;# 
   341  0415                     	;# 
   342  0416                     	;# 
   343  0417                     	;# 
   344  041C                     	;# 
   345  041D                     	;# 
   346  041E                     	;# 
   347  0791                     	;# 
   348  0792                     	;# 
   349  0793                     	;# 
   350  0794                     	;# 
   351  0795                     	;# 
   352  0798                     	;# 
   353  0799                     	;# 
   354  07A0                     	;# 
   355  07A1                     	;# 
   356  07A3                     	;# 
   357  07A4                     	;# 
   358  07A6                     	;# 
   359  07A7                     	;# 
   360  07A9                     	;# 
   361  07AA                     	;# 
   362  0FE4                     	;# 
   363  0FE5                     	;# 
   364  0FE6                     	;# 
   365  0FE7                     	;# 
   366  0FE8                     	;# 
   367  0FE9                     	;# 
   368  0FEA                     	;# 
   369  0FEB                     	;# 
   370  0FED                     	;# 
   371  0FEE                     	;# 
   372  0FEF                     	;# 
   373  0000                     	;# 
   374  0001                     	;# 
   375  0002                     	;# 
   376  0003                     	;# 
   377  0004                     	;# 
   378  0005                     	;# 
   379  0006                     	;# 
   380  0007                     	;# 
   381  0008                     	;# 
   382  0009                     	;# 
   383  000A                     	;# 
   384  000B                     	;# 
   385  000C                     	;# 
   386  000D                     	;# 
   387  000E                     	;# 
   388  0010                     	;# 
   389  0011                     	;# 
   390  0012                     	;# 
   391  0013                     	;# 
   392  0015                     	;# 
   393  0016                     	;# 
   394  0016                     	;# 
   395  0017                     	;# 
   396  0018                     	;# 
   397  0019                     	;# 
   398  001A                     	;# 
   399  001B                     	;# 
   400  001C                     	;# 
   401  001E                     	;# 
   402  001F                     	;# 
   403  008C                     	;# 
   404  008D                     	;# 
   405  008E                     	;# 
   406  0090                     	;# 
   407  0091                     	;# 
   408  0092                     	;# 
   409  0093                     	;# 
   410  0095                     	;# 
   411  0096                     	;# 
   412  0097                     	;# 
   413  0098                     	;# 
   414  0099                     	;# 
   415  009A                     	;# 
   416  009B                     	;# 
   417  009B                     	;# 
   418  009C                     	;# 
   419  009D                     	;# 
   420  009E                     	;# 
   421  010C                     	;# 
   422  010D                     	;# 
   423  010E                     	;# 
   424  0110                     	;# 
   425  0111                     	;# 
   426  0112                     	;# 
   427  0113                     	;# 
   428  0114                     	;# 
   429  0115                     	;# 
   430  0116                     	;# 
   431  0117                     	;# 
   432  0118                     	;# 
   433  0119                     	;# 
   434  011A                     	;# 
   435  011B                     	;# 
   436  011D                     	;# 
   437  018C                     	;# 
   438  018D                     	;# 
   439  0191                     	;# 
   440  0191                     	;# 
   441  0192                     	;# 
   442  0193                     	;# 
   443  0193                     	;# 
   444  0193                     	;# 
   445  0194                     	;# 
   446  0195                     	;# 
   447  0196                     	;# 
   448  0199                     	;# 
   449  019A                     	;# 
   450  019B                     	;# 
   451  019B                     	;# 
   452  019B                     	;# 
   453  019B                     	;# 
   454  019C                     	;# 
   455  019C                     	;# 
   456  019D                     	;# 
   457  019E                     	;# 
   458  019F                     	;# 
   459  020D                     	;# 
   460  0210                     	;# 
   461  0211                     	;# 
   462  0212                     	;# 
   463  0213                     	;# 
   464  0214                     	;# 
   465  0215                     	;# 
   466  0215                     	;# 
   467  0216                     	;# 
   468  0217                     	;# 
   469  0291                     	;# 
   470  0291                     	;# 
   471  0292                     	;# 
   472  0293                     	;# 
   473  0294                     	;# 
   474  0295                     	;# 
   475  0295                     	;# 
   476  0296                     	;# 
   477  0298                     	;# 
   478  0298                     	;# 
   479  0299                     	;# 
   480  029A                     	;# 
   481  029B                     	;# 
   482  029C                     	;# 
   483  029C                     	;# 
   484  029D                     	;# 
   485  029E                     	;# 
   486  029F                     	;# 
   487  0311                     	;# 
   488  0311                     	;# 
   489  0312                     	;# 
   490  0313                     	;# 
   491  0314                     	;# 
   492  0315                     	;# 
   493  0315                     	;# 
   494  0316                     	;# 
   495  0318                     	;# 
   496  0318                     	;# 
   497  0319                     	;# 
   498  031A                     	;# 
   499  031C                     	;# 
   500  031C                     	;# 
   501  031D                     	;# 
   502  031E                     	;# 
   503  0394                     	;# 
   504  0395                     	;# 
   505  0396                     	;# 
   506  0415                     	;# 
   507  0416                     	;# 
   508  0417                     	;# 
   509  041C                     	;# 
   510  041D                     	;# 
   511  041E                     	;# 
   512  0791                     	;# 
   513  0792                     	;# 
   514  0793                     	;# 
   515  0794                     	;# 
   516  0795                     	;# 
   517  0798                     	;# 
   518  0799                     	;# 
   519  07A0                     	;# 
   520  07A1                     	;# 
   521  07A3                     	;# 
   522  07A4                     	;# 
   523  07A6                     	;# 
   524  07A7                     	;# 
   525  07A9                     	;# 
   526  07AA                     	;# 
   527  0FE4                     	;# 
   528  0FE5                     	;# 
   529  0FE6                     	;# 
   530  0FE7                     	;# 
   531  0FE8                     	;# 
   532  0FE9                     	;# 
   533  0FEA                     	;# 
   534  0FEB                     	;# 
   535  0FED                     	;# 
   536  0FEE                     	;# 
   537  0FEF                     	;# 
   538  0097                     _WDTCON	set	151
   539  0098                     _OSCTUNE	set	152
   540  0099                     _OSCCON	set	153
   541  0095                     _OPTION_REGbits	set	149
   542  008E                     _TRISC	set	142
   543  008D                     _TRISB	set	141
   544  008C                     _TRISA	set	140
   545  0090                     _TRISE	set	144
   546  04D6                     _PLLR	set	1238
   547  011D                     _APFCON	set	285
   548  010E                     _LATC	set	270
   549  010D                     _LATB	set	269
   550  010C                     _LATA	set	268
   551  0110                     _LATE	set	272
   552  018C                     _ANSELA	set	396
   553  018D                     _ANSELB	set	397
   554  020D                     _WPUB	set	525
   555  0210                     _WPUE	set	528
   556                           
   557                           ; #config settings
   558  0000                     
   559                           	psect	cinit
   560  077B                     start_initialization:	
   561  077B                     __initialization:	
   562  077B                     end_of_initialization:	
   563                           ;End of C runtime variable initialization code
   564                           
   565  077B                     __end_of__initialization:	
   566  077B  0020               	movlb	0
   567  077C  2F7D               	ljmp	_main	;jump to C main() function
   568  077D                     __pmaintext:	
   569 ;;
   570 ;;Main: autosize = 0, tempsize = 2, incstack = 0, save=0
   571 ;;
   572 ;; *************** function _main *****************
   573 ;; Defined at:
   574 ;;		line 33 in file "main.c"
   575 ;; Parameters:    Size  Location     Type
   576 ;;		None
   577 ;; Auto vars:     Size  Location     Type
   578 ;;  i               1   10[COMMON] unsigned char 
   579 ;; Return value:  Size  Location     Type
   580 ;;                  1    wreg      void 
   581 ;; Registers used:
   582 ;;		wreg, status,2, status,0, pclath, cstack
   583 ;; Tracked objects:
   584 ;;		On entry : B1F/0
   585 ;;		On exit  : 0/0
   586 ;;		Unchanged: 0/0
   587 ;; Data sizes:     COMMON   BANK0   BANK1   BANK2   BANK3   BANK4   BANK5   BANK6
   588 ;;      Params:         0       0       0       0       0       0       0       0
   589 ;;      Locals:         1       0       0       0       0       0       0       0
   590 ;;      Temps:          2       0       0       0       0       0       0       0
   591 ;;      Totals:         3       0       0       0       0       0       0       0
   592 ;;Total ram usage:        3 bytes
   593 ;; Hardware stack levels required when called:    2
   594 ;; This function calls:
   595 ;;		_Decode
   596 ;;		_SYSTEM_Initialize
   597 ;; This function is called by:
   598 ;;		Startup code after reset
   599 ;; This function uses a non-reentrant model
   600 ;;
   601                           
   602                           
   603                           ;psect for function _main
   604  077D                     _main:	
   605                           
   606                           ;main.c: 36: SYSTEM_Initialize();
   607                           
   608                           ;incstack = 0
   609                           ; Regs used in _main: [wreg+status,2+status,0+pclath+cstack]
   610  077D  27BF  3187         	fcall	_SYSTEM_Initialize
   611  077F                     l671:	
   612                           
   613                           ;main.c: 39: {
   614                           ;main.c: 40: uint8_t i;
   615                           ;main.c: 41: for(i=0; i<100; i++)
   616  077F  01FA               	clrf	main@i
   617  0780                     l677:	
   618                           
   619                           ;main.c: 42: {
   620                           ;main.c: 45: Decode(i);
   621  0780  087A               	movf	main@i,w
   622  0781  2795  3187         	fcall	_Decode
   623                           
   624                           ;main.c: 46: _delay((unsigned long)((100)*(32000000/4000.0)));
   625  0783  3005               	movlw	5
   626  0784  00F9               	movwf	??_main+1
   627  0785  300F               	movlw	15
   628  0786  00F8               	movwf	??_main
   629  0787  30F1               	movlw	241
   630  0788                     u187:	
   631  0788  0B89               	decfsz	9,f
   632  0789  2F88               	goto	u187
   633  078A  0BF8               	decfsz	??_main,f
   634  078B  2F88               	goto	u187
   635  078C  0BF9               	decfsz	??_main+1,f
   636  078D  2F88               	goto	u187
   637  078E  0000               	nop
   638  078F  3064               	movlw	100
   639  0790  0AFA               	incf	main@i,f
   640  0791  027A               	subwf	main@i,w
   641  0792  1803               	btfsc	3,0
   642  0793  2F7F               	goto	l671
   643  0794  2F80               	goto	l677
   644  0795                     __end_of_main:	
   645  0795                     __ptext5:	
   646 ;; *************** function _Decode *****************
   647 ;; Defined at:
   648 ;;		line 25 in file "main.c"
   649 ;; Parameters:    Size  Location     Type
   650 ;;  num             1    wreg     unsigned char 
   651 ;; Auto vars:     Size  Location     Type
   652 ;;  num             1    7[COMMON] unsigned char 
   653 ;;  Lnibble         1    6[COMMON] unsigned char 
   654 ;;  Hnibble         1    5[COMMON] unsigned char 
   655 ;; Return value:  Size  Location     Type
   656 ;;                  1    wreg      void 
   657 ;; Registers used:
   658 ;;		wreg, status,2, status,0, pclath, cstack
   659 ;; Tracked objects:
   660 ;;		On entry : 0/1
   661 ;;		On exit  : 1F/2
   662 ;;		Unchanged: 0/0
   663 ;; Data sizes:     COMMON   BANK0   BANK1   BANK2   BANK3   BANK4   BANK5   BANK6
   664 ;;      Params:         0       0       0       0       0       0       0       0
   665 ;;      Locals:         3       0       0       0       0       0       0       0
   666 ;;      Temps:          0       0       0       0       0       0       0       0
   667 ;;      Totals:         3       0       0       0       0       0       0       0
   668 ;;Total ram usage:        3 bytes
   669 ;; Hardware stack levels used:    1
   670 ;; Hardware stack levels required when called:    1
   671 ;; This function calls:
   672 ;;		___lbdiv
   673 ;;		___lbmod
   674 ;; This function is called by:
   675 ;;		_main
   676 ;; This function uses a non-reentrant model
   677 ;;
   678                           
   679                           
   680                           ;psect for function _Decode
   681  0795                     _Decode:	
   682                           
   683                           ;incstack = 0
   684                           ; Regs used in _Decode: [wreg+status,2+status,0+pclath+cstack]
   685                           ;Decode@num stored from wreg
   686  0795  00F7               	movwf	Decode@num
   687                           
   688                           ;main.c: 27: uint8_t Hnibble, Lnibble;
   689                           ;main.c: 28: Hnibble=num/10;
   690  0796  300A               	movlw	10
   691  0797  00F0               	movwf	___lbdiv@divisor
   692  0798  0877               	movf	Decode@num,w
   693  0799  27A7  3187         	fcall	___lbdiv
   694  079B  00F5               	movwf	Decode@Hnibble
   695                           
   696                           ;main.c: 29: Lnibble=num%10;
   697  079C  300A               	movlw	10
   698  079D  00F0               	movwf	___lbmod@divisor
   699  079E  0877               	movf	Decode@num,w
   700  079F  27DE               	fcall	___lbmod
   701  07A0  00F6               	movwf	Decode@Lnibble
   702                           
   703                           ;main.c: 30: LATC=(Lnibble<<4)|Hnibble;
   704  07A1  0E76               	swapf	Decode@Lnibble,w
   705  07A2  39F0               	andlw	240
   706  07A3  0475               	iorwf	Decode@Hnibble,w
   707  07A4  0022               	movlb	2	; select bank2
   708  07A5  008E               	movwf	14	;volatile
   709  07A6  0008               	return
   710  07A7                     __end_of_Decode:	
   711  07A7                     __ptext7:	
   712 ;; *************** function ___lbdiv *****************
   713 ;; Defined at:
   714 ;;		line 4 in file "C:\Program Files (x86)\Microchip\xc8\v1.43\sources\common\lbdiv.c"
   715 ;; Parameters:    Size  Location     Type
   716 ;;  dividend        1    wreg     unsigned char 
   717 ;;  divisor         1    0[COMMON] unsigned char 
   718 ;; Auto vars:     Size  Location     Type
   719 ;;  dividend        1    1[COMMON] unsigned char 
   720 ;;  quotient        1    3[COMMON] unsigned char 
   721 ;;  counter         1    2[COMMON] unsigned char 
   722 ;; Return value:  Size  Location     Type
   723 ;;                  1    wreg      unsigned char 
   724 ;; Registers used:
   725 ;;		wreg, status,2, status,0
   726 ;; Tracked objects:
   727 ;;		On entry : 0/1
   728 ;;		On exit  : 0/0
   729 ;;		Unchanged: 0/0
   730 ;; Data sizes:     COMMON   BANK0   BANK1   BANK2   BANK3   BANK4   BANK5   BANK6
   731 ;;      Params:         1       0       0       0       0       0       0       0
   732 ;;      Locals:         3       0       0       0       0       0       0       0
   733 ;;      Temps:          0       0       0       0       0       0       0       0
   734 ;;      Totals:         4       0       0       0       0       0       0       0
   735 ;;Total ram usage:        4 bytes
   736 ;; Hardware stack levels used:    1
   737 ;; This function calls:
   738 ;;		Nothing
   739 ;; This function is called by:
   740 ;;		_Decode
   741 ;; This function uses a non-reentrant model
   742 ;;
   743                           
   744                           
   745                           ;psect for function ___lbdiv
   746  07A7                     ___lbdiv:	
   747                           
   748                           ;incstack = 0
   749                           ; Regs used in ___lbdiv: [wreg+status,2+status,0]
   750                           ;___lbdiv@dividend stored from wreg
   751  07A7  00F1               	movwf	___lbdiv@dividend
   752  07A8  01F3               	clrf	___lbdiv@quotient
   753  07A9  0870               	movf	___lbdiv@divisor,w
   754  07AA  1903               	btfsc	3,2
   755  07AB  2FBD               	goto	l643
   756  07AC  01F2               	clrf	___lbdiv@counter
   757  07AD                     l629:	
   758  07AD  0AF2               	incf	___lbdiv@counter,f
   759  07AE  1BF0               	btfsc	___lbdiv@divisor,7
   760  07AF  2FB2               	goto	l425
   761  07B0  35F0               	lslf	___lbdiv@divisor,f
   762  07B1  2FAD               	goto	l629
   763  07B2                     l425:	
   764  07B2  35F3               	lslf	___lbdiv@quotient,f
   765  07B3  0870               	movf	___lbdiv@divisor,w
   766  07B4  0271               	subwf	___lbdiv@dividend,w
   767  07B5  1C03               	skipc
   768  07B6  2FBA               	goto	l639
   769  07B7  0870               	movf	___lbdiv@divisor,w
   770  07B8  02F1               	subwf	___lbdiv@dividend,f
   771  07B9  1473               	bsf	___lbdiv@quotient,0
   772  07BA                     l639:	
   773  07BA  36F0               	lsrf	___lbdiv@divisor,f
   774  07BB  0BF2               	decfsz	___lbdiv@counter,f
   775  07BC  2FB2               	goto	l425
   776  07BD                     l643:	
   777  07BD  0873               	movf	___lbdiv@quotient,w
   778  07BE  0008               	return
   779  07BF                     __end_of___lbdiv:	
   780  007E                     btemp	set	126	;btemp
   781  007E                     wtemp0	set	126
   782  07BF                     __ptext1:	
   783 ;; *************** function _SYSTEM_Initialize *****************
   784 ;; Defined at:
   785 ;;		line 70 in file "mcc_generated_files/mcc.c"
   786 ;; Parameters:    Size  Location     Type
   787 ;;		None
   788 ;; Auto vars:     Size  Location     Type
   789 ;;		None
   790 ;; Return value:  Size  Location     Type
   791 ;;                  1    wreg      void 
   792 ;; Registers used:
   793 ;;		wreg, status,2, status,0, pclath, cstack
   794 ;; Tracked objects:
   795 ;;		On entry : B1F/0
   796 ;;		On exit  : B1F/1
   797 ;;		Unchanged: B00/0
   798 ;; Data sizes:     COMMON   BANK0   BANK1   BANK2   BANK3   BANK4   BANK5   BANK6
   799 ;;      Params:         0       0       0       0       0       0       0       0
   800 ;;      Locals:         0       0       0       0       0       0       0       0
   801 ;;      Temps:          0       0       0       0       0       0       0       0
   802 ;;      Totals:         0       0       0       0       0       0       0       0
   803 ;;Total ram usage:        0 bytes
   804 ;; Hardware stack levels used:    1
   805 ;; Hardware stack levels required when called:    1
   806 ;; This function calls:
   807 ;;		_OSCILLATOR_Initialize
   808 ;;		_PIN_MANAGER_Initialize
   809 ;;		_WDT_Initialize
   810 ;; This function is called by:
   811 ;;		_main
   812 ;; This function uses a non-reentrant model
   813 ;;
   814                           
   815                           
   816                           ;psect for function _SYSTEM_Initialize
   817  07BF                     _SYSTEM_Initialize:	
   818                           
   819                           ;mcc.c: 73: PIN_MANAGER_Initialize();
   820                           
   821                           ;incstack = 0
   822                           ; Regs used in _SYSTEM_Initialize: [wreg+status,2+status,0+pclath+cstack]
   823  07BF  27C4  3187         	fcall	_PIN_MANAGER_Initialize
   824                           
   825                           ;mcc.c: 74: OSCILLATOR_Initialize();
   826  07C1  27F6  3187         	fcall	_OSCILLATOR_Initialize
   827                           
   828                           ;mcc.c: 75: WDT_Initialize();
   829  07C3  2FFD               	ljmp	l557
   830  07C4                     __end_of_SYSTEM_Initialize:	
   831  07C4                     __ptext3:	
   832 ;; *************** function _PIN_MANAGER_Initialize *****************
   833 ;; Defined at:
   834 ;;		line 52 in file "mcc_generated_files/pin_manager.c"
   835 ;; Parameters:    Size  Location     Type
   836 ;;		None
   837 ;; Auto vars:     Size  Location     Type
   838 ;;		None
   839 ;; Return value:  Size  Location     Type
   840 ;;                  1    wreg      void 
   841 ;; Registers used:
   842 ;;		wreg, status,2
   843 ;; Tracked objects:
   844 ;;		On entry : B1F/0
   845 ;;		On exit  : B1F/2
   846 ;;		Unchanged: B00/0
   847 ;; Data sizes:     COMMON   BANK0   BANK1   BANK2   BANK3   BANK4   BANK5   BANK6
   848 ;;      Params:         0       0       0       0       0       0       0       0
   849 ;;      Locals:         0       0       0       0       0       0       0       0
   850 ;;      Temps:          0       0       0       0       0       0       0       0
   851 ;;      Totals:         0       0       0       0       0       0       0       0
   852 ;;Total ram usage:        0 bytes
   853 ;; Hardware stack levels used:    1
   854 ;; This function calls:
   855 ;;		Nothing
   856 ;; This function is called by:
   857 ;;		_SYSTEM_Initialize
   858 ;; This function uses a non-reentrant model
   859 ;;
   860                           
   861                           
   862                           ;psect for function _PIN_MANAGER_Initialize
   863  07C4                     _PIN_MANAGER_Initialize:	
   864                           
   865                           ;pin_manager.c: 57: LATE = 0x00;
   866                           
   867                           ;incstack = 0
   868                           ; Regs used in _PIN_MANAGER_Initialize: [wreg+status,2]
   869  07C4  0022               	movlb	2	; select bank2
   870  07C5  0190               	clrf	16	;volatile
   871                           
   872                           ;pin_manager.c: 58: LATA = 0x00;
   873  07C6  018C               	clrf	12	;volatile
   874                           
   875                           ;pin_manager.c: 59: LATB = 0x00;
   876  07C7  018D               	clrf	13	;volatile
   877                           
   878                           ;pin_manager.c: 60: LATC = 0x00;
   879  07C8  018E               	clrf	14	;volatile
   880                           
   881                           ;pin_manager.c: 65: TRISE = 0x08;
   882  07C9  3008               	movlw	8
   883  07CA  0021               	movlb	1	; select bank1
   884  07CB  0090               	movwf	16	;volatile
   885                           
   886                           ;pin_manager.c: 66: TRISA = 0xFF;
   887  07CC  30FF               	movlw	255
   888  07CD  008C               	movwf	12	;volatile
   889                           
   890                           ;pin_manager.c: 67: TRISB = 0xFF;
   891  07CE  008D               	movwf	13	;volatile
   892                           
   893                           ;pin_manager.c: 68: TRISC = 0x00;
   894  07CF  018E               	clrf	14	;volatile
   895                           
   896                           ;pin_manager.c: 73: ANSELB = 0x3F;
   897  07D0  303F               	movlw	63
   898  07D1  0023               	movlb	3	; select bank3
   899  07D2  008D               	movwf	13	;volatile
   900                           
   901                           ;pin_manager.c: 74: ANSELA = 0x3F;
   902  07D3  008C               	movwf	12	;volatile
   903                           
   904                           ;pin_manager.c: 79: WPUE = 0x08;
   905  07D4  3008               	movlw	8
   906  07D5  0024               	movlb	4	; select bank4
   907  07D6  0090               	movwf	16	;volatile
   908                           
   909                           ;pin_manager.c: 80: WPUB = 0xFF;
   910  07D7  30FF               	movlw	255
   911  07D8  008D               	movwf	13	;volatile
   912                           
   913                           ;pin_manager.c: 81: OPTION_REGbits.nWPUEN = 0;
   914  07D9  0021               	movlb	1	; select bank1
   915  07DA  1395               	bcf	21,7	;volatile
   916                           
   917                           ;pin_manager.c: 87: APFCON = 0x00;
   918  07DB  0022               	movlb	2	; select bank2
   919  07DC  019D               	clrf	29	;volatile
   920  07DD  0008               	return
   921  07DE                     __end_of_PIN_MANAGER_Initialize:	
   922  07DE                     __ptext6:	
   923 ;; *************** function ___lbmod *****************
   924 ;; Defined at:
   925 ;;		line 4 in file "C:\Program Files (x86)\Microchip\xc8\v1.43\sources\common\lbmod.c"
   926 ;; Parameters:    Size  Location     Type
   927 ;;  dividend        1    wreg     unsigned char 
   928 ;;  divisor         1    0[COMMON] unsigned char 
   929 ;; Auto vars:     Size  Location     Type
   930 ;;  dividend        1    2[COMMON] unsigned char 
   931 ;;  rem             1    4[COMMON] unsigned char 
   932 ;;  counter         1    3[COMMON] unsigned char 
   933 ;; Return value:  Size  Location     Type
   934 ;;                  1    wreg      unsigned char 
   935 ;; Registers used:
   936 ;;		wreg, status,2, status,0
   937 ;; Tracked objects:
   938 ;;		On entry : 0/1
   939 ;;		On exit  : 0/0
   940 ;;		Unchanged: 0/0
   941 ;; Data sizes:     COMMON   BANK0   BANK1   BANK2   BANK3   BANK4   BANK5   BANK6
   942 ;;      Params:         1       0       0       0       0       0       0       0
   943 ;;      Locals:         3       0       0       0       0       0       0       0
   944 ;;      Temps:          1       0       0       0       0       0       0       0
   945 ;;      Totals:         5       0       0       0       0       0       0       0
   946 ;;Total ram usage:        5 bytes
   947 ;; Hardware stack levels used:    1
   948 ;; This function calls:
   949 ;;		Nothing
   950 ;; This function is called by:
   951 ;;		_Decode
   952 ;; This function uses a non-reentrant model
   953 ;;
   954                           
   955                           
   956                           ;psect for function ___lbmod
   957  07DE                     ___lbmod:	
   958                           
   959                           ;incstack = 0
   960                           ; Regs used in ___lbmod: [wreg+status,2+status,0]
   961                           ;___lbmod@dividend stored from wreg
   962  07DE  00F2               	movwf	___lbmod@dividend
   963  07DF  3008               	movlw	8
   964  07E0  00F3               	movwf	___lbmod@counter
   965  07E1  01F4               	clrf	___lbmod@rem
   966  07E2                     l651:	
   967  07E2  0872               	movf	___lbmod@dividend,w
   968  07E3  00F1               	movwf	??___lbmod
   969  07E4  3007               	movlw	7
   970  07E5                     u145:	
   971  07E5  36F1               	lsrf	??___lbmod,f
   972  07E6  0B89               	decfsz	9,f
   973  07E7  2FE5               	goto	u145
   974  07E8  3574               	lslf	___lbmod@rem,w
   975  07E9  0471               	iorwf	??___lbmod,w
   976  07EA  00F4               	movwf	___lbmod@rem
   977  07EB  35F2               	lslf	___lbmod@dividend,f
   978  07EC  0870               	movf	___lbmod@divisor,w
   979  07ED  0274               	subwf	___lbmod@rem,w
   980  07EE  1C03               	skipc
   981  07EF  2FF2               	goto	l659
   982  07F0  0870               	movf	___lbmod@divisor,w
   983  07F1  02F4               	subwf	___lbmod@rem,f
   984  07F2                     l659:	
   985  07F2  0BF3               	decfsz	___lbmod@counter,f
   986  07F3  2FE2               	goto	l651
   987  07F4  0874               	movf	___lbmod@rem,w
   988  07F5  0008               	return
   989  07F6                     __end_of___lbmod:	
   990  07F6                     __ptext4:	
   991 ;; *************** function _OSCILLATOR_Initialize *****************
   992 ;; Defined at:
   993 ;;		line 78 in file "mcc_generated_files/mcc.c"
   994 ;; Parameters:    Size  Location     Type
   995 ;;		None
   996 ;; Auto vars:     Size  Location     Type
   997 ;;		None
   998 ;; Return value:  Size  Location     Type
   999 ;;                  1    wreg      void 
  1000 ;; Registers used:
  1001 ;;		wreg, status,2
  1002 ;; Tracked objects:
  1003 ;;		On entry : B1F/2
  1004 ;;		On exit  : B1F/1
  1005 ;;		Unchanged: B00/0
  1006 ;; Data sizes:     COMMON   BANK0   BANK1   BANK2   BANK3   BANK4   BANK5   BANK6
  1007 ;;      Params:         0       0       0       0       0       0       0       0
  1008 ;;      Locals:         0       0       0       0       0       0       0       0
  1009 ;;      Temps:          0       0       0       0       0       0       0       0
  1010 ;;      Totals:         0       0       0       0       0       0       0       0
  1011 ;;Total ram usage:        0 bytes
  1012 ;; Hardware stack levels used:    1
  1013 ;; This function calls:
  1014 ;;		Nothing
  1015 ;; This function is called by:
  1016 ;;		_SYSTEM_Initialize
  1017 ;; This function uses a non-reentrant model
  1018 ;;
  1019                           
  1020                           
  1021                           ;psect for function _OSCILLATOR_Initialize
  1022  07F6                     _OSCILLATOR_Initialize:	
  1023                           
  1024                           ;mcc.c: 81: OSCCON = 0x70;
  1025                           
  1026                           ;incstack = 0
  1027                           ; Regs used in _OSCILLATOR_Initialize: [wreg+status,2]
  1028  07F6  3070               	movlw	112
  1029  07F7  0021               	movlb	1	; select bank1
  1030  07F8  0099               	movwf	25	;volatile
  1031                           
  1032                           ;mcc.c: 83: OSCTUNE = 0x00;
  1033  07F9  0198               	clrf	24	;volatile
  1034  07FA                     l54:	
  1035                           ;mcc.c: 86: {
  1036                           
  1037  07FA  1B1A               	btfsc	26,6	;volatile
  1038  07FB  0008               	return
  1039  07FC  2FFA               	goto	l54
  1040  07FD                     __end_of_OSCILLATOR_Initialize:	
  1041  07FD                     __ptext2:	
  1042 ;; *************** function _WDT_Initialize *****************
  1043 ;; Defined at:
  1044 ;;		line 90 in file "mcc_generated_files/mcc.c"
  1045 ;; Parameters:    Size  Location     Type
  1046 ;;		None
  1047 ;; Auto vars:     Size  Location     Type
  1048 ;;		None
  1049 ;; Return value:  Size  Location     Type
  1050 ;;                  1    wreg      void 
  1051 ;; Registers used:
  1052 ;;		wreg
  1053 ;; Tracked objects:
  1054 ;;		On entry : B1F/1
  1055 ;;		On exit  : B1F/1
  1056 ;;		Unchanged: B00/0
  1057 ;; Data sizes:     COMMON   BANK0   BANK1   BANK2   BANK3   BANK4   BANK5   BANK6
  1058 ;;      Params:         0       0       0       0       0       0       0       0
  1059 ;;      Locals:         0       0       0       0       0       0       0       0
  1060 ;;      Temps:          0       0       0       0       0       0       0       0
  1061 ;;      Totals:         0       0       0       0       0       0       0       0
  1062 ;;Total ram usage:        0 bytes
  1063 ;; Hardware stack levels used:    1
  1064 ;; This function calls:
  1065 ;;		Nothing
  1066 ;; This function is called by:
  1067 ;;		_SYSTEM_Initialize
  1068 ;; This function uses a non-reentrant model
  1069 ;;
  1070                           
  1071                           
  1072                           ;psect for function _WDT_Initialize
  1073  07FD                     _WDT_Initialize:	
  1074  07FD                     l557:	
  1075                           ;incstack = 0
  1076                           ; Regs used in _WDT_Initialize: [wreg]
  1077                           
  1078                           
  1079                           ;mcc.c: 93: WDTCON = 0x16;
  1080  07FD  3016               	movlw	22
  1081  07FE  0097               	movwf	23	;volatile
  1082  07FF  0008               	return
  1083  0800                     __end_of_WDT_Initialize:	
  1084                           
  1085                           	psect	cstackCOMMON
  1086  0070                     __pcstackCOMMON:	
  1087  0070                     ?_OSCILLATOR_Initialize:	
  1088  0070                     ??_OSCILLATOR_Initialize:	
  1089                           ; 1 bytes @ 0x0
  1090                           
  1091  0070                     ?_WDT_Initialize:	
  1092                           ; 1 bytes @ 0x0
  1093                           
  1094  0070                     ??_WDT_Initialize:	
  1095                           ; 1 bytes @ 0x0
  1096                           
  1097  0070                     ?_PIN_MANAGER_Initialize:	
  1098                           ; 1 bytes @ 0x0
  1099                           
  1100  0070                     ??_PIN_MANAGER_Initialize:	
  1101                           ; 1 bytes @ 0x0
  1102                           
  1103  0070                     ?_SYSTEM_Initialize:	
  1104                           ; 1 bytes @ 0x0
  1105                           
  1106  0070                     ??_SYSTEM_Initialize:	
  1107                           ; 1 bytes @ 0x0
  1108                           
  1109  0070                     ?_Decode:	
  1110                           ; 1 bytes @ 0x0
  1111                           
  1112  0070                     ?_main:	
  1113                           ; 1 bytes @ 0x0
  1114                           
  1115  0070                     ?___lbdiv:	
  1116                           ; 1 bytes @ 0x0
  1117                           
  1118  0070                     ?___lbmod:	
  1119                           ; 1 bytes @ 0x0
  1120                           
  1121  0070                     ___lbdiv@divisor:	
  1122                           ; 1 bytes @ 0x0
  1123                           
  1124  0070                     ___lbmod@divisor:	
  1125                           ; 1 bytes @ 0x0
  1126                           
  1127                           
  1128                           ; 1 bytes @ 0x0
  1129  0070                     	ds	1
  1130  0071                     ??___lbdiv:	
  1131  0071                     ??___lbmod:	
  1132                           ; 1 bytes @ 0x1
  1133                           
  1134  0071                     ___lbdiv@dividend:	
  1135                           ; 1 bytes @ 0x1
  1136                           
  1137                           
  1138                           ; 1 bytes @ 0x1
  1139  0071                     	ds	1
  1140  0072                     ___lbdiv@counter:	
  1141  0072                     ___lbmod@dividend:	
  1142                           ; 1 bytes @ 0x2
  1143                           
  1144                           
  1145                           ; 1 bytes @ 0x2
  1146  0072                     	ds	1
  1147  0073                     ___lbdiv@quotient:	
  1148  0073                     ___lbmod@counter:	
  1149                           ; 1 bytes @ 0x3
  1150                           
  1151                           
  1152                           ; 1 bytes @ 0x3
  1153  0073                     	ds	1
  1154  0074                     ___lbmod@rem:	
  1155                           
  1156                           ; 1 bytes @ 0x4
  1157  0074                     	ds	1
  1158  0075                     ??_Decode:	
  1159  0075                     Decode@Hnibble:	
  1160                           ; 1 bytes @ 0x5
  1161                           
  1162                           
  1163                           ; 1 bytes @ 0x5
  1164  0075                     	ds	1
  1165  0076                     Decode@Lnibble:	
  1166                           
  1167                           ; 1 bytes @ 0x6
  1168  0076                     	ds	1
  1169  0077                     Decode@num:	
  1170                           
  1171                           ; 1 bytes @ 0x7
  1172  0077                     	ds	1
  1173  0078                     ??_main:	
  1174                           
  1175                           ; 1 bytes @ 0x8
  1176  0078                     	ds	2
  1177  007A                     main@i:	
  1178                           
  1179                           ; 1 bytes @ 0xA
  1180  007A                     	ds	1


Data Sizes:
    Strings     0
    Constant    0
    Data        0
    BSS         0
    Persistent  0
    Stack       0

Auto Spaces:
    Space          Size  Autos    Used
    COMMON           14     11      11
    BANK0            80      0       0
    BANK1            80      0       0
    BANK2            80      0       0
    BANK3            80      0       0
    BANK4            80      0       0
    BANK5            80      0       0
    BANK6            16      0       0

Pointer List with Targets:

    None.

Critical Paths under _main in COMMON

    _main->_Decode
    _Decode->___lbmod

Critical Paths under _main in BANK0

    None.

Critical Paths under _main in BANK1

    None.

Critical Paths under _main in BANK2

    None.

Critical Paths under _main in BANK3

    None.

Critical Paths under _main in BANK4

    None.

Critical Paths under _main in BANK5

    None.

Critical Paths under _main in BANK6

    None.

Call Graph Tables:

 ---------------------------------------------------------------------------------
 (Depth) Function   	        Calls       Base Space   Used Autos Params    Refs
 ---------------------------------------------------------------------------------
 (0) _main                                                 3     3      0     585
                                              8 COMMON     3     3      0
                             _Decode
                  _SYSTEM_Initialize
 ---------------------------------------------------------------------------------
 (1) _SYSTEM_Initialize                                    0     0      0       0
              _OSCILLATOR_Initialize
             _PIN_MANAGER_Initialize
                     _WDT_Initialize
 ---------------------------------------------------------------------------------
 (2) _WDT_Initialize                                       0     0      0       0
 ---------------------------------------------------------------------------------
 (2) _PIN_MANAGER_Initialize                               0     0      0       0
 ---------------------------------------------------------------------------------
 (2) _OSCILLATOR_Initialize                                0     0      0       0
 ---------------------------------------------------------------------------------
 (1) _Decode                                               3     3      0     517
                                              5 COMMON     3     3      0
                            ___lbdiv
                            ___lbmod
 ---------------------------------------------------------------------------------
 (2) ___lbmod                                              5     4      1     212
                                              0 COMMON     5     4      1
 ---------------------------------------------------------------------------------
 (2) ___lbdiv                                              4     3      1     215
                                              0 COMMON     4     3      1
 ---------------------------------------------------------------------------------
 Estimated maximum stack depth 2
 ---------------------------------------------------------------------------------

 Call Graph Graphs:

 _main (ROOT)
   _Decode
     ___lbdiv
     ___lbmod
   _SYSTEM_Initialize
     _OSCILLATOR_Initialize
     _PIN_MANAGER_Initialize
     _WDT_Initialize

 Address spaces:
Name               Size   Autos  Total    Cost      Usage
BIGRAM             1F0      0       0       0        0.0%
EEDATA             100      0       0       0        0.0%
NULL                 0      0       0       0        0.0%
CODE                 0      0       0       0        0.0%
BITCOMMON            E      0       0       1        0.0%
BITSFR0              0      0       0       1        0.0%
SFR0                 0      0       0       1        0.0%
COMMON               E      B       B       2       78.6%
BITSFR1              0      0       0       2        0.0%
SFR1                 0      0       0       2        0.0%
BITSFR2              0      0       0       3        0.0%
SFR2                 0      0       0       3        0.0%
STACK                0      0       0       3        0.0%
BITSFR3              0      0       0       4        0.0%
SFR3                 0      0       0       4        0.0%
ABS                  0      0       0       4        0.0%
BITBANK0            50      0       0       5        0.0%
BITSFR4              0      0       0       5        0.0%
SFR4                 0      0       0       5        0.0%
BANK0               50      0       0       6        0.0%
BITSFR5              0      0       0       6        0.0%
SFR5                 0      0       0       6        0.0%
BITBANK1            50      0       0       7        0.0%
BITSFR6              0      0       0       7        0.0%
SFR6                 0      0       0       7        0.0%
BANK1               50      0       0       8        0.0%
BITSFR7              0      0       0       8        0.0%
SFR7                 0      0       0       8        0.0%
BITBANK2            50      0       0       9        0.0%
BITSFR8              0      0       0       9        0.0%
SFR8                 0      0       0       9        0.0%
BANK2               50      0       0      10        0.0%
BITSFR9              0      0       0      10        0.0%
SFR9                 0      0       0      10        0.0%
BITBANK3            50      0       0      11        0.0%
BITSFR10             0      0       0      11        0.0%
SFR10                0      0       0      11        0.0%
BANK3               50      0       0      12        0.0%
BITSFR11             0      0       0      12        0.0%
SFR11                0      0       0      12        0.0%
BITBANK4            50      0       0      13        0.0%
BITSFR12             0      0       0      13        0.0%
SFR12                0      0       0      13        0.0%
BANK4               50      0       0      14        0.0%
BITSFR13             0      0       0      14        0.0%
SFR13                0      0       0      14        0.0%
BITBANK5            50      0       0      15        0.0%
BITSFR14             0      0       0      15        0.0%
SFR14                0      0       0      15        0.0%
BANK5               50      0       0      16        0.0%
BITSFR15             0      0       0      16        0.0%
SFR15                0      0       0      16        0.0%
BITBANK6            10      0       0      17        0.0%
BITSFR16             0      0       0      17        0.0%
SFR16                0      0       0      17        0.0%
BANK6               10      0       0      18        0.0%
BITSFR17             0      0       0      18        0.0%
SFR17                0      0       0      18        0.0%
BITSFR18             0      0       0      19        0.0%
SFR18                0      0       0      19        0.0%
DATA                 0      0       0      19        0.0%
BITSFR19             0      0       0      20        0.0%
SFR19                0      0       0      20        0.0%
BITSFR20             0      0       0      21        0.0%
SFR20                0      0       0      21        0.0%
BITSFR21             0      0       0      22        0.0%
SFR21                0      0       0      22        0.0%
BITSFR22             0      0       0      23        0.0%
SFR22                0      0       0      23        0.0%
BITSFR23             0      0       0      24        0.0%
SFR23                0      0       0      24        0.0%
BITSFR24             0      0       0      25        0.0%
SFR24                0      0       0      25        0.0%
BITSFR25             0      0       0      26        0.0%
SFR25                0      0       0      26        0.0%
BITSFR26             0      0       0      27        0.0%
SFR26                0      0       0      27        0.0%
BITSFR27             0      0       0      28        0.0%
SFR27                0      0       0      28        0.0%
BITSFR28             0      0       0      29        0.0%
SFR28                0      0       0      29        0.0%
BITSFR29             0      0       0      30        0.0%
SFR29                0      0       0      30        0.0%
BITSFR30             0      0       0      31        0.0%
SFR30                0      0       0      31        0.0%
BITSFR31             0      0       0      32        0.0%
SFR31                0      0       0      32        0.0%


Microchip Technology PIC Macro Assembler V1.43 build -156212558 
Symbol Table                                                                                   Mon Aug 28 22:04:46 2017

                    __CFG_CP$OFF 0000                               l54 07FA                      __CFG_LVP$ON 0000  
                            l425 07B2                              l643 07BD                              l651 07E2  
                            l629 07AD                              l557 07FD                              l639 07BA  
                            l671 077F                              l659 07F2                              l677 0780  
                            u145 07E5                     __CFG_CPD$OFF 0000                              u187 0788  
                   __CFG_BORV$LO 0000                              wreg 0009                     __CFG_IESO$ON 0000  
                           _LATA 010C                             _LATB 010D                             _LATC 010E  
                           _LATE 0110                             _PLLR 04D6                             _WPUB 020D  
                           _WPUE 0210                     __CFG_WRT$OFF 0000                    __CFG_FCMEN$ON 0000  
                           _main 077D                             btemp 007E                    __CFG_BOREN$ON 0000  
                           start 0002                    __CFG_MCLRE$ON 0000                    __CFG_PLLEN$ON 0000  
 __size_of_OSCILLATOR_Initialize 0007    __end_of_OSCILLATOR_Initialize 07FD                            ?_main 0070  
                __end_of___lbdiv 07BF                    __CFG_WDTE$OFF 0000                  __end_of___lbmod 07F6  
                          _TRISA 008C                            _TRISB 008D                            _TRISC 008E  
                          _TRISE 0090                   _WDT_Initialize 07FD                            main@i 007A  
                          status 0003                            wtemp0 007E                  ___lbdiv@divisor 0070  
                ___lbdiv@counter 0072                  __initialization 077B                     __end_of_main 0795  
                         ??_main 0078           __end_of_WDT_Initialize 0800                           _APFCON 011D  
                         _ANSELA 018C                           _ANSELB 018D                           _OSCCON 0099  
                         _WDTCON 0097                           _Decode 0795                   __CFG_PWRTE$OFF 0000  
                      ??___lbdiv 0071                   __CFG_STVREN$ON 0000                        ??___lbmod 0071  
                ?_WDT_Initialize 0070                 ___lbdiv@dividend 0071                _SYSTEM_Initialize 07BF  
                ___lbmod@divisor 0070          __end_of__initialization 077B                  ___lbmod@counter 0073  
             ?_SYSTEM_Initialize 0070                   __pcstackCOMMON 0070              ??_SYSTEM_Initialize 0070  
               ___lbdiv@quotient 0073                   _OPTION_REGbits 0095        __end_of_SYSTEM_Initialize 07C4  
                __CFG_VCAPEN$OFF 0000                          ?_Decode 0070                       __pmaintext 077D  
                        _OSCTUNE 0098                  __size_of_Decode 0012                          ___lbdiv 07A7  
                        ___lbmod 07DE                          __ptext1 07BF                          __ptext2 07FD  
                        __ptext3 07C4                          __ptext4 07F6                          __ptext5 0795  
                        __ptext6 07DE                          __ptext7 07A7            _OSCILLATOR_Initialize 07F6  
       ??_PIN_MANAGER_Initialize 0070                        Decode@num 0077       __size_of_SYSTEM_Initialize 0005  
           end_of_initialization 077B                 ??_WDT_Initialize 0070                 __CFG_FOSC$INTOSC 0000  
               ___lbmod@dividend 0072                      ___lbmod@rem 0074                   __end_of_Decode 07A7  
         ?_OSCILLATOR_Initialize 0070              start_initialization 077B  __size_of_PIN_MANAGER_Initialize 001A  
                       ??_Decode 0075                        ___latbits 0002           _PIN_MANAGER_Initialize 07C4  
                       ?___lbdiv 0070                         ?___lbmod 0070          ??_OSCILLATOR_Initialize 0070  
               __size_of___lbdiv 0018                 __size_of___lbmod 0018                    __size_of_main 0018  
                  Decode@Hnibble 0075                    Decode@Lnibble 0076          __size_of_WDT_Initialize 0003  
        ?_PIN_MANAGER_Initialize 0070                __CFG_CLKOUTEN$OFF 0000   __end_of_PIN_MANAGER_Initialize 07DE  
