

Microchip Technology PIC LITE Macro Assembler V1.43 build -156212558 
                                                                                               Wed Aug 30 23:56:09 2017

Microchip Technology Omniscient Code Generator v1.43 (Free mode) build 201707250354
     1                           	processor	16F1936
     2                           	opt	pw 120
     3                           	opt	lm
     4                           	psect	idataBANK0,global,class=CODE,delta=2
     5                           	psect	cinit,global,class=CODE,merge=1,delta=2
     6                           	psect	bssBANK0,global,class=BANK0,space=1,delta=1
     7                           	psect	dataBANK0,global,class=BANK0,space=1,delta=1
     8                           	psect	cstackCOMMON,global,class=COMMON,space=1,delta=1
     9                           	psect	maintext,global,class=CODE,merge=1,split=1,delta=2
    10                           	psect	text1,local,class=CODE,merge=1,delta=2
    11                           	psect	text2,local,class=CODE,merge=1,delta=2
    12                           	psect	text3,local,class=CODE,merge=1,delta=2
    13                           	psect	text4,local,class=CODE,merge=1,delta=2
    14                           	psect	text5,local,class=CODE,merge=1,delta=2
    15                           	dabs	1,0x7E,2
    16  0000                     
    17                           ; Version 1.43
    18                           ; Generated 25/07/2017 GMT
    19                           ; 
    20                           ; Copyright © 2017, Microchip Technology Inc. and its subsidiaries ("Microchip")
    21                           ; All rights reserved.
    22                           ; 
    23                           ; This software is developed by Microchip Technology Inc. and its subsidiaries ("Microch
      +                          ip").
    24                           ; 
    25                           ; Redistribution and use in source and binary forms, with or without modification, are
    26                           ; permitted provided that the following conditions are met:
    27                           ; 
    28                           ;     1. Redistributions of source code must retain the above copyright notice, this lis
      +                          t of
    29                           ;        conditions and the following disclaimer.
    30                           ; 
    31                           ;     2. Redistributions in binary form must reproduce the above copyright notice, this 
      +                          list
    32                           ;        of conditions and the following disclaimer in the documentation and/or other
    33                           ;        materials provided with the distribution.
    34                           ; 
    35                           ;     3. Microchip's name may not be used to endorse or promote products derived from th
      +                          is
    36                           ;        software without specific prior written permission.
    37                           ; 
    38                           ; THIS SOFTWARE IS PROVIDED BY MICROCHIP "AS IS" AND ANY EXPRESS OR IMPLIED WARRANTIES,
    39                           ; INCLUDING, BUT NOT LIMITED TO, THE IMPLIED WARRANTIES OF MERCHANTABILITY AND FITNESS F
      +                          OR
    40                           ; PURPOSE ARE DISCLAIMED.  IN NO EVENT SHALL MICROCHIP BE LIABLE FOR ANY DIRECT, INDIREC
      +                          T,
    41                           ; INCIDENTAL, SPECIAL, EXEMPLARY, OR CONSEQUENTIAL DAMAGES (INCLUDING BUT NOT LIMITED TO
    42                           ; PROCUREMENT OF SUBSTITUTE GOODS OR SERVICES; LOSS OF USE, DATA OR PROFITS; OR BUSINESS
    43                           ; INTERRUPTION) HOWSOEVER CAUSED AND ON ANY THEORY OF LIABILITY, WHETHER IN CONTRACT, ST
      +                          RICT
    44                           ; LIABILITY, OR TORT (INCLUDING NEGLIGENCE OR OTHERWISE) ARISING IN ANY WAY OUT OF THE U
      +                          SE OF
    45                           ; THIS SOFTWARE, EVEN IF ADVISED OF THE POSSIBILITY OF SUCH DAMAGE.
    46                           ; 
    47                           ; 
    48                           ; Code-generator required, PIC16F1936 Definitions
    49                           ; 
    50                           ; SFR Addresses
    51  0000                     	;# 
    52  0001                     	;# 
    53  0002                     	;# 
    54  0003                     	;# 
    55  0004                     	;# 
    56  0005                     	;# 
    57  0006                     	;# 
    58  0007                     	;# 
    59  0008                     	;# 
    60  0009                     	;# 
    61  000A                     	;# 
    62  000B                     	;# 
    63  000C                     	;# 
    64  000D                     	;# 
    65  000E                     	;# 
    66  0010                     	;# 
    67  0011                     	;# 
    68  0012                     	;# 
    69  0013                     	;# 
    70  0015                     	;# 
    71  0016                     	;# 
    72  0016                     	;# 
    73  0017                     	;# 
    74  0018                     	;# 
    75  0019                     	;# 
    76  001A                     	;# 
    77  001B                     	;# 
    78  001C                     	;# 
    79  001E                     	;# 
    80  001F                     	;# 
    81  008C                     	;# 
    82  008D                     	;# 
    83  008E                     	;# 
    84  0090                     	;# 
    85  0091                     	;# 
    86  0092                     	;# 
    87  0093                     	;# 
    88  0095                     	;# 
    89  0096                     	;# 
    90  0097                     	;# 
    91  0098                     	;# 
    92  0099                     	;# 
    93  009A                     	;# 
    94  009B                     	;# 
    95  009B                     	;# 
    96  009C                     	;# 
    97  009D                     	;# 
    98  009E                     	;# 
    99  010C                     	;# 
   100  010D                     	;# 
   101  010E                     	;# 
   102  0110                     	;# 
   103  0111                     	;# 
   104  0112                     	;# 
   105  0113                     	;# 
   106  0114                     	;# 
   107  0115                     	;# 
   108  0116                     	;# 
   109  0117                     	;# 
   110  0118                     	;# 
   111  0119                     	;# 
   112  011A                     	;# 
   113  011B                     	;# 
   114  011D                     	;# 
   115  018C                     	;# 
   116  018D                     	;# 
   117  0191                     	;# 
   118  0191                     	;# 
   119  0192                     	;# 
   120  0193                     	;# 
   121  0193                     	;# 
   122  0193                     	;# 
   123  0194                     	;# 
   124  0195                     	;# 
   125  0196                     	;# 
   126  0199                     	;# 
   127  019A                     	;# 
   128  019B                     	;# 
   129  019B                     	;# 
   130  019B                     	;# 
   131  019B                     	;# 
   132  019C                     	;# 
   133  019C                     	;# 
   134  019D                     	;# 
   135  019E                     	;# 
   136  019F                     	;# 
   137  020D                     	;# 
   138  0210                     	;# 
   139  0211                     	;# 
   140  0212                     	;# 
   141  0213                     	;# 
   142  0214                     	;# 
   143  0215                     	;# 
   144  0215                     	;# 
   145  0216                     	;# 
   146  0217                     	;# 
   147  0291                     	;# 
   148  0291                     	;# 
   149  0292                     	;# 
   150  0293                     	;# 
   151  0294                     	;# 
   152  0295                     	;# 
   153  0295                     	;# 
   154  0296                     	;# 
   155  0298                     	;# 
   156  0298                     	;# 
   157  0299                     	;# 
   158  029A                     	;# 
   159  029B                     	;# 
   160  029C                     	;# 
   161  029C                     	;# 
   162  029D                     	;# 
   163  029E                     	;# 
   164  029F                     	;# 
   165  0311                     	;# 
   166  0311                     	;# 
   167  0312                     	;# 
   168  0313                     	;# 
   169  0314                     	;# 
   170  0315                     	;# 
   171  0315                     	;# 
   172  0316                     	;# 
   173  0318                     	;# 
   174  0318                     	;# 
   175  0319                     	;# 
   176  031A                     	;# 
   177  031C                     	;# 
   178  031C                     	;# 
   179  031D                     	;# 
   180  031E                     	;# 
   181  0394                     	;# 
   182  0395                     	;# 
   183  0396                     	;# 
   184  0415                     	;# 
   185  0416                     	;# 
   186  0417                     	;# 
   187  041C                     	;# 
   188  041D                     	;# 
   189  041E                     	;# 
   190  0791                     	;# 
   191  0792                     	;# 
   192  0793                     	;# 
   193  0794                     	;# 
   194  0795                     	;# 
   195  0798                     	;# 
   196  0799                     	;# 
   197  07A0                     	;# 
   198  07A1                     	;# 
   199  07A3                     	;# 
   200  07A4                     	;# 
   201  07A6                     	;# 
   202  07A7                     	;# 
   203  07A9                     	;# 
   204  07AA                     	;# 
   205  0FE4                     	;# 
   206  0FE5                     	;# 
   207  0FE6                     	;# 
   208  0FE7                     	;# 
   209  0FE8                     	;# 
   210  0FE9                     	;# 
   211  0FEA                     	;# 
   212  0FEB                     	;# 
   213  0FED                     	;# 
   214  0FEE                     	;# 
   215  0FEF                     	;# 
   216  0000                     	;# 
   217  0001                     	;# 
   218  0002                     	;# 
   219  0003                     	;# 
   220  0004                     	;# 
   221  0005                     	;# 
   222  0006                     	;# 
   223  0007                     	;# 
   224  0008                     	;# 
   225  0009                     	;# 
   226  000A                     	;# 
   227  000B                     	;# 
   228  000C                     	;# 
   229  000D                     	;# 
   230  000E                     	;# 
   231  0010                     	;# 
   232  0011                     	;# 
   233  0012                     	;# 
   234  0013                     	;# 
   235  0015                     	;# 
   236  0016                     	;# 
   237  0016                     	;# 
   238  0017                     	;# 
   239  0018                     	;# 
   240  0019                     	;# 
   241  001A                     	;# 
   242  001B                     	;# 
   243  001C                     	;# 
   244  001E                     	;# 
   245  001F                     	;# 
   246  008C                     	;# 
   247  008D                     	;# 
   248  008E                     	;# 
   249  0090                     	;# 
   250  0091                     	;# 
   251  0092                     	;# 
   252  0093                     	;# 
   253  0095                     	;# 
   254  0096                     	;# 
   255  0097                     	;# 
   256  0098                     	;# 
   257  0099                     	;# 
   258  009A                     	;# 
   259  009B                     	;# 
   260  009B                     	;# 
   261  009C                     	;# 
   262  009D                     	;# 
   263  009E                     	;# 
   264  010C                     	;# 
   265  010D                     	;# 
   266  010E                     	;# 
   267  0110                     	;# 
   268  0111                     	;# 
   269  0112                     	;# 
   270  0113                     	;# 
   271  0114                     	;# 
   272  0115                     	;# 
   273  0116                     	;# 
   274  0117                     	;# 
   275  0118                     	;# 
   276  0119                     	;# 
   277  011A                     	;# 
   278  011B                     	;# 
   279  011D                     	;# 
   280  018C                     	;# 
   281  018D                     	;# 
   282  0191                     	;# 
   283  0191                     	;# 
   284  0192                     	;# 
   285  0193                     	;# 
   286  0193                     	;# 
   287  0193                     	;# 
   288  0194                     	;# 
   289  0195                     	;# 
   290  0196                     	;# 
   291  0199                     	;# 
   292  019A                     	;# 
   293  019B                     	;# 
   294  019B                     	;# 
   295  019B                     	;# 
   296  019B                     	;# 
   297  019C                     	;# 
   298  019C                     	;# 
   299  019D                     	;# 
   300  019E                     	;# 
   301  019F                     	;# 
   302  020D                     	;# 
   303  0210                     	;# 
   304  0211                     	;# 
   305  0212                     	;# 
   306  0213                     	;# 
   307  0214                     	;# 
   308  0215                     	;# 
   309  0215                     	;# 
   310  0216                     	;# 
   311  0217                     	;# 
   312  0291                     	;# 
   313  0291                     	;# 
   314  0292                     	;# 
   315  0293                     	;# 
   316  0294                     	;# 
   317  0295                     	;# 
   318  0295                     	;# 
   319  0296                     	;# 
   320  0298                     	;# 
   321  0298                     	;# 
   322  0299                     	;# 
   323  029A                     	;# 
   324  029B                     	;# 
   325  029C                     	;# 
   326  029C                     	;# 
   327  029D                     	;# 
   328  029E                     	;# 
   329  029F                     	;# 
   330  0311                     	;# 
   331  0311                     	;# 
   332  0312                     	;# 
   333  0313                     	;# 
   334  0314                     	;# 
   335  0315                     	;# 
   336  0315                     	;# 
   337  0316                     	;# 
   338  0318                     	;# 
   339  0318                     	;# 
   340  0319                     	;# 
   341  031A                     	;# 
   342  031C                     	;# 
   343  031C                     	;# 
   344  031D                     	;# 
   345  031E                     	;# 
   346  0394                     	;# 
   347  0395                     	;# 
   348  0396                     	;# 
   349  0415                     	;# 
   350  0416                     	;# 
   351  0417                     	;# 
   352  041C                     	;# 
   353  041D                     	;# 
   354  041E                     	;# 
   355  0791                     	;# 
   356  0792                     	;# 
   357  0793                     	;# 
   358  0794                     	;# 
   359  0795                     	;# 
   360  0798                     	;# 
   361  0799                     	;# 
   362  07A0                     	;# 
   363  07A1                     	;# 
   364  07A3                     	;# 
   365  07A4                     	;# 
   366  07A6                     	;# 
   367  07A7                     	;# 
   368  07A9                     	;# 
   369  07AA                     	;# 
   370  0FE4                     	;# 
   371  0FE5                     	;# 
   372  0FE6                     	;# 
   373  0FE7                     	;# 
   374  0FE8                     	;# 
   375  0FE9                     	;# 
   376  0FEA                     	;# 
   377  0FEB                     	;# 
   378  0FED                     	;# 
   379  0FEE                     	;# 
   380  0FEF                     	;# 
   381  0000                     	;# 
   382  0001                     	;# 
   383  0002                     	;# 
   384  0003                     	;# 
   385  0004                     	;# 
   386  0005                     	;# 
   387  0006                     	;# 
   388  0007                     	;# 
   389  0008                     	;# 
   390  0009                     	;# 
   391  000A                     	;# 
   392  000B                     	;# 
   393  000C                     	;# 
   394  000D                     	;# 
   395  000E                     	;# 
   396  0010                     	;# 
   397  0011                     	;# 
   398  0012                     	;# 
   399  0013                     	;# 
   400  0015                     	;# 
   401  0016                     	;# 
   402  0016                     	;# 
   403  0017                     	;# 
   404  0018                     	;# 
   405  0019                     	;# 
   406  001A                     	;# 
   407  001B                     	;# 
   408  001C                     	;# 
   409  001E                     	;# 
   410  001F                     	;# 
   411  008C                     	;# 
   412  008D                     	;# 
   413  008E                     	;# 
   414  0090                     	;# 
   415  0091                     	;# 
   416  0092                     	;# 
   417  0093                     	;# 
   418  0095                     	;# 
   419  0096                     	;# 
   420  0097                     	;# 
   421  0098                     	;# 
   422  0099                     	;# 
   423  009A                     	;# 
   424  009B                     	;# 
   425  009B                     	;# 
   426  009C                     	;# 
   427  009D                     	;# 
   428  009E                     	;# 
   429  010C                     	;# 
   430  010D                     	;# 
   431  010E                     	;# 
   432  0110                     	;# 
   433  0111                     	;# 
   434  0112                     	;# 
   435  0113                     	;# 
   436  0114                     	;# 
   437  0115                     	;# 
   438  0116                     	;# 
   439  0117                     	;# 
   440  0118                     	;# 
   441  0119                     	;# 
   442  011A                     	;# 
   443  011B                     	;# 
   444  011D                     	;# 
   445  018C                     	;# 
   446  018D                     	;# 
   447  0191                     	;# 
   448  0191                     	;# 
   449  0192                     	;# 
   450  0193                     	;# 
   451  0193                     	;# 
   452  0193                     	;# 
   453  0194                     	;# 
   454  0195                     	;# 
   455  0196                     	;# 
   456  0199                     	;# 
   457  019A                     	;# 
   458  019B                     	;# 
   459  019B                     	;# 
   460  019B                     	;# 
   461  019B                     	;# 
   462  019C                     	;# 
   463  019C                     	;# 
   464  019D                     	;# 
   465  019E                     	;# 
   466  019F                     	;# 
   467  020D                     	;# 
   468  0210                     	;# 
   469  0211                     	;# 
   470  0212                     	;# 
   471  0213                     	;# 
   472  0214                     	;# 
   473  0215                     	;# 
   474  0215                     	;# 
   475  0216                     	;# 
   476  0217                     	;# 
   477  0291                     	;# 
   478  0291                     	;# 
   479  0292                     	;# 
   480  0293                     	;# 
   481  0294                     	;# 
   482  0295                     	;# 
   483  0295                     	;# 
   484  0296                     	;# 
   485  0298                     	;# 
   486  0298                     	;# 
   487  0299                     	;# 
   488  029A                     	;# 
   489  029B                     	;# 
   490  029C                     	;# 
   491  029C                     	;# 
   492  029D                     	;# 
   493  029E                     	;# 
   494  029F                     	;# 
   495  0311                     	;# 
   496  0311                     	;# 
   497  0312                     	;# 
   498  0313                     	;# 
   499  0314                     	;# 
   500  0315                     	;# 
   501  0315                     	;# 
   502  0316                     	;# 
   503  0318                     	;# 
   504  0318                     	;# 
   505  0319                     	;# 
   506  031A                     	;# 
   507  031C                     	;# 
   508  031C                     	;# 
   509  031D                     	;# 
   510  031E                     	;# 
   511  0394                     	;# 
   512  0395                     	;# 
   513  0396                     	;# 
   514  0415                     	;# 
   515  0416                     	;# 
   516  0417                     	;# 
   517  041C                     	;# 
   518  041D                     	;# 
   519  041E                     	;# 
   520  0791                     	;# 
   521  0792                     	;# 
   522  0793                     	;# 
   523  0794                     	;# 
   524  0795                     	;# 
   525  0798                     	;# 
   526  0799                     	;# 
   527  07A0                     	;# 
   528  07A1                     	;# 
   529  07A3                     	;# 
   530  07A4                     	;# 
   531  07A6                     	;# 
   532  07A7                     	;# 
   533  07A9                     	;# 
   534  07AA                     	;# 
   535  0FE4                     	;# 
   536  0FE5                     	;# 
   537  0FE6                     	;# 
   538  0FE7                     	;# 
   539  0FE8                     	;# 
   540  0FE9                     	;# 
   541  0FEA                     	;# 
   542  0FEB                     	;# 
   543  0FED                     	;# 
   544  0FEE                     	;# 
   545  0FEF                     	;# 
   546                           
   547                           	psect	idataBANK0
   548  074E                     __pidataBANK0:	
   549                           
   550                           ;initializer for main@F3213
   551  074E  3405               	retlw	5
   552  074F  34AA               	retlw	170
   553  0750  34F0               	retlw	240
   554  0751  340F               	retlw	15
   555  0097                     _WDTCON	set	151
   556  0098                     _OSCTUNE	set	152
   557  0099                     _OSCCON	set	153
   558  0095                     _OPTION_REGbits	set	149
   559  008E                     _TRISC	set	142
   560  008D                     _TRISB	set	141
   561  008C                     _TRISA	set	140
   562  0090                     _TRISE	set	144
   563  04D6                     _PLLR	set	1238
   564  010C                     _LATAbits	set	268
   565  011D                     _APFCON	set	285
   566  010E                     _LATC	set	270
   567  010D                     _LATB	set	269
   568  010C                     _LATA	set	268
   569  0110                     _LATE	set	272
   570  018C                     _ANSELA	set	396
   571  018D                     _ANSELB	set	397
   572  020D                     _WPUB	set	525
   573  0210                     _WPUE	set	528
   574                           
   575                           ; #config settings
   576  0000                     
   577                           	psect	cinit
   578  07EA                     start_initialization:	
   579  07EA                     __initialization:	
   580                           
   581                           ; Initialize objects allocated to BANK0
   582  07EA  3187  274E  3187   	fcall	__pidataBANK0	;fetch initializer
   583  07ED  00A4               	movwf	__pdataBANK0& (0+127)
   584  07EE  3187  274F  3187   	fcall	__pidataBANK0+1	;fetch initializer
   585  07F1  00A5               	movwf	(__pdataBANK0+1)& (0+127)
   586  07F2  3187  2750  3187   	fcall	__pidataBANK0+2	;fetch initializer
   587  07F5  00A6               	movwf	(__pdataBANK0+2)& (0+127)
   588  07F6  3187  2751         	fcall	__pidataBANK0+3	;fetch initializer
   589  07F8  00A7               	movwf	(__pdataBANK0+3)& (0+127)
   590                           
   591                           ; Clear objects allocated to BANK0
   592  07F9  01A0               	clrf	__pbssBANK0& (0+127)
   593  07FA  01A1               	clrf	(__pbssBANK0+1)& (0+127)
   594  07FB  01A2               	clrf	(__pbssBANK0+2)& (0+127)
   595  07FC  01A3               	clrf	(__pbssBANK0+3)& (0+127)
   596  07FD                     end_of_initialization:	
   597                           ;End of C runtime variable initialization code
   598                           
   599  07FD                     __end_of__initialization:	
   600  07FD  0020               	movlb	0
   601  07FE  3187  2F7F         	ljmp	_main	;jump to C main() function
   602                           
   603                           	psect	bssBANK0
   604  0020                     __pbssBANK0:	
   605  0020                     main@F3215:	
   606  0020                     	ds	4
   607                           
   608                           	psect	dataBANK0
   609  0024                     __pdataBANK0:	
   610  0024                     main@F3213:	
   611  0024                     	ds	4
   612                           
   613                           	psect	cstackCOMMON
   614  0070                     __pcstackCOMMON:	
   615  0070                     ?_OSCILLATOR_Initialize:	
   616  0070                     ??_OSCILLATOR_Initialize:	
   617                           ; 1 bytes @ 0x0
   618                           
   619  0070                     ?_WDT_Initialize:	
   620                           ; 1 bytes @ 0x0
   621                           
   622  0070                     ??_WDT_Initialize:	
   623                           ; 1 bytes @ 0x0
   624                           
   625  0070                     ?_PIN_MANAGER_Initialize:	
   626                           ; 1 bytes @ 0x0
   627                           
   628  0070                     ??_PIN_MANAGER_Initialize:	
   629                           ; 1 bytes @ 0x0
   630                           
   631  0070                     ?_SYSTEM_Initialize:	
   632                           ; 1 bytes @ 0x0
   633                           
   634  0070                     ??_SYSTEM_Initialize:	
   635                           ; 1 bytes @ 0x0
   636                           
   637  0070                     ?_HC595_nWrite:	
   638                           ; 1 bytes @ 0x0
   639                           
   640  0070                     ??_HC595_nWrite:	
   641                           ; 1 bytes @ 0x0
   642                           
   643  0070                     ?_main:	
   644                           ; 1 bytes @ 0x0
   645                           
   646                           
   647                           ; 1 bytes @ 0x0
   648  0070                     	ds	1
   649  0071                     HC595_nWrite@i:	
   650                           
   651                           ; 1 bytes @ 0x1
   652  0071                     	ds	1
   653  0072                     HC595_nWrite@j:	
   654                           
   655                           ; 1 bytes @ 0x2
   656  0072                     	ds	1
   657  0073                     HC595_nWrite@value:	
   658                           
   659                           ; 1 bytes @ 0x3
   660  0073                     	ds	1
   661  0074                     ??_main:	
   662                           
   663                           ; 1 bytes @ 0x4
   664  0074                     	ds	2
   665  0076                     main@data1:	
   666                           
   667                           ; 4 bytes @ 0x6
   668  0076                     	ds	4
   669  007A                     main@data2:	
   670                           
   671                           ; 4 bytes @ 0xA
   672  007A                     	ds	4
   673                           
   674                           	psect	maintext
   675  077F                     __pmaintext:	
   676 ;;
   677 ;;Main: autosize = 0, tempsize = 2, incstack = 0, save=0
   678 ;;
   679 ;; *************** function _main *****************
   680 ;; Defined at:
   681 ;;		line 65 in file "main.c"
   682 ;; Parameters:    Size  Location     Type
   683 ;;		None
   684 ;; Auto vars:     Size  Location     Type
   685 ;;  data2           4   10[COMMON] unsigned char [4]
   686 ;;  data1           4    6[COMMON] unsigned char [4]
   687 ;; Return value:  Size  Location     Type
   688 ;;                  1    wreg      void 
   689 ;; Registers used:
   690 ;;		wreg, fsr1l, fsr1h, status,2, status,0, pclath, cstack
   691 ;; Tracked objects:
   692 ;;		On entry : B1F/0
   693 ;;		On exit  : 0/0
   694 ;;		Unchanged: 0/0
   695 ;; Data sizes:     COMMON   BANK0   BANK1   BANK2   BANK3   BANK4   BANK5   BANK6
   696 ;;      Params:         0       0       0       0       0       0       0       0
   697 ;;      Locals:         8       0       0       0       0       0       0       0
   698 ;;      Temps:          2       0       0       0       0       0       0       0
   699 ;;      Totals:        10       0       0       0       0       0       0       0
   700 ;;Total ram usage:       10 bytes
   701 ;; Hardware stack levels required when called:    2
   702 ;; This function calls:
   703 ;;		_HC595_nWrite
   704 ;;		_SYSTEM_Initialize
   705 ;; This function is called by:
   706 ;;		Startup code after reset
   707 ;; This function uses a non-reentrant model
   708 ;;
   709                           
   710                           
   711                           ;psect for function _main
   712  077F                     _main:	
   713                           
   714                           ;main.c: 67: SYSTEM_Initialize();
   715                           
   716                           ;incstack = 0
   717                           ; Regs used in _main: [wreg+fsr1l+fsr1h+status,2+status,0+pclath+cstack]
   718  077F  3187  2759  3187   	fcall	_SYSTEM_Initialize
   719  0782                     l677:	
   720                           ;main.c: 68: while (1)
   721                           
   722                           
   723                           ;main.c: 69: {
   724                           ;main.c: 96: uint8_t data1[4]={0x05, 0xAA, 0xF0, 0x0F};
   725  0782  0020               	movlb	0	; select bank0
   726  0783  0827               	movf	main@F3213+3,w
   727  0784  00F9               	movwf	main@data1+3
   728  0785  0826               	movf	main@F3213+2,w
   729  0786  00F8               	movwf	main@data1+2
   730  0787  0825               	movf	main@F3213+1,w
   731  0788  00F7               	movwf	main@data1+1
   732  0789  0824               	movf	main@F3213,w
   733  078A  00F6               	movwf	main@data1
   734                           
   735                           ;main.c: 97: uint8_t data2[4]={0x00, 0x00, 0x00, 0x00};
   736  078B  0823               	movf	main@F3215+3,w
   737  078C  00FD               	movwf	main@data2+3
   738  078D  0822               	movf	main@F3215+2,w
   739  078E  00FC               	movwf	main@data2+2
   740  078F  0821               	movf	main@F3215+1,w
   741  0790  00FB               	movwf	main@data2+1
   742  0791  0820               	movf	main@F3215,w
   743  0792  00FA               	movwf	main@data2
   744                           
   745                           ;main.c: 98: HC595_nWrite(data1);
   746  0793  3076               	movlw	(low (main@data1| 0))& (0+255)
   747  0794  3187  27B4  3187   	fcall	_HC595_nWrite
   748                           
   749                           ;main.c: 99: _delay((unsigned long)((1000)*(32000000/4000.0)));
   750  0797  3029               	movlw	41
   751  0798  00F5               	movwf	??_main+1
   752  0799  3096               	movlw	150
   753  079A  00F4               	movwf	??_main
   754  079B  307F               	movlw	127
   755  079C                     u157:	
   756  079C  0B89               	decfsz	9,f
   757  079D  2F9C               	goto	u157
   758  079E  0BF4               	decfsz	??_main,f
   759  079F  2F9C               	goto	u157
   760  07A0  0BF5               	decfsz	??_main+1,f
   761  07A1  2F9C               	goto	u157
   762  07A2  0000               	nop
   763                           
   764                           ;main.c: 100: HC595_nWrite(data2);
   765  07A3  307A               	movlw	(low (main@data2| 0))& (0+255)
   766  07A4  3187  27B4  3187   	fcall	_HC595_nWrite
   767                           
   768                           ;main.c: 101: _delay((unsigned long)((1000)*(32000000/4000.0)));
   769  07A7  3029               	movlw	41
   770  07A8  00F5               	movwf	??_main+1
   771  07A9  3096               	movlw	150
   772  07AA  00F4               	movwf	??_main
   773  07AB  307F               	movlw	127
   774  07AC                     u167:	
   775  07AC  0B89               	decfsz	9,f
   776  07AD  2FAC               	goto	u167
   777  07AE  0BF4               	decfsz	??_main,f
   778  07AF  2FAC               	goto	u167
   779  07B0  0BF5               	decfsz	??_main+1,f
   780  07B1  2FAC               	goto	u167
   781  07B2  0000               	nop
   782  07B3  2F82               	goto	l677
   783  07B4                     __end_of_main:	
   784                           
   785                           	psect	text1
   786  0759                     __ptext1:	
   787 ;; *************** function _SYSTEM_Initialize *****************
   788 ;; Defined at:
   789 ;;		line 70 in file "mcc_generated_files/mcc.c"
   790 ;; Parameters:    Size  Location     Type
   791 ;;		None
   792 ;; Auto vars:     Size  Location     Type
   793 ;;		None
   794 ;; Return value:  Size  Location     Type
   795 ;;                  1    wreg      void 
   796 ;; Registers used:
   797 ;;		wreg, status,2, status,0, pclath, cstack
   798 ;; Tracked objects:
   799 ;;		On entry : 0/0
   800 ;;		On exit  : 0/0
   801 ;;		Unchanged: 0/0
   802 ;; Data sizes:     COMMON   BANK0   BANK1   BANK2   BANK3   BANK4   BANK5   BANK6
   803 ;;      Params:         0       0       0       0       0       0       0       0
   804 ;;      Locals:         0       0       0       0       0       0       0       0
   805 ;;      Temps:          0       0       0       0       0       0       0       0
   806 ;;      Totals:         0       0       0       0       0       0       0       0
   807 ;;Total ram usage:        0 bytes
   808 ;; Hardware stack levels used:    1
   809 ;; Hardware stack levels required when called:    1
   810 ;; This function calls:
   811 ;;		_OSCILLATOR_Initialize
   812 ;;		_PIN_MANAGER_Initialize
   813 ;;		_WDT_Initialize
   814 ;; This function is called by:
   815 ;;		_main
   816 ;; This function uses a non-reentrant model
   817 ;;
   818                           
   819                           
   820                           ;psect for function _SYSTEM_Initialize
   821  0759                     _SYSTEM_Initialize:	
   822                           
   823                           ;mcc.c: 73: PIN_MANAGER_Initialize();
   824                           
   825                           ;incstack = 0
   826                           ; Regs used in _SYSTEM_Initialize: [wreg+status,2+status,0+pclath+cstack]
   827  0759  3187  2762  3187   	fcall	_PIN_MANAGER_Initialize
   828                           
   829                           ;mcc.c: 74: OSCILLATOR_Initialize();
   830  075C  3187  2752  3187   	fcall	_OSCILLATOR_Initialize
   831                           
   832                           ;mcc.c: 75: WDT_Initialize();
   833  075F  3187  274A         	fcall	_WDT_Initialize
   834  0761  0008               	return
   835  0762                     __end_of_SYSTEM_Initialize:	
   836                           
   837                           	psect	text2
   838  074A                     __ptext2:	
   839 ;; *************** function _WDT_Initialize *****************
   840 ;; Defined at:
   841 ;;		line 90 in file "mcc_generated_files/mcc.c"
   842 ;; Parameters:    Size  Location     Type
   843 ;;		None
   844 ;; Auto vars:     Size  Location     Type
   845 ;;		None
   846 ;; Return value:  Size  Location     Type
   847 ;;                  1    wreg      void 
   848 ;; Registers used:
   849 ;;		wreg
   850 ;; Tracked objects:
   851 ;;		On entry : 0/0
   852 ;;		On exit  : 0/0
   853 ;;		Unchanged: 0/0
   854 ;; Data sizes:     COMMON   BANK0   BANK1   BANK2   BANK3   BANK4   BANK5   BANK6
   855 ;;      Params:         0       0       0       0       0       0       0       0
   856 ;;      Locals:         0       0       0       0       0       0       0       0
   857 ;;      Temps:          0       0       0       0       0       0       0       0
   858 ;;      Totals:         0       0       0       0       0       0       0       0
   859 ;;Total ram usage:        0 bytes
   860 ;; Hardware stack levels used:    1
   861 ;; This function calls:
   862 ;;		Nothing
   863 ;; This function is called by:
   864 ;;		_SYSTEM_Initialize
   865 ;; This function uses a non-reentrant model
   866 ;;
   867                           
   868                           
   869                           ;psect for function _WDT_Initialize
   870  074A                     _WDT_Initialize:	
   871                           
   872                           ;mcc.c: 93: WDTCON = 0x16;
   873                           
   874                           ;incstack = 0
   875                           ; Regs used in _WDT_Initialize: [wreg]
   876  074A  3016               	movlw	22
   877  074B  0021               	movlb	1	; select bank1
   878  074C  0097               	movwf	23	;volatile
   879  074D  0008               	return
   880  074E                     __end_of_WDT_Initialize:	
   881                           
   882                           	psect	text3
   883  0762                     __ptext3:	
   884 ;; *************** function _PIN_MANAGER_Initialize *****************
   885 ;; Defined at:
   886 ;;		line 52 in file "mcc_generated_files/pin_manager.c"
   887 ;; Parameters:    Size  Location     Type
   888 ;;		None
   889 ;; Auto vars:     Size  Location     Type
   890 ;;		None
   891 ;; Return value:  Size  Location     Type
   892 ;;                  1    wreg      void 
   893 ;; Registers used:
   894 ;;		wreg, status,2
   895 ;; Tracked objects:
   896 ;;		On entry : 0/0
   897 ;;		On exit  : 0/0
   898 ;;		Unchanged: 0/0
   899 ;; Data sizes:     COMMON   BANK0   BANK1   BANK2   BANK3   BANK4   BANK5   BANK6
   900 ;;      Params:         0       0       0       0       0       0       0       0
   901 ;;      Locals:         0       0       0       0       0       0       0       0
   902 ;;      Temps:          0       0       0       0       0       0       0       0
   903 ;;      Totals:         0       0       0       0       0       0       0       0
   904 ;;Total ram usage:        0 bytes
   905 ;; Hardware stack levels used:    1
   906 ;; This function calls:
   907 ;;		Nothing
   908 ;; This function is called by:
   909 ;;		_SYSTEM_Initialize
   910 ;; This function uses a non-reentrant model
   911 ;;
   912                           
   913                           
   914                           ;psect for function _PIN_MANAGER_Initialize
   915  0762                     _PIN_MANAGER_Initialize:	
   916                           
   917                           ;pin_manager.c: 57: LATE = 0x00;
   918                           
   919                           ;incstack = 0
   920                           ; Regs used in _PIN_MANAGER_Initialize: [wreg+status,2]
   921  0762  0022               	movlb	2	; select bank2
   922  0763  0190               	clrf	16	;volatile
   923                           
   924                           ;pin_manager.c: 58: LATA = 0x00;
   925  0764  018C               	clrf	12	;volatile
   926                           
   927                           ;pin_manager.c: 59: LATB = 0x00;
   928  0765  018D               	clrf	13	;volatile
   929                           
   930                           ;pin_manager.c: 60: LATC = 0x00;
   931  0766  018E               	clrf	14	;volatile
   932                           
   933                           ;pin_manager.c: 65: TRISE = 0x08;
   934  0767  3008               	movlw	8
   935  0768  0021               	movlb	1	; select bank1
   936  0769  0090               	movwf	16	;volatile
   937                           
   938                           ;pin_manager.c: 66: TRISA = 0xF8;
   939  076A  30F8               	movlw	248
   940  076B  008C               	movwf	12	;volatile
   941                           
   942                           ;pin_manager.c: 67: TRISB = 0xFF;
   943  076C  30FF               	movlw	255
   944  076D  008D               	movwf	13	;volatile
   945                           
   946                           ;pin_manager.c: 68: TRISC = 0xFF;
   947  076E  30FF               	movlw	255
   948  076F  008E               	movwf	14	;volatile
   949                           
   950                           ;pin_manager.c: 73: ANSELB = 0x3F;
   951  0770  303F               	movlw	63
   952  0771  0023               	movlb	3	; select bank3
   953  0772  008D               	movwf	13	;volatile
   954                           
   955                           ;pin_manager.c: 74: ANSELA = 0x38;
   956  0773  3038               	movlw	56
   957  0774  008C               	movwf	12	;volatile
   958                           
   959                           ;pin_manager.c: 79: WPUE = 0x08;
   960  0775  3008               	movlw	8
   961  0776  0024               	movlb	4	; select bank4
   962  0777  0090               	movwf	16	;volatile
   963                           
   964                           ;pin_manager.c: 80: WPUB = 0xFF;
   965  0778  30FF               	movlw	255
   966  0779  008D               	movwf	13	;volatile
   967                           
   968                           ;pin_manager.c: 81: OPTION_REGbits.nWPUEN = 0;
   969  077A  0021               	movlb	1	; select bank1
   970  077B  1395               	bcf	21,7	;volatile
   971                           
   972                           ;pin_manager.c: 87: APFCON = 0x00;
   973  077C  0022               	movlb	2	; select bank2
   974  077D  019D               	clrf	29	;volatile
   975  077E  0008               	return
   976  077F                     __end_of_PIN_MANAGER_Initialize:	
   977                           
   978                           	psect	text4
   979  0752                     __ptext4:	
   980 ;; *************** function _OSCILLATOR_Initialize *****************
   981 ;; Defined at:
   982 ;;		line 78 in file "mcc_generated_files/mcc.c"
   983 ;; Parameters:    Size  Location     Type
   984 ;;		None
   985 ;; Auto vars:     Size  Location     Type
   986 ;;		None
   987 ;; Return value:  Size  Location     Type
   988 ;;                  1    wreg      void 
   989 ;; Registers used:
   990 ;;		wreg, status,2
   991 ;; Tracked objects:
   992 ;;		On entry : 0/0
   993 ;;		On exit  : 0/0
   994 ;;		Unchanged: 0/0
   995 ;; Data sizes:     COMMON   BANK0   BANK1   BANK2   BANK3   BANK4   BANK5   BANK6
   996 ;;      Params:         0       0       0       0       0       0       0       0
   997 ;;      Locals:         0       0       0       0       0       0       0       0
   998 ;;      Temps:          0       0       0       0       0       0       0       0
   999 ;;      Totals:         0       0       0       0       0       0       0       0
  1000 ;;Total ram usage:        0 bytes
  1001 ;; Hardware stack levels used:    1
  1002 ;; This function calls:
  1003 ;;		Nothing
  1004 ;; This function is called by:
  1005 ;;		_SYSTEM_Initialize
  1006 ;; This function uses a non-reentrant model
  1007 ;;
  1008                           
  1009                           
  1010                           ;psect for function _OSCILLATOR_Initialize
  1011  0752                     _OSCILLATOR_Initialize:	
  1012                           
  1013                           ;mcc.c: 81: OSCCON = 0x70;
  1014                           
  1015                           ;incstack = 0
  1016                           ; Regs used in _OSCILLATOR_Initialize: [wreg+status,2]
  1017  0752  3070               	movlw	112
  1018  0753  0021               	movlb	1	; select bank1
  1019  0754  0099               	movwf	25	;volatile
  1020                           
  1021                           ;mcc.c: 83: OSCTUNE = 0x00;
  1022  0755  0198               	clrf	24	;volatile
  1023  0756                     l54:	
  1024                           ;mcc.c: 86: {
  1025                           
  1026                           ;mcc.c: 85: while(PLLR == 0)
  1027                           
  1028  0756  1B1A               	btfsc	26,6	;volatile
  1029  0757  0008               	return
  1030  0758  2F56               	goto	l54
  1031  0759                     __end_of_OSCILLATOR_Initialize:	
  1032                           
  1033                           	psect	text5
  1034  07B4                     __ptext5:	
  1035 ;; *************** function _HC595_nWrite *****************
  1036 ;; Defined at:
  1037 ;;		line 29 in file "main.c"
  1038 ;; Parameters:    Size  Location     Type
  1039 ;;  value           1    wreg     PTR unsigned char 
  1040 ;;		 -> main@data2(4), main@data1(4), 
  1041 ;; Auto vars:     Size  Location     Type
  1042 ;;  value           1    3[COMMON] PTR unsigned char 
  1043 ;;		 -> main@data2(4), main@data1(4), 
  1044 ;;  j               1    2[COMMON] unsigned char 
  1045 ;;  i               1    1[COMMON] unsigned char 
  1046 ;; Return value:  Size  Location     Type
  1047 ;;                  1    wreg      void 
  1048 ;; Registers used:
  1049 ;;		wreg, fsr1l, fsr1h, status,2, status,0
  1050 ;; Tracked objects:
  1051 ;;		On entry : 0/0
  1052 ;;		On exit  : 0/0
  1053 ;;		Unchanged: 0/0
  1054 ;; Data sizes:     COMMON   BANK0   BANK1   BANK2   BANK3   BANK4   BANK5   BANK6
  1055 ;;      Params:         0       0       0       0       0       0       0       0
  1056 ;;      Locals:         3       0       0       0       0       0       0       0
  1057 ;;      Temps:          1       0       0       0       0       0       0       0
  1058 ;;      Totals:         4       0       0       0       0       0       0       0
  1059 ;;Total ram usage:        4 bytes
  1060 ;; Hardware stack levels used:    1
  1061 ;; This function calls:
  1062 ;;		Nothing
  1063 ;; This function is called by:
  1064 ;;		_main
  1065 ;; This function uses a non-reentrant model
  1066 ;;
  1067                           
  1068                           
  1069                           ;psect for function _HC595_nWrite
  1070  07B4                     _HC595_nWrite:	
  1071                           
  1072                           ;incstack = 0
  1073                           ; Regs used in _HC595_nWrite: [wreg+fsr1l+fsr1h+status,2+status,0]
  1074                           ;HC595_nWrite@value stored from wreg
  1075  07B4  00F3               	movwf	HC595_nWrite@value
  1076                           
  1077                           ;main.c: 31: uint8_t i, j;
  1078                           ;main.c: 32: do { LATAbits.LATA0 = 0; } while(0);
  1079  07B5  0022               	movlb	2	; select bank2
  1080  07B6  100C               	bcf	12,0	;volatile
  1081                           
  1082                           ;main.c: 33: for(i=0; i<4; i++)
  1083  07B7  01F1               	clrf	HC595_nWrite@i
  1084  07B8  3004               	movlw	4
  1085  07B9  0271               	subwf	HC595_nWrite@i,w
  1086  07BA  1803               	btfsc	3,0
  1087  07BB  2FE7               	goto	l79
  1088  07BC                     l657:	
  1089                           
  1090                           ;main.c: 34: {
  1091                           ;main.c: 35: for(j=0; j<8; j++)
  1092  07BC  01F2               	clrf	HC595_nWrite@j
  1093  07BD  3008               	movlw	8
  1094  07BE  0272               	subwf	HC595_nWrite@j,w
  1095  07BF  1803               	btfsc	3,0
  1096  07C0  2FDB               	goto	l671
  1097  07C1                     l75:	
  1098                           ;main.c: 36: {
  1099                           ;main.c: 37: do { LATAbits.LATA2 = 0; } while(0);
  1100                           
  1101  07C1  0022               	movlb	2	; select bank2
  1102  07C2  110C               	bcf	12,2	;volatile
  1103                           
  1104                           ;main.c: 38: LATAbits.LATA1=((*value&0x80)==0x80);
  1105  07C3  0873               	movf	HC595_nWrite@value,w
  1106  07C4  0086               	movwf	6
  1107  07C5  0187               	clrf	7
  1108  07C6  1F81               	btfss	1,7
  1109  07C7  2FCB               	goto	u110
  1110  07C8  0022               	movlb	2	; select bank2
  1111  07C9  148C               	bsf	12,1	;volatile
  1112  07CA  2FCD               	goto	l665
  1113  07CB                     u110:	
  1114  07CB  0022               	movlb	2	; select bank2
  1115  07CC  108C               	bcf	12,1	;volatile
  1116  07CD                     l665:	
  1117                           ;main.c: 39: do { LATAbits.LATA2 = 1; } while(0);
  1118                           
  1119  07CD  150C               	bsf	12,2	;volatile
  1120                           
  1121                           ;main.c: 40: *value<<=1;
  1122  07CE  0873               	movf	HC595_nWrite@value,w
  1123  07CF  0086               	movwf	6
  1124  07D0  0187               	clrf	7
  1125  07D1  1003               	clrc
  1126  07D2  0D81               	rlf	1,f
  1127  07D3  3001               	movlw	1
  1128  07D4  00F0               	movwf	??_HC595_nWrite
  1129  07D5  0870               	movf	??_HC595_nWrite,w
  1130  07D6  07F2               	addwf	HC595_nWrite@j,f
  1131  07D7  3008               	movlw	8
  1132  07D8  0272               	subwf	HC595_nWrite@j,w
  1133  07D9  1C03               	skipc
  1134  07DA  2FC1               	goto	l75
  1135  07DB                     l671:	
  1136                           
  1137                           ;main.c: 41: }
  1138                           ;main.c: 42: value++;
  1139  07DB  3001               	movlw	1
  1140  07DC  00F0               	movwf	??_HC595_nWrite
  1141  07DD  0870               	movf	??_HC595_nWrite,w
  1142  07DE  07F3               	addwf	HC595_nWrite@value,f
  1143  07DF  3001               	movlw	1
  1144  07E0  00F0               	movwf	??_HC595_nWrite
  1145  07E1  0870               	movf	??_HC595_nWrite,w
  1146  07E2  07F1               	addwf	HC595_nWrite@i,f
  1147  07E3  3004               	movlw	4
  1148  07E4  0271               	subwf	HC595_nWrite@i,w
  1149  07E5  1C03               	skipc
  1150  07E6  2FBC               	goto	l657
  1151  07E7                     l79:	
  1152                           ;main.c: 43: }
  1153                           ;main.c: 44: do { LATAbits.LATA0 = 1; } while(0);
  1154                           
  1155  07E7  0022               	movlb	2	; select bank2
  1156  07E8  140C               	bsf	12,0	;volatile
  1157  07E9  0008               	return
  1158  07EA                     __end_of_HC595_nWrite:	
  1159  007E                     btemp	set	126	;btemp
  1160  007E                     wtemp0	set	126


Data Sizes:
    Strings     0
    Constant    0
    Data        4
    BSS         4
    Persistent  0
    Stack       0

Auto Spaces:
    Space          Size  Autos    Used
    COMMON           14     14      14
    BANK0            80      0       8
    BANK1            80      0       0
    BANK2            80      0       0
    BANK3            80      0       0
    BANK4            80      0       0
    BANK5            80      0       0
    BANK6            16      0       0

Pointer List with Targets:

    HC595_nWrite@value	PTR unsigned char  size(1) Largest target is 4
		 -> main@data2(COMMON[4]), main@data1(COMMON[4]), 


Critical Paths under _main in COMMON

    _main->_HC595_nWrite

Critical Paths under _main in BANK0

    None.

Critical Paths under _main in BANK1

    None.

Critical Paths under _main in BANK2

    None.

Critical Paths under _main in BANK3

    None.

Critical Paths under _main in BANK4

    None.

Critical Paths under _main in BANK5

    None.

Critical Paths under _main in BANK6

    None.

Call Graph Tables:

 ---------------------------------------------------------------------------------
 (Depth) Function   	        Calls       Base Space   Used Autos Params    Refs
 ---------------------------------------------------------------------------------
 (0) _main                                                10    10      0     249
                                              4 COMMON    10    10      0
                       _HC595_nWrite
                  _SYSTEM_Initialize
 ---------------------------------------------------------------------------------
 (1) _SYSTEM_Initialize                                    0     0      0       0
              _OSCILLATOR_Initialize
             _PIN_MANAGER_Initialize
                     _WDT_Initialize
 ---------------------------------------------------------------------------------
 (2) _WDT_Initialize                                       0     0      0       0
 ---------------------------------------------------------------------------------
 (2) _PIN_MANAGER_Initialize                               0     0      0       0
 ---------------------------------------------------------------------------------
 (2) _OSCILLATOR_Initialize                                0     0      0       0
 ---------------------------------------------------------------------------------
 (1) _HC595_nWrite                                         4     4      0     197
                                              0 COMMON     4     4      0
 ---------------------------------------------------------------------------------
 Estimated maximum stack depth 2
 ---------------------------------------------------------------------------------

 Call Graph Graphs:

 _main (ROOT)
   _HC595_nWrite
   _SYSTEM_Initialize
     _OSCILLATOR_Initialize
     _PIN_MANAGER_Initialize
     _WDT_Initialize

 Address spaces:
Name               Size   Autos  Total    Cost      Usage
BIGRAM             1F0      0       0       0        0.0%
EEDATA             100      0       0       0        0.0%
NULL                 0      0       0       0        0.0%
CODE                 0      0       0       0        0.0%
BITCOMMON            E      0       0       1        0.0%
BITSFR0              0      0       0       1        0.0%
SFR0                 0      0       0       1        0.0%
COMMON               E      E       E       2      100.0%
BITSFR1              0      0       0       2        0.0%
SFR1                 0      0       0       2        0.0%
BITSFR2              0      0       0       3        0.0%
SFR2                 0      0       0       3        0.0%
STACK                0      0       0       3        0.0%
BITSFR3              0      0       0       4        0.0%
SFR3                 0      0       0       4        0.0%
ABS                  0      0      16       4        0.0%
BITBANK0            50      0       0       5        0.0%
BITSFR4              0      0       0       5        0.0%
SFR4                 0      0       0       5        0.0%
BANK0               50      0       8       6       10.0%
BITSFR5              0      0       0       6        0.0%
SFR5                 0      0       0       6        0.0%
BITBANK1            50      0       0       7        0.0%
BITSFR6              0      0       0       7        0.0%
SFR6                 0      0       0       7        0.0%
BANK1               50      0       0       8        0.0%
BITSFR7              0      0       0       8        0.0%
SFR7                 0      0       0       8        0.0%
BITBANK2            50      0       0       9        0.0%
BITSFR8              0      0       0       9        0.0%
SFR8                 0      0       0       9        0.0%
BANK2               50      0       0      10        0.0%
BITSFR9              0      0       0      10        0.0%
SFR9                 0      0       0      10        0.0%
BITBANK3            50      0       0      11        0.0%
BITSFR10             0      0       0      11        0.0%
SFR10                0      0       0      11        0.0%
BANK3               50      0       0      12        0.0%
BITSFR11             0      0       0      12        0.0%
SFR11                0      0       0      12        0.0%
BITBANK4            50      0       0      13        0.0%
BITSFR12             0      0       0      13        0.0%
SFR12                0      0       0      13        0.0%
BANK4               50      0       0      14        0.0%
BITSFR13             0      0       0      14        0.0%
SFR13                0      0       0      14        0.0%
BITBANK5            50      0       0      15        0.0%
BITSFR14             0      0       0      15        0.0%
SFR14                0      0       0      15        0.0%
BANK5               50      0       0      16        0.0%
BITSFR15             0      0       0      16        0.0%
SFR15                0      0       0      16        0.0%
BITBANK6            10      0       0      17        0.0%
BITSFR16             0      0       0      17        0.0%
SFR16                0      0       0      17        0.0%
BANK6               10      0       0      18        0.0%
BITSFR17             0      0       0      18        0.0%
SFR17                0      0       0      18        0.0%
BITSFR18             0      0       0      19        0.0%
SFR18                0      0       0      19        0.0%
DATA                 0      0      16      19        0.0%
BITSFR19             0      0       0      20        0.0%
SFR19                0      0       0      20        0.0%
BITSFR20             0      0       0      21        0.0%
SFR20                0      0       0      21        0.0%
BITSFR21             0      0       0      22        0.0%
SFR21                0      0       0      22        0.0%
BITSFR22             0      0       0      23        0.0%
SFR22                0      0       0      23        0.0%
BITSFR23             0      0       0      24        0.0%
SFR23                0      0       0      24        0.0%
BITSFR24             0      0       0      25        0.0%
SFR24                0      0       0      25        0.0%
BITSFR25             0      0       0      26        0.0%
SFR25                0      0       0      26        0.0%
BITSFR26             0      0       0      27        0.0%
SFR26                0      0       0      27        0.0%
BITSFR27             0      0       0      28        0.0%
SFR27                0      0       0      28        0.0%
BITSFR28             0      0       0      29        0.0%
SFR28                0      0       0      29        0.0%
BITSFR29             0      0       0      30        0.0%
SFR29                0      0       0      30        0.0%
BITSFR30             0      0       0      31        0.0%
SFR30                0      0       0      31        0.0%
BITSFR31             0      0       0      32        0.0%
SFR31                0      0       0      32        0.0%


Microchip Technology PIC Macro Assembler V1.43 build -156212558 
Symbol Table                                                                                   Wed Aug 30 23:56:09 2017

                    __CFG_CP$OFF 0000                               l54 0756                               l75 07C1  
                             l79 07E7                     _HC595_nWrite 07B4                      __CFG_LVP$ON 0000  
                            l671 07DB                              l665 07CD                              l657 07BC  
                            l677 0782                              u110 07CB                              u157 079C  
                            u167 07AC                     __CFG_CPD$OFF 0000                     __CFG_BORV$LO 0000  
                            wreg 0009                     __CFG_IESO$ON 0000                             _LATA 010C  
                           _LATB 010D                             _LATC 010E                             _LATE 0110  
                           _PLLR 04D6                             _WPUB 020D                             _WPUE 0210  
                   __CFG_WRT$OFF 0000                    __CFG_FCMEN$ON 0000                             _main 077F  
                           fsr1h 0007                             indf1 0001                             fsr1l 0006  
                           btemp 007E                    __CFG_BOREN$ON 0000                             start 0002  
                  __CFG_MCLRE$ON 0000                    __CFG_PLLEN$ON 0000   __size_of_OSCILLATOR_Initialize 0007  
  __end_of_OSCILLATOR_Initialize 0759                            ?_main 0070                    __CFG_WDTE$OFF 0000  
                          _TRISA 008C                            _TRISB 008D                            _TRISC 008E  
                          _TRISE 0090                   _WDT_Initialize 074A                            wtemp0 007E  
                __initialization 07EA                     __end_of_main 07B4                           ??_main 0074  
         __end_of_WDT_Initialize 074E                           _APFCON 011D                           _ANSELA 018C  
                         _ANSELB 018D                           _OSCCON 0099                           _WDTCON 0097  
                 __CFG_PWRTE$OFF 0000                   __CFG_STVREN$ON 0000                  ?_WDT_Initialize 0070  
              _SYSTEM_Initialize 0759          __end_of__initialization 07FD               ?_SYSTEM_Initialize 0070  
                 __pcstackCOMMON 0070                     __pidataBANK0 074E              ??_SYSTEM_Initialize 0070  
                 _OPTION_REGbits 0095        __end_of_SYSTEM_Initialize 0762                       __pbssBANK0 0020  
                __CFG_VCAPEN$OFF 0000                       __pmaintext 077F                    HC595_nWrite@i 0071  
                  HC595_nWrite@j 0072                          _OSCTUNE 0098                HC595_nWrite@value 0073  
                        __ptext1 0759                          __ptext2 074A                          __ptext3 0762  
                        __ptext4 0752                          __ptext5 07B4            _OSCILLATOR_Initialize 0752  
       ??_PIN_MANAGER_Initialize 0070       __size_of_SYSTEM_Initialize 0009             end_of_initialization 07FD  
               ??_WDT_Initialize 0070                 __CFG_FOSC$INTOSC 0000                    ?_HC595_nWrite 0070  
         ?_OSCILLATOR_Initialize 0070              start_initialization 07EA  __size_of_PIN_MANAGER_Initialize 001D  
                    __pdataBANK0 0024                   ??_HC595_nWrite 0070                        ___latbits 0002  
         _PIN_MANAGER_Initialize 0762                         _LATAbits 010C                        main@F3213 0024  
                      main@F3215 0020                        main@data1 0076                        main@data2 007A  
           __end_of_HC595_nWrite 07EA          ??_OSCILLATOR_Initialize 0070                    __size_of_main 0035  
        __size_of_WDT_Initialize 0004          ?_PIN_MANAGER_Initialize 0070                __CFG_CLKOUTEN$OFF 0000  
          __size_of_HC595_nWrite 0036   __end_of_PIN_MANAGER_Initialize 077F  
