

Microchip Technology PIC PRO Macro Assembler V1.43 build -156212558 
                                                                                               Sun Aug 27 20:55:22 2017

Microchip Technology Omniscient Code Generator v1.43 (PRO mode) build 201707250354
     1                           	processor	16F1936
     2                           	opt	pw 120
     3                           	opt	pm
     4                           	psect	cinit,global,class=CODE,merge=1,delta=2
     5                           	psect	bssCOMMON,global,class=COMMON,space=1,delta=1
     6                           	psect	cstackCOMMON,global,class=COMMON,space=1,delta=1
     7                           	psect	pa_nodes0,global,class=CODE,delta=2
     8                           	dabs	1,0x7E,2
     9  0000                     
    10                           ; Version 1.43
    11                           ; Generated 25/07/2017 GMT
    12                           ; 
    13                           ; Copyright © 2017, Microchip Technology Inc. and its subsidiaries ("Microchip")
    14                           ; All rights reserved.
    15                           ; 
    16                           ; This software is developed by Microchip Technology Inc. and its subsidiaries ("Microch
      +                          ip").
    17                           ; 
    18                           ; Redistribution and use in source and binary forms, with or without modification, are
    19                           ; permitted provided that the following conditions are met:
    20                           ; 
    21                           ;     1. Redistributions of source code must retain the above copyright notice, this lis
      +                          t of
    22                           ;        conditions and the following disclaimer.
    23                           ; 
    24                           ;     2. Redistributions in binary form must reproduce the above copyright notice, this 
      +                          list
    25                           ;        of conditions and the following disclaimer in the documentation and/or other
    26                           ;        materials provided with the distribution.
    27                           ; 
    28                           ;     3. Microchip's name may not be used to endorse or promote products derived from th
      +                          is
    29                           ;        software without specific prior written permission.
    30                           ; 
    31                           ; THIS SOFTWARE IS PROVIDED BY MICROCHIP "AS IS" AND ANY EXPRESS OR IMPLIED WARRANTIES,
    32                           ; INCLUDING, BUT NOT LIMITED TO, THE IMPLIED WARRANTIES OF MERCHANTABILITY AND FITNESS F
      +                          OR
    33                           ; PURPOSE ARE DISCLAIMED.  IN NO EVENT SHALL MICROCHIP BE LIABLE FOR ANY DIRECT, INDIREC
      +                          T,
    34                           ; INCIDENTAL, SPECIAL, EXEMPLARY, OR CONSEQUENTIAL DAMAGES (INCLUDING BUT NOT LIMITED TO
    35                           ; PROCUREMENT OF SUBSTITUTE GOODS OR SERVICES; LOSS OF USE, DATA OR PROFITS; OR BUSINESS
    36                           ; INTERRUPTION) HOWSOEVER CAUSED AND ON ANY THEORY OF LIABILITY, WHETHER IN CONTRACT, ST
      +                          RICT
    37                           ; LIABILITY, OR TORT (INCLUDING NEGLIGENCE OR OTHERWISE) ARISING IN ANY WAY OUT OF THE U
      +                          SE OF
    38                           ; THIS SOFTWARE, EVEN IF ADVISED OF THE POSSIBILITY OF SUCH DAMAGE.
    39                           ; 
    40                           ; 
    41                           ; Code-generator required, PIC16F1936 Definitions
    42                           ; 
    43                           ; SFR Addresses
    44  0000                     	;# 
    45  0001                     	;# 
    46  0002                     	;# 
    47  0003                     	;# 
    48  0004                     	;# 
    49  0005                     	;# 
    50  0006                     	;# 
    51  0007                     	;# 
    52  0008                     	;# 
    53  0009                     	;# 
    54  000A                     	;# 
    55  000B                     	;# 
    56  000C                     	;# 
    57  000D                     	;# 
    58  000E                     	;# 
    59  0010                     	;# 
    60  0011                     	;# 
    61  0012                     	;# 
    62  0013                     	;# 
    63  0015                     	;# 
    64  0016                     	;# 
    65  0016                     	;# 
    66  0017                     	;# 
    67  0018                     	;# 
    68  0019                     	;# 
    69  001A                     	;# 
    70  001B                     	;# 
    71  001C                     	;# 
    72  001E                     	;# 
    73  001F                     	;# 
    74  008C                     	;# 
    75  008D                     	;# 
    76  008E                     	;# 
    77  0090                     	;# 
    78  0091                     	;# 
    79  0092                     	;# 
    80  0093                     	;# 
    81  0095                     	;# 
    82  0096                     	;# 
    83  0097                     	;# 
    84  0098                     	;# 
    85  0099                     	;# 
    86  009A                     	;# 
    87  009B                     	;# 
    88  009B                     	;# 
    89  009C                     	;# 
    90  009D                     	;# 
    91  009E                     	;# 
    92  010C                     	;# 
    93  010D                     	;# 
    94  010E                     	;# 
    95  0110                     	;# 
    96  0111                     	;# 
    97  0112                     	;# 
    98  0113                     	;# 
    99  0114                     	;# 
   100  0115                     	;# 
   101  0116                     	;# 
   102  0117                     	;# 
   103  0118                     	;# 
   104  0119                     	;# 
   105  011A                     	;# 
   106  011B                     	;# 
   107  011D                     	;# 
   108  018C                     	;# 
   109  018D                     	;# 
   110  0191                     	;# 
   111  0191                     	;# 
   112  0192                     	;# 
   113  0193                     	;# 
   114  0193                     	;# 
   115  0193                     	;# 
   116  0194                     	;# 
   117  0195                     	;# 
   118  0196                     	;# 
   119  0199                     	;# 
   120  019A                     	;# 
   121  019B                     	;# 
   122  019B                     	;# 
   123  019B                     	;# 
   124  019B                     	;# 
   125  019C                     	;# 
   126  019C                     	;# 
   127  019D                     	;# 
   128  019E                     	;# 
   129  019F                     	;# 
   130  020D                     	;# 
   131  0210                     	;# 
   132  0211                     	;# 
   133  0212                     	;# 
   134  0213                     	;# 
   135  0214                     	;# 
   136  0215                     	;# 
   137  0215                     	;# 
   138  0216                     	;# 
   139  0217                     	;# 
   140  0291                     	;# 
   141  0291                     	;# 
   142  0292                     	;# 
   143  0293                     	;# 
   144  0294                     	;# 
   145  0295                     	;# 
   146  0295                     	;# 
   147  0296                     	;# 
   148  0298                     	;# 
   149  0298                     	;# 
   150  0299                     	;# 
   151  029A                     	;# 
   152  029B                     	;# 
   153  029C                     	;# 
   154  029C                     	;# 
   155  029D                     	;# 
   156  029E                     	;# 
   157  029F                     	;# 
   158  0311                     	;# 
   159  0311                     	;# 
   160  0312                     	;# 
   161  0313                     	;# 
   162  0314                     	;# 
   163  0315                     	;# 
   164  0315                     	;# 
   165  0316                     	;# 
   166  0318                     	;# 
   167  0318                     	;# 
   168  0319                     	;# 
   169  031A                     	;# 
   170  031C                     	;# 
   171  031C                     	;# 
   172  031D                     	;# 
   173  031E                     	;# 
   174  0394                     	;# 
   175  0395                     	;# 
   176  0396                     	;# 
   177  0415                     	;# 
   178  0416                     	;# 
   179  0417                     	;# 
   180  041C                     	;# 
   181  041D                     	;# 
   182  041E                     	;# 
   183  0791                     	;# 
   184  0792                     	;# 
   185  0793                     	;# 
   186  0794                     	;# 
   187  0795                     	;# 
   188  0798                     	;# 
   189  0799                     	;# 
   190  07A0                     	;# 
   191  07A1                     	;# 
   192  07A3                     	;# 
   193  07A4                     	;# 
   194  07A6                     	;# 
   195  07A7                     	;# 
   196  07A9                     	;# 
   197  07AA                     	;# 
   198  0FE4                     	;# 
   199  0FE5                     	;# 
   200  0FE6                     	;# 
   201  0FE7                     	;# 
   202  0FE8                     	;# 
   203  0FE9                     	;# 
   204  0FEA                     	;# 
   205  0FEB                     	;# 
   206  0FED                     	;# 
   207  0FEE                     	;# 
   208  0FEF                     	;# 
   209  0000                     	;# 
   210  0001                     	;# 
   211  0002                     	;# 
   212  0003                     	;# 
   213  0004                     	;# 
   214  0005                     	;# 
   215  0006                     	;# 
   216  0007                     	;# 
   217  0008                     	;# 
   218  0009                     	;# 
   219  000A                     	;# 
   220  000B                     	;# 
   221  000C                     	;# 
   222  000D                     	;# 
   223  000E                     	;# 
   224  0010                     	;# 
   225  0011                     	;# 
   226  0012                     	;# 
   227  0013                     	;# 
   228  0015                     	;# 
   229  0016                     	;# 
   230  0016                     	;# 
   231  0017                     	;# 
   232  0018                     	;# 
   233  0019                     	;# 
   234  001A                     	;# 
   235  001B                     	;# 
   236  001C                     	;# 
   237  001E                     	;# 
   238  001F                     	;# 
   239  008C                     	;# 
   240  008D                     	;# 
   241  008E                     	;# 
   242  0090                     	;# 
   243  0091                     	;# 
   244  0092                     	;# 
   245  0093                     	;# 
   246  0095                     	;# 
   247  0096                     	;# 
   248  0097                     	;# 
   249  0098                     	;# 
   250  0099                     	;# 
   251  009A                     	;# 
   252  009B                     	;# 
   253  009B                     	;# 
   254  009C                     	;# 
   255  009D                     	;# 
   256  009E                     	;# 
   257  010C                     	;# 
   258  010D                     	;# 
   259  010E                     	;# 
   260  0110                     	;# 
   261  0111                     	;# 
   262  0112                     	;# 
   263  0113                     	;# 
   264  0114                     	;# 
   265  0115                     	;# 
   266  0116                     	;# 
   267  0117                     	;# 
   268  0118                     	;# 
   269  0119                     	;# 
   270  011A                     	;# 
   271  011B                     	;# 
   272  011D                     	;# 
   273  018C                     	;# 
   274  018D                     	;# 
   275  0191                     	;# 
   276  0191                     	;# 
   277  0192                     	;# 
   278  0193                     	;# 
   279  0193                     	;# 
   280  0193                     	;# 
   281  0194                     	;# 
   282  0195                     	;# 
   283  0196                     	;# 
   284  0199                     	;# 
   285  019A                     	;# 
   286  019B                     	;# 
   287  019B                     	;# 
   288  019B                     	;# 
   289  019B                     	;# 
   290  019C                     	;# 
   291  019C                     	;# 
   292  019D                     	;# 
   293  019E                     	;# 
   294  019F                     	;# 
   295  020D                     	;# 
   296  0210                     	;# 
   297  0211                     	;# 
   298  0212                     	;# 
   299  0213                     	;# 
   300  0214                     	;# 
   301  0215                     	;# 
   302  0215                     	;# 
   303  0216                     	;# 
   304  0217                     	;# 
   305  0291                     	;# 
   306  0291                     	;# 
   307  0292                     	;# 
   308  0293                     	;# 
   309  0294                     	;# 
   310  0295                     	;# 
   311  0295                     	;# 
   312  0296                     	;# 
   313  0298                     	;# 
   314  0298                     	;# 
   315  0299                     	;# 
   316  029A                     	;# 
   317  029B                     	;# 
   318  029C                     	;# 
   319  029C                     	;# 
   320  029D                     	;# 
   321  029E                     	;# 
   322  029F                     	;# 
   323  0311                     	;# 
   324  0311                     	;# 
   325  0312                     	;# 
   326  0313                     	;# 
   327  0314                     	;# 
   328  0315                     	;# 
   329  0315                     	;# 
   330  0316                     	;# 
   331  0318                     	;# 
   332  0318                     	;# 
   333  0319                     	;# 
   334  031A                     	;# 
   335  031C                     	;# 
   336  031C                     	;# 
   337  031D                     	;# 
   338  031E                     	;# 
   339  0394                     	;# 
   340  0395                     	;# 
   341  0396                     	;# 
   342  0415                     	;# 
   343  0416                     	;# 
   344  0417                     	;# 
   345  041C                     	;# 
   346  041D                     	;# 
   347  041E                     	;# 
   348  0791                     	;# 
   349  0792                     	;# 
   350  0793                     	;# 
   351  0794                     	;# 
   352  0795                     	;# 
   353  0798                     	;# 
   354  0799                     	;# 
   355  07A0                     	;# 
   356  07A1                     	;# 
   357  07A3                     	;# 
   358  07A4                     	;# 
   359  07A6                     	;# 
   360  07A7                     	;# 
   361  07A9                     	;# 
   362  07AA                     	;# 
   363  0FE4                     	;# 
   364  0FE5                     	;# 
   365  0FE6                     	;# 
   366  0FE7                     	;# 
   367  0FE8                     	;# 
   368  0FE9                     	;# 
   369  0FEA                     	;# 
   370  0FEB                     	;# 
   371  0FED                     	;# 
   372  0FEE                     	;# 
   373  0FEF                     	;# 
   374  0000                     	;# 
   375  0001                     	;# 
   376  0002                     	;# 
   377  0003                     	;# 
   378  0004                     	;# 
   379  0005                     	;# 
   380  0006                     	;# 
   381  0007                     	;# 
   382  0008                     	;# 
   383  0009                     	;# 
   384  000A                     	;# 
   385  000B                     	;# 
   386  000C                     	;# 
   387  000D                     	;# 
   388  000E                     	;# 
   389  0010                     	;# 
   390  0011                     	;# 
   391  0012                     	;# 
   392  0013                     	;# 
   393  0015                     	;# 
   394  0016                     	;# 
   395  0016                     	;# 
   396  0017                     	;# 
   397  0018                     	;# 
   398  0019                     	;# 
   399  001A                     	;# 
   400  001B                     	;# 
   401  001C                     	;# 
   402  001E                     	;# 
   403  001F                     	;# 
   404  008C                     	;# 
   405  008D                     	;# 
   406  008E                     	;# 
   407  0090                     	;# 
   408  0091                     	;# 
   409  0092                     	;# 
   410  0093                     	;# 
   411  0095                     	;# 
   412  0096                     	;# 
   413  0097                     	;# 
   414  0098                     	;# 
   415  0099                     	;# 
   416  009A                     	;# 
   417  009B                     	;# 
   418  009B                     	;# 
   419  009C                     	;# 
   420  009D                     	;# 
   421  009E                     	;# 
   422  010C                     	;# 
   423  010D                     	;# 
   424  010E                     	;# 
   425  0110                     	;# 
   426  0111                     	;# 
   427  0112                     	;# 
   428  0113                     	;# 
   429  0114                     	;# 
   430  0115                     	;# 
   431  0116                     	;# 
   432  0117                     	;# 
   433  0118                     	;# 
   434  0119                     	;# 
   435  011A                     	;# 
   436  011B                     	;# 
   437  011D                     	;# 
   438  018C                     	;# 
   439  018D                     	;# 
   440  0191                     	;# 
   441  0191                     	;# 
   442  0192                     	;# 
   443  0193                     	;# 
   444  0193                     	;# 
   445  0193                     	;# 
   446  0194                     	;# 
   447  0195                     	;# 
   448  0196                     	;# 
   449  0199                     	;# 
   450  019A                     	;# 
   451  019B                     	;# 
   452  019B                     	;# 
   453  019B                     	;# 
   454  019B                     	;# 
   455  019C                     	;# 
   456  019C                     	;# 
   457  019D                     	;# 
   458  019E                     	;# 
   459  019F                     	;# 
   460  020D                     	;# 
   461  0210                     	;# 
   462  0211                     	;# 
   463  0212                     	;# 
   464  0213                     	;# 
   465  0214                     	;# 
   466  0215                     	;# 
   467  0215                     	;# 
   468  0216                     	;# 
   469  0217                     	;# 
   470  0291                     	;# 
   471  0291                     	;# 
   472  0292                     	;# 
   473  0293                     	;# 
   474  0294                     	;# 
   475  0295                     	;# 
   476  0295                     	;# 
   477  0296                     	;# 
   478  0298                     	;# 
   479  0298                     	;# 
   480  0299                     	;# 
   481  029A                     	;# 
   482  029B                     	;# 
   483  029C                     	;# 
   484  029C                     	;# 
   485  029D                     	;# 
   486  029E                     	;# 
   487  029F                     	;# 
   488  0311                     	;# 
   489  0311                     	;# 
   490  0312                     	;# 
   491  0313                     	;# 
   492  0314                     	;# 
   493  0315                     	;# 
   494  0315                     	;# 
   495  0316                     	;# 
   496  0318                     	;# 
   497  0318                     	;# 
   498  0319                     	;# 
   499  031A                     	;# 
   500  031C                     	;# 
   501  031C                     	;# 
   502  031D                     	;# 
   503  031E                     	;# 
   504  0394                     	;# 
   505  0395                     	;# 
   506  0396                     	;# 
   507  0415                     	;# 
   508  0416                     	;# 
   509  0417                     	;# 
   510  041C                     	;# 
   511  041D                     	;# 
   512  041E                     	;# 
   513  0791                     	;# 
   514  0792                     	;# 
   515  0793                     	;# 
   516  0794                     	;# 
   517  0795                     	;# 
   518  0798                     	;# 
   519  0799                     	;# 
   520  07A0                     	;# 
   521  07A1                     	;# 
   522  07A3                     	;# 
   523  07A4                     	;# 
   524  07A6                     	;# 
   525  07A7                     	;# 
   526  07A9                     	;# 
   527  07AA                     	;# 
   528  0FE4                     	;# 
   529  0FE5                     	;# 
   530  0FE6                     	;# 
   531  0FE7                     	;# 
   532  0FE8                     	;# 
   533  0FE9                     	;# 
   534  0FEA                     	;# 
   535  0FEB                     	;# 
   536  0FED                     	;# 
   537  0FEE                     	;# 
   538  0FEF                     	;# 
   539  0095                     _OPTION_REGbits	set	149
   540  0090                     _TRISE	set	144
   541  008E                     _TRISC	set	142
   542  008D                     _TRISB	set	141
   543  008C                     _TRISA	set	140
   544  0097                     _WDTCON	set	151
   545  0098                     _OSCTUNE	set	152
   546  0099                     _OSCCON	set	153
   547  04D6                     _PLLR	set	1238
   548  011D                     _APFCON	set	285
   549  0110                     _LATE	set	272
   550  010E                     _LATC	set	270
   551  010D                     _LATB	set	269
   552  010C                     _LATA	set	268
   553  018D                     _ANSELB	set	397
   554  018C                     _ANSELA	set	396
   555  020D                     _WPUB	set	525
   556  0210                     _WPUE	set	528
   557                           
   558                           ; #config settings
   559  0000                     
   560                           	psect	cinit
   561  06E3                     start_initialization:	
   562  06E3                     __initialization:	
   563                           
   564                           ; Clear objects allocated to COMMON
   565  06E3  01F0               	clrf	__pbssCOMMON& (0+127)
   566  06E4  01F1               	clrf	(__pbssCOMMON+1)& (0+127)
   567  06E5                     end_of_initialization:	
   568                           ;End of C runtime variable initialization code
   569                           
   570  06E5                     __end_of__initialization:	
   571  06E5  0020               	movlb	0
   572  06E6  2EE7               	ljmp	_main	;jump to C main() function
   573  06E7                     __pmaintext:	
   574                           ; 1 bytes @ 0x2
   575 ;;
   576 ;;Main: autosize = 0, tempsize = 0, incstack = 0, save=0
   577 ;;
   578 ;; *************** function _main *****************
   579 ;; Defined at:
   580 ;;		line 88 in file "main.c"
   581 ;; Parameters:    Size  Location     Type
   582 ;;		None
   583 ;; Auto vars:     Size  Location     Type
   584 ;;		None
   585 ;; Return value:  Size  Location     Type
   586 ;;                  1    wreg      void 
   587 ;; Registers used:
   588 ;;		wreg, status,2, status,0, pclath, cstack
   589 ;; Tracked objects:
   590 ;;		On entry : B1F/0
   591 ;;		On exit  : 1F/2
   592 ;;		Unchanged: 0/0
   593 ;; Data sizes:     COMMON   BANK0   BANK1   BANK2   BANK3   BANK4   BANK5   BANK6
   594 ;;      Params:         0       0       0       0       0       0       0       0
   595 ;;      Locals:         0       0       0       0       0       0       0       0
   596 ;;      Temps:          0       0       0       0       0       0       0       0
   597 ;;      Totals:         0       0       0       0       0       0       0       0
   598 ;;Total ram usage:        0 bytes
   599 ;; Hardware stack levels required when called:    2
   600 ;; This function calls:
   601 ;;		_Ef1
   602 ;;		_Ef2
   603 ;;		_Ef3
   604 ;;		_Ef4
   605 ;;		_SYSTEM_Initialize
   606 ;; This function is called by:
   607 ;;		Startup code after reset
   608 ;; This function uses a non-reentrant model
   609 ;;
   610                           
   611                           
   612                           ;psect for function _main
   613  06E7                     _main:	
   614                           
   615                           ;main.c: 90: SYSTEM_Initialize();
   616                           
   617                           ;incstack = 0
   618                           ; Regs used in _main: [wreg+status,2+status,0+pclath+cstack]
   619  06E7  27D7  3186         	fcall	_SYSTEM_Initialize
   620                           
   621                           ;main.c: 91: LATA=0x00;
   622  06E9  0022               	movlb	2	; select bank2
   623  06EA  018C               	clrf	12	;volatile
   624                           
   625                           ;main.c: 92: LATB=0x00;
   626  06EB  018D               	clrf	13	;volatile
   627                           
   628                           ;main.c: 93: LATC=0x00;
   629  06EC  018E               	clrf	14	;volatile
   630                           
   631                           ;main.c: 94: TRISA=0x00;
   632  06ED  0021               	movlb	1	; select bank1
   633  06EE  018C               	clrf	12	;volatile
   634                           
   635                           ;main.c: 95: TRISB=0x00;
   636  06EF  018D               	clrf	13	;volatile
   637                           
   638                           ;main.c: 96: TRISC=0x00;
   639  06F0  018E               	clrf	14	;volatile
   640                           
   641                           ;main.c: 97: ANSELA=0x00;
   642  06F1  0023               	movlb	3	; select bank3
   643  06F2  018C               	clrf	12	;volatile
   644                           
   645                           ;main.c: 98: ANSELB=0x00;
   646  06F3  018D               	clrf	13	;volatile
   647  06F4                     l89:	
   648                           ;main.c: 100: while (1)
   649                           
   650                           
   651                           ;main.c: 101: {
   652                           ;main.c: 102: Ef1();
   653  06F4  26FD  3186         	fcall	_Ef1
   654                           
   655                           ;main.c: 103: Ef2();
   656  06F6  2714  3186         	fcall	_Ef2
   657                           
   658                           ;main.c: 104: Ef3();
   659  06F8  2766  3186         	fcall	_Ef3
   660                           
   661                           ;main.c: 105: Ef4();
   662  06FA  27B8  3186         	fcall	_Ef4
   663  06FC  2EF4               	goto	l89
   664  06FD                     __end_of_main:	
   665  06FD                     __ptext8:	
   666 ;; *************** function _Ef1 *****************
   667 ;; Defined at:
   668 ;;		line 6 in file "main.c"
   669 ;; Parameters:    Size  Location     Type
   670 ;;		None
   671 ;; Auto vars:     Size  Location     Type
   672 ;;		None
   673 ;; Return value:  Size  Location     Type
   674 ;;                  1    wreg      void 
   675 ;; Registers used:
   676 ;;		wreg, status,2, status,0
   677 ;; Tracked objects:
   678 ;;		On entry : 1C/3
   679 ;;		On exit  : 0/0
   680 ;;		Unchanged: 0/0
   681 ;; Data sizes:     COMMON   BANK0   BANK1   BANK2   BANK3   BANK4   BANK5   BANK6
   682 ;;      Params:         0       0       0       0       0       0       0       0
   683 ;;      Locals:         0       0       0       0       0       0       0       0
   684 ;;      Temps:          2       0       0       0       0       0       0       0
   685 ;;      Totals:         2       0       0       0       0       0       0       0
   686 ;;Total ram usage:        2 bytes
   687 ;; Hardware stack levels used:    1
   688 ;; This function calls:
   689 ;;		Nothing
   690 ;; This function is called by:
   691 ;;		_main
   692 ;; This function uses a non-reentrant model
   693 ;;
   694                           
   695                           
   696                           ;psect for function _Ef1
   697  06FD                     _Ef1:	
   698                           
   699                           ;main.c: 8: for(i=0; i<10; i++)
   700                           
   701                           ;incstack = 0
   702                           ; Regs used in _Ef1: [wreg+status,2+status,0]
   703  06FD  01F1               	clrf	_i
   704  06FE                     l616:	
   705  06FE  300A               	movlw	10
   706  06FF  0271               	subwf	_i,w
   707  0700  1803               	btfsc	3,0
   708  0701  0008               	return
   709                           
   710                           ;main.c: 9: {
   711                           ;main.c: 10: LATA=~LATA;
   712  0702  0022               	movlb	2	; select bank2
   713  0703  098C               	comf	12,f	;volatile
   714                           
   715                           ;main.c: 11: LATB=~LATB;
   716  0704  098D               	comf	13,f	;volatile
   717                           
   718                           ;main.c: 12: LATC=~LATC;
   719  0705  098E               	comf	14,f	;volatile
   720                           
   721                           ;main.c: 13: _delay((unsigned long)((100)*(32000000/4000.0)));
   722  0706  3005               	movlw	5
   723  0707  00F3               	movwf	??_Ef1+1
   724  0708  300F               	movlw	15
   725  0709  00F2               	movwf	??_Ef1
   726  070A  30F1               	movlw	241
   727  070B                     u177:	
   728  070B  0B89               	decfsz	9,f
   729  070C  2F0B               	goto	u177
   730  070D  0BF2               	decfsz	??_Ef1,f
   731  070E  2F0B               	goto	u177
   732  070F  0BF3               	decfsz	??_Ef1+1,f
   733  0710  2F0B               	goto	u177
   734  0711  0000               	nop
   735  0712  0AF1               	incf	_i,f
   736  0713  2EFE               	goto	l616
   737  0714                     __end_of_Ef1:	
   738  007E                     btemp	set	126	;btemp
   739  007E                     wtemp0	set	126
   740  0714                     __ptext7:	
   741 ;; *************** function _Ef2 *****************
   742 ;; Defined at:
   743 ;;		line 17 in file "main.c"
   744 ;; Parameters:    Size  Location     Type
   745 ;;		None
   746 ;; Auto vars:     Size  Location     Type
   747 ;;		None
   748 ;; Return value:  Size  Location     Type
   749 ;;                  1    wreg      void 
   750 ;; Registers used:
   751 ;;		wreg, status,2, status,0
   752 ;; Tracked objects:
   753 ;;		On entry : 0/3
   754 ;;		On exit  : 1F/2
   755 ;;		Unchanged: 0/0
   756 ;; Data sizes:     COMMON   BANK0   BANK1   BANK2   BANK3   BANK4   BANK5   BANK6
   757 ;;      Params:         0       0       0       0       0       0       0       0
   758 ;;      Locals:         0       0       0       0       0       0       0       0
   759 ;;      Temps:          2       0       0       0       0       0       0       0
   760 ;;      Totals:         2       0       0       0       0       0       0       0
   761 ;;Total ram usage:        2 bytes
   762 ;; Hardware stack levels used:    1
   763 ;; This function calls:
   764 ;;		Nothing
   765 ;; This function is called by:
   766 ;;		_main
   767 ;; This function uses a non-reentrant model
   768 ;;
   769                           
   770                           
   771                           ;psect for function _Ef2
   772  0714                     _Ef2:	
   773                           
   774                           ;main.c: 19: for(i=0, data=0x01; i<8; i++)
   775                           
   776                           ;incstack = 0
   777                           ; Regs used in _Ef2: [wreg+status,2+status,0]
   778  0714  01F1               	clrf	_i
   779  0715  01F0               	clrf	_data
   780  0716  0AF0               	incf	_data,f
   781  0717                     l636:	
   782  0717  3008               	movlw	8
   783  0718  0271               	subwf	_i,w
   784  0719  1803               	btfsc	3,0
   785  071A  2F2D               	goto	l638
   786                           
   787                           ;main.c: 20: {
   788                           ;main.c: 21: LATA=data;
   789  071B  0870               	movf	_data,w
   790  071C  0022               	movlb	2	; select bank2
   791  071D  008C               	movwf	12	;volatile
   792  071E  3005               	movlw	5
   793                           
   794                           ;main.c: 22: data<<=1;
   795  071F  35F0               	lslf	_data,f
   796                           
   797                           ;main.c: 23: _delay((unsigned long)((100)*(32000000/4000.0)));
   798  0720  00F3               	movwf	??_Ef2+1
   799  0721  300F               	movlw	15
   800  0722  00F2               	movwf	??_Ef2
   801  0723  30F1               	movlw	241
   802  0724                     u147:	
   803  0724  0B89               	decfsz	9,f
   804  0725  2F24               	goto	u147
   805  0726  0BF2               	decfsz	??_Ef2,f
   806  0727  2F24               	goto	u147
   807  0728  0BF3               	decfsz	??_Ef2+1,f
   808  0729  2F24               	goto	u147
   809  072A  0000               	nop
   810  072B  0AF1               	incf	_i,f
   811  072C  2F17               	goto	l636
   812  072D                     l638:	
   813                           
   814                           ;main.c: 24: }
   815                           ;main.c: 25: LATA=0;
   816  072D  0022               	movlb	2	; select bank2
   817  072E  018C               	clrf	12	;volatile
   818                           
   819                           ;main.c: 27: for(i=0, data=0x01; i<8; i++)
   820  072F  01F1               	clrf	_i
   821  0730  01F0               	clrf	_data
   822  0731  0AF0               	incf	_data,f
   823  0732                     l648:	
   824  0732  3008               	movlw	8
   825  0733  0271               	subwf	_i,w
   826  0734  1803               	btfsc	3,0
   827  0735  2F48               	goto	l650
   828                           
   829                           ;main.c: 28: {
   830                           ;main.c: 29: LATB=data;
   831  0736  0870               	movf	_data,w
   832  0737  0022               	movlb	2	; select bank2
   833  0738  008D               	movwf	13	;volatile
   834  0739  3005               	movlw	5
   835                           
   836                           ;main.c: 30: data<<=1;
   837  073A  35F0               	lslf	_data,f
   838                           
   839                           ;main.c: 31: _delay((unsigned long)((100)*(32000000/4000.0)));
   840  073B  00F3               	movwf	??_Ef2+1
   841  073C  300F               	movlw	15
   842  073D  00F2               	movwf	??_Ef2
   843  073E  30F1               	movlw	241
   844  073F                     u157:	
   845  073F  0B89               	decfsz	9,f
   846  0740  2F3F               	goto	u157
   847  0741  0BF2               	decfsz	??_Ef2,f
   848  0742  2F3F               	goto	u157
   849  0743  0BF3               	decfsz	??_Ef2+1,f
   850  0744  2F3F               	goto	u157
   851  0745  0000               	nop
   852  0746  0AF1               	incf	_i,f
   853  0747  2F32               	goto	l648
   854  0748                     l650:	
   855                           
   856                           ;main.c: 32: }
   857                           ;main.c: 33: LATB=0;
   858  0748  0022               	movlb	2	; select bank2
   859  0749  018D               	clrf	13	;volatile
   860                           
   861                           ;main.c: 35: for(i=0, data=0x01; i<8; i++)
   862  074A  01F1               	clrf	_i
   863  074B  01F0               	clrf	_data
   864  074C  0AF0               	incf	_data,f
   865  074D                     l660:	
   866  074D  3008               	movlw	8
   867  074E  0271               	subwf	_i,w
   868  074F  1803               	btfsc	3,0
   869  0750  2F63               	goto	l662
   870                           
   871                           ;main.c: 36: {
   872                           ;main.c: 37: LATC=data;
   873  0751  0870               	movf	_data,w
   874  0752  0022               	movlb	2	; select bank2
   875  0753  008E               	movwf	14	;volatile
   876  0754  3005               	movlw	5
   877                           
   878                           ;main.c: 38: data<<=1;
   879  0755  35F0               	lslf	_data,f
   880                           
   881                           ;main.c: 39: _delay((unsigned long)((100)*(32000000/4000.0)));
   882  0756  00F3               	movwf	??_Ef2+1
   883  0757  300F               	movlw	15
   884  0758  00F2               	movwf	??_Ef2
   885  0759  30F1               	movlw	241
   886  075A                     u167:	
   887  075A  0B89               	decfsz	9,f
   888  075B  2F5A               	goto	u167
   889  075C  0BF2               	decfsz	??_Ef2,f
   890  075D  2F5A               	goto	u167
   891  075E  0BF3               	decfsz	??_Ef2+1,f
   892  075F  2F5A               	goto	u167
   893  0760  0000               	nop
   894  0761  0AF1               	incf	_i,f
   895  0762  2F4D               	goto	l660
   896  0763                     l662:	
   897                           
   898                           ;main.c: 40: }
   899                           ;main.c: 41: LATC=0;
   900  0763  0022               	movlb	2	; select bank2
   901  0764  018E               	clrf	14	;volatile
   902  0765  0008               	return
   903  0766                     __end_of_Ef2:	
   904  0766                     __ptext6:	
   905 ;; *************** function _Ef3 *****************
   906 ;; Defined at:
   907 ;;		line 44 in file "main.c"
   908 ;; Parameters:    Size  Location     Type
   909 ;;		None
   910 ;; Auto vars:     Size  Location     Type
   911 ;;		None
   912 ;; Return value:  Size  Location     Type
   913 ;;                  1    wreg      void 
   914 ;; Registers used:
   915 ;;		wreg, status,2, status,0
   916 ;; Tracked objects:
   917 ;;		On entry : 1F/2
   918 ;;		On exit  : 1F/2
   919 ;;		Unchanged: 0/0
   920 ;; Data sizes:     COMMON   BANK0   BANK1   BANK2   BANK3   BANK4   BANK5   BANK6
   921 ;;      Params:         0       0       0       0       0       0       0       0
   922 ;;      Locals:         0       0       0       0       0       0       0       0
   923 ;;      Temps:          2       0       0       0       0       0       0       0
   924 ;;      Totals:         2       0       0       0       0       0       0       0
   925 ;;Total ram usage:        2 bytes
   926 ;; Hardware stack levels used:    1
   927 ;; This function calls:
   928 ;;		Nothing
   929 ;; This function is called by:
   930 ;;		_main
   931 ;; This function uses a non-reentrant model
   932 ;;
   933                           
   934                           
   935                           ;psect for function _Ef3
   936  0766                     _Ef3:	
   937  0766  3080               	movlw	128
   938                           
   939                           ;main.c: 46: for(i=0, data=0x80; i<8; i++)
   940                           
   941                           ;incstack = 0
   942                           ; Regs used in _Ef3: [wreg+status,2+status,0]
   943  0767  01F1               	clrf	_i
   944  0768  00F0               	movwf	_data
   945  0769                     l674:	
   946  0769  3008               	movlw	8
   947  076A  0271               	subwf	_i,w
   948  076B  1803               	btfsc	3,0
   949  076C  2F7F               	goto	l676
   950                           
   951                           ;main.c: 47: {
   952                           ;main.c: 48: LATC=data;
   953  076D  0870               	movf	_data,w
   954  076E  0022               	movlb	2	; select bank2
   955  076F  008E               	movwf	14	;volatile
   956  0770  3005               	movlw	5
   957                           
   958                           ;main.c: 49: data>>=1;
   959  0771  36F0               	lsrf	_data,f
   960                           
   961                           ;main.c: 50: _delay((unsigned long)((100)*(32000000/4000.0)));
   962  0772  00F3               	movwf	??_Ef3+1
   963  0773  300F               	movlw	15
   964  0774  00F2               	movwf	??_Ef3
   965  0775  30F1               	movlw	241
   966  0776                     u117:	
   967  0776  0B89               	decfsz	9,f
   968  0777  2F76               	goto	u117
   969  0778  0BF2               	decfsz	??_Ef3,f
   970  0779  2F76               	goto	u117
   971  077A  0BF3               	decfsz	??_Ef3+1,f
   972  077B  2F76               	goto	u117
   973  077C  0000               	nop
   974  077D  0AF1               	incf	_i,f
   975  077E  2F69               	goto	l674
   976  077F                     l676:	
   977                           
   978                           ;main.c: 51: }
   979                           ;main.c: 52: LATC=0;
   980  077F  0022               	movlb	2	; select bank2
   981  0780  018E               	clrf	14	;volatile
   982  0781  3080               	movlw	128
   983                           
   984                           ;main.c: 54: for(i=0, data=0x80; i<8; i++)
   985  0782  01F1               	clrf	_i
   986  0783  00F0               	movwf	_data
   987  0784                     l686:	
   988  0784  3008               	movlw	8
   989  0785  0271               	subwf	_i,w
   990  0786  1803               	btfsc	3,0
   991  0787  2F9A               	goto	l688
   992                           
   993                           ;main.c: 55: {
   994                           ;main.c: 56: LATB=data;
   995  0788  0870               	movf	_data,w
   996  0789  0022               	movlb	2	; select bank2
   997  078A  008D               	movwf	13	;volatile
   998  078B  3005               	movlw	5
   999                           
  1000                           ;main.c: 57: data>>=1;
  1001  078C  36F0               	lsrf	_data,f
  1002                           
  1003                           ;main.c: 58: _delay((unsigned long)((100)*(32000000/4000.0)));
  1004  078D  00F3               	movwf	??_Ef3+1
  1005  078E  300F               	movlw	15
  1006  078F  00F2               	movwf	??_Ef3
  1007  0790  30F1               	movlw	241
  1008  0791                     u127:	
  1009  0791  0B89               	decfsz	9,f
  1010  0792  2F91               	goto	u127
  1011  0793  0BF2               	decfsz	??_Ef3,f
  1012  0794  2F91               	goto	u127
  1013  0795  0BF3               	decfsz	??_Ef3+1,f
  1014  0796  2F91               	goto	u127
  1015  0797  0000               	nop
  1016  0798  0AF1               	incf	_i,f
  1017  0799  2F84               	goto	l686
  1018  079A                     l688:	
  1019                           
  1020                           ;main.c: 59: }
  1021                           ;main.c: 60: LATB=0;
  1022  079A  0022               	movlb	2	; select bank2
  1023  079B  018D               	clrf	13	;volatile
  1024  079C  3080               	movlw	128
  1025                           
  1026                           ;main.c: 62: for(i=0, data=0x80; i<8; i++)
  1027  079D  01F1               	clrf	_i
  1028  079E  00F0               	movwf	_data
  1029  079F                     l698:	
  1030  079F  3008               	movlw	8
  1031  07A0  0271               	subwf	_i,w
  1032  07A1  1803               	btfsc	3,0
  1033  07A2  2FB5               	goto	l700
  1034                           
  1035                           ;main.c: 63: {
  1036                           ;main.c: 64: LATA=data;
  1037  07A3  0870               	movf	_data,w
  1038  07A4  0022               	movlb	2	; select bank2
  1039  07A5  008C               	movwf	12	;volatile
  1040  07A6  3005               	movlw	5
  1041                           
  1042                           ;main.c: 65: data>>=1;
  1043  07A7  36F0               	lsrf	_data,f
  1044                           
  1045                           ;main.c: 66: _delay((unsigned long)((100)*(32000000/4000.0)));
  1046  07A8  00F3               	movwf	??_Ef3+1
  1047  07A9  300F               	movlw	15
  1048  07AA  00F2               	movwf	??_Ef3
  1049  07AB  30F1               	movlw	241
  1050  07AC                     u137:	
  1051  07AC  0B89               	decfsz	9,f
  1052  07AD  2FAC               	goto	u137
  1053  07AE  0BF2               	decfsz	??_Ef3,f
  1054  07AF  2FAC               	goto	u137
  1055  07B0  0BF3               	decfsz	??_Ef3+1,f
  1056  07B1  2FAC               	goto	u137
  1057  07B2  0000               	nop
  1058  07B3  0AF1               	incf	_i,f
  1059  07B4  2F9F               	goto	l698
  1060  07B5                     l700:	
  1061                           
  1062                           ;main.c: 67: }
  1063                           ;main.c: 68: LATA=0;
  1064  07B5  0022               	movlb	2	; select bank2
  1065  07B6  018C               	clrf	12	;volatile
  1066  07B7  0008               	return
  1067  07B8                     __end_of_Ef3:	
  1068  07B8                     __ptext5:	
  1069 ;; *************** function _Ef4 *****************
  1070 ;; Defined at:
  1071 ;;		line 71 in file "main.c"
  1072 ;; Parameters:    Size  Location     Type
  1073 ;;		None
  1074 ;; Auto vars:     Size  Location     Type
  1075 ;;		None
  1076 ;; Return value:  Size  Location     Type
  1077 ;;                  1    wreg      void 
  1078 ;; Registers used:
  1079 ;;		wreg, status,2, status,0
  1080 ;; Tracked objects:
  1081 ;;		On entry : 1F/2
  1082 ;;		On exit  : 1F/2
  1083 ;;		Unchanged: 0/0
  1084 ;; Data sizes:     COMMON   BANK0   BANK1   BANK2   BANK3   BANK4   BANK5   BANK6
  1085 ;;      Params:         0       0       0       0       0       0       0       0
  1086 ;;      Locals:         0       0       0       0       0       0       0       0
  1087 ;;      Temps:          2       0       0       0       0       0       0       0
  1088 ;;      Totals:         2       0       0       0       0       0       0       0
  1089 ;;Total ram usage:        2 bytes
  1090 ;; Hardware stack levels used:    1
  1091 ;; This function calls:
  1092 ;;		Nothing
  1093 ;; This function is called by:
  1094 ;;		_main
  1095 ;; This function uses a non-reentrant model
  1096 ;;
  1097                           
  1098                           
  1099                           ;psect for function _Ef4
  1100  07B8                     _Ef4:	
  1101                           
  1102                           ;main.c: 73: LATA=0b10101010;
  1103                           
  1104                           ;incstack = 0
  1105                           ; Regs used in _Ef4: [wreg+status,2+status,0]
  1106  07B8  30AA               	movlw	170
  1107  07B9  008C               	movwf	12	;volatile
  1108                           
  1109                           ;main.c: 74: LATB=0b10101010;
  1110  07BA  008D               	movwf	13	;volatile
  1111                           
  1112                           ;main.c: 75: LATC=0b10101010;
  1113  07BB  008E               	movwf	14	;volatile
  1114                           
  1115                           ;main.c: 76: for(i=0; i<10; i++)
  1116  07BC  01F1               	clrf	_i
  1117  07BD                     l706:	
  1118  07BD  300A               	movlw	10
  1119  07BE  0271               	subwf	_i,w
  1120  07BF  1803               	btfsc	3,0
  1121  07C0  2FD3               	goto	l722
  1122                           
  1123                           ;main.c: 77: {
  1124                           ;main.c: 78: _delay((unsigned long)((100)*(32000000/4000.0)));
  1125  07C1  3005               	movlw	5
  1126  07C2  00F3               	movwf	??_Ef4+1
  1127  07C3  300F               	movlw	15
  1128  07C4  00F2               	movwf	??_Ef4
  1129  07C5  30F1               	movlw	241
  1130  07C6                     u107:	
  1131  07C6  0B89               	decfsz	9,f
  1132  07C7  2FC6               	goto	u107
  1133  07C8  0BF2               	decfsz	??_Ef4,f
  1134  07C9  2FC6               	goto	u107
  1135  07CA  0BF3               	decfsz	??_Ef4+1,f
  1136  07CB  2FC6               	goto	u107
  1137  07CC  0000               	nop
  1138                           
  1139                           ;main.c: 79: LATA=~LATA;
  1140  07CD  0022               	movlb	2	; select bank2
  1141  07CE  098C               	comf	12,f	;volatile
  1142                           
  1143                           ;main.c: 80: LATB=~LATB;
  1144  07CF  098D               	comf	13,f	;volatile
  1145                           
  1146                           ;main.c: 81: LATC=~LATC;
  1147  07D0  098E               	comf	14,f	;volatile
  1148  07D1  0AF1               	incf	_i,f
  1149  07D2  2FBD               	goto	l706
  1150  07D3                     l722:	
  1151                           
  1152                           ;main.c: 82: }
  1153                           ;main.c: 83: LATA=0x00;
  1154  07D3  018C               	clrf	12	;volatile
  1155                           
  1156                           ;main.c: 84: LATB=0x00;
  1157  07D4  018D               	clrf	13	;volatile
  1158                           
  1159                           ;main.c: 85: LATC=0x00;
  1160  07D5  018E               	clrf	14	;volatile
  1161  07D6  0008               	return
  1162  07D7                     __end_of_Ef4:	
  1163  07D7                     __ptext1:	
  1164 ;; *************** function _SYSTEM_Initialize *****************
  1165 ;; Defined at:
  1166 ;;		line 70 in file "mcc_generated_files/mcc.c"
  1167 ;; Parameters:    Size  Location     Type
  1168 ;;		None
  1169 ;; Auto vars:     Size  Location     Type
  1170 ;;		None
  1171 ;; Return value:  Size  Location     Type
  1172 ;;                  1    wreg      void 
  1173 ;; Registers used:
  1174 ;;		wreg, status,2, status,0, pclath, cstack
  1175 ;; Tracked objects:
  1176 ;;		On entry : B1F/0
  1177 ;;		On exit  : B1F/1
  1178 ;;		Unchanged: B00/0
  1179 ;; Data sizes:     COMMON   BANK0   BANK1   BANK2   BANK3   BANK4   BANK5   BANK6
  1180 ;;      Params:         0       0       0       0       0       0       0       0
  1181 ;;      Locals:         0       0       0       0       0       0       0       0
  1182 ;;      Temps:          0       0       0       0       0       0       0       0
  1183 ;;      Totals:         0       0       0       0       0       0       0       0
  1184 ;;Total ram usage:        0 bytes
  1185 ;; Hardware stack levels used:    1
  1186 ;; Hardware stack levels required when called:    1
  1187 ;; This function calls:
  1188 ;;		_OSCILLATOR_Initialize
  1189 ;;		_PIN_MANAGER_Initialize
  1190 ;;		_WDT_Initialize
  1191 ;; This function is called by:
  1192 ;;		_main
  1193 ;; This function uses a non-reentrant model
  1194 ;;
  1195                           
  1196                           
  1197                           ;psect for function _SYSTEM_Initialize
  1198  07D7                     _SYSTEM_Initialize:	
  1199                           
  1200                           ;mcc.c: 73: PIN_MANAGER_Initialize();
  1201                           
  1202                           ;incstack = 0
  1203                           ; Regs used in _SYSTEM_Initialize: [wreg+status,2+status,0+pclath+cstack]
  1204  07D7  27DC  3186         	fcall	_PIN_MANAGER_Initialize
  1205                           
  1206                           ;mcc.c: 74: OSCILLATOR_Initialize();
  1207  07D9  27F6  3186         	fcall	_OSCILLATOR_Initialize
  1208                           
  1209                           ;mcc.c: 75: WDT_Initialize();
  1210  07DB  2FFD               	ljmp	l610
  1211  07DC                     __end_of_SYSTEM_Initialize:	
  1212  07DC                     __ptext3:	
  1213 ;; *************** function _PIN_MANAGER_Initialize *****************
  1214 ;; Defined at:
  1215 ;;		line 52 in file "mcc_generated_files/pin_manager.c"
  1216 ;; Parameters:    Size  Location     Type
  1217 ;;		None
  1218 ;; Auto vars:     Size  Location     Type
  1219 ;;		None
  1220 ;; Return value:  Size  Location     Type
  1221 ;;                  1    wreg      void 
  1222 ;; Registers used:
  1223 ;;		wreg, status,2
  1224 ;; Tracked objects:
  1225 ;;		On entry : B1F/0
  1226 ;;		On exit  : B1F/2
  1227 ;;		Unchanged: B00/0
  1228 ;; Data sizes:     COMMON   BANK0   BANK1   BANK2   BANK3   BANK4   BANK5   BANK6
  1229 ;;      Params:         0       0       0       0       0       0       0       0
  1230 ;;      Locals:         0       0       0       0       0       0       0       0
  1231 ;;      Temps:          0       0       0       0       0       0       0       0
  1232 ;;      Totals:         0       0       0       0       0       0       0       0
  1233 ;;Total ram usage:        0 bytes
  1234 ;; Hardware stack levels used:    1
  1235 ;; This function calls:
  1236 ;;		Nothing
  1237 ;; This function is called by:
  1238 ;;		_SYSTEM_Initialize
  1239 ;; This function uses a non-reentrant model
  1240 ;;
  1241                           
  1242                           
  1243                           ;psect for function _PIN_MANAGER_Initialize
  1244  07DC                     _PIN_MANAGER_Initialize:	
  1245                           
  1246                           ;pin_manager.c: 57: LATE = 0x00;
  1247                           
  1248                           ;incstack = 0
  1249                           ; Regs used in _PIN_MANAGER_Initialize: [wreg+status,2]
  1250  07DC  0022               	movlb	2	; select bank2
  1251  07DD  0190               	clrf	16	;volatile
  1252                           
  1253                           ;pin_manager.c: 58: LATA = 0x00;
  1254  07DE  018C               	clrf	12	;volatile
  1255                           
  1256                           ;pin_manager.c: 59: LATB = 0x00;
  1257  07DF  018D               	clrf	13	;volatile
  1258                           
  1259                           ;pin_manager.c: 60: LATC = 0x00;
  1260  07E0  018E               	clrf	14	;volatile
  1261                           
  1262                           ;pin_manager.c: 65: TRISE = 0x08;
  1263  07E1  3008               	movlw	8
  1264  07E2  0021               	movlb	1	; select bank1
  1265  07E3  0090               	movwf	16	;volatile
  1266                           
  1267                           ;pin_manager.c: 66: TRISA = 0xFF;
  1268  07E4  30FF               	movlw	255
  1269  07E5  008C               	movwf	12	;volatile
  1270                           
  1271                           ;pin_manager.c: 67: TRISB = 0xFF;
  1272  07E6  008D               	movwf	13	;volatile
  1273                           
  1274                           ;pin_manager.c: 68: TRISC = 0xFF;
  1275  07E7  008E               	movwf	14	;volatile
  1276                           
  1277                           ;pin_manager.c: 73: ANSELB = 0x3F;
  1278  07E8  303F               	movlw	63
  1279  07E9  0023               	movlb	3	; select bank3
  1280  07EA  008D               	movwf	13	;volatile
  1281                           
  1282                           ;pin_manager.c: 74: ANSELA = 0x3F;
  1283  07EB  008C               	movwf	12	;volatile
  1284                           
  1285                           ;pin_manager.c: 79: WPUE = 0x08;
  1286  07EC  3008               	movlw	8
  1287  07ED  0024               	movlb	4	; select bank4
  1288  07EE  0090               	movwf	16	;volatile
  1289                           
  1290                           ;pin_manager.c: 80: WPUB = 0xFF;
  1291  07EF  30FF               	movlw	255
  1292  07F0  008D               	movwf	13	;volatile
  1293                           
  1294                           ;pin_manager.c: 81: OPTION_REGbits.nWPUEN = 0;
  1295  07F1  0021               	movlb	1	; select bank1
  1296  07F2  1395               	bcf	21,7	;volatile
  1297                           
  1298                           ;pin_manager.c: 87: APFCON = 0x00;
  1299  07F3  0022               	movlb	2	; select bank2
  1300  07F4  019D               	clrf	29	;volatile
  1301  07F5  0008               	return
  1302  07F6                     __end_of_PIN_MANAGER_Initialize:	
  1303  07F6                     __ptext4:	
  1304 ;; *************** function _OSCILLATOR_Initialize *****************
  1305 ;; Defined at:
  1306 ;;		line 78 in file "mcc_generated_files/mcc.c"
  1307 ;; Parameters:    Size  Location     Type
  1308 ;;		None
  1309 ;; Auto vars:     Size  Location     Type
  1310 ;;		None
  1311 ;; Return value:  Size  Location     Type
  1312 ;;                  1    wreg      void 
  1313 ;; Registers used:
  1314 ;;		wreg, status,2
  1315 ;; Tracked objects:
  1316 ;;		On entry : B1F/2
  1317 ;;		On exit  : B1F/1
  1318 ;;		Unchanged: B00/0
  1319 ;; Data sizes:     COMMON   BANK0   BANK1   BANK2   BANK3   BANK4   BANK5   BANK6
  1320 ;;      Params:         0       0       0       0       0       0       0       0
  1321 ;;      Locals:         0       0       0       0       0       0       0       0
  1322 ;;      Temps:          0       0       0       0       0       0       0       0
  1323 ;;      Totals:         0       0       0       0       0       0       0       0
  1324 ;;Total ram usage:        0 bytes
  1325 ;; Hardware stack levels used:    1
  1326 ;; This function calls:
  1327 ;;		Nothing
  1328 ;; This function is called by:
  1329 ;;		_SYSTEM_Initialize
  1330 ;; This function uses a non-reentrant model
  1331 ;;
  1332                           
  1333                           
  1334                           ;psect for function _OSCILLATOR_Initialize
  1335  07F6                     _OSCILLATOR_Initialize:	
  1336                           
  1337                           ;mcc.c: 81: OSCCON = 0x70;
  1338                           
  1339                           ;incstack = 0
  1340                           ; Regs used in _OSCILLATOR_Initialize: [wreg+status,2]
  1341  07F6  3070               	movlw	112
  1342  07F7  0021               	movlb	1	; select bank1
  1343  07F8  0099               	movwf	25	;volatile
  1344                           
  1345                           ;mcc.c: 83: OSCTUNE = 0x00;
  1346  07F9  0198               	clrf	24	;volatile
  1347  07FA                     l20:	
  1348                           ;mcc.c: 86: {
  1349                           
  1350  07FA  1B1A               	btfsc	26,6	;volatile
  1351  07FB  0008               	return
  1352  07FC  2FFA               	goto	l20
  1353  07FD                     __end_of_OSCILLATOR_Initialize:	
  1354  07FD                     __ptext2:	
  1355 ;; *************** function _WDT_Initialize *****************
  1356 ;; Defined at:
  1357 ;;		line 90 in file "mcc_generated_files/mcc.c"
  1358 ;; Parameters:    Size  Location     Type
  1359 ;;		None
  1360 ;; Auto vars:     Size  Location     Type
  1361 ;;		None
  1362 ;; Return value:  Size  Location     Type
  1363 ;;                  1    wreg      void 
  1364 ;; Registers used:
  1365 ;;		wreg
  1366 ;; Tracked objects:
  1367 ;;		On entry : B1F/1
  1368 ;;		On exit  : B1F/1
  1369 ;;		Unchanged: B00/0
  1370 ;; Data sizes:     COMMON   BANK0   BANK1   BANK2   BANK3   BANK4   BANK5   BANK6
  1371 ;;      Params:         0       0       0       0       0       0       0       0
  1372 ;;      Locals:         0       0       0       0       0       0       0       0
  1373 ;;      Temps:          0       0       0       0       0       0       0       0
  1374 ;;      Totals:         0       0       0       0       0       0       0       0
  1375 ;;Total ram usage:        0 bytes
  1376 ;; Hardware stack levels used:    1
  1377 ;; This function calls:
  1378 ;;		Nothing
  1379 ;; This function is called by:
  1380 ;;		_SYSTEM_Initialize
  1381 ;; This function uses a non-reentrant model
  1382 ;;
  1383                           
  1384                           
  1385                           ;psect for function _WDT_Initialize
  1386  07FD                     _WDT_Initialize:	
  1387  07FD                     l610:	
  1388                           ;incstack = 0
  1389                           ; Regs used in _WDT_Initialize: [wreg]
  1390                           
  1391                           
  1392                           ;mcc.c: 93: WDTCON = 0x16;
  1393  07FD  3016               	movlw	22
  1394  07FE  0097               	movwf	23	;volatile
  1395  07FF  0008               	return
  1396  0800                     __end_of_WDT_Initialize:	
  1397                           
  1398                           	psect	bssCOMMON
  1399  0070                     __pbssCOMMON:	
  1400  0070                     _data:	
  1401  0070                     	ds	1
  1402  0071                     _i:	
  1403  0071                     	ds	1
  1404                           
  1405                           	psect	cstackCOMMON
  1406  0072                     __pcstackCOMMON:	
  1407  0072                     ?_PIN_MANAGER_Initialize:	
  1408  0072                     ??_PIN_MANAGER_Initialize:	
  1409                           ; 1 bytes @ 0x0
  1410                           
  1411  0072                     ?_OSCILLATOR_Initialize:	
  1412                           ; 1 bytes @ 0x0
  1413                           
  1414  0072                     ??_OSCILLATOR_Initialize:	
  1415                           ; 1 bytes @ 0x0
  1416                           
  1417  0072                     ?_WDT_Initialize:	
  1418                           ; 1 bytes @ 0x0
  1419                           
  1420  0072                     ??_WDT_Initialize:	
  1421                           ; 1 bytes @ 0x0
  1422                           
  1423  0072                     ?_SYSTEM_Initialize:	
  1424                           ; 1 bytes @ 0x0
  1425                           
  1426  0072                     ??_SYSTEM_Initialize:	
  1427                           ; 1 bytes @ 0x0
  1428                           
  1429  0072                     ?_Ef1:	
  1430                           ; 1 bytes @ 0x0
  1431                           
  1432  0072                     ??_Ef1:	
  1433                           ; 1 bytes @ 0x0
  1434                           
  1435  0072                     ?_Ef2:	
  1436                           ; 1 bytes @ 0x0
  1437                           
  1438  0072                     ??_Ef2:	
  1439                           ; 1 bytes @ 0x0
  1440                           
  1441  0072                     ?_Ef3:	
  1442                           ; 1 bytes @ 0x0
  1443                           
  1444  0072                     ??_Ef3:	
  1445                           ; 1 bytes @ 0x0
  1446                           
  1447  0072                     ?_Ef4:	
  1448                           ; 1 bytes @ 0x0
  1449                           
  1450  0072                     ??_Ef4:	
  1451                           ; 1 bytes @ 0x0
  1452                           
  1453  0072                     ?_main:	
  1454                           ; 1 bytes @ 0x0
  1455                           
  1456                           
  1457                           ; 1 bytes @ 0x0
  1458  0072                     	ds	2
  1459  0074                     ??_main:	


Data Sizes:
    Strings     0
    Constant    0
    Data        0
    BSS         2
    Persistent  0
    Stack       0

Auto Spaces:
    Space          Size  Autos    Used
    COMMON           14      2       4
    BANK0            80      0       0
    BANK1            80      0       0
    BANK2            80      0       0
    BANK3            80      0       0
    BANK4            80      0       0
    BANK5            80      0       0
    BANK6            16      0       0

Pointer List with Targets:

    None.

Critical Paths under _main in COMMON

    _main->_Ef1
    _main->_Ef2
    _main->_Ef3
    _main->_Ef4

Critical Paths under _main in BANK0

    None.

Critical Paths under _main in BANK1

    None.

Critical Paths under _main in BANK2

    None.

Critical Paths under _main in BANK3

    None.

Critical Paths under _main in BANK4

    None.

Critical Paths under _main in BANK5

    None.

Critical Paths under _main in BANK6

    None.

Call Graph Tables:

 ---------------------------------------------------------------------------------
 (Depth) Function   	        Calls       Base Space   Used Autos Params    Refs
 ---------------------------------------------------------------------------------
 (0) _main                                                 0     0      0       0
                                _Ef1
                                _Ef2
                                _Ef3
                                _Ef4
                  _SYSTEM_Initialize
 ---------------------------------------------------------------------------------
 (1) _SYSTEM_Initialize                                    0     0      0       0
              _OSCILLATOR_Initialize
             _PIN_MANAGER_Initialize
                     _WDT_Initialize
 ---------------------------------------------------------------------------------
 (2) _WDT_Initialize                                       0     0      0       0
 ---------------------------------------------------------------------------------
 (2) _PIN_MANAGER_Initialize                               0     0      0       0
 ---------------------------------------------------------------------------------
 (2) _OSCILLATOR_Initialize                                0     0      0       0
 ---------------------------------------------------------------------------------
 (1) _Ef4                                                  2     2      0       0
                                              0 COMMON     2     2      0
 ---------------------------------------------------------------------------------
 (1) _Ef3                                                  2     2      0       0
                                              0 COMMON     2     2      0
 ---------------------------------------------------------------------------------
 (1) _Ef2                                                  2     2      0       0
                                              0 COMMON     2     2      0
 ---------------------------------------------------------------------------------
 (1) _Ef1                                                  2     2      0       0
                                              0 COMMON     2     2      0
 ---------------------------------------------------------------------------------
 Estimated maximum stack depth 2
 ---------------------------------------------------------------------------------

 Call Graph Graphs:

 _main (ROOT)
   _Ef1
   _Ef2
   _Ef3
   _Ef4
   _SYSTEM_Initialize
     _OSCILLATOR_Initialize
     _PIN_MANAGER_Initialize
     _WDT_Initialize

 Address spaces:
Name               Size   Autos  Total    Cost      Usage
BIGRAM             1F0      0       0       0        0.0%
EEDATA             100      0       0       0        0.0%
NULL                 0      0       0       0        0.0%
CODE                 0      0       0       0        0.0%
BITCOMMON            E      0       0       1        0.0%
BITSFR0              0      0       0       1        0.0%
SFR0                 0      0       0       1        0.0%
COMMON               E      2       4       2       28.6%
BITSFR1              0      0       0       2        0.0%
SFR1                 0      0       0       2        0.0%
BITSFR2              0      0       0       3        0.0%
SFR2                 0      0       0       3        0.0%
STACK                0      0       0       3        0.0%
BITSFR3              0      0       0       4        0.0%
SFR3                 0      0       0       4        0.0%
ABS                  0      0       4       4        0.0%
BITBANK0            50      0       0       5        0.0%
BITSFR4              0      0       0       5        0.0%
SFR4                 0      0       0       5        0.0%
BANK0               50      0       0       6        0.0%
BITSFR5              0      0       0       6        0.0%
SFR5                 0      0       0       6        0.0%
BITBANK1            50      0       0       7        0.0%
BITSFR6              0      0       0       7        0.0%
SFR6                 0      0       0       7        0.0%
BANK1               50      0       0       8        0.0%
BITSFR7              0      0       0       8        0.0%
SFR7                 0      0       0       8        0.0%
BITBANK2            50      0       0       9        0.0%
BITSFR8              0      0       0       9        0.0%
SFR8                 0      0       0       9        0.0%
BANK2               50      0       0      10        0.0%
BITSFR9              0      0       0      10        0.0%
SFR9                 0      0       0      10        0.0%
BITBANK3            50      0       0      11        0.0%
BITSFR10             0      0       0      11        0.0%
SFR10                0      0       0      11        0.0%
BANK3               50      0       0      12        0.0%
BITSFR11             0      0       0      12        0.0%
SFR11                0      0       0      12        0.0%
BITBANK4            50      0       0      13        0.0%
BITSFR12             0      0       0      13        0.0%
SFR12                0      0       0      13        0.0%
BANK4               50      0       0      14        0.0%
BITSFR13             0      0       0      14        0.0%
SFR13                0      0       0      14        0.0%
BITBANK5            50      0       0      15        0.0%
BITSFR14             0      0       0      15        0.0%
SFR14                0      0       0      15        0.0%
BANK5               50      0       0      16        0.0%
BITSFR15             0      0       0      16        0.0%
SFR15                0      0       0      16        0.0%
BITBANK6            10      0       0      17        0.0%
BITSFR16             0      0       0      17        0.0%
SFR16                0      0       0      17        0.0%
BANK6               10      0       0      18        0.0%
BITSFR17             0      0       0      18        0.0%
SFR17                0      0       0      18        0.0%
BITSFR18             0      0       0      19        0.0%
SFR18                0      0       0      19        0.0%
DATA                 0      0       4      19        0.0%
BITSFR19             0      0       0      20        0.0%
SFR19                0      0       0      20        0.0%
BITSFR20             0      0       0      21        0.0%
SFR20                0      0       0      21        0.0%
BITSFR21             0      0       0      22        0.0%
SFR21                0      0       0      22        0.0%
BITSFR22             0      0       0      23        0.0%
SFR22                0      0       0      23        0.0%
BITSFR23             0      0       0      24        0.0%
SFR23                0      0       0      24        0.0%
BITSFR24             0      0       0      25        0.0%
SFR24                0      0       0      25        0.0%
BITSFR25             0      0       0      26        0.0%
SFR25                0      0       0      26        0.0%
BITSFR26             0      0       0      27        0.0%
SFR26                0      0       0      27        0.0%
BITSFR27             0      0       0      28        0.0%
SFR27                0      0       0      28        0.0%
BITSFR28             0      0       0      29        0.0%
SFR28                0      0       0      29        0.0%
BITSFR29             0      0       0      30        0.0%
SFR29                0      0       0      30        0.0%
BITSFR30             0      0       0      31        0.0%
SFR30                0      0       0      31        0.0%
BITSFR31             0      0       0      32        0.0%
SFR31                0      0       0      32        0.0%


Microchip Technology PIC Macro Assembler V1.43 build -156212558 
Symbol Table                                                                                   Sun Aug 27 20:55:22 2017

                              _i 0071                      __CFG_CP$OFF 0000                               l20 07FA  
                             l89 06F4                      __CFG_LVP$ON 0000                              l610 07FD  
                            l700 07B5                              l616 06FE                              l650 0748  
                            l722 07D3                              l706 07BD                              l660 074D  
                            l636 0717                              l662 0763                              l638 072D  
                            l648 0732                              l674 0769                              l676 077F  
                            l686 0784                              l688 079A                              l698 079F  
                            u107 07C6                              u117 0776                              u127 0791  
                            u137 07AC                              _Ef1 06FD                              _Ef2 0714  
                            u147 0724                              _Ef3 0766                              _Ef4 07B8  
                            u157 073F                              u167 075A                              u177 070B  
                   __CFG_CPD$OFF 0000                     __CFG_BORV$LO 0000                              wreg 0009  
                   __CFG_IESO$ON 0000                             ?_Ef1 0072                             ?_Ef2 0072  
                           ?_Ef3 0072                             ?_Ef4 0072                             _LATA 010C  
                           _LATB 010D                             _LATC 010E                             _LATE 0110  
                           _PLLR 04D6                             _WPUB 020D                             _WPUE 0210  
                   __CFG_WRT$OFF 0000                    __CFG_FCMEN$ON 0000                             _data 0070  
                           _main 06E7                             btemp 007E                    __CFG_BOREN$ON 0000  
                           start 0002                    __CFG_MCLRE$ON 0000                            ??_Ef1 0072  
                          ??_Ef2 0072                            ??_Ef3 0072                            ??_Ef4 0072  
                  __CFG_PLLEN$ON 0000   __size_of_OSCILLATOR_Initialize 0007    __end_of_OSCILLATOR_Initialize 07FD  
                          ?_main 0072                    __CFG_WDTE$OFF 0000                            _TRISA 008C  
                          _TRISB 008D                            _TRISC 008E                            _TRISE 0090  
                 _WDT_Initialize 07FD                            wtemp0 007E                  __initialization 06E3  
                   __end_of_main 06FD                           ??_main 0074           __end_of_WDT_Initialize 0800  
                         _APFCON 011D                           _ANSELA 018C                           _ANSELB 018D  
                         _OSCCON 0099                           _WDTCON 0097                   __CFG_PWRTE$OFF 0000  
                 __CFG_STVREN$ON 0000                  ?_WDT_Initialize 0072                _SYSTEM_Initialize 07D7  
        __end_of__initialization 06E5               ?_SYSTEM_Initialize 0072                   __pcstackCOMMON 0072  
            ??_SYSTEM_Initialize 0072                   _OPTION_REGbits 0095        __end_of_SYSTEM_Initialize 07DC  
                __CFG_VCAPEN$OFF 0000                       __pmaintext 06E7                          _OSCTUNE 0098  
                        __ptext1 07D7                          __ptext2 07FD                          __ptext3 07DC  
                        __ptext4 07F6                          __ptext5 07B8                          __ptext6 0766  
                        __ptext7 0714                          __ptext8 06FD                     __size_of_Ef1 0017  
                   __size_of_Ef2 0052                     __size_of_Ef3 0052                     __size_of_Ef4 001F  
          _OSCILLATOR_Initialize 07F6         ??_PIN_MANAGER_Initialize 0072       __size_of_SYSTEM_Initialize 0005  
           end_of_initialization 06E5                 ??_WDT_Initialize 0072                 __CFG_FOSC$INTOSC 0000  
         ?_OSCILLATOR_Initialize 0072              start_initialization 06E3                      __end_of_Ef1 0714  
                    __end_of_Ef2 0766                      __end_of_Ef3 07B8                      __end_of_Ef4 07D7  
__size_of_PIN_MANAGER_Initialize 001A                      __pbssCOMMON 0070                        ___latbits 0002  
         _PIN_MANAGER_Initialize 07DC          ??_OSCILLATOR_Initialize 0072                    __size_of_main 0016  
        __size_of_WDT_Initialize 0003          ?_PIN_MANAGER_Initialize 0072                __CFG_CLKOUTEN$OFF 0000  
 __end_of_PIN_MANAGER_Initialize 07F6  
